<?xml version="1.0" encoding="UTF-8"?>
<testsuites>
  <testsuite name="ael01_nollt" timestamp="2023-09-20T17:15:37Z" hostname="4f35574870e0" tests="8" skipped="4" failures="0" errors="0" time="1.451">
    <testcase time="0.604" classname="ael01_nollt" name="ael01_nollt_works_with_admh_dataset"/>
    <testcase time="0.288" classname="ael01_nollt" name="ael01_nollt_works_with_admh_dataset">
      <skipped message="Reason: On CRAN ('test-ael01_nollt.R:7:3')"/>
    </testcase>
    <testcase time="0.1" classname="ael01_nollt" name="ael01_nollt_works_with_non_default_label"/>
    <testcase time="0.168" classname="ael01_nollt" name="ael01_nollt_works_with_non_default_label">
      <skipped message="Reason: On CRAN ('test-ael01_nollt.R:20:3')"/>
    </testcase>
    <testcase time="0.0720000000000001" classname="ael01_nollt" name="ael01_nollt_can_handle_all_missing_values"/>
    <testcase time="0.0590000000000002" classname="ael01_nollt" name="ael01_nollt_can_handle_all_missing_values">
      <skipped message="Reason: On CRAN ('test-ael01_nollt.R:33:3')"/>
    </testcase>
    <testcase time="0.0609999999999999" classname="ael01_nollt" name="ael01_nollt_can_handle_some_missing_values"/>
    <testcase time="0.0990000000000002" classname="ael01_nollt" name="ael01_nollt_can_handle_some_missing_values">
      <skipped message="Reason: On CRAN ('test-ael01_nollt.R:48:3')"/>
    </testcase>
  </testsuite>
  <testsuite name="ael02" timestamp="2023-09-20T17:15:38Z" hostname="4f35574870e0" tests="3" skipped="0" failures="0" errors="3" time="0.251">
    <testcase time="0.0909999999999997" classname="ael02" name="ael02_works_with_adae_dataset">
      <error type="error" message="Error in `(function (df, key_cols = names(df)[1], disp_cols = NULL, non_disp_cols = NULL,  ('test-ael02.R:5:3')">Error in `(function (df, key_cols = names(df)[1], disp_cols = NULL, non_disp_cols = NULL, 
    unique_rows = FALSE, default_formatting = list(all = fmt_config()), 
    col_formatting = NULL, main_title = NULL, subtitles = NULL, 
    main_footer = NULL, prov_footer = NULL) 
{
    if (length(non_disp_cols) &gt; 0 &amp;&amp; length(intersect(key_cols, 
        non_disp_cols)) &gt; 0) {
        stop("Key column also listed in non_disp_cols. All key columns are by", 
            " definition display columns.")
    }
    if (!is.null(disp_cols) &amp;&amp; !is.null(non_disp_cols)) {
        stop("Got non-null values for both disp_cols and non_disp_cols. This is not supported.")
    }
    else if (is.null(disp_cols)) {
        cols &lt;- setdiff(names(df), c(key_cols, non_disp_cols))
    }
    else {
        cols &lt;- disp_cols
    }
    if (!all(sapply(default_formatting, is, class2 = "fmt_config"))) {
        stop("All format configurations supplied in `default_formatting`", 
            " must be of type `fmt_config`.")
    }
    if (!(is.null(col_formatting) || all(sapply(col_formatting, 
        is, class2 = "fmt_config")))) {
        stop("All format configurations supplied in `col_formatting`", 
            " must be of type `fmt_config`.")
    }
    df &lt;- as_tibble(df)
    varlabs &lt;- var_labels(df, fill = TRUE)
    o &lt;- do.call(order, df[key_cols])
    if (is.unsorted(o)) {
        message("sorting incoming data by key columns")
        df &lt;- df[o, ]
    }
    ordercols &lt;- c(key_cols, setdiff(names(df), key_cols))
    df &lt;- df[, ordercols]
    var_labels(df) &lt;- varlabs[ordercols]
    for (cnm in key_cols) {
        df[[cnm]] &lt;- as_keycol(df[[cnm]])
    }
    cols &lt;- c(key_cols, setdiff(cols, key_cols))
    df[cols] &lt;- lapply(cols, function(col) {
        col_class &lt;- tail(class(df[[col]]), 1)
        col_fmt_class &lt;- if (!col_class %in% names(default_formatting) &amp;&amp; 
            is.numeric(df[[col]])) 
            "numeric"
        else col_class
        col_fmt &lt;- if (col %in% names(col_formatting)) {
            col_formatting[[col]]
        }
        else if (col_fmt_class %in% names(default_formatting)) {
            default_formatting[[col_fmt_class]]
        }
        else {
            if (!"all" %in% names(default_formatting)) {
                stop("Format configurations must be supplied for all listing columns. ", 
                  "To cover all remaining columns please add an 'all' configuration", 
                  " to `default_formatting`.")
            }
            default_formatting[["all"]]
        }
        obj_format(df[[col]]) &lt;- obj_format(col_fmt)
        obj_na_str(df[[col]]) &lt;- if (is.null(obj_na_str(col_fmt))) 
            "NA"
        else obj_na_str(col_fmt)
        obj_align(df[[col]]) &lt;- if (is.null(obj_align(col_fmt))) 
            "left"
        else obj_align(col_fmt)
        df[[col]]
    })
    if (unique_rows) 
        df &lt;- df[!duplicated(df[, cols]), ]
    class(df) &lt;- c("listing_df", class(df))
    main_title(df) &lt;- main_title
    main_footer(df) &lt;- main_footer
    subtitles(df) &lt;- subtitles
    prov_footer(df) &lt;- prov_footer
    listing_dispcols(df) &lt;- cols
    df
})(key_cols = key_cols, disp_cols = disp_cols, default_formatting = default_formatting, 
    unique_rows = unique_rows)`: argument "df" is missing, with no default
Backtrace:
     x
  1. +-testthat::expect_silent(run(ael02, syn_data, dataset = "adae")) at test-ael02.R:5:2
  2. | \-testthat:::quasi_capture(enquo(object), NULL, evaluate_promise)
  3. |   +-testthat (local) .capture(...)
  4. |   | +-withr::with_output_sink(...)
  5. |   | | \-base::force(code)
  6. |   | +-base::withCallingHandlers(...)
  7. |   | \-base::withVisible(code)
  8. |   \-rlang::eval_bare(quo_get_expr(.quo), quo_get_env(.quo))
  9. +-chevron::run(ael02, syn_data, dataset = "adae")
 10. +-chevron::run(ael02, syn_data, dataset = "adae")
 11. | \-chevron:::do_call(object@main, c(proc_data, user_args))
 12. |   \-base::do.call(what, new_args, envir = args_env)
 13. +-chevron (local) `&lt;fn&gt;`(adam_db = adam_db, dataset = dataset)
 14. | \-chevron:::execute_with_args(...)
 15. |   \-chevron:::do_call(fun, args[intersect(names(args), formalArgs(fun))])
 16. |     \-base::do.call(what, new_args, envir = args_env)
 17. \-rlistings (local) `&lt;fn&gt;`(...)
 18.   \-tibble::as_tibble(df)</error>
    </testcase>
    <testcase time="0.0830000000000002" classname="ael02" name="ael02_can_handle_all_missing_values">
      <error type="error" message="Error in `(function (df, key_cols = names(df)[1], disp_cols = NULL, non_disp_cols = NULL,  ('test-ael02.R:20:3')">Error in `(function (df, key_cols = names(df)[1], disp_cols = NULL, non_disp_cols = NULL, 
    unique_rows = FALSE, default_formatting = list(all = fmt_config()), 
    col_formatting = NULL, main_title = NULL, subtitles = NULL, 
    main_footer = NULL, prov_footer = NULL) 
{
    if (length(non_disp_cols) &gt; 0 &amp;&amp; length(intersect(key_cols, 
        non_disp_cols)) &gt; 0) {
        stop("Key column also listed in non_disp_cols. All key columns are by", 
            " definition display columns.")
    }
    if (!is.null(disp_cols) &amp;&amp; !is.null(non_disp_cols)) {
        stop("Got non-null values for both disp_cols and non_disp_cols. This is not supported.")
    }
    else if (is.null(disp_cols)) {
        cols &lt;- setdiff(names(df), c(key_cols, non_disp_cols))
    }
    else {
        cols &lt;- disp_cols
    }
    if (!all(sapply(default_formatting, is, class2 = "fmt_config"))) {
        stop("All format configurations supplied in `default_formatting`", 
            " must be of type `fmt_config`.")
    }
    if (!(is.null(col_formatting) || all(sapply(col_formatting, 
        is, class2 = "fmt_config")))) {
        stop("All format configurations supplied in `col_formatting`", 
            " must be of type `fmt_config`.")
    }
    df &lt;- as_tibble(df)
    varlabs &lt;- var_labels(df, fill = TRUE)
    o &lt;- do.call(order, df[key_cols])
    if (is.unsorted(o)) {
        message("sorting incoming data by key columns")
        df &lt;- df[o, ]
    }
    ordercols &lt;- c(key_cols, setdiff(names(df), key_cols))
    df &lt;- df[, ordercols]
    var_labels(df) &lt;- varlabs[ordercols]
    for (cnm in key_cols) {
        df[[cnm]] &lt;- as_keycol(df[[cnm]])
    }
    cols &lt;- c(key_cols, setdiff(cols, key_cols))
    df[cols] &lt;- lapply(cols, function(col) {
        col_class &lt;- tail(class(df[[col]]), 1)
        col_fmt_class &lt;- if (!col_class %in% names(default_formatting) &amp;&amp; 
            is.numeric(df[[col]])) 
            "numeric"
        else col_class
        col_fmt &lt;- if (col %in% names(col_formatting)) {
            col_formatting[[col]]
        }
        else if (col_fmt_class %in% names(default_formatting)) {
            default_formatting[[col_fmt_class]]
        }
        else {
            if (!"all" %in% names(default_formatting)) {
                stop("Format configurations must be supplied for all listing columns. ", 
                  "To cover all remaining columns please add an 'all' configuration", 
                  " to `default_formatting`.")
            }
            default_formatting[["all"]]
        }
        obj_format(df[[col]]) &lt;- obj_format(col_fmt)
        obj_na_str(df[[col]]) &lt;- if (is.null(obj_na_str(col_fmt))) 
            "NA"
        else obj_na_str(col_fmt)
        obj_align(df[[col]]) &lt;- if (is.null(obj_align(col_fmt))) 
            "left"
        else obj_align(col_fmt)
        df[[col]]
    })
    if (unique_rows) 
        df &lt;- df[!duplicated(df[, cols]), ]
    class(df) &lt;- c("listing_df", class(df))
    main_title(df) &lt;- main_title
    main_footer(df) &lt;- main_footer
    subtitles(df) &lt;- subtitles
    prov_footer(df) &lt;- prov_footer
    listing_dispcols(df) &lt;- cols
    df
})(key_cols = key_cols, disp_cols = disp_cols, default_formatting = default_formatting, 
    unique_rows = unique_rows)`: argument "df" is missing, with no default
Backtrace:
     x
  1. +-testthat::expect_silent(run(ael02, proc_data)) at test-ael02.R:20:2
  2. | \-testthat:::quasi_capture(enquo(object), NULL, evaluate_promise)
  3. |   +-testthat (local) .capture(...)
  4. |   | +-withr::with_output_sink(...)
  5. |   | | \-base::force(code)
  6. |   | +-base::withCallingHandlers(...)
  7. |   | \-base::withVisible(code)
  8. |   \-rlang::eval_bare(quo_get_expr(.quo), quo_get_env(.quo))
  9. +-chevron::run(ael02, proc_data)
 10. +-chevron::run(ael02, proc_data)
 11. | \-chevron:::do_call(object@main, c(proc_data, user_args))
 12. |   \-base::do.call(what, new_args, envir = args_env)
 13. +-chevron (local) `&lt;fn&gt;`(adam_db = adam_db)
 14. | \-chevron:::execute_with_args(...)
 15. |   \-chevron:::do_call(fun, args[intersect(names(args), formalArgs(fun))])
 16. |     \-base::do.call(what, new_args, envir = args_env)
 17. \-rlistings (local) `&lt;fn&gt;`(...)
 18.   \-tibble::as_tibble(df)</error>
    </testcase>
    <testcase time="0.077" classname="ael02" name="ael02_functions_work_as_expected">
      <error type="error" message="Error in `(function (df, key_cols = names(df)[1], disp_cols = NULL, non_disp_cols = NULL,  ('test-ael02.R:27:3')">Error in `(function (df, key_cols = names(df)[1], disp_cols = NULL, non_disp_cols = NULL, 
    unique_rows = FALSE, default_formatting = list(all = fmt_config()), 
    col_formatting = NULL, main_title = NULL, subtitles = NULL, 
    main_footer = NULL, prov_footer = NULL) 
{
    if (length(non_disp_cols) &gt; 0 &amp;&amp; length(intersect(key_cols, 
        non_disp_cols)) &gt; 0) {
        stop("Key column also listed in non_disp_cols. All key columns are by", 
            " definition display columns.")
    }
    if (!is.null(disp_cols) &amp;&amp; !is.null(non_disp_cols)) {
        stop("Got non-null values for both disp_cols and non_disp_cols. This is not supported.")
    }
    else if (is.null(disp_cols)) {
        cols &lt;- setdiff(names(df), c(key_cols, non_disp_cols))
    }
    else {
        cols &lt;- disp_cols
    }
    if (!all(sapply(default_formatting, is, class2 = "fmt_config"))) {
        stop("All format configurations supplied in `default_formatting`", 
            " must be of type `fmt_config`.")
    }
    if (!(is.null(col_formatting) || all(sapply(col_formatting, 
        is, class2 = "fmt_config")))) {
        stop("All format configurations supplied in `col_formatting`", 
            " must be of type `fmt_config`.")
    }
    df &lt;- as_tibble(df)
    varlabs &lt;- var_labels(df, fill = TRUE)
    o &lt;- do.call(order, df[key_cols])
    if (is.unsorted(o)) {
        message("sorting incoming data by key columns")
        df &lt;- df[o, ]
    }
    ordercols &lt;- c(key_cols, setdiff(names(df), key_cols))
    df &lt;- df[, ordercols]
    var_labels(df) &lt;- varlabs[ordercols]
    for (cnm in key_cols) {
        df[[cnm]] &lt;- as_keycol(df[[cnm]])
    }
    cols &lt;- c(key_cols, setdiff(cols, key_cols))
    df[cols] &lt;- lapply(cols, function(col) {
        col_class &lt;- tail(class(df[[col]]), 1)
        col_fmt_class &lt;- if (!col_class %in% names(default_formatting) &amp;&amp; 
            is.numeric(df[[col]])) 
            "numeric"
        else col_class
        col_fmt &lt;- if (col %in% names(col_formatting)) {
            col_formatting[[col]]
        }
        else if (col_fmt_class %in% names(default_formatting)) {
            default_formatting[[col_fmt_class]]
        }
        else {
            if (!"all" %in% names(default_formatting)) {
                stop("Format configurations must be supplied for all listing columns. ", 
                  "To cover all remaining columns please add an 'all' configuration", 
                  " to `default_formatting`.")
            }
            default_formatting[["all"]]
        }
        obj_format(df[[col]]) &lt;- obj_format(col_fmt)
        obj_na_str(df[[col]]) &lt;- if (is.null(obj_na_str(col_fmt))) 
            "NA"
        else obj_na_str(col_fmt)
        obj_align(df[[col]]) &lt;- if (is.null(obj_align(col_fmt))) 
            "left"
        else obj_align(col_fmt)
        df[[col]]
    })
    if (unique_rows) 
        df &lt;- df[!duplicated(df[, cols]), ]
    class(df) &lt;- c("listing_df", class(df))
    main_title(df) &lt;- main_title
    main_footer(df) &lt;- main_footer
    subtitles(df) &lt;- subtitles
    prov_footer(df) &lt;- prov_footer
    listing_dispcols(df) &lt;- cols
    df
})(key_cols = key_cols, disp_cols = disp_cols, default_formatting = default_formatting, 
    unique_rows = unique_rows)`: argument "df" is missing, with no default
Backtrace:
     x
  1. +-testthat::expect_silent(ael02_pre(syn_data) %&gt;% ael02_main()) at test-ael02.R:27:2
  2. | \-testthat:::quasi_capture(enquo(object), NULL, evaluate_promise)
  3. |   +-testthat (local) .capture(...)
  4. |   | +-withr::with_output_sink(...)
  5. |   | | \-base::force(code)
  6. |   | +-base::withCallingHandlers(...)
  7. |   | \-base::withVisible(code)
  8. |   \-rlang::eval_bare(quo_get_expr(.quo), quo_get_env(.quo))
  9. +-ael02_pre(syn_data) %&gt;% ael02_main()
 10. +-chevron::ael02_main(.)
 11. | \-chevron:::execute_with_args(...)
 12. |   \-chevron:::do_call(fun, args[intersect(names(args), formalArgs(fun))])
 13. |     \-base::do.call(what, new_args, envir = args_env)
 14. \-rlistings (local) `&lt;fn&gt;`(...)
 15.   \-tibble::as_tibble(df)</error>
    </testcase>
  </testsuite>
  <testsuite name="ael03" timestamp="2023-09-20T17:15:38Z" hostname="4f35574870e0" tests="3" skipped="0" failures="0" errors="3" time="0.24">
    <testcase time="0.0979999999999999" classname="ael03" name="ael03_works_with_adae_dataset">
      <error type="error" message="Error in `(function (df, key_cols = names(df)[1], disp_cols = NULL, non_disp_cols = NULL,  ('test-ael03.R:4:3')">Error in `(function (df, key_cols = names(df)[1], disp_cols = NULL, non_disp_cols = NULL, 
    unique_rows = FALSE, default_formatting = list(all = fmt_config()), 
    col_formatting = NULL, main_title = NULL, subtitles = NULL, 
    main_footer = NULL, prov_footer = NULL) 
{
    if (length(non_disp_cols) &gt; 0 &amp;&amp; length(intersect(key_cols, 
        non_disp_cols)) &gt; 0) {
        stop("Key column also listed in non_disp_cols. All key columns are by", 
            " definition display columns.")
    }
    if (!is.null(disp_cols) &amp;&amp; !is.null(non_disp_cols)) {
        stop("Got non-null values for both disp_cols and non_disp_cols. This is not supported.")
    }
    else if (is.null(disp_cols)) {
        cols &lt;- setdiff(names(df), c(key_cols, non_disp_cols))
    }
    else {
        cols &lt;- disp_cols
    }
    if (!all(sapply(default_formatting, is, class2 = "fmt_config"))) {
        stop("All format configurations supplied in `default_formatting`", 
            " must be of type `fmt_config`.")
    }
    if (!(is.null(col_formatting) || all(sapply(col_formatting, 
        is, class2 = "fmt_config")))) {
        stop("All format configurations supplied in `col_formatting`", 
            " must be of type `fmt_config`.")
    }
    df &lt;- as_tibble(df)
    varlabs &lt;- var_labels(df, fill = TRUE)
    o &lt;- do.call(order, df[key_cols])
    if (is.unsorted(o)) {
        message("sorting incoming data by key columns")
        df &lt;- df[o, ]
    }
    ordercols &lt;- c(key_cols, setdiff(names(df), key_cols))
    df &lt;- df[, ordercols]
    var_labels(df) &lt;- varlabs[ordercols]
    for (cnm in key_cols) {
        df[[cnm]] &lt;- as_keycol(df[[cnm]])
    }
    cols &lt;- c(key_cols, setdiff(cols, key_cols))
    df[cols] &lt;- lapply(cols, function(col) {
        col_class &lt;- tail(class(df[[col]]), 1)
        col_fmt_class &lt;- if (!col_class %in% names(default_formatting) &amp;&amp; 
            is.numeric(df[[col]])) 
            "numeric"
        else col_class
        col_fmt &lt;- if (col %in% names(col_formatting)) {
            col_formatting[[col]]
        }
        else if (col_fmt_class %in% names(default_formatting)) {
            default_formatting[[col_fmt_class]]
        }
        else {
            if (!"all" %in% names(default_formatting)) {
                stop("Format configurations must be supplied for all listing columns. ", 
                  "To cover all remaining columns please add an 'all' configuration", 
                  " to `default_formatting`.")
            }
            default_formatting[["all"]]
        }
        obj_format(df[[col]]) &lt;- obj_format(col_fmt)
        obj_na_str(df[[col]]) &lt;- if (is.null(obj_na_str(col_fmt))) 
            "NA"
        else obj_na_str(col_fmt)
        obj_align(df[[col]]) &lt;- if (is.null(obj_align(col_fmt))) 
            "left"
        else obj_align(col_fmt)
        df[[col]]
    })
    if (unique_rows) 
        df &lt;- df[!duplicated(df[, cols]), ]
    class(df) &lt;- c("listing_df", class(df))
    main_title(df) &lt;- main_title
    main_footer(df) &lt;- main_footer
    subtitles(df) &lt;- subtitles
    prov_footer(df) &lt;- prov_footer
    listing_dispcols(df) &lt;- cols
    df
})(key_cols = key_cols, disp_cols = disp_cols, default_formatting = default_formatting, 
    unique_rows = unique_rows)`: argument "df" is missing, with no default
Backtrace:
     x
  1. +-testthat::expect_silent(run(ael03, syn_data, dataset = "adae")) at test-ael03.R:4:2
  2. | \-testthat:::quasi_capture(enquo(object), NULL, evaluate_promise)
  3. |   +-testthat (local) .capture(...)
  4. |   | +-withr::with_output_sink(...)
  5. |   | | \-base::force(code)
  6. |   | +-base::withCallingHandlers(...)
  7. |   | \-base::withVisible(code)
  8. |   \-rlang::eval_bare(quo_get_expr(.quo), quo_get_env(.quo))
  9. +-chevron::run(ael03, syn_data, dataset = "adae")
 10. +-chevron::run(ael03, syn_data, dataset = "adae")
 11. | \-chevron:::do_call(object@main, c(proc_data, user_args))
 12. |   \-base::do.call(what, new_args, envir = args_env)
 13. +-chevron (local) `&lt;fn&gt;`(adam_db = adam_db, dataset = dataset)
 14. | \-chevron:::execute_with_args(...)
 15. |   \-chevron:::do_call(fun, args[intersect(names(args), formalArgs(fun))])
 16. |     \-base::do.call(what, new_args, envir = args_env)
 17. \-rlistings (local) `&lt;fn&gt;`(...)
 18.   \-tibble::as_tibble(df)</error>
    </testcase>
    <testcase time="0.0730000000000004" classname="ael03" name="ael03_can_handle_all_missing_values">
      <error type="error" message="Error in `(function (df, key_cols = names(df)[1], disp_cols = NULL, non_disp_cols = NULL,  ('test-ael03.R:19:3')">Error in `(function (df, key_cols = names(df)[1], disp_cols = NULL, non_disp_cols = NULL, 
    unique_rows = FALSE, default_formatting = list(all = fmt_config()), 
    col_formatting = NULL, main_title = NULL, subtitles = NULL, 
    main_footer = NULL, prov_footer = NULL) 
{
    if (length(non_disp_cols) &gt; 0 &amp;&amp; length(intersect(key_cols, 
        non_disp_cols)) &gt; 0) {
        stop("Key column also listed in non_disp_cols. All key columns are by", 
            " definition display columns.")
    }
    if (!is.null(disp_cols) &amp;&amp; !is.null(non_disp_cols)) {
        stop("Got non-null values for both disp_cols and non_disp_cols. This is not supported.")
    }
    else if (is.null(disp_cols)) {
        cols &lt;- setdiff(names(df), c(key_cols, non_disp_cols))
    }
    else {
        cols &lt;- disp_cols
    }
    if (!all(sapply(default_formatting, is, class2 = "fmt_config"))) {
        stop("All format configurations supplied in `default_formatting`", 
            " must be of type `fmt_config`.")
    }
    if (!(is.null(col_formatting) || all(sapply(col_formatting, 
        is, class2 = "fmt_config")))) {
        stop("All format configurations supplied in `col_formatting`", 
            " must be of type `fmt_config`.")
    }
    df &lt;- as_tibble(df)
    varlabs &lt;- var_labels(df, fill = TRUE)
    o &lt;- do.call(order, df[key_cols])
    if (is.unsorted(o)) {
        message("sorting incoming data by key columns")
        df &lt;- df[o, ]
    }
    ordercols &lt;- c(key_cols, setdiff(names(df), key_cols))
    df &lt;- df[, ordercols]
    var_labels(df) &lt;- varlabs[ordercols]
    for (cnm in key_cols) {
        df[[cnm]] &lt;- as_keycol(df[[cnm]])
    }
    cols &lt;- c(key_cols, setdiff(cols, key_cols))
    df[cols] &lt;- lapply(cols, function(col) {
        col_class &lt;- tail(class(df[[col]]), 1)
        col_fmt_class &lt;- if (!col_class %in% names(default_formatting) &amp;&amp; 
            is.numeric(df[[col]])) 
            "numeric"
        else col_class
        col_fmt &lt;- if (col %in% names(col_formatting)) {
            col_formatting[[col]]
        }
        else if (col_fmt_class %in% names(default_formatting)) {
            default_formatting[[col_fmt_class]]
        }
        else {
            if (!"all" %in% names(default_formatting)) {
                stop("Format configurations must be supplied for all listing columns. ", 
                  "To cover all remaining columns please add an 'all' configuration", 
                  " to `default_formatting`.")
            }
            default_formatting[["all"]]
        }
        obj_format(df[[col]]) &lt;- obj_format(col_fmt)
        obj_na_str(df[[col]]) &lt;- if (is.null(obj_na_str(col_fmt))) 
            "NA"
        else obj_na_str(col_fmt)
        obj_align(df[[col]]) &lt;- if (is.null(obj_align(col_fmt))) 
            "left"
        else obj_align(col_fmt)
        df[[col]]
    })
    if (unique_rows) 
        df &lt;- df[!duplicated(df[, cols]), ]
    class(df) &lt;- c("listing_df", class(df))
    main_title(df) &lt;- main_title
    main_footer(df) &lt;- main_footer
    subtitles(df) &lt;- subtitles
    prov_footer(df) &lt;- prov_footer
    listing_dispcols(df) &lt;- cols
    df
})(key_cols = key_cols, disp_cols = disp_cols, default_formatting = default_formatting, 
    unique_rows = unique_rows)`: argument "df" is missing, with no default
Backtrace:
     x
  1. +-testthat::expect_silent(run(ael03, proc_data)) at test-ael03.R:19:2
  2. | \-testthat:::quasi_capture(enquo(object), NULL, evaluate_promise)
  3. |   +-testthat (local) .capture(...)
  4. |   | +-withr::with_output_sink(...)
  5. |   | | \-base::force(code)
  6. |   | +-base::withCallingHandlers(...)
  7. |   | \-base::withVisible(code)
  8. |   \-rlang::eval_bare(quo_get_expr(.quo), quo_get_env(.quo))
  9. +-chevron::run(ael03, proc_data)
 10. +-chevron::run(ael03, proc_data)
 11. | \-chevron:::do_call(object@main, c(proc_data, user_args))
 12. |   \-base::do.call(what, new_args, envir = args_env)
 13. +-chevron (local) `&lt;fn&gt;`(adam_db = adam_db)
 14. | \-chevron:::execute_with_args(...)
 15. |   \-chevron:::do_call(fun, args[intersect(names(args), formalArgs(fun))])
 16. |     \-base::do.call(what, new_args, envir = args_env)
 17. \-rlistings (local) `&lt;fn&gt;`(...)
 18.   \-tibble::as_tibble(df)</error>
    </testcase>
    <testcase time="0.069" classname="ael03" name="ael03_functions_work_as_expected">
      <error type="error" message="Error in `(function (df, key_cols = names(df)[1], disp_cols = NULL, non_disp_cols = NULL,  ('test-ael03.R:26:3')">Error in `(function (df, key_cols = names(df)[1], disp_cols = NULL, non_disp_cols = NULL, 
    unique_rows = FALSE, default_formatting = list(all = fmt_config()), 
    col_formatting = NULL, main_title = NULL, subtitles = NULL, 
    main_footer = NULL, prov_footer = NULL) 
{
    if (length(non_disp_cols) &gt; 0 &amp;&amp; length(intersect(key_cols, 
        non_disp_cols)) &gt; 0) {
        stop("Key column also listed in non_disp_cols. All key columns are by", 
            " definition display columns.")
    }
    if (!is.null(disp_cols) &amp;&amp; !is.null(non_disp_cols)) {
        stop("Got non-null values for both disp_cols and non_disp_cols. This is not supported.")
    }
    else if (is.null(disp_cols)) {
        cols &lt;- setdiff(names(df), c(key_cols, non_disp_cols))
    }
    else {
        cols &lt;- disp_cols
    }
    if (!all(sapply(default_formatting, is, class2 = "fmt_config"))) {
        stop("All format configurations supplied in `default_formatting`", 
            " must be of type `fmt_config`.")
    }
    if (!(is.null(col_formatting) || all(sapply(col_formatting, 
        is, class2 = "fmt_config")))) {
        stop("All format configurations supplied in `col_formatting`", 
            " must be of type `fmt_config`.")
    }
    df &lt;- as_tibble(df)
    varlabs &lt;- var_labels(df, fill = TRUE)
    o &lt;- do.call(order, df[key_cols])
    if (is.unsorted(o)) {
        message("sorting incoming data by key columns")
        df &lt;- df[o, ]
    }
    ordercols &lt;- c(key_cols, setdiff(names(df), key_cols))
    df &lt;- df[, ordercols]
    var_labels(df) &lt;- varlabs[ordercols]
    for (cnm in key_cols) {
        df[[cnm]] &lt;- as_keycol(df[[cnm]])
    }
    cols &lt;- c(key_cols, setdiff(cols, key_cols))
    df[cols] &lt;- lapply(cols, function(col) {
        col_class &lt;- tail(class(df[[col]]), 1)
        col_fmt_class &lt;- if (!col_class %in% names(default_formatting) &amp;&amp; 
            is.numeric(df[[col]])) 
            "numeric"
        else col_class
        col_fmt &lt;- if (col %in% names(col_formatting)) {
            col_formatting[[col]]
        }
        else if (col_fmt_class %in% names(default_formatting)) {
            default_formatting[[col_fmt_class]]
        }
        else {
            if (!"all" %in% names(default_formatting)) {
                stop("Format configurations must be supplied for all listing columns. ", 
                  "To cover all remaining columns please add an 'all' configuration", 
                  " to `default_formatting`.")
            }
            default_formatting[["all"]]
        }
        obj_format(df[[col]]) &lt;- obj_format(col_fmt)
        obj_na_str(df[[col]]) &lt;- if (is.null(obj_na_str(col_fmt))) 
            "NA"
        else obj_na_str(col_fmt)
        obj_align(df[[col]]) &lt;- if (is.null(obj_align(col_fmt))) 
            "left"
        else obj_align(col_fmt)
        df[[col]]
    })
    if (unique_rows) 
        df &lt;- df[!duplicated(df[, cols]), ]
    class(df) &lt;- c("listing_df", class(df))
    main_title(df) &lt;- main_title
    main_footer(df) &lt;- main_footer
    subtitles(df) &lt;- subtitles
    prov_footer(df) &lt;- prov_footer
    listing_dispcols(df) &lt;- cols
    df
})(key_cols = key_cols, disp_cols = disp_cols, default_formatting = default_formatting, 
    unique_rows = unique_rows)`: argument "df" is missing, with no default
Backtrace:
     x
  1. +-testthat::expect_silent(ael03_pre(syn_data) %&gt;% ael03_main()) at test-ael03.R:26:2
  2. | \-testthat:::quasi_capture(enquo(object), NULL, evaluate_promise)
  3. |   +-testthat (local) .capture(...)
  4. |   | +-withr::with_output_sink(...)
  5. |   | | \-base::force(code)
  6. |   | +-base::withCallingHandlers(...)
  7. |   | \-base::withVisible(code)
  8. |   \-rlang::eval_bare(quo_get_expr(.quo), quo_get_env(.quo))
  9. +-ael03_pre(syn_data) %&gt;% ael03_main()
 10. +-chevron::ael03_main(.)
 11. | \-chevron:::execute_with_args(...)
 12. |   \-chevron:::do_call(fun, args[intersect(names(args), formalArgs(fun))])
 13. |     \-base::do.call(what, new_args, envir = args_env)
 14. \-rlistings (local) `&lt;fn&gt;`(...)
 15.   \-tibble::as_tibble(df)</error>
    </testcase>
  </testsuite>
  <testsuite name="ael04" timestamp="2023-09-20T17:15:39Z" hostname="4f35574870e0" tests="3" skipped="0" failures="0" errors="3" time="0.193">
    <testcase time="0.0829999999999993" classname="ael04" name="ael04_works_with_adsl_dataset">
      <error type="error" message="Error in `(function (df, key_cols = names(df)[1], disp_cols = NULL, non_disp_cols = NULL,  ('test-ael04.R:4:3')">Error in `(function (df, key_cols = names(df)[1], disp_cols = NULL, non_disp_cols = NULL, 
    unique_rows = FALSE, default_formatting = list(all = fmt_config()), 
    col_formatting = NULL, main_title = NULL, subtitles = NULL, 
    main_footer = NULL, prov_footer = NULL) 
{
    if (length(non_disp_cols) &gt; 0 &amp;&amp; length(intersect(key_cols, 
        non_disp_cols)) &gt; 0) {
        stop("Key column also listed in non_disp_cols. All key columns are by", 
            " definition display columns.")
    }
    if (!is.null(disp_cols) &amp;&amp; !is.null(non_disp_cols)) {
        stop("Got non-null values for both disp_cols and non_disp_cols. This is not supported.")
    }
    else if (is.null(disp_cols)) {
        cols &lt;- setdiff(names(df), c(key_cols, non_disp_cols))
    }
    else {
        cols &lt;- disp_cols
    }
    if (!all(sapply(default_formatting, is, class2 = "fmt_config"))) {
        stop("All format configurations supplied in `default_formatting`", 
            " must be of type `fmt_config`.")
    }
    if (!(is.null(col_formatting) || all(sapply(col_formatting, 
        is, class2 = "fmt_config")))) {
        stop("All format configurations supplied in `col_formatting`", 
            " must be of type `fmt_config`.")
    }
    df &lt;- as_tibble(df)
    varlabs &lt;- var_labels(df, fill = TRUE)
    o &lt;- do.call(order, df[key_cols])
    if (is.unsorted(o)) {
        message("sorting incoming data by key columns")
        df &lt;- df[o, ]
    }
    ordercols &lt;- c(key_cols, setdiff(names(df), key_cols))
    df &lt;- df[, ordercols]
    var_labels(df) &lt;- varlabs[ordercols]
    for (cnm in key_cols) {
        df[[cnm]] &lt;- as_keycol(df[[cnm]])
    }
    cols &lt;- c(key_cols, setdiff(cols, key_cols))
    df[cols] &lt;- lapply(cols, function(col) {
        col_class &lt;- tail(class(df[[col]]), 1)
        col_fmt_class &lt;- if (!col_class %in% names(default_formatting) &amp;&amp; 
            is.numeric(df[[col]])) 
            "numeric"
        else col_class
        col_fmt &lt;- if (col %in% names(col_formatting)) {
            col_formatting[[col]]
        }
        else if (col_fmt_class %in% names(default_formatting)) {
            default_formatting[[col_fmt_class]]
        }
        else {
            if (!"all" %in% names(default_formatting)) {
                stop("Format configurations must be supplied for all listing columns. ", 
                  "To cover all remaining columns please add an 'all' configuration", 
                  " to `default_formatting`.")
            }
            default_formatting[["all"]]
        }
        obj_format(df[[col]]) &lt;- obj_format(col_fmt)
        obj_na_str(df[[col]]) &lt;- if (is.null(obj_na_str(col_fmt))) 
            "NA"
        else obj_na_str(col_fmt)
        obj_align(df[[col]]) &lt;- if (is.null(obj_align(col_fmt))) 
            "left"
        else obj_align(col_fmt)
        df[[col]]
    })
    if (unique_rows) 
        df &lt;- df[!duplicated(df[, cols]), ]
    class(df) &lt;- c("listing_df", class(df))
    main_title(df) &lt;- main_title
    main_footer(df) &lt;- main_footer
    subtitles(df) &lt;- subtitles
    prov_footer(df) &lt;- prov_footer
    listing_dispcols(df) &lt;- cols
    df
})(key_cols = key_cols, disp_cols = disp_cols, default_formatting = default_formatting, 
    unique_rows = unique_rows)`: argument "df" is missing, with no default
Backtrace:
     x
  1. +-testthat::expect_message(res &lt;- run(ael04, syn_data, dataset = "adsl")) at test-ael04.R:4:2
  2. | \-testthat:::expect_condition_matching(...)
  3. |   \-testthat:::quasi_capture(...)
  4. |     +-testthat (local) .capture(...)
  5. |     | \-base::withCallingHandlers(...)
  6. |     \-rlang::eval_bare(quo_get_expr(.quo), quo_get_env(.quo))
  7. +-chevron::run(ael04, syn_data, dataset = "adsl")
  8. +-chevron::run(ael04, syn_data, dataset = "adsl")
  9. | \-chevron:::do_call(object@main, c(proc_data, user_args))
 10. |   \-base::do.call(what, new_args, envir = args_env)
 11. +-chevron (local) `&lt;fn&gt;`(adam_db = adam_db, dataset = dataset)
 12. | \-chevron:::execute_with_args(...)
 13. |   \-chevron:::do_call(fun, args[intersect(names(args), formalArgs(fun))])
 14. |     \-base::do.call(what, new_args, envir = args_env)
 15. \-rlistings (local) `&lt;fn&gt;`(...)
 16.   \-tibble::as_tibble(df)</error>
    </testcase>
    <testcase time="0.0570000000000004" classname="ael04" name="ael04_can_handle_all_missing_values">
      <error type="error" message="Error in `(function (df, key_cols = names(df)[1], disp_cols = NULL, non_disp_cols = NULL,  ('test-ael04.R:18:3')">Error in `(function (df, key_cols = names(df)[1], disp_cols = NULL, non_disp_cols = NULL, 
    unique_rows = FALSE, default_formatting = list(all = fmt_config()), 
    col_formatting = NULL, main_title = NULL, subtitles = NULL, 
    main_footer = NULL, prov_footer = NULL) 
{
    if (length(non_disp_cols) &gt; 0 &amp;&amp; length(intersect(key_cols, 
        non_disp_cols)) &gt; 0) {
        stop("Key column also listed in non_disp_cols. All key columns are by", 
            " definition display columns.")
    }
    if (!is.null(disp_cols) &amp;&amp; !is.null(non_disp_cols)) {
        stop("Got non-null values for both disp_cols and non_disp_cols. This is not supported.")
    }
    else if (is.null(disp_cols)) {
        cols &lt;- setdiff(names(df), c(key_cols, non_disp_cols))
    }
    else {
        cols &lt;- disp_cols
    }
    if (!all(sapply(default_formatting, is, class2 = "fmt_config"))) {
        stop("All format configurations supplied in `default_formatting`", 
            " must be of type `fmt_config`.")
    }
    if (!(is.null(col_formatting) || all(sapply(col_formatting, 
        is, class2 = "fmt_config")))) {
        stop("All format configurations supplied in `col_formatting`", 
            " must be of type `fmt_config`.")
    }
    df &lt;- as_tibble(df)
    varlabs &lt;- var_labels(df, fill = TRUE)
    o &lt;- do.call(order, df[key_cols])
    if (is.unsorted(o)) {
        message("sorting incoming data by key columns")
        df &lt;- df[o, ]
    }
    ordercols &lt;- c(key_cols, setdiff(names(df), key_cols))
    df &lt;- df[, ordercols]
    var_labels(df) &lt;- varlabs[ordercols]
    for (cnm in key_cols) {
        df[[cnm]] &lt;- as_keycol(df[[cnm]])
    }
    cols &lt;- c(key_cols, setdiff(cols, key_cols))
    df[cols] &lt;- lapply(cols, function(col) {
        col_class &lt;- tail(class(df[[col]]), 1)
        col_fmt_class &lt;- if (!col_class %in% names(default_formatting) &amp;&amp; 
            is.numeric(df[[col]])) 
            "numeric"
        else col_class
        col_fmt &lt;- if (col %in% names(col_formatting)) {
            col_formatting[[col]]
        }
        else if (col_fmt_class %in% names(default_formatting)) {
            default_formatting[[col_fmt_class]]
        }
        else {
            if (!"all" %in% names(default_formatting)) {
                stop("Format configurations must be supplied for all listing columns. ", 
                  "To cover all remaining columns please add an 'all' configuration", 
                  " to `default_formatting`.")
            }
            default_formatting[["all"]]
        }
        obj_format(df[[col]]) &lt;- obj_format(col_fmt)
        obj_na_str(df[[col]]) &lt;- if (is.null(obj_na_str(col_fmt))) 
            "NA"
        else obj_na_str(col_fmt)
        obj_align(df[[col]]) &lt;- if (is.null(obj_align(col_fmt))) 
            "left"
        else obj_align(col_fmt)
        df[[col]]
    })
    if (unique_rows) 
        df &lt;- df[!duplicated(df[, cols]), ]
    class(df) &lt;- c("listing_df", class(df))
    main_title(df) &lt;- main_title
    main_footer(df) &lt;- main_footer
    subtitles(df) &lt;- subtitles
    prov_footer(df) &lt;- prov_footer
    listing_dispcols(df) &lt;- cols
    df
})(key_cols = key_cols, disp_cols = disp_cols, default_formatting = default_formatting, 
    unique_rows = unique_rows)`: argument "df" is missing, with no default
Backtrace:
     x
  1. +-testthat::expect_message(res &lt;- run(ael04, proc_data)) at test-ael04.R:18:2
  2. | \-testthat:::expect_condition_matching(...)
  3. |   \-testthat:::quasi_capture(...)
  4. |     +-testthat (local) .capture(...)
  5. |     | \-base::withCallingHandlers(...)
  6. |     \-rlang::eval_bare(quo_get_expr(.quo), quo_get_env(.quo))
  7. +-chevron::run(ael04, proc_data)
  8. +-chevron::run(ael04, proc_data)
  9. | \-chevron:::do_call(object@main, c(proc_data, user_args))
 10. |   \-base::do.call(what, new_args, envir = args_env)
 11. +-chevron (local) `&lt;fn&gt;`(adam_db = adam_db)
 12. | \-chevron:::execute_with_args(...)
 13. |   \-chevron:::do_call(fun, args[intersect(names(args), formalArgs(fun))])
 14. |     \-base::do.call(what, new_args, envir = args_env)
 15. \-rlistings (local) `&lt;fn&gt;`(...)
 16.   \-tibble::as_tibble(df)</error>
    </testcase>
    <testcase time="0.0529999999999999" classname="ael04" name="ael04_functions_work_as_expected">
      <error type="error" message="Error in `(function (df, key_cols = names(df)[1], disp_cols = NULL, non_disp_cols = NULL,  ('test-ael04.R:25:3')">Error in `(function (df, key_cols = names(df)[1], disp_cols = NULL, non_disp_cols = NULL, 
    unique_rows = FALSE, default_formatting = list(all = fmt_config()), 
    col_formatting = NULL, main_title = NULL, subtitles = NULL, 
    main_footer = NULL, prov_footer = NULL) 
{
    if (length(non_disp_cols) &gt; 0 &amp;&amp; length(intersect(key_cols, 
        non_disp_cols)) &gt; 0) {
        stop("Key column also listed in non_disp_cols. All key columns are by", 
            " definition display columns.")
    }
    if (!is.null(disp_cols) &amp;&amp; !is.null(non_disp_cols)) {
        stop("Got non-null values for both disp_cols and non_disp_cols. This is not supported.")
    }
    else if (is.null(disp_cols)) {
        cols &lt;- setdiff(names(df), c(key_cols, non_disp_cols))
    }
    else {
        cols &lt;- disp_cols
    }
    if (!all(sapply(default_formatting, is, class2 = "fmt_config"))) {
        stop("All format configurations supplied in `default_formatting`", 
            " must be of type `fmt_config`.")
    }
    if (!(is.null(col_formatting) || all(sapply(col_formatting, 
        is, class2 = "fmt_config")))) {
        stop("All format configurations supplied in `col_formatting`", 
            " must be of type `fmt_config`.")
    }
    df &lt;- as_tibble(df)
    varlabs &lt;- var_labels(df, fill = TRUE)
    o &lt;- do.call(order, df[key_cols])
    if (is.unsorted(o)) {
        message("sorting incoming data by key columns")
        df &lt;- df[o, ]
    }
    ordercols &lt;- c(key_cols, setdiff(names(df), key_cols))
    df &lt;- df[, ordercols]
    var_labels(df) &lt;- varlabs[ordercols]
    for (cnm in key_cols) {
        df[[cnm]] &lt;- as_keycol(df[[cnm]])
    }
    cols &lt;- c(key_cols, setdiff(cols, key_cols))
    df[cols] &lt;- lapply(cols, function(col) {
        col_class &lt;- tail(class(df[[col]]), 1)
        col_fmt_class &lt;- if (!col_class %in% names(default_formatting) &amp;&amp; 
            is.numeric(df[[col]])) 
            "numeric"
        else col_class
        col_fmt &lt;- if (col %in% names(col_formatting)) {
            col_formatting[[col]]
        }
        else if (col_fmt_class %in% names(default_formatting)) {
            default_formatting[[col_fmt_class]]
        }
        else {
            if (!"all" %in% names(default_formatting)) {
                stop("Format configurations must be supplied for all listing columns. ", 
                  "To cover all remaining columns please add an 'all' configuration", 
                  " to `default_formatting`.")
            }
            default_formatting[["all"]]
        }
        obj_format(df[[col]]) &lt;- obj_format(col_fmt)
        obj_na_str(df[[col]]) &lt;- if (is.null(obj_na_str(col_fmt))) 
            "NA"
        else obj_na_str(col_fmt)
        obj_align(df[[col]]) &lt;- if (is.null(obj_align(col_fmt))) 
            "left"
        else obj_align(col_fmt)
        df[[col]]
    })
    if (unique_rows) 
        df &lt;- df[!duplicated(df[, cols]), ]
    class(df) &lt;- c("listing_df", class(df))
    main_title(df) &lt;- main_title
    main_footer(df) &lt;- main_footer
    subtitles(df) &lt;- subtitles
    prov_footer(df) &lt;- prov_footer
    listing_dispcols(df) &lt;- cols
    df
})(key_cols = key_cols, disp_cols = disp_cols, default_formatting = default_formatting, 
    unique_rows = unique_rows)`: argument "df" is missing, with no default
Backtrace:
     x
  1. +-testthat::expect_message(res &lt;- ael04_pre(syn_data) %&gt;% ael04_main()) at test-ael04.R:25:2
  2. | \-testthat:::expect_condition_matching(...)
  3. |   \-testthat:::quasi_capture(...)
  4. |     +-testthat (local) .capture(...)
  5. |     | \-base::withCallingHandlers(...)
  6. |     \-rlang::eval_bare(quo_get_expr(.quo), quo_get_env(.quo))
  7. +-ael04_pre(syn_data) %&gt;% ael04_main()
  8. +-chevron::ael04_main(.)
  9. | \-chevron:::execute_with_args(...)
 10. |   \-chevron:::do_call(fun, args[intersect(names(args), formalArgs(fun))])
 11. |     \-base::do.call(what, new_args, envir = args_env)
 12. \-rlistings (local) `&lt;fn&gt;`(...)
 13.   \-tibble::as_tibble(df)</error>
    </testcase>
  </testsuite>
  <testsuite name="aet01" timestamp="2023-09-20T17:15:39Z" hostname="4f35574870e0" tests="9" skipped="4" failures="0" errors="0" time="2.811">
    <testcase time="0.585" classname="aet01" name="aet01_can_handle_all_NA_values"/>
    <testcase time="0.284" classname="aet01" name="aet01_can_handle_all_NA_values">
      <skipped message="Reason: On CRAN ('test-aet01.R:12:3')"/>
    </testcase>
    <testcase time="0.386" classname="aet01" name="aet01_can_handle_some_NA_values"/>
    <testcase time="0.286" classname="aet01" name="aet01_can_handle_some_NA_values">
      <skipped message="Reason: On CRAN ('test-aet01.R:29:3')"/>
    </testcase>
    <testcase time="0.295999999999999" classname="aet01" name="aet01_can_use_custom_anl_vars"/>
    <testcase time="0.16" classname="aet01" name="aet01_can_use_custom_anl_vars">
      <skipped message="Reason: On CRAN ('test-aet01.R:35:3')"/>
    </testcase>
    <testcase time="0.0949999999999998" classname="aet01" name="aet01_fails_on_incomplete_data_input"/>
    <testcase time="0.413" classname="aet01" name="aet01_can_use_custom_medconcept_var"/>
    <testcase time="0.306" classname="aet01" name="aet01_can_use_custom_medconcept_var">
      <skipped message="Reason: On CRAN ('test-aet01.R:65:3')"/>
    </testcase>
  </testsuite>
  <testsuite name="aet01_aesi" timestamp="2023-09-20T17:15:42Z" hostname="4f35574870e0" tests="7" skipped="3" failures="0" errors="0" time="2.337">
    <testcase time="0.344" classname="aet01_aesi" name="aet01_aesi_can_handle_all_NA_values"/>
    <testcase time="0.306999999999999" classname="aet01_aesi" name="aet01_aesi_can_handle_all_NA_values">
      <skipped message="Reason: On CRAN ('test-aet01_aesi.R:17:3')"/>
    </testcase>
    <testcase time="0.313000000000001" classname="aet01_aesi" name="aet01_aesi_can_handle_some_NA_values"/>
    <testcase time="0.273" classname="aet01_aesi" name="aet01_aesi_can_handle_some_NA_values">
      <skipped message="Reason: On CRAN ('test-aet01_aesi.R:30:3')"/>
    </testcase>
    <testcase time="0.401999999999999" classname="aet01_aesi" name="aet01_aesi_works_with_ALL_argument"/>
    <testcase time="0.619" classname="aet01_aesi" name="aet01_aesi_works_with_ALL_argument">
      <skipped message="Reason: On CRAN ('test-aet01_aesi.R:36:3')"/>
    </testcase>
    <testcase time="0.0790000000000006" classname="aet01_aesi" name="aet01_aesi_check_fails_on_incomplete_data_input"/>
  </testsuite>
  <testsuite name="aet02" timestamp="2023-09-20T17:15:44Z" hostname="4f35574870e0" tests="3" skipped="1" failures="0" errors="0" time="2.183">
    <testcase time="0.072000000000001" classname="aet02" name="aet02_fails_on_incomplete_data_input"/>
    <testcase time="0.132999999999999" classname="aet02" name="aet02_handle_empty_data_input"/>
    <testcase time="1.978" classname="aet02" name="aet02_can_have_different_levels_of_row_split">
      <skipped message="Reason: On CRAN ('test-aet02.R:30:3')"/>
    </testcase>
  </testsuite>
  <testsuite name="aet03" timestamp="2023-09-20T17:15:46Z" hostname="4f35574870e0" tests="4" skipped="2" failures="0" errors="0" time="3.435">
    <testcase time="0.432" classname="aet03" name="aet03_can_handle_NA_values"/>
    <testcase time="0.253" classname="aet03" name="aet03_can_handle_NA_values">
      <skipped message="Reason: On CRAN ('test-aet03.R:10:3')"/>
    </testcase>
    <testcase time="1.956" classname="aet03" name="aet03_can_handle_some_NA_values"/>
    <testcase time="0.794" classname="aet03" name="aet03_can_handle_some_NA_values">
      <skipped message="Reason: On CRAN ('test-aet03.R:27:3')"/>
    </testcase>
  </testsuite>
  <testsuite name="aet04" timestamp="2023-09-20T17:15:50Z" hostname="4f35574870e0" tests="4" skipped="2" failures="0" errors="0" time="5.59">
    <testcase time="0.640000000000001" classname="aet04" name="aet04_can_handle_NA_values"/>
    <testcase time="0.422999999999998" classname="aet04" name="aet04_can_handle_NA_values">
      <skipped message="Reason: On CRAN ('test-aet04.R:10:3')"/>
    </testcase>
    <testcase time="3.326" classname="aet04" name="aet04_can_handle_some_NA_values"/>
    <testcase time="1.201" classname="aet04" name="aet04_can_handle_some_NA_values">
      <skipped message="Reason: On CRAN ('test-aet04.R:32:3')"/>
    </testcase>
  </testsuite>
  <testsuite name="aet05" timestamp="2023-09-20T17:15:55Z" hostname="4f35574870e0" tests="4" skipped="2" failures="0" errors="0" time="0.939">
    <testcase time="0.208000000000002" classname="aet05" name="aet05_can_handle_NA_values"/>
    <testcase time="0.254999999999999" classname="aet05" name="aet05_can_handle_NA_values">
      <skipped message="Reason: On CRAN ('test-aet05.R:7:3')"/>
    </testcase>
    <testcase time="0.195999999999998" classname="aet05" name="aet05_can_handle_some_NA_values"/>
    <testcase time="0.280000000000001" classname="aet05" name="aet05_can_handle_some_NA_values">
      <skipped message="Reason: On CRAN ('test-aet05.R:24:3')"/>
    </testcase>
  </testsuite>
  <testsuite name="aet05_all" timestamp="2023-09-20T17:15:56Z" hostname="4f35574870e0" tests="4" skipped="2" failures="0" errors="0" time="0.954">
    <testcase time="0.210999999999999" classname="aet05_all" name="aet05_all_can_handle_NA_values"/>
    <testcase time="0.256" classname="aet05_all" name="aet05_all_can_handle_NA_values">
      <skipped message="Reason: On CRAN ('test-aet05_all.R:7:3')"/>
    </testcase>
    <testcase time="0.208000000000002" classname="aet05_all" name="aet05_all_can_handle_some_NA_values"/>
    <testcase time="0.279" classname="aet05_all" name="aet05_all_can_handle_some_NA_values">
      <skipped message="Reason: On CRAN ('test-aet05_all.R:21:3')"/>
    </testcase>
  </testsuite>
  <testsuite name="aet10" timestamp="2023-09-20T17:15:57Z" hostname="4f35574870e0" tests="4" skipped="2" failures="0" errors="0" time="0.544">
    <testcase time="0.0940000000000012" classname="aet10" name="aet10_can_handle_NA_values"/>
    <testcase time="0.0999999999999979" classname="aet10" name="aet10_can_handle_NA_values">
      <skipped message="Reason: On CRAN ('test-aet10.R:10:3')"/>
    </testcase>
    <testcase time="0.138000000000002" classname="aet10" name="aet10_can_handle_some_NA_values"/>
    <testcase time="0.212" classname="aet10" name="aet10_can_handle_some_NA_values">
      <skipped message="Reason: On CRAN ('test-aet10.R:24:3')"/>
    </testcase>
  </testsuite>
  <testsuite name="assertions" timestamp="2023-09-20T17:15:58Z" hostname="4f35574870e0" tests="38" skipped="0" failures="0" errors="0" time="0.245">
    <testcase time="0.0229999999999997" classname="assertions" name="assert_one_tablenames_works_as_expected"/>
    <testcase time="0.00199999999999889" classname="assertions" name="assert_one_tablenames_works_as_expected"/>
    <testcase time="0.00499999999999901" classname="assertions" name="assert_one_tablenames_works_as_expected"/>
    <testcase time="0.00600000000000023" classname="assertions" name="assert_one_tablenames_works_as_expected"/>
    <testcase time="0.00700000000000145" classname="assertions" name="assert_all_tablenames_works_as_expected"/>
    <testcase time="0.00600000000000023" classname="assertions" name="assert_all_tablenames_works_as_expected"/>
    <testcase time="0.00499999999999901" classname="assertions" name="assert_all_tablenames_works_as_expected"/>
    <testcase time="0.00799999999999912" classname="assertions" name="assert_valid_var.character_works_as_expected"/>
    <testcase time="0.00600000000000023" classname="assertions" name="assert_valid_var.character_works_as_expected"/>
    <testcase time="0.00500000000000256" classname="assertions" name="assert_valid_var.character_works_as_expected"/>
    <testcase time="0.00600000000000023" classname="assertions" name="assert_valid_var.character_works_as_expected"/>
    <testcase time="0.00199999999999889" classname="assertions" name="assert_valid_var.character_works_as_expected"/>
    <testcase time="0.00799999999999912" classname="assertions" name="assert_valid_var.factor_works_as_expected"/>
    <testcase time="0.00600000000000023" classname="assertions" name="assert_valid_var.factor_works_as_expected"/>
    <testcase time="0.00600000000000023" classname="assertions" name="assert_valid_var.factor_works_as_expected"/>
    <testcase time="0.00499999999999901" classname="assertions" name="assert_valid_var.factor_works_as_expected"/>
    <testcase time="0.00300000000000011" classname="assertions" name="assert_valid_var.factor_works_as_expected"/>
    <testcase time="0.00700000000000145" classname="assertions" name="assert_valid_var.logical_works_as_expected"/>
    <testcase time="0.00600000000000023" classname="assertions" name="assert_valid_var.logical_works_as_expected"/>
    <testcase time="0.00600000000000023" classname="assertions" name="assert_valid_var.logical_works_as_expected"/>
    <testcase time="0.00199999999999889" classname="assertions" name="assert_valid_var.logical_works_as_expected"/>
    <testcase time="0.00700000000000145" classname="assertions" name="assert_valid_var.numeric_works_as_expected"/>
    <testcase time="0.00600000000000023" classname="assertions" name="assert_valid_var.numeric_works_as_expected"/>
    <testcase time="0.00599999999999667" classname="assertions" name="assert_valid_var.numeric_works_as_expected"/>
    <testcase time="0.00200000000000244" classname="assertions" name="assert_valid_var.numeric_works_as_expected"/>
    <testcase time="0.00600000000000023" classname="assertions" name="assert_valid_var.numeric_works_as_expected"/>
    <testcase time="0.00199999999999889" classname="assertions" name="assert_valid_var.numeric_works_as_expected"/>
    <testcase time="0.00799999999999912" classname="assertions" name="assert_valid_variable_works_as_expected"/>
    <testcase time="0.00200000000000244" classname="assertions" name="assert_valid_variable_works_as_expected"/>
    <testcase time="0.00999999999999801" classname="assertions" name="assert_valid_variable_works_as_expected"/>
    <testcase time="0.00199999999999889" classname="assertions" name="assert_valid_variable_works_as_expected"/>
    <testcase time="0.0100000000000016" classname="assertions" name="assert_valid_variable_works_as_expected"/>
    <testcase time="0.00199999999999889" classname="assertions" name="assert_valid_variable_works_as_expected"/>
    <testcase time="0.0160000000000018" classname="assertions" name="assert_valid_var_pair_works_as_expected_with_character"/>
    <testcase time="0.00999999999999801" classname="assertions" name="assert_valid_var_pair_works_as_expected_with_character"/>
    <testcase time="0.0110000000000028" classname="assertions" name="assert_valid_var_pair_works_as_expected_with_factor"/>
    <testcase time="0.00799999999999912" classname="assertions" name="assert_valid_var_pair_works_as_expected_with_factor"/>
    <testcase time="0.0069999999999979" classname="assertions" name="assert_valid_var_pair_works_as_expected_with_factor"/>
  </testsuite>
  <testsuite name="cfbt01" timestamp="2023-09-20T17:15:58Z" hostname="4f35574870e0" tests="3" skipped="2" failures="0" errors="0" time="11.63">
    <testcase time="8.644" classname="cfbt01" name="cfbt01_functions_with_default_argument_value_return_expected_result_with_test_data">
      <skipped message="Reason: On CRAN ('test-cfbt01.R:7:3')"/>
    </testcase>
    <testcase time="1.258" classname="cfbt01" name="cfbt01_can_handle_n_0_and_outputs_NE_instead_of_infs_and_NAs"/>
    <testcase time="1.728" classname="cfbt01" name="cfbt01_can_handle_n_0_and_outputs_NE_instead_of_infs_and_NAs">
      <skipped message="Reason: On CRAN ('test-cfbt01.R:22:3')"/>
    </testcase>
  </testsuite>
  <testsuite name="checks" timestamp="2023-09-20T17:16:09Z" hostname="4f35574870e0" tests="8" skipped="0" failures="0" errors="0" time="0.064">
    <testcase time="0.0300000000000011" classname="checks" name="check_all_colnames_works_as_expected"/>
    <testcase time="0.00500000000000256" classname="checks" name="check_all_colnames_works_as_expected"/>
    <testcase time="0.00300000000000011" classname="checks" name="check_all_colnames_works_as_expected"/>
    <testcase time="0.00499999999999545" classname="checks" name="check_all_colnames_works_as_expected"/>
    <testcase time="0.0100000000000051" classname="checks" name="check_one_colnames_works_as_expected"/>
    <testcase time="0.00499999999999545" classname="checks" name="check_one_colnames_works_as_expected"/>
    <testcase time="0.00200000000000244" classname="checks" name="check_one_colnames_works_as_expected"/>
    <testcase time="0.00399999999999778" classname="checks" name="check_one_colnames_works_as_expected"/>
  </testsuite>
  <testsuite name="chevron_tlg-class" timestamp="2023-09-20T17:16:10Z" hostname="4f35574870e0" tests="24" skipped="0" failures="0" errors="0" time="0.101">
    <testcase time="0.0129999999999981" classname="chevron_tlg_class" name="chevron_t_object_can_be_constructed_with_default_values"/>
    <testcase time="0.00500000000000256" classname="chevron_tlg_class" name="chevron_t_object_can_be_constructed_with_default_values"/>
    <testcase time="0.00800000000000267" classname="chevron_tlg_class" name="chevron_t_object_can_be_constructed_with_custom_values"/>
    <testcase time="0.00499999999999545" classname="chevron_tlg_class" name="chevron_t_object_can_be_constructed_with_custom_values"/>
    <testcase time="0.00300000000000011" classname="chevron_tlg_class" name="chevron_t_object_can_be_constructed_with_custom_values"/>
    <testcase time="0.00400000000000489" classname="chevron_tlg_class" name="chevron_t_object_can_be_constructed_with_custom_values"/>
    <testcase time="0.00900000000000034" classname="chevron_tlg_class" name="chevron_t_constructor_returns_an_error_when_expected"/>
    <testcase time="0.000999999999997669" classname="chevron_tlg_class" name="chevron_t_constructor_returns_an_error_when_expected"/>
    <testcase time="0.000999999999997669" classname="chevron_tlg_class" name="chevron_t_constructor_returns_an_error_when_expected"/>
    <testcase time="0.00100000000000477" classname="chevron_tlg_class" name="chevron_t_constructor_returns_an_error_when_expected"/>
    <testcase time="0.000999999999997669" classname="chevron_tlg_class" name="chevron_t_constructor_returns_an_error_when_expected"/>
    <testcase time="0.00200000000000244" classname="chevron_tlg_class" name="chevron_t_constructor_returns_an_error_when_expected"/>
    <testcase time="0.00900000000000034" classname="chevron_tlg_class" name="chevron_l_object_can_be_constructed_with_default_values"/>
    <testcase time="0.00399999999999778" classname="chevron_tlg_class" name="chevron_l_object_can_be_constructed_with_default_values"/>
    <testcase time="0.00999999999999801" classname="chevron_tlg_class" name="chevron_g_object_can_be_constructed_with_custom_values"/>
    <testcase time="0.00399999999999778" classname="chevron_tlg_class" name="chevron_g_object_can_be_constructed_with_custom_values"/>
    <testcase time="0.00300000000000011" classname="chevron_tlg_class" name="chevron_g_object_can_be_constructed_with_custom_values"/>
    <testcase time="0.00400000000000489" classname="chevron_tlg_class" name="chevron_g_object_can_be_constructed_with_custom_values"/>
    <testcase time="0.00900000000000034" classname="chevron_tlg_class" name="chevron_g_constructor_returns_an_error_when_expected"/>
    <testcase time="0.000999999999997669" classname="chevron_tlg_class" name="chevron_g_constructor_returns_an_error_when_expected"/>
    <testcase time="0.000999999999997669" classname="chevron_tlg_class" name="chevron_g_constructor_returns_an_error_when_expected"/>
    <testcase time="0.00100000000000477" classname="chevron_tlg_class" name="chevron_g_constructor_returns_an_error_when_expected"/>
    <testcase time="0.000999999999997669" classname="chevron_tlg_class" name="chevron_g_constructor_returns_an_error_when_expected"/>
    <testcase time="0.000999999999997669" classname="chevron_tlg_class" name="chevron_g_constructor_returns_an_error_when_expected"/>
  </testsuite>
  <testsuite name="chevron_tlg-methods" timestamp="2023-09-20T17:16:10Z" hostname="4f35574870e0" tests="30" skipped="9" failures="0" errors="0" time="11.002">
    <testcase time="4.33900000000001" classname="chevron_tlg_methods" name="run_works_as_expected_for_chevron_t_object">
      <skipped message="Reason: On CRAN ('test-chevron_tlg-methods.R:5:3')"/>
    </testcase>
    <testcase time="0.762999999999998" classname="chevron_tlg_methods" name="run_works_as_expected_for_chevron_t_object_when_auto_pre_FALSE">
      <skipped message="Reason: On CRAN ('test-chevron_tlg-methods.R:13:3')"/>
    </testcase>
    <testcase time="0.964999999999996" classname="chevron_tlg_methods" name="run_works_as_expected_with_argument_printed">
      <skipped message="Reason: On CRAN ('test-chevron_tlg-methods.R:18:3')"/>
    </testcase>
    <testcase time="1.041" classname="chevron_tlg_methods" name="run_works_as_expected_with_argument_printed_if_the_user_argument_is_complicated">
      <skipped message="Reason: On CRAN ('test-chevron_tlg-methods.R:25:3')"/>
    </testcase>
    <testcase time="0.731999999999999" classname="chevron_tlg_methods" name="run_works_as_expected_with_partial_match_argument">
      <skipped message="Reason: On CRAN ('test-chevron_tlg-methods.R:31:3')"/>
    </testcase>
    <testcase time="0.0210000000000008" classname="chevron_tlg_methods" name="args_ls_works_as_expected"/>
    <testcase time="0.00200000000000244" classname="chevron_tlg_methods" name="args_ls_works_as_expected"/>
    <testcase time="0.000999999999997669" classname="chevron_tlg_methods" name="args_ls_works_as_expected"/>
    <testcase time="0.00800000000000267" classname="chevron_tlg_methods" name="args_ls_works_as_expected_when_simplify_is_TRUE"/>
    <testcase time="0.000999999999997669" classname="chevron_tlg_methods" name="args_ls_works_as_expected_when_simplify_is_TRUE"/>
    <testcase time="0.000999999999997669" classname="chevron_tlg_methods" name="args_ls_works_as_expected_when_simplify_is_TRUE"/>
    <testcase time="0.00800000000000267" classname="chevron_tlg_methods" name="args_ls_works_as_expected_with_custom_chevron_tlg_object"/>
    <testcase time="0.000999999999997669" classname="chevron_tlg_methods" name="args_ls_works_as_expected_with_custom_chevron_tlg_object"/>
    <testcase time="0.00100000000000477" classname="chevron_tlg_methods" name="args_ls_works_as_expected_with_custom_chevron_tlg_object"/>
    <testcase time="0.00399999999999778" classname="chevron_tlg_methods" name="args_ls_works_as_expected_with_custom_chevron_tlg_object"/>
    <testcase time="0.00999999999999801" classname="chevron_tlg_methods" name="main_works_as_expected"/>
    <testcase time="0.0100000000000051" classname="chevron_tlg_methods" name="main_setter_works_as_expected"/>
    <testcase time="0.0149999999999935" classname="chevron_tlg_methods" name="main_setter_throw_an_error_as_expected"/>
    <testcase time="0.0100000000000051" classname="chevron_tlg_methods" name="preprocess_works_as_expected"/>
    <testcase time="0.00999999999999801" classname="chevron_tlg_methods" name="preprocess_setter_works_as_expected"/>
    <testcase time="0.0150000000000006" classname="chevron_tlg_methods" name="preprocess_sends_an_error_as_expected"/>
    <testcase time="0.00900000000000034" classname="chevron_tlg_methods" name="postprocess_works_as_expected"/>
    <testcase time="0.00999999999999801" classname="chevron_tlg_methods" name="postprocess_setter_works_as_expected"/>
    <testcase time="0.0150000000000006" classname="chevron_tlg_methods" name="postprocess_sends_an_error_as_expected"/>
    <testcase time="0.00600000000000023" classname="chevron_tlg_methods" name="script_funs_works_as_expected_in_interactive_mode">
      <skipped message="Reason: !interactive() is TRUE ('test-chevron_tlg-methods.R:146:3')"/>
    </testcase>
    <testcase time="0.017000000000003" classname="chevron_tlg_methods" name="script_funs_works_as_expected"/>
    <testcase time="0.000999999999997669" classname="chevron_tlg_methods" name="script_funs_works_as_expected"/>
    <testcase time="2.934" classname="chevron_tlg_methods" name="script_funs_generates_a_valid_script">
      <skipped message="Reason: On CRAN ('test-chevron_tlg-methods.R:167:3')"/>
    </testcase>
    <testcase time="0.0279999999999987" classname="chevron_tlg_methods" name="print_list_works">
      <skipped message="Reason: On CRAN ('test-chevron_tlg-methods.R:175:3')"/>
    </testcase>
    <testcase time="0.0240000000000009" classname="chevron_tlg_methods" name="print_list_works_for_empty_list">
      <skipped message="Reason: On CRAN ('test-chevron_tlg-methods.R:179:3')"/>
    </testcase>
  </testsuite>
  <testsuite name="cml02a_gl" timestamp="2023-09-20T17:16:21Z" hostname="4f35574870e0" tests="3" skipped="0" failures="0" errors="3" time="0.144">
    <testcase time="0.0449999999999946" classname="cml02a_gl" name="cml02a_gl_works_with_adcm_dataset">
      <error type="error" message="Error in `(function (df, key_cols = names(df)[1], disp_cols = NULL, non_disp_cols = NULL,  ('test-cml02a_gl.R:4:3')">Error in `(function (df, key_cols = names(df)[1], disp_cols = NULL, non_disp_cols = NULL, 
    unique_rows = FALSE, default_formatting = list(all = fmt_config()), 
    col_formatting = NULL, main_title = NULL, subtitles = NULL, 
    main_footer = NULL, prov_footer = NULL) 
{
    if (length(non_disp_cols) &gt; 0 &amp;&amp; length(intersect(key_cols, 
        non_disp_cols)) &gt; 0) {
        stop("Key column also listed in non_disp_cols. All key columns are by", 
            " definition display columns.")
    }
    if (!is.null(disp_cols) &amp;&amp; !is.null(non_disp_cols)) {
        stop("Got non-null values for both disp_cols and non_disp_cols. This is not supported.")
    }
    else if (is.null(disp_cols)) {
        cols &lt;- setdiff(names(df), c(key_cols, non_disp_cols))
    }
    else {
        cols &lt;- disp_cols
    }
    if (!all(sapply(default_formatting, is, class2 = "fmt_config"))) {
        stop("All format configurations supplied in `default_formatting`", 
            " must be of type `fmt_config`.")
    }
    if (!(is.null(col_formatting) || all(sapply(col_formatting, 
        is, class2 = "fmt_config")))) {
        stop("All format configurations supplied in `col_formatting`", 
            " must be of type `fmt_config`.")
    }
    df &lt;- as_tibble(df)
    varlabs &lt;- var_labels(df, fill = TRUE)
    o &lt;- do.call(order, df[key_cols])
    if (is.unsorted(o)) {
        message("sorting incoming data by key columns")
        df &lt;- df[o, ]
    }
    ordercols &lt;- c(key_cols, setdiff(names(df), key_cols))
    df &lt;- df[, ordercols]
    var_labels(df) &lt;- varlabs[ordercols]
    for (cnm in key_cols) {
        df[[cnm]] &lt;- as_keycol(df[[cnm]])
    }
    cols &lt;- c(key_cols, setdiff(cols, key_cols))
    df[cols] &lt;- lapply(cols, function(col) {
        col_class &lt;- tail(class(df[[col]]), 1)
        col_fmt_class &lt;- if (!col_class %in% names(default_formatting) &amp;&amp; 
            is.numeric(df[[col]])) 
            "numeric"
        else col_class
        col_fmt &lt;- if (col %in% names(col_formatting)) {
            col_formatting[[col]]
        }
        else if (col_fmt_class %in% names(default_formatting)) {
            default_formatting[[col_fmt_class]]
        }
        else {
            if (!"all" %in% names(default_formatting)) {
                stop("Format configurations must be supplied for all listing columns. ", 
                  "To cover all remaining columns please add an 'all' configuration", 
                  " to `default_formatting`.")
            }
            default_formatting[["all"]]
        }
        obj_format(df[[col]]) &lt;- obj_format(col_fmt)
        obj_na_str(df[[col]]) &lt;- if (is.null(obj_na_str(col_fmt))) 
            "NA"
        else obj_na_str(col_fmt)
        obj_align(df[[col]]) &lt;- if (is.null(obj_align(col_fmt))) 
            "left"
        else obj_align(col_fmt)
        df[[col]]
    })
    if (unique_rows) 
        df &lt;- df[!duplicated(df[, cols]), ]
    class(df) &lt;- c("listing_df", class(df))
    main_title(df) &lt;- main_title
    main_footer(df) &lt;- main_footer
    subtitles(df) &lt;- subtitles
    prov_footer(df) &lt;- prov_footer
    listing_dispcols(df) &lt;- cols
    df
})(key_cols = key_cols, disp_cols = disp_cols, default_formatting = default_formatting, 
    unique_rows = unique_rows)`: argument "df" is missing, with no default
Backtrace:
     x
  1. +-testthat::expect_message(res &lt;- run(cml02a_gl, syn_data)) at test-cml02a_gl.R:4:2
  2. | \-testthat:::expect_condition_matching(...)
  3. |   \-testthat:::quasi_capture(...)
  4. |     +-testthat (local) .capture(...)
  5. |     | \-base::withCallingHandlers(...)
  6. |     \-rlang::eval_bare(quo_get_expr(.quo), quo_get_env(.quo))
  7. +-chevron::run(cml02a_gl, syn_data)
  8. +-chevron::run(cml02a_gl, syn_data)
  9. | \-chevron:::do_call(object@main, c(proc_data, user_args))
 10. |   \-base::do.call(what, new_args, envir = args_env)
 11. +-chevron (local) `&lt;fn&gt;`(adam_db = adam_db)
 12. | \-chevron:::execute_with_args(...)
 13. |   \-chevron:::do_call(fun, args[intersect(names(args), formalArgs(fun))])
 14. |     \-base::do.call(what, new_args, envir = args_env)
 15. \-rlistings (local) `&lt;fn&gt;`(...)
 16.   \-tibble::as_tibble(df)</error>
    </testcase>
    <testcase time="0.0500000000000043" classname="cml02a_gl" name="cml02a_gl_works_with_missing_data">
      <error type="error" message="Error in `(function (df, key_cols = names(df)[1], disp_cols = NULL, non_disp_cols = NULL,  ('test-cml02a_gl.R:11:3')">Error in `(function (df, key_cols = names(df)[1], disp_cols = NULL, non_disp_cols = NULL, 
    unique_rows = FALSE, default_formatting = list(all = fmt_config()), 
    col_formatting = NULL, main_title = NULL, subtitles = NULL, 
    main_footer = NULL, prov_footer = NULL) 
{
    if (length(non_disp_cols) &gt; 0 &amp;&amp; length(intersect(key_cols, 
        non_disp_cols)) &gt; 0) {
        stop("Key column also listed in non_disp_cols. All key columns are by", 
            " definition display columns.")
    }
    if (!is.null(disp_cols) &amp;&amp; !is.null(non_disp_cols)) {
        stop("Got non-null values for both disp_cols and non_disp_cols. This is not supported.")
    }
    else if (is.null(disp_cols)) {
        cols &lt;- setdiff(names(df), c(key_cols, non_disp_cols))
    }
    else {
        cols &lt;- disp_cols
    }
    if (!all(sapply(default_formatting, is, class2 = "fmt_config"))) {
        stop("All format configurations supplied in `default_formatting`", 
            " must be of type `fmt_config`.")
    }
    if (!(is.null(col_formatting) || all(sapply(col_formatting, 
        is, class2 = "fmt_config")))) {
        stop("All format configurations supplied in `col_formatting`", 
            " must be of type `fmt_config`.")
    }
    df &lt;- as_tibble(df)
    varlabs &lt;- var_labels(df, fill = TRUE)
    o &lt;- do.call(order, df[key_cols])
    if (is.unsorted(o)) {
        message("sorting incoming data by key columns")
        df &lt;- df[o, ]
    }
    ordercols &lt;- c(key_cols, setdiff(names(df), key_cols))
    df &lt;- df[, ordercols]
    var_labels(df) &lt;- varlabs[ordercols]
    for (cnm in key_cols) {
        df[[cnm]] &lt;- as_keycol(df[[cnm]])
    }
    cols &lt;- c(key_cols, setdiff(cols, key_cols))
    df[cols] &lt;- lapply(cols, function(col) {
        col_class &lt;- tail(class(df[[col]]), 1)
        col_fmt_class &lt;- if (!col_class %in% names(default_formatting) &amp;&amp; 
            is.numeric(df[[col]])) 
            "numeric"
        else col_class
        col_fmt &lt;- if (col %in% names(col_formatting)) {
            col_formatting[[col]]
        }
        else if (col_fmt_class %in% names(default_formatting)) {
            default_formatting[[col_fmt_class]]
        }
        else {
            if (!"all" %in% names(default_formatting)) {
                stop("Format configurations must be supplied for all listing columns. ", 
                  "To cover all remaining columns please add an 'all' configuration", 
                  " to `default_formatting`.")
            }
            default_formatting[["all"]]
        }
        obj_format(df[[col]]) &lt;- obj_format(col_fmt)
        obj_na_str(df[[col]]) &lt;- if (is.null(obj_na_str(col_fmt))) 
            "NA"
        else obj_na_str(col_fmt)
        obj_align(df[[col]]) &lt;- if (is.null(obj_align(col_fmt))) 
            "left"
        else obj_align(col_fmt)
        df[[col]]
    })
    if (unique_rows) 
        df &lt;- df[!duplicated(df[, cols]), ]
    class(df) &lt;- c("listing_df", class(df))
    main_title(df) &lt;- main_title
    main_footer(df) &lt;- main_footer
    subtitles(df) &lt;- subtitles
    prov_footer(df) &lt;- prov_footer
    listing_dispcols(df) &lt;- cols
    df
})(key_cols = key_cols, disp_cols = disp_cols, default_formatting = default_formatting, 
    unique_rows = unique_rows)`: argument "df" is missing, with no default
Backtrace:
     x
  1. +-testthat::expect_message(res &lt;- run(cml02a_gl, proc_data)) at test-cml02a_gl.R:11:2
  2. | \-testthat:::expect_condition_matching(...)
  3. |   \-testthat:::quasi_capture(...)
  4. |     +-testthat (local) .capture(...)
  5. |     | \-base::withCallingHandlers(...)
  6. |     \-rlang::eval_bare(quo_get_expr(.quo), quo_get_env(.quo))
  7. +-chevron::run(cml02a_gl, proc_data)
  8. +-chevron::run(cml02a_gl, proc_data)
  9. | \-chevron:::do_call(object@main, c(proc_data, user_args))
 10. |   \-base::do.call(what, new_args, envir = args_env)
 11. +-chevron (local) `&lt;fn&gt;`(adam_db = adam_db)
 12. | \-chevron:::execute_with_args(...)
 13. |   \-chevron:::do_call(fun, args[intersect(names(args), formalArgs(fun))])
 14. |     \-base::do.call(what, new_args, envir = args_env)
 15. \-rlistings (local) `&lt;fn&gt;`(...)
 16.   \-tibble::as_tibble(df)</error>
    </testcase>
    <testcase time="0.0489999999999995" classname="cml02a_gl" name="cml02a_gl_functions_work_as_expected">
      <error type="error" message="Error in `(function (df, key_cols = names(df)[1], disp_cols = NULL, non_disp_cols = NULL,  ('test-cml02a_gl.R:18:3')">Error in `(function (df, key_cols = names(df)[1], disp_cols = NULL, non_disp_cols = NULL, 
    unique_rows = FALSE, default_formatting = list(all = fmt_config()), 
    col_formatting = NULL, main_title = NULL, subtitles = NULL, 
    main_footer = NULL, prov_footer = NULL) 
{
    if (length(non_disp_cols) &gt; 0 &amp;&amp; length(intersect(key_cols, 
        non_disp_cols)) &gt; 0) {
        stop("Key column also listed in non_disp_cols. All key columns are by", 
            " definition display columns.")
    }
    if (!is.null(disp_cols) &amp;&amp; !is.null(non_disp_cols)) {
        stop("Got non-null values for both disp_cols and non_disp_cols. This is not supported.")
    }
    else if (is.null(disp_cols)) {
        cols &lt;- setdiff(names(df), c(key_cols, non_disp_cols))
    }
    else {
        cols &lt;- disp_cols
    }
    if (!all(sapply(default_formatting, is, class2 = "fmt_config"))) {
        stop("All format configurations supplied in `default_formatting`", 
            " must be of type `fmt_config`.")
    }
    if (!(is.null(col_formatting) || all(sapply(col_formatting, 
        is, class2 = "fmt_config")))) {
        stop("All format configurations supplied in `col_formatting`", 
            " must be of type `fmt_config`.")
    }
    df &lt;- as_tibble(df)
    varlabs &lt;- var_labels(df, fill = TRUE)
    o &lt;- do.call(order, df[key_cols])
    if (is.unsorted(o)) {
        message("sorting incoming data by key columns")
        df &lt;- df[o, ]
    }
    ordercols &lt;- c(key_cols, setdiff(names(df), key_cols))
    df &lt;- df[, ordercols]
    var_labels(df) &lt;- varlabs[ordercols]
    for (cnm in key_cols) {
        df[[cnm]] &lt;- as_keycol(df[[cnm]])
    }
    cols &lt;- c(key_cols, setdiff(cols, key_cols))
    df[cols] &lt;- lapply(cols, function(col) {
        col_class &lt;- tail(class(df[[col]]), 1)
        col_fmt_class &lt;- if (!col_class %in% names(default_formatting) &amp;&amp; 
            is.numeric(df[[col]])) 
            "numeric"
        else col_class
        col_fmt &lt;- if (col %in% names(col_formatting)) {
            col_formatting[[col]]
        }
        else if (col_fmt_class %in% names(default_formatting)) {
            default_formatting[[col_fmt_class]]
        }
        else {
            if (!"all" %in% names(default_formatting)) {
                stop("Format configurations must be supplied for all listing columns. ", 
                  "To cover all remaining columns please add an 'all' configuration", 
                  " to `default_formatting`.")
            }
            default_formatting[["all"]]
        }
        obj_format(df[[col]]) &lt;- obj_format(col_fmt)
        obj_na_str(df[[col]]) &lt;- if (is.null(obj_na_str(col_fmt))) 
            "NA"
        else obj_na_str(col_fmt)
        obj_align(df[[col]]) &lt;- if (is.null(obj_align(col_fmt))) 
            "left"
        else obj_align(col_fmt)
        df[[col]]
    })
    if (unique_rows) 
        df &lt;- df[!duplicated(df[, cols]), ]
    class(df) &lt;- c("listing_df", class(df))
    main_title(df) &lt;- main_title
    main_footer(df) &lt;- main_footer
    subtitles(df) &lt;- subtitles
    prov_footer(df) &lt;- prov_footer
    listing_dispcols(df) &lt;- cols
    df
})(key_cols = key_cols, disp_cols = disp_cols, default_formatting = default_formatting, 
    unique_rows = unique_rows)`: argument "df" is missing, with no default
Backtrace:
     x
  1. +-testthat::expect_message(res &lt;- cml02a_gl_pre(syn_data) %&gt;% cml02a_gl_main()) at test-cml02a_gl.R:18:2
  2. | \-testthat:::expect_condition_matching(...)
  3. |   \-testthat:::quasi_capture(...)
  4. |     +-testthat (local) .capture(...)
  5. |     | \-base::withCallingHandlers(...)
  6. |     \-rlang::eval_bare(quo_get_expr(.quo), quo_get_env(.quo))
  7. +-cml02a_gl_pre(syn_data) %&gt;% cml02a_gl_main()
  8. +-chevron::cml02a_gl_main(.)
  9. | \-chevron:::execute_with_args(...)
 10. |   \-chevron:::do_call(fun, args[intersect(names(args), formalArgs(fun))])
 11. |     \-base::do.call(what, new_args, envir = args_env)
 12. \-rlistings (local) `&lt;fn&gt;`(...)
 13.   \-tibble::as_tibble(df)</error>
    </testcase>
  </testsuite>
  <testsuite name="cmt01a" timestamp="2023-09-20T17:16:21Z" hostname="4f35574870e0" tests="6" skipped="4" failures="0" errors="0" time="4.622">
    <testcase time="1.412" classname="cmt01a" name="cmt01a_functions_with_default_argument_value_return_expected_result_with_test_data">
      <skipped message="Reason: On CRAN ('test-cmt01a.R:7:3')"/>
    </testcase>
    <testcase time="1.314" classname="cmt01a" name="cmt01a_functions_with_custom_argument_value_return_expected_result_with_test_data">
      <skipped message="Reason: On CRAN ('test-cmt01a.R:19:3')"/>
    </testcase>
    <testcase time="0.213000000000001" classname="cmt01a" name="cmt01a_can_handle_all_NA_values"/>
    <testcase time="0.163000000000004" classname="cmt01a" name="cmt01a_can_handle_all_NA_values">
      <skipped message="Reason: On CRAN ('test-cmt01a.R:33:3')"/>
    </testcase>
    <testcase time="0.872999999999998" classname="cmt01a" name="cmt01a_can_handle_some_NA_values"/>
    <testcase time="0.646999999999998" classname="cmt01a" name="cmt01a_can_handle_some_NA_values">
      <skipped message="Reason: On CRAN ('test-cmt01a.R:41:3')"/>
    </testcase>
  </testsuite>
  <testsuite name="cmt02_pt" timestamp="2023-09-20T17:16:25Z" hostname="4f35574870e0" tests="4" skipped="2" failures="0" errors="0" time="0.723">
    <testcase time="0.149999999999999" classname="cmt02_pt" name="cmt02_pt_can_handle_all_NA_values"/>
    <testcase time="0.133000000000003" classname="cmt02_pt" name="cmt02_pt_can_handle_all_NA_values">
      <skipped message="Reason: On CRAN ('test-cmt02_pt.R:9:3')"/>
    </testcase>
    <testcase time="0.207999999999998" classname="cmt02_pt" name="cmt02_pt_can_handle_some_NA_values"/>
    <testcase time="0.231999999999999" classname="cmt02_pt" name="cmt02_pt_can_handle_some_NA_values">
      <skipped message="Reason: On CRAN ('test-cmt02_pt.R:17:3')"/>
    </testcase>
  </testsuite>
  <testsuite name="coxt01" timestamp="2023-09-20T17:16:26Z" hostname="4f35574870e0" tests="3" skipped="1" failures="0" errors="0" time="0.635">
    <testcase time="0.420000000000002" classname="coxt01" name="coxt01_can_handle_some_NA_values"/>
    <testcase time="0.186" classname="coxt01" name="coxt01_can_handle_some_NA_values">
      <skipped message="Reason: On CRAN ('test-coxt01.R:6:3')"/>
    </testcase>
    <testcase time="0.0289999999999964" classname="coxt01" name="coxt01_fails_on_incomlete_data"/>
  </testsuite>
  <testsuite name="coxt02" timestamp="2023-09-20T17:16:27Z" hostname="4f35574870e0" tests="3" skipped="1" failures="0" errors="0" time="0.849">
[...]
      <skipped message="Reason: On CRAN ('test-mng01.R:7:3')"/>
    </testcase>
    <testcase time="1.309" classname="mng01" name="mng01_works_as_expected_with_custom_argument_values"/>
    <testcase time="0.181000000000012" classname="mng01" name="mng01_works_as_expected_with_custom_argument_values">
      <skipped message="Reason: On CRAN ('test-mng01.R:25:3')"/>
    </testcase>
    <testcase time="1.30199999999999" classname="mng01" name="mng01_works_as_expected_with_custom_color_set"/>
    <testcase time="0.203000000000003" classname="mng01" name="mng01_works_as_expected_with_custom_color_set">
      <skipped message="Reason: On CRAN ('test-mng01.R:52:3')"/>
    </testcase>
    <testcase time="0.272999999999996" classname="mng01" name="mng01_works_with_table_NULL"/>
    <testcase time="0.245999999999981" classname="mng01" name="mng01_works_with_table_NULL">
      <skipped message="Reason: On CRAN ('test-mng01.R:63:3')"/>
    </testcase>
    <testcase time="1.33000000000001" classname="mng01" name="mng01_works_with_combination_of_x_variables"/>
    <testcase time="0.200999999999993" classname="mng01" name="mng01_works_with_combination_of_x_variables">
      <skipped message="Reason: On CRAN ('test-mng01.R:75:3')"/>
    </testcase>
    <testcase time="1.47" classname="mng01" name="mng01_works_with_numeric_jitter"/>
    <testcase time="0.182000000000016" classname="mng01" name="mng01_works_with_numeric_jitter">
      <skipped message="Reason: On CRAN ('test-mng01.R:87:3')"/>
    </testcase>
  </testsuite>
  <testsuite name="pdl01" timestamp="2023-09-20T17:19:01Z" hostname="4f35574870e0" tests="2" skipped="0" failures="0" errors="2" time="0.12">
    <testcase time="0.0409999999999968" classname="pdl01" name="pdl01_works_with_adsl_dataset">
      <error type="error" message="Error in `(function (adam_db, dataset = &quot;addv&quot;, arm_var = &quot;ARM&quot;, disp_cols = names(adam_db[[dataset]]),  ('test-pdl01.R:6:3')">Error in `(function (adam_db, dataset = "addv", arm_var = "ARM", disp_cols = names(adam_db[[dataset]]), 
    default_formatting = list(all = fmt_config(align = "left"), 
        numeric = fmt_config(align = "center"), Date = fmt_config(format = format_date(), 
            align = "left"), POSIXct = fmt_config(format = format_date(), 
            align = "left"), POSIXt = fmt_config(format = format_date(), 
            align = "left")), unique_rows = TRUE, ...) 
{
    assert_all_tablenames(adam_db, dataset)
    assert_valid_variable(adam_db[[dataset]], c(disp_cols, arm_var), 
        label = paste0("adam_db$", dataset))
    assert_list(default_formatting, types = "fmt_config", names = "unique")
    assert_list(col_formatting, null.ok = TRUE, types = "fmt_config", 
        names = "unique")
    assert_flag(unique_rows)
    execute_with_args(as_listing, adam_db[[dataset]], key_cols = arm_var, 
        disp_cols = disp_cols, default_formatting = default_formatting, 
        unique_rows = unique_rows, ...)
})(adam_db = adam_db)`: object 'col_formatting' not found
Backtrace:
     x
  1. +-testthat::expect_message(res &lt;- run(pdl01, proc_data)) at test-pdl01.R:6:2
  2. | \-testthat:::expect_condition_matching(...)
  3. |   \-testthat:::quasi_capture(...)
  4. |     +-testthat (local) .capture(...)
  5. |     | \-base::withCallingHandlers(...)
  6. |     \-rlang::eval_bare(quo_get_expr(.quo), quo_get_env(.quo))
  7. +-chevron::run(pdl01, proc_data)
  8. +-chevron::run(pdl01, proc_data)
  9. | \-chevron:::do_call(object@main, c(proc_data, user_args))
 10. |   \-base::do.call(what, new_args, envir = args_env)
 11. \-chevron (local) `&lt;fn&gt;`(adam_db = adam_db)
 12.   \-checkmate::assert_list(...)
 13.     \-checkmate::checkList(...)
 14.       \-... %and% checkListTypes(x, types)
 15.         \-base::isTRUE(lhs)</error>
    </testcase>
    <testcase time="0.0790000000000077" classname="pdl01" name="pdl01_functions_work_as_expected">
      <error type="error" message="Error in `pdl01_main(.)`: object 'col_formatting' not found ('test-pdl01.R:15:3')">Error in `pdl01_main(.)`: object 'col_formatting' not found
Backtrace:
     x
  1. +-testthat::expect_message(res &lt;- pdl01_pre(proc_data) %&gt;% pdl01_main()) at test-pdl01.R:15:2
  2. | \-testthat:::expect_condition_matching(...)
  3. |   \-testthat:::quasi_capture(...)
  4. |     +-testthat (local) .capture(...)
  5. |     | \-base::withCallingHandlers(...)
  6. |     \-rlang::eval_bare(quo_get_expr(.quo), quo_get_env(.quo))
  7. +-pdl01_pre(proc_data) %&gt;% pdl01_main()
  8. \-chevron::pdl01_main(.)
  9.   \-checkmate::assert_list(...)
 10.     \-checkmate::checkList(...)
 11.       \-... %and% checkListTypes(x, types)
 12.         \-base::isTRUE(lhs)</error>
    </testcase>
  </testsuite>
  <testsuite name="pdt01" timestamp="2023-09-20T17:19:01Z" hostname="4f35574870e0" tests="5" skipped="3" failures="0" errors="0" time="1.816">
    <testcase time="0.780000000000001" classname="pdt01" name="pdt01_function_with_default_argument_value_return_expected_result_with_test_data">
      <skipped message="Reason: On CRAN ('test-pdt01.R:7:3')"/>
    </testcase>
    <testcase time="0.127999999999986" classname="pdt01" name="pdt01_can_handle_all_NA_values"/>
    <testcase time="0.138000000000005" classname="pdt01" name="pdt01_can_handle_all_NA_values">
      <skipped message="Reason: On CRAN ('test-pdt01.R:21:3')"/>
    </testcase>
    <testcase time="0.341999999999985" classname="pdt01" name="pdt01_can_handle_some_NA_values"/>
    <testcase time="0.428000000000026" classname="pdt01" name="pdt01_can_handle_some_NA_values">
      <skipped message="Reason: On CRAN ('test-pdt01.R:36:3')"/>
    </testcase>
  </testsuite>
  <testsuite name="pdt02" timestamp="2023-09-20T17:19:03Z" hostname="4f35574870e0" tests="5" skipped="3" failures="0" errors="0" time="1.15">
    <testcase time="0.369999999999976" classname="pdt02" name="pdt02_function_with_default_argument_value_return_expected_result_with_test_data">
      <skipped message="Reason: On CRAN ('test-pdt02.R:7:3')"/>
    </testcase>
    <testcase time="0.174000000000007" classname="pdt02" name="pdt02_can_handle_all_NA_values"/>
    <testcase time="0.152000000000015" classname="pdt02" name="pdt02_can_handle_all_NA_values">
      <skipped message="Reason: On CRAN ('test-pdt02.R:21:3')"/>
    </testcase>
    <testcase time="0.238" classname="pdt02" name="pdt02_can_handle_some_NA_values"/>
    <testcase time="0.21599999999998" classname="pdt02" name="pdt02_can_handle_some_NA_values">
      <skipped message="Reason: On CRAN ('test-pdt02.R:36:3')"/>
    </testcase>
  </testsuite>
  <testsuite name="reexports" timestamp="2023-09-20T17:19:04Z" hostname="4f35574870e0" tests="2" skipped="0" failures="0" errors="0" time="0.033">
    <testcase time="0.0229999999999961" classname="reexports" name="with_label_exported_correctly"/>
    <testcase time="0.0100000000000193" classname="reexports" name="reformat_exported_correctly"/>
  </testsuite>
  <testsuite name="rmpt01" timestamp="2023-09-20T17:19:04Z" hostname="4f35574870e0" tests="7" skipped="3" failures="0" errors="0" time="0.795">
    <testcase time="0.239999999999981" classname="rmpt01" name="rmpt01_function_with_default_argument_value_return_expected_result_with_test_data">
      <skipped message="Reason: On CRAN ('test-rmpt01.R:7:3')"/>
    </testcase>
    <testcase time="0.105000000000018" classname="rmpt01" name="rmpt01_can_handle_NA_values"/>
    <testcase time="0.120000000000005" classname="rmpt01" name="rmpt01_can_handle_NA_values">
      <skipped message="Reason: On CRAN ('test-rmpt01.R:17:3')"/>
    </testcase>
    <testcase time="0.106999999999999" classname="rmpt01" name="rmpt01_can_handle_some_NA_values"/>
    <testcase time="0.117999999999995" classname="rmpt01" name="rmpt01_can_handle_some_NA_values">
      <skipped message="Reason: On CRAN ('test-rmpt01.R:31:3')"/>
    </testcase>
    <testcase time="0.0660000000000025" classname="rmpt01" name="rmpt01_fails_on_incomlete_data"/>
    <testcase time="0.0389999999999873" classname="rmpt01" name="rmpt01_fails_on_incomlete_data"/>
  </testsuite>
  <testsuite name="rmpt03" timestamp="2023-09-20T17:19:05Z" hostname="4f35574870e0" tests="8" skipped="3" failures="0" errors="0" time="1.249">
    <testcase time="0.37299999999999" classname="rmpt03" name="rmpt03_function_with_default_argument_value_return_expected_result_with_test_data">
      <skipped message="Reason: On CRAN ('test-rmpt03.R:10:3')"/>
    </testcase>
    <testcase time="0.152000000000015" classname="rmpt03" name="rmpt03_can_handle_NA_values"/>
    <testcase time="0.211999999999989" classname="rmpt03" name="rmpt03_can_handle_NA_values">
      <skipped message="Reason: On CRAN ('test-rmpt03.R:22:3')"/>
    </testcase>
    <testcase time="0.163000000000011" classname="rmpt03" name="rmpt03_can_handle_some_NA_values"/>
    <testcase time="0.210999999999984" classname="rmpt03" name="rmpt03_can_handle_some_NA_values">
      <skipped message="Reason: On CRAN ('test-rmpt03.R:38:3')"/>
    </testcase>
    <testcase time="0.0700000000000216" classname="rmpt03" name="rmpt03_fails_on_incomlete_data"/>
    <testcase time="0.0389999999999873" classname="rmpt03" name="rmpt03_fails_on_incomlete_data"/>
    <testcase time="0.0289999999999964" classname="rmpt03" name="rmpt03_fails_on_incomlete_data"/>
  </testsuite>
  <testsuite name="rmpt04" timestamp="2023-09-20T17:19:06Z" hostname="4f35574870e0" tests="6" skipped="3" failures="0" errors="0" time="0.736">
    <testcase time="0.218999999999994" classname="rmpt04" name="rmpt04_function_with_default_argument_value_return_expected_result_with_test_data">
      <skipped message="Reason: On CRAN ('test-rmpt04.R:7:3')"/>
    </testcase>
    <testcase time="0.0910000000000082" classname="rmpt04" name="rmpt04_can_handle_NA_values"/>
    <testcase time="0.131" classname="rmpt04" name="rmpt04_can_handle_NA_values">
      <skipped message="Reason: On CRAN ('test-rmpt04.R:17:3')"/>
    </testcase>
    <testcase time="0.0960000000000036" classname="rmpt04" name="rmpt04_can_handle_some_NA_values"/>
    <testcase time="0.131" classname="rmpt04" name="rmpt04_can_handle_some_NA_values">
      <skipped message="Reason: On CRAN ('test-rmpt04.R:34:3')"/>
    </testcase>
    <testcase time="0.0679999999999836" classname="rmpt04" name="rmpt04_fails_on_incomlete_data"/>
  </testsuite>
  <testsuite name="rmpt05" timestamp="2023-09-20T17:19:07Z" hostname="4f35574870e0" tests="6" skipped="3" failures="0" errors="0" time="0.845">
    <testcase time="0.262" classname="rmpt05" name="rmpt05_function_with_default_argument_value_return_expected_result_with_test_data">
      <skipped message="Reason: On CRAN ('test-rmpt05.R:7:3')"/>
    </testcase>
    <testcase time="0.103000000000009" classname="rmpt05" name="rmpt05_can_handle_NA_values"/>
    <testcase time="0.150000000000006" classname="rmpt05" name="rmpt05_can_handle_NA_values">
      <skipped message="Reason: On CRAN ('test-rmpt05.R:17:3')"/>
    </testcase>
    <testcase time="0.109000000000009" classname="rmpt05" name="rmpt05_can_handle_some_NA_values"/>
    <testcase time="0.151999999999987" classname="rmpt05" name="rmpt05_can_handle_some_NA_values">
      <skipped message="Reason: On CRAN ('test-rmpt05.R:34:3')"/>
    </testcase>
    <testcase time="0.0689999999999884" classname="rmpt05" name="rmpt05_fails_on_incomlete_data"/>
  </testsuite>
  <testsuite name="rmpt06" timestamp="2023-09-20T17:19:08Z" hostname="4f35574870e0" tests="4" skipped="3" failures="0" errors="0" time="2.041">
    <testcase time="0.679000000000002" classname="rmpt06" name="rmpt06_works_as_expected">
      <skipped message="Reason: On CRAN ('test-rmpt06.R:8:3')"/>
    </testcase>
    <testcase time="0.742000000000019" classname="rmpt06" name="rmpt06_works_as_expected_with_show_diff_TRUE">
      <skipped message="Reason: On CRAN ('test-rmpt06.R:16:3')"/>
    </testcase>
    <testcase time="0.329999999999984" classname="rmpt06" name="rmpt06_can_handle_all_NA_values"/>
    <testcase time="0.29000000000002" classname="rmpt06" name="rmpt06_can_handle_all_NA_values">
      <skipped message="Reason: On CRAN ('test-rmpt06.R:29:3')"/>
    </testcase>
  </testsuite>
  <testsuite name="rspt01" timestamp="2023-09-20T17:19:10Z" hostname="4f35574870e0" tests="15" skipped="7" failures="0" errors="0" time="4.742">
    <testcase time="0.0459999999999923" classname="rspt01" name="rspt01_works_as_expected"/>
    <testcase time="0.412999999999982" classname="rspt01" name="rspt01_works_as_expected"/>
    <testcase time="0.271000000000015" classname="rspt01" name="rspt01_works_as_expected">
      <skipped message="Reason: On CRAN ('test-rspt01.R:5:3')"/>
    </testcase>
    <testcase time="0.426999999999992" classname="rspt01" name="rspt01_works_as_expected_for_stratified_and_unstratified_analysis"/>
    <testcase time="0.306000000000012" classname="rspt01" name="rspt01_works_as_expected_for_stratified_and_unstratified_analysis">
      <skipped message="Reason: On CRAN ('test-rspt01.R:17:3')"/>
    </testcase>
    <testcase time="0.34699999999998" classname="rspt01" name="rspt01_works_as_expected_for_unstratified_analysis_only"/>
    <testcase time="0.267000000000024" classname="rspt01" name="rspt01_works_as_expected_for_unstratified_analysis_only">
      <skipped message="Reason: On CRAN ('test-rspt01.R:36:3')"/>
    </testcase>
    <testcase time="0.350999999999999" classname="rspt01" name="rspt01_works_as_expected_for_stratified_analysis_only"/>
    <testcase time="0.268999999999977" classname="rspt01" name="rspt01_works_as_expected_for_stratified_analysis_only">
      <skipped message="Reason: On CRAN ('test-rspt01.R:55:3')"/>
    </testcase>
    <testcase time="0.419000000000011" classname="rspt01" name="rspt01_works_if_change_reference_group"/>
    <testcase time="0.272999999999996" classname="rspt01" name="rspt01_works_if_change_reference_group">
      <skipped message="Reason: On CRAN ('test-rspt01.R:74:3')"/>
    </testcase>
    <testcase time="0.406000000000006" classname="rspt01" name="rspt01_works_if_change_statistic_methods"/>
    <testcase time="0.271999999999991" classname="rspt01" name="rspt01_works_if_change_statistic_methods">
      <skipped message="Reason: On CRAN ('test-rspt01.R:97:3')"/>
    </testcase>
    <testcase time="0.405000000000001" classname="rspt01" name="rspt01_works_if_change_confidence_interval"/>
    <testcase time="0.27000000000001" classname="rspt01" name="rspt01_works_if_change_confidence_interval">
      <skipped message="Reason: On CRAN ('test-rspt01.R:123:3')"/>
    </testcase>
  </testsuite>
  <testsuite name="ttet01" timestamp="2023-09-20T17:19:15Z" hostname="4f35574870e0" tests="9" skipped="4" failures="0" errors="0" time="3.706">
    <testcase time="0.046999999999997" classname="ttet01" name="ttet01_works_as_expected"/>
    <testcase time="0.563999999999993" classname="ttet01" name="ttet01_works_as_expected"/>
    <testcase time="0.480000000000018" classname="ttet01" name="ttet01_works_as_expected">
      <skipped message="Reason: On CRAN ('test-ttet01.R:10:3')"/>
    </testcase>
    <testcase time="0.451999999999998" classname="ttet01" name="ttet01_works_as_expected_for_stratified_and_unstratified_analysis"/>
    <testcase time="0.400999999999982" classname="ttet01" name="ttet01_works_as_expected_for_stratified_and_unstratified_analysis">
      <skipped message="Reason: On CRAN ('test-ttet01.R:22:3')"/>
    </testcase>
    <testcase time="0.460000000000008" classname="ttet01" name="ttet01_works_as_expected_for_stratified_analysis_only"/>
    <testcase time="0.424000000000007" classname="ttet01" name="ttet01_works_as_expected_for_stratified_analysis_only">
      <skipped message="Reason: On CRAN ('test-ttet01.R:44:3')"/>
    </testcase>
    <testcase time="0.467999999999989" classname="ttet01" name="ttet01_works_if_change_reference_group"/>
    <testcase time="0.409999999999997" classname="ttet01" name="ttet01_works_if_change_reference_group">
      <skipped message="Reason: On CRAN ('test-ttet01.R:66:3')"/>
    </testcase>
  </testsuite>
  <testsuite name="utils" timestamp="2023-09-20T17:19:18Z" hostname="4f35574870e0" tests="24" skipped="1" failures="0" errors="0" time="0.202">
    <testcase time="0.0240000000000009" classname="utils" name="h_format_dec_works_as_exected"/>
    <testcase time="0.0040000000000191" classname="utils" name="h_format_dec_works_as_exected"/>
    <testcase time="0.00199999999998113" classname="utils" name="h_format_dec_works_as_exected"/>
    <testcase time="0.0040000000000191" classname="utils" name="h_format_dec_works_as_exected"/>
    <testcase time="0.00199999999998113" classname="utils" name="h_format_dec_works_as_exected"/>
    <testcase time="0.00300000000001432" classname="utils" name="h_format_dec_works_as_exected"/>
    <testcase time="0.00199999999998113" classname="utils" name="h_format_dec_works_as_exected"/>
    <testcase time="0.0040000000000191" classname="utils" name="h_format_dec_works_as_exected"/>
    <testcase time="0.00199999999998113" classname="utils" name="h_format_dec_works_as_exected"/>
    <testcase time="0.0040000000000191" classname="utils" name="h_format_dec_works_as_exected"/>
    <testcase time="0.00199999999998113" classname="utils" name="h_format_dec_works_as_exected"/>
    <testcase time="0.0040000000000191" classname="utils" name="h_format_dec_works_as_exected"/>
    <testcase time="0.00999999999999091" classname="utils" name="h_format_dec_works_as_expected_with_more_than_one_value"/>
    <testcase time="0.00399999999999068" classname="utils" name="h_format_dec_works_as_expected_with_more_than_one_value"/>
    <testcase time="0.0100000000000193" classname="utils" name="h_format_dec_works_as_expected_with_NA_digits"/>
    <testcase time="0.00899999999998613" classname="utils" name="fuse_sequentially_works"/>
    <testcase time="0.00499999999999545" classname="utils" name="fuse_sequentially_works"/>
    <testcase time="0.00800000000000978" classname="utils" name="grob_list_works"/>
    <testcase time="0.00100000000000477" classname="utils" name="grob_list_works"/>
    <testcase time="0.00399999999999068" classname="utils" name="grob_list_works"/>
    <testcase time="0.00399999999999068" classname="utils" name="grob_list_works"/>
    <testcase time="0.0180000000000007" classname="utils" name="ifneeded_split_row_works_as_expected"/>
    <testcase time="0.00800000000000978" classname="utils" name="ifneeded_split_row_works_as_expected"/>
    <testcase time="0.063999999999993" classname="utils" name="_unnamed_">
      <skipped message="Reason: On CRAN ('test-utils.R:88:1')"/>
    </testcase>
  </testsuite>
  <testsuite name="vst01" timestamp="2023-09-20T17:19:19Z" hostname="4f35574870e0" tests="3" skipped="2" failures="0" errors="0" time="17.046">
    <testcase time="8.74200000000002" classname="vst01" name="vst01_functions_with_default_argument_value_return_expected_result_with_test_data">
      <skipped message="Reason: On CRAN ('test-vst01.R:7:3')"/>
    </testcase>
    <testcase time="3.43699999999998" classname="vst01" name="run_vst01_works_as_expected"/>
    <testcase time="4.86700000000002" classname="vst01" name="run_vst01_works_as_expected">
      <skipped message="Reason: On CRAN ('test-vst01.R:14:3')"/>
    </testcase>
  </testsuite>
  <testsuite name="vst02" timestamp="2023-09-20T17:19:36Z" hostname="4f35574870e0" tests="2" skipped="2" failures="0" errors="0" time="1.272">
    <testcase time="0.647999999999996" classname="vst02" name="vst02_functions_with_default_argument_value_return_expected_result_with_test_data">
      <skipped message="Reason: On CRAN ('test-vst02.R:7:3')"/>
    </testcase>
    <testcase time="0.623999999999995" classname="vst02" name="vst02_functions_return_expected_result_with_test_data_when_excluding_subject_with_baseline_abnormality">
      <skipped message="Reason: On CRAN ('test-vst02.R:14:3')"/>
    </testcase>
  </testsuite>
</testsuites>
