<?xml version="1.0" encoding="UTF-8"?>
<testsuites>
  <testsuite name="ael01_nollt" timestamp="2023-08-30T10:27:53Z" hostname="ba54e48b7cde" tests="8" skipped="4" failures="0" errors="0" time="1.657">
    <testcase time="0.686" classname="ael01_nollt" name="ael01_nollt_works_with_admh_dataset"/>
    <testcase time="0.332" classname="ael01_nollt" name="ael01_nollt_works_with_admh_dataset">
      <skipped message="Reason: On CRAN ('test-ael01_nollt.R:7:3')"/>
    </testcase>
    <testcase time="0.111" classname="ael01_nollt" name="ael01_nollt_works_with_non_default_label"/>
    <testcase time="0.193" classname="ael01_nollt" name="ael01_nollt_works_with_non_default_label">
      <skipped message="Reason: On CRAN ('test-ael01_nollt.R:20:3')"/>
    </testcase>
    <testcase time="0.0830000000000002" classname="ael01_nollt" name="ael01_nollt_can_handle_all_missing_values"/>
    <testcase time="0.0679999999999996" classname="ael01_nollt" name="ael01_nollt_can_handle_all_missing_values">
      <skipped message="Reason: On CRAN ('test-ael01_nollt.R:33:3')"/>
    </testcase>
    <testcase time="0.069" classname="ael01_nollt" name="ael01_nollt_can_handle_some_missing_values"/>
    <testcase time="0.115" classname="ael01_nollt" name="ael01_nollt_can_handle_some_missing_values">
      <skipped message="Reason: On CRAN ('test-ael01_nollt.R:48:3')"/>
    </testcase>
  </testsuite>
  <testsuite name="aet01" timestamp="2023-08-30T10:27:55Z" hostname="ba54e48b7cde" tests="9" skipped="4" failures="0" errors="0" time="3.344">
    <testcase time="0.676" classname="aet01" name="aet01_can_handle_all_NA_values"/>
    <testcase time="0.329" classname="aet01" name="aet01_can_handle_all_NA_values">
      <skipped message="Reason: On CRAN ('test-aet01.R:12:3')"/>
    </testcase>
    <testcase time="0.529" classname="aet01" name="aet01_can_handle_some_NA_values"/>
    <testcase time="0.321000000000001" classname="aet01" name="aet01_can_handle_some_NA_values">
      <skipped message="Reason: On CRAN ('test-aet01.R:29:3')"/>
    </testcase>
    <testcase time="0.334" classname="aet01" name="aet01_can_use_custom_anl_vars"/>
    <testcase time="0.184" classname="aet01" name="aet01_can_use_custom_anl_vars">
      <skipped message="Reason: On CRAN ('test-aet01.R:35:3')"/>
    </testcase>
    <testcase time="0.123" classname="aet01" name="aet01_fails_on_incomplete_data_input"/>
    <testcase time="0.464" classname="aet01" name="aet01_can_use_custom_medconcept_var"/>
    <testcase time="0.384" classname="aet01" name="aet01_can_use_custom_medconcept_var">
      <skipped message="Reason: On CRAN ('test-aet01.R:65:3')"/>
    </testcase>
  </testsuite>
  <testsuite name="aet01_aesi" timestamp="2023-08-30T10:27:58Z" hostname="ba54e48b7cde" tests="7" skipped="3" failures="0" errors="0" time="2.399">
    <testcase time="0.412" classname="aet01_aesi" name="aet01_aesi_can_handle_all_NA_values"/>
    <testcase time="0.307" classname="aet01_aesi" name="aet01_aesi_can_handle_all_NA_values">
      <skipped message="Reason: On CRAN ('test-aet01_aesi.R:17:3')"/>
    </testcase>
    <testcase time="0.343999999999999" classname="aet01_aesi" name="aet01_aesi_can_handle_some_NA_values"/>
    <testcase time="0.306000000000001" classname="aet01_aesi" name="aet01_aesi_can_handle_some_NA_values">
      <skipped message="Reason: On CRAN ('test-aet01_aesi.R:30:3')"/>
    </testcase>
    <testcase time="0.453999999999999" classname="aet01_aesi" name="aet01_aesi_works_with_ALL_argument"/>
    <testcase time="0.484" classname="aet01_aesi" name="aet01_aesi_works_with_ALL_argument">
      <skipped message="Reason: On CRAN ('test-aet01_aesi.R:36:3')"/>
    </testcase>
    <testcase time="0.0920000000000005" classname="aet01_aesi" name="aet01_aesi_check_fails_on_incomplete_data_input"/>
  </testsuite>
  <testsuite name="aet02" timestamp="2023-08-30T10:28:01Z" hostname="ba54e48b7cde" tests="3" skipped="1" failures="0" errors="0" time="2.756">
    <testcase time="0.0939999999999994" classname="aet02" name="aet02_fails_on_incomplete_data_input"/>
    <testcase time="0.152000000000001" classname="aet02" name="aet02_handle_empty_data_input"/>
    <testcase time="2.51" classname="aet02" name="aet02_can_have_different_levels_of_row_split">
      <skipped message="Reason: On CRAN ('test-aet02.R:30:3')"/>
    </testcase>
  </testsuite>
  <testsuite name="aet03" timestamp="2023-08-30T10:28:03Z" hostname="ba54e48b7cde" tests="4" skipped="2" failures="0" errors="0" time="3.884">
    <testcase time="0.488" classname="aet03" name="aet03_can_handle_NA_values"/>
    <testcase time="0.285" classname="aet03" name="aet03_can_handle_NA_values">
      <skipped message="Reason: On CRAN ('test-aet03.R:10:3')"/>
    </testcase>
    <testcase time="2.229" classname="aet03" name="aet03_can_handle_some_NA_values"/>
    <testcase time="0.881999999999998" classname="aet03" name="aet03_can_handle_some_NA_values">
      <skipped message="Reason: On CRAN ('test-aet03.R:27:3')"/>
    </testcase>
  </testsuite>
  <testsuite name="aet04" timestamp="2023-08-30T10:28:07Z" hostname="ba54e48b7cde" tests="4" skipped="2" failures="0" errors="0" time="6.414">
    <testcase time="0.738000000000003" classname="aet04" name="aet04_can_handle_NA_values"/>
    <testcase time="0.478999999999999" classname="aet04" name="aet04_can_handle_NA_values">
      <skipped message="Reason: On CRAN ('test-aet04.R:10:3')"/>
    </testcase>
    <testcase time="3.825" classname="aet04" name="aet04_can_handle_some_NA_values"/>
    <testcase time="1.372" classname="aet04" name="aet04_can_handle_some_NA_values">
      <skipped message="Reason: On CRAN ('test-aet04.R:32:3')"/>
    </testcase>
  </testsuite>
  <testsuite name="aet05" timestamp="2023-08-30T10:28:14Z" hostname="ba54e48b7cde" tests="4" skipped="2" failures="0" errors="0" time="1.096">
    <testcase time="0.256" classname="aet05" name="aet05_can_handle_NA_values"/>
    <testcase time="0.291999999999998" classname="aet05" name="aet05_can_handle_NA_values">
      <skipped message="Reason: On CRAN ('test-aet05.R:7:3')"/>
    </testcase>
    <testcase time="0.227" classname="aet05" name="aet05_can_handle_some_NA_values"/>
    <testcase time="0.321000000000002" classname="aet05" name="aet05_can_handle_some_NA_values">
      <skipped message="Reason: On CRAN ('test-aet05.R:24:3')"/>
    </testcase>
  </testsuite>
  <testsuite name="aet05_all" timestamp="2023-08-30T10:28:15Z" hostname="ba54e48b7cde" tests="4" skipped="2" failures="0" errors="0" time="1.085">
    <testcase time="0.242000000000001" classname="aet05_all" name="aet05_all_can_handle_NA_values"/>
    <testcase time="0.291999999999998" classname="aet05_all" name="aet05_all_can_handle_NA_values">
      <skipped message="Reason: On CRAN ('test-aet05_all.R:7:3')"/>
    </testcase>
    <testcase time="0.223000000000003" classname="aet05_all" name="aet05_all_can_handle_some_NA_values"/>
    <testcase time="0.327999999999999" classname="aet05_all" name="aet05_all_can_handle_some_NA_values">
      <skipped message="Reason: On CRAN ('test-aet05_all.R:21:3')"/>
    </testcase>
  </testsuite>
  <testsuite name="aet10" timestamp="2023-08-30T10:28:16Z" hostname="ba54e48b7cde" tests="4" skipped="2" failures="0" errors="0" time="0.637">
    <testcase time="0.120999999999999" classname="aet10" name="aet10_can_handle_NA_values"/>
    <testcase time="0.115000000000002" classname="aet10" name="aet10_can_handle_NA_values">
      <skipped message="Reason: On CRAN ('test-aet10.R:10:3')"/>
    </testcase>
    <testcase time="0.160999999999998" classname="aet10" name="aet10_can_handle_some_NA_values"/>
    <testcase time="0.240000000000002" classname="aet10" name="aet10_can_handle_some_NA_values">
      <skipped message="Reason: On CRAN ('test-aet10.R:24:3')"/>
    </testcase>
  </testsuite>
  <testsuite name="assertions" timestamp="2023-08-30T10:28:17Z" hostname="ba54e48b7cde" tests="38" skipped="0" failures="0" errors="0" time="0.276">
    <testcase time="0.0299999999999976" classname="assertions" name="assert_one_tablenames_works_as_expected"/>
    <testcase time="0.00200000000000244" classname="assertions" name="assert_one_tablenames_works_as_expected"/>
    <testcase time="0.0069999999999979" classname="assertions" name="assert_one_tablenames_works_as_expected"/>
    <testcase time="0.00700000000000145" classname="assertions" name="assert_one_tablenames_works_as_expected"/>
    <testcase time="0.00900000000000034" classname="assertions" name="assert_all_tablenames_works_as_expected"/>
    <testcase time="0.00600000000000023" classname="assertions" name="assert_all_tablenames_works_as_expected"/>
    <testcase time="0.0069999999999979" classname="assertions" name="assert_all_tablenames_works_as_expected"/>
    <testcase time="0.00900000000000034" classname="assertions" name="assert_valid_var.character_works_as_expected"/>
    <testcase time="0.00700000000000145" classname="assertions" name="assert_valid_var.character_works_as_expected"/>
    <testcase time="0.0069999999999979" classname="assertions" name="assert_valid_var.character_works_as_expected"/>
    <testcase time="0.00600000000000023" classname="assertions" name="assert_valid_var.character_works_as_expected"/>
    <testcase time="0.00300000000000011" classname="assertions" name="assert_valid_var.character_works_as_expected"/>
    <testcase time="0.00900000000000034" classname="assertions" name="assert_valid_var.factor_works_as_expected"/>
    <testcase time="0.00600000000000023" classname="assertions" name="assert_valid_var.factor_works_as_expected"/>
    <testcase time="0.00700000000000145" classname="assertions" name="assert_valid_var.factor_works_as_expected"/>
    <testcase time="0.0069999999999979" classname="assertions" name="assert_valid_var.factor_works_as_expected"/>
    <testcase time="0.00200000000000244" classname="assertions" name="assert_valid_var.factor_works_as_expected"/>
    <testcase time="0.00899999999999679" classname="assertions" name="assert_valid_var.logical_works_as_expected"/>
    <testcase time="0.00700000000000145" classname="assertions" name="assert_valid_var.logical_works_as_expected"/>
    <testcase time="0.00700000000000145" classname="assertions" name="assert_valid_var.logical_works_as_expected"/>
    <testcase time="0.00199999999999889" classname="assertions" name="assert_valid_var.logical_works_as_expected"/>
    <testcase time="0.00900000000000034" classname="assertions" name="assert_valid_var.numeric_works_as_expected"/>
    <testcase time="0.0069999999999979" classname="assertions" name="assert_valid_var.numeric_works_as_expected"/>
    <testcase time="0.00600000000000023" classname="assertions" name="assert_valid_var.numeric_works_as_expected"/>
    <testcase time="0.00199999999999889" classname="assertions" name="assert_valid_var.numeric_works_as_expected"/>
    <testcase time="0.00600000000000023" classname="assertions" name="assert_valid_var.numeric_works_as_expected"/>
    <testcase time="0.00300000000000011" classname="assertions" name="assert_valid_var.numeric_works_as_expected"/>
    <testcase time="0.00900000000000034" classname="assertions" name="assert_valid_variable_works_as_expected"/>
    <testcase time="0.00300000000000011" classname="assertions" name="assert_valid_variable_works_as_expected"/>
    <testcase time="0.0109999999999992" classname="assertions" name="assert_valid_variable_works_as_expected"/>
    <testcase time="0.00300000000000011" classname="assertions" name="assert_valid_variable_works_as_expected"/>
    <testcase time="0.0110000000000028" classname="assertions" name="assert_valid_variable_works_as_expected"/>
    <testcase time="0.00299999999999656" classname="assertions" name="assert_valid_variable_works_as_expected"/>
    <testcase time="0.0100000000000016" classname="assertions" name="assert_valid_var_pair_works_as_expected_with_character"/>
    <testcase time="0.0100000000000016" classname="assertions" name="assert_valid_var_pair_works_as_expected_with_character"/>
    <testcase time="0.00900000000000034" classname="assertions" name="assert_valid_var_pair_works_as_expected_with_factor"/>
    <testcase time="0.00899999999999679" classname="assertions" name="assert_valid_var_pair_works_as_expected_with_factor"/>
    <testcase time="0.00900000000000034" classname="assertions" name="assert_valid_var_pair_works_as_expected_with_factor"/>
  </testsuite>
  <testsuite name="cfbt01" timestamp="2023-08-30T10:28:17Z" hostname="ba54e48b7cde" tests="3" skipped="2" failures="0" errors="0" time="13.16">
    <testcase time="9.754" classname="cfbt01" name="cfbt01_functions_with_default_argument_value_return_expected_result_with_test_data">
      <skipped message="Reason: On CRAN ('test-cfbt01.R:7:3')"/>
    </testcase>
    <testcase time="1.406" classname="cfbt01" name="cfbt01_can_handle_n_0_and_outputs_NE_instead_of_infs_and_NAs"/>
    <testcase time="2" classname="cfbt01" name="cfbt01_can_handle_n_0_and_outputs_NE_instead_of_infs_and_NAs">
      <skipped message="Reason: On CRAN ('test-cfbt01.R:22:3')"/>
    </testcase>
  </testsuite>
  <testsuite name="checks" timestamp="2023-08-30T10:28:30Z" hostname="ba54e48b7cde" tests="8" skipped="0" failures="0" errors="0" time="0.056">
    <testcase time="0.0240000000000009" classname="checks" name="check_all_colnames_works_as_expected"/>
    <testcase time="0.00500000000000256" classname="checks" name="check_all_colnames_works_as_expected"/>
    <testcase time="0.00300000000000011" classname="checks" name="check_all_colnames_works_as_expected"/>
    <testcase time="0.00399999999999778" classname="checks" name="check_all_colnames_works_as_expected"/>
    <testcase time="0.00900000000000034" classname="checks" name="check_one_colnames_works_as_expected"/>
    <testcase time="0.00499999999999545" classname="checks" name="check_one_colnames_works_as_expected"/>
    <testcase time="0.00200000000000244" classname="checks" name="check_one_colnames_works_as_expected"/>
    <testcase time="0.00399999999999778" classname="checks" name="check_one_colnames_works_as_expected"/>
  </testsuite>
  <testsuite name="chevron_tlg-class" timestamp="2023-08-30T10:28:30Z" hostname="ba54e48b7cde" tests="24" skipped="0" failures="0" errors="0" time="0.118">
    <testcase time="0.0150000000000006" classname="chevron_tlg_class" name="chevron_t_object_can_be_constructed_with_default_values"/>
    <testcase time="0.00500000000000256" classname="chevron_tlg_class" name="chevron_t_object_can_be_constructed_with_default_values"/>
    <testcase time="0.00999999999999801" classname="chevron_tlg_class" name="chevron_t_object_can_be_constructed_with_custom_values"/>
    <testcase time="0.00500000000000256" classname="chevron_tlg_class" name="chevron_t_object_can_be_constructed_with_custom_values"/>
    <testcase time="0.00300000000000011" classname="chevron_tlg_class" name="chevron_t_object_can_be_constructed_with_custom_values"/>
    <testcase time="0.00499999999999545" classname="chevron_tlg_class" name="chevron_t_object_can_be_constructed_with_custom_values"/>
    <testcase time="0.0100000000000051" classname="chevron_tlg_class" name="chevron_t_constructor_returns_an_error_when_expected"/>
    <testcase time="0.00199999999999534" classname="chevron_tlg_class" name="chevron_t_constructor_returns_an_error_when_expected"/>
    <testcase time="0.00100000000000477" classname="chevron_tlg_class" name="chevron_t_constructor_returns_an_error_when_expected"/>
    <testcase time="0.000999999999997669" classname="chevron_tlg_class" name="chevron_t_constructor_returns_an_error_when_expected"/>
    <testcase time="0.00200000000000244" classname="chevron_tlg_class" name="chevron_t_constructor_returns_an_error_when_expected"/>
    <testcase time="0.000999999999997669" classname="chevron_tlg_class" name="chevron_t_constructor_returns_an_error_when_expected"/>
    <testcase time="0.0110000000000028" classname="chevron_tlg_class" name="chevron_l_object_can_be_constructed_with_default_values"/>
    <testcase time="0.00499999999999545" classname="chevron_tlg_class" name="chevron_l_object_can_be_constructed_with_default_values"/>
    <testcase time="0.0110000000000028" classname="chevron_tlg_class" name="chevron_g_object_can_be_constructed_with_custom_values"/>
    <testcase time="0.00500000000000256" classname="chevron_tlg_class" name="chevron_g_object_can_be_constructed_with_custom_values"/>
    <testcase time="0.00399999999999778" classname="chevron_tlg_class" name="chevron_g_object_can_be_constructed_with_custom_values"/>
    <testcase time="0.00500000000000256" classname="chevron_tlg_class" name="chevron_g_object_can_be_constructed_with_custom_values"/>
    <testcase time="0.00999999999999801" classname="chevron_tlg_class" name="chevron_g_constructor_returns_an_error_when_expected"/>
    <testcase time="0.000999999999997669" classname="chevron_tlg_class" name="chevron_g_constructor_returns_an_error_when_expected"/>
    <testcase time="0.000999999999997669" classname="chevron_tlg_class" name="chevron_g_constructor_returns_an_error_when_expected"/>
    <testcase time="0.00200000000000244" classname="chevron_tlg_class" name="chevron_g_constructor_returns_an_error_when_expected"/>
    <testcase time="0.000999999999997669" classname="chevron_tlg_class" name="chevron_g_constructor_returns_an_error_when_expected"/>
    <testcase time="0.00200000000000244" classname="chevron_tlg_class" name="chevron_g_constructor_returns_an_error_when_expected"/>
  </testsuite>
  <testsuite name="chevron_tlg-methods" timestamp="2023-08-30T10:28:30Z" hostname="ba54e48b7cde" tests="30" skipped="9" failures="0" errors="0" time="12.61">
    <testcase time="4.961" classname="chevron_tlg_methods" name="run_works_as_expected_for_chevron_t_object">
      <skipped message="Reason: On CRAN ('test-chevron_tlg-methods.R:5:3')"/>
    </testcase>
    <testcase time="0.788000000000004" classname="chevron_tlg_methods" name="run_works_as_expected_for_chevron_t_object_when_auto_pre_FALSE">
      <skipped message="Reason: On CRAN ('test-chevron_tlg-methods.R:13:3')"/>
    </testcase>
    <testcase time="0.923999999999999" classname="chevron_tlg_methods" name="run_works_as_expected_with_argument_printed">
      <skipped message="Reason: On CRAN ('test-chevron_tlg-methods.R:18:3')"/>
    </testcase>
    <testcase time="1.451" classname="chevron_tlg_methods" name="run_works_as_expected_with_argument_printed_if_the_user_argument_is_complicated">
      <skipped message="Reason: On CRAN ('test-chevron_tlg-methods.R:25:3')"/>
    </testcase>
    <testcase time="0.842999999999996" classname="chevron_tlg_methods" name="run_works_as_expected_with_partial_match_argument">
      <skipped message="Reason: On CRAN ('test-chevron_tlg-methods.R:31:3')"/>
    </testcase>
    <testcase time="0.0180000000000007" classname="chevron_tlg_methods" name="args_ls_works_as_expected"/>
    <testcase time="0.00200000000000244" classname="chevron_tlg_methods" name="args_ls_works_as_expected"/>
    <testcase time="0.00200000000000244" classname="chevron_tlg_methods" name="args_ls_works_as_expected"/>
    <testcase time="0.00799999999999557" classname="chevron_tlg_methods" name="args_ls_works_as_expected_when_simplify_is_TRUE"/>
    <testcase time="0.00100000000000477" classname="chevron_tlg_methods" name="args_ls_works_as_expected_when_simplify_is_TRUE"/>
    <testcase time="0.000999999999997669" classname="chevron_tlg_methods" name="args_ls_works_as_expected_when_simplify_is_TRUE"/>
    <testcase time="0.00999999999999801" classname="chevron_tlg_methods" name="args_ls_works_as_expected_with_custom_chevron_tlg_object"/>
    <testcase time="0.00100000000000477" classname="chevron_tlg_methods" name="args_ls_works_as_expected_with_custom_chevron_tlg_object"/>
    <testcase time="0.00199999999999534" classname="chevron_tlg_methods" name="args_ls_works_as_expected_with_custom_chevron_tlg_object"/>
    <testcase time="0.00400000000000489" classname="chevron_tlg_methods" name="args_ls_works_as_expected_with_custom_chevron_tlg_object"/>
    <testcase time="0.0180000000000007" classname="chevron_tlg_methods" name="main_works_as_expected"/>
    <testcase time="0.0120000000000005" classname="chevron_tlg_methods" name="main_setter_works_as_expected"/>
    <testcase time="0.0179999999999936" classname="chevron_tlg_methods" name="main_setter_throw_an_error_as_expected"/>
    <testcase time="0.0120000000000005" classname="chevron_tlg_methods" name="preprocess_works_as_expected"/>
    <testcase time="0.0120000000000005" classname="chevron_tlg_methods" name="preprocess_setter_works_as_expected"/>
    <testcase time="0.017000000000003" classname="chevron_tlg_methods" name="preprocess_sends_an_error_as_expected"/>
    <testcase time="0.0120000000000005" classname="chevron_tlg_methods" name="postprocess_works_as_expected"/>
    <testcase time="0.0120000000000005" classname="chevron_tlg_methods" name="postprocess_setter_works_as_expected"/>
    <testcase time="0.0169999999999959" classname="chevron_tlg_methods" name="postprocess_sends_an_error_as_expected"/>
    <testcase time="0.00800000000000267" classname="chevron_tlg_methods" name="script_funs_works_as_expected_in_interactive_mode">
      <skipped message="Reason: !interactive() is TRUE ('test-chevron_tlg-methods.R:146:3')"/>
    </testcase>
    <testcase time="0.0200000000000031" classname="chevron_tlg_methods" name="script_funs_works_as_expected"/>
    <testcase time="0.000999999999997669" classname="chevron_tlg_methods" name="script_funs_works_as_expected"/>
    <testcase time="3.369" classname="chevron_tlg_methods" name="script_funs_generates_a_valid_script">
      <skipped message="Reason: On CRAN ('test-chevron_tlg-methods.R:167:3')"/>
    </testcase>
    <testcase time="0.0330000000000013" classname="chevron_tlg_methods" name="print_list_works">
      <skipped message="Reason: On CRAN ('test-chevron_tlg-methods.R:175:3')"/>
    </testcase>
    <testcase time="0.0330000000000013" classname="chevron_tlg_methods" name="print_list_works_for_empty_list">
      <skipped message="Reason: On CRAN ('test-chevron_tlg-methods.R:179:3')"/>
    </testcase>
  </testsuite>
  <testsuite name="cmt01a" timestamp="2023-08-30T10:28:43Z" hostname="ba54e48b7cde" tests="6" skipped="4" failures="0" errors="0" time="5.365">
    <testcase time="1.622" classname="cmt01a" name="cmt01a_functions_with_default_argument_value_return_expected_result_with_test_data">
      <skipped message="Reason: On CRAN ('test-cmt01a.R:7:3')"/>
    </testcase>
    <testcase time="1.54799999999999" classname="cmt01a" name="cmt01a_functions_with_custom_argument_value_return_expected_result_with_test_data">
      <skipped message="Reason: On CRAN ('test-cmt01a.R:19:3')"/>
    </testcase>
    <testcase time="0.247" classname="cmt01a" name="cmt01a_can_handle_all_NA_values"/>
    <testcase time="0.189" classname="cmt01a" name="cmt01a_can_handle_all_NA_values">
      <skipped message="Reason: On CRAN ('test-cmt01a.R:33:3')"/>
    </testcase>
    <testcase time="1.026" classname="cmt01a" name="cmt01a_can_handle_some_NA_values"/>
    <testcase time="0.732999999999997" classname="cmt01a" name="cmt01a_can_handle_some_NA_values">
      <skipped message="Reason: On CRAN ('test-cmt01a.R:41:3')"/>
    </testcase>
  </testsuite>
  <testsuite name="cmt02_pt" timestamp="2023-08-30T10:28:48Z" hostname="ba54e48b7cde" tests="4" skipped="2" failures="0" errors="0" time="0.82">
    <testcase time="0.172000000000004" classname="cmt02_pt" name="cmt02_pt_can_handle_all_NA_values"/>
    <testcase time="0.149999999999999" classname="cmt02_pt" name="cmt02_pt_can_handle_all_NA_values">
      <skipped message="Reason: On CRAN ('test-cmt02_pt.R:9:3')"/>
    </testcase>
    <testcase time="0.234000000000002" classname="cmt02_pt" name="cmt02_pt_can_handle_some_NA_values"/>
    <testcase time="0.264000000000003" classname="cmt02_pt" name="cmt02_pt_can_handle_some_NA_values">
      <skipped message="Reason: On CRAN ('test-cmt02_pt.R:17:3')"/>
    </testcase>
  </testsuite>
  <testsuite name="coxt01" timestamp="2023-08-30T10:28:49Z" hostname="ba54e48b7cde" tests="3" skipped="1" failures="0" errors="0" time="0.742">
    <testcase time="0.496000000000002" classname="coxt01" name="coxt01_can_handle_some_NA_values"/>
    <testcase time="0.214999999999996" classname="coxt01" name="coxt01_can_handle_some_NA_values">
      <skipped message="Reason: On CRAN ('test-coxt01.R:8:3')"/>
    </testcase>
    <testcase time="0.0309999999999988" classname="coxt01" name="coxt01_fails_on_incomlete_data"/>
  </testsuite>
  <testsuite name="coxt02" timestamp="2023-08-30T10:28:50Z" hostname="ba54e48b7cde" tests="3" skipped="1" failures="0" errors="0" time="0.981">
    <testcase time="0.675000000000004" classname="coxt02" name="coxt02_can_handle_some_NA_values"/>
    <testcase time="0.271000000000001" classname="coxt02" name="coxt02_can_handle_some_NA_values">
      <skipped message="Reason: On CRAN ('test-coxt02.R:5:3')"/>
    </testcase>
    <testcase time="0.0349999999999966" classname="coxt02" name="coxt02_fails_on_incomlete_data"/>
  </testsuite>
  <testsuite name="default_tlg" timestamp="2023-08-30T10:28:51Z" hostname="ba54e48b7cde" tests="15" skipped="15" failures="0" errors="0" time="16.472">
    <testcase time="0.158999999999999" classname="default_tlg" name="ael01_nollt_function_with_default_argument_value_return_expected_result_with_test_data">
      <skipped message="Reason: On CRAN ('test-default_tlg.R:5:3')"/>
    </testcase>
    <testcase time="0.756" classname="default_tlg" name="aet01_function_with_default_argument_value_return_expected_result_with_test_data">
      <skipped message="Reason: On CRAN ('test-default_tlg.R:12:3')"/>
    </testcase>
    <testcase time="0.695999999999998" classname="default_tlg" name="aet01_aesi_function_with_default_argument_value_return_expected_result_with_test_data">
      <skipped message="Reason: On CRAN ('test-default_tlg.R:19:3')"/>
    </testcase>
    <testcase time="1.438" classname="default_tlg" name="aet02_functions_with_default_argument_value_return_expected_result_with_test_data">
      <skipped message="Reason: On CRAN ('test-default_tlg.R:26:3')"/>
    </testcase>
    <testcase time="3.254" classname="default_tlg" name="aet03_functions_with_default_argument_value_return_expected_result_with_test_data">
      <skipped message="Reason: On CRAN ('test-default_tlg.R:33:3')"/>
    </testcase>
    <testcase time="4.887" classname="default_tlg" name="aet04_functions_with_default_argument_value_return_expected_result_with_test_data">
      <skipped message="Reason: On CRAN ('test-default_tlg.R:40:3')"/>
    </testcase>
    <testcase time="0.552000000000007" classname="default_tlg" name="aet05_functions_with_default_argument_value_return_expected_result_with_test_data">
      <skipped message="Reason: On CRAN ('test-default_tlg.R:47:3')"/>
    </testcase>
    <testcase time="0.566999999999993" classname="default_tlg" name="aet05_all_functions_with_default_argument_value_return_expected_result_with_test_data">
      <skipped message="Reason: On CRAN ('test-default_tlg.R:54:3')"/>
    </testcase>
    <testcase time="0.391999999999996" classname="default_tlg" name="aet10_functions_with_default_argument_value_return_expected_result_with_test_data">
      <skipped message="Reason: On CRAN ('test-default_tlg.R:61:3')"/>
    </testcase>
    <testcase time="0.50200000000001" classname="default_tlg" name="cmt02_pt_functions_with_default_argument_value_return_expected_result_with_test_data">
      <skipped message="Reason: On CRAN ('test-default_tlg.R:68:3')"/>
    </testcase>
    <testcase time="0.650999999999996" classname="default_tlg" name="coxt01_functions_with_default_argument_value_return_expected_result_with_test_data">
      <skipped message="Reason: On CRAN ('test-default_tlg.R:78:3')"/>
    </testcase>
    <testcase time="0.948999999999998" classname="default_tlg" name="coxt02_functions_with_default_argument_value_return_expected_result_with_test_data">
      <skipped message="Reason: On CRAN ('test-default_tlg.R:86:3')"/>
    </testcase>
    <testcase time="0.786000000000001" classname="default_tlg" name="dmt01_functions_with_default_argument_value_return_expected_result_with_test_data">
      <skipped message="Reason: On CRAN ('test-default_tlg.R:93:3')"/>
    </testcase>
    <testcase time="0.543000000000006" classname="default_tlg" name="dst01_functions_with_default_argument_value_return_expected_result_with_test_data">
      <skipped message="Reason: On CRAN ('test-default_tlg.R:100:3')"/>
    </testcase>
    <testcase time="0.339999999999989" classname="default_tlg" name="dtht01_functions_with_default_argument_value_return_expected_result_with_test_data">
      <skipped message="Reason: On CRAN ('test-default_tlg.R:107:3')"/>
    </testcase>
  </testsuite>
  <testsuite name="dmt01" timestamp="2023-08-30T10:29:07Z" hostname="ba54e48b7cde" tests="4" skipped="2" failures="0" errors="0" time="1.528">
    <testcase time="0.315000000000012" classname="dmt01" name="dmt01_can_handle_NA_values"/>
    <testcase time="0.419999999999987" classname="dmt01" name="dmt01_can_handle_NA_values">
      <skipped message="Reason: On CRAN ('test-dmt01.R:8:3')"/>
    </testcase>
    <testcase time="0.303000000000011" classname="dmt01" name="dmt01_can_handle_numeric_NA_values"/>
    <testcase time="0.489999999999995" classname="dmt01" name="dmt01_can_handle_numeric_NA_values">
      <skipped message="Reason: On CRAN ('test-dmt01.R:15:3')"/>
    </testcase>
  </testsuite>
  <testsuite name="dst01" timestamp="2023-08-30T10:29:09Z" hostname="ba54e48b7cde" tests="14" skipped="7" failures="0" errors="0" time="3.561">
    <testcase time="0.215000000000003" classname="dst01" name="dst01_works_as_expected_when_all_data_are_NA"/>
    <testcase time="0.0690000000000026" classname="dst01" name="dst01_works_as_expected_when_all_data_are_NA">
      <skipped message="Reason: On CRAN ('test-dst01.R:11:3')"/>
    </testcase>
    <testcase time="0.174999999999997" classname="dst01" name="dst01_can_handle_all_NA_values_in_DCSREAS"/>
    <testcase time="0.183999999999997" classname="dst01" name="dst01_can_handle_all_NA_values_in_DCSREAS">
      <skipped message="Reason: On CRAN ('test-dst01.R:22:3')"/>
    </testcase>
    <testcase time="0.263000000000005" classname="dst01" name="dst01_can_handle_some_NA_values"/>
    <testcase time="0.292000000000002" classname="dst01" name="dst01_can_handle_some_NA_values">
      <skipped message="Reason: On CRAN ('test-dst01.R:29:3')"/>
    </testcase>
    <testcase time="0.186999999999998" classname="dst01" name="dst01_can_handle_missing_levels_in_status_var"/>
    <testcase time="0.137" classname="dst01" name="dst01_can_handle_missing_levels_in_status_var">
      <skipped message="Reason: On CRAN ('test-dst01.R:39:3')"/>
    </testcase>
    <testcase time="0.298000000000002" classname="dst01" name="dst01_can_create_variants"/>
    <testcase time="0.322999999999993" classname="dst01" name="dst01_can_create_variants">
      <skipped message="Reason: On CRAN ('test-dst01.R:44:3')"/>
    </testcase>
    <testcase time="0.344999999999999" classname="dst01" name="dst01_can_create_variants"/>
    <testcase time="0.314000000000007" classname="dst01" name="dst01_can_create_variants">
      <skipped message="Reason: On CRAN ('test-dst01.R:49:3')"/>
    </testcase>
    <testcase time="0.400999999999996" classname="dst01" name="dst01_can_create_variants"/>
    <testcase time="0.358000000000004" classname="dst01" name="dst01_can_create_variants">
      <skipped message="Reason: On CRAN ('test-dst01.R:56:3')"/>
    </testcase>
  </testsuite>
  <testsuite name="dtht01" timestamp="2023-08-30T10:29:12Z" hostname="ba54e48b7cde" tests="5" skipped="3" failures="0" errors="0" time="2.212">
    <testcase time="0.166999999999987" classname="dtht01" name="dtht01_can_handle_all_NA_values"/>
    <testcase time="0.177000000000007" classname="dtht01" name="dtht01_can_handle_all_NA_values">
      <skipped message="Reason: On CRAN ('test-dtht01.R:12:3')"/>
    </testcase>
    <testcase time="0.385999999999996" classname="dtht01" name="dtht01_can_handle_some_NA_values"/>
    <testcase time="0.457000000000008" classname="dtht01" name="dtht01_can_handle_some_NA_values">
      <skipped message="Reason: On CRAN ('test-dtht01.R:19:3')"/>
    </testcase>
    <testcase time="1.02499999999999" classname="dtht01" name="dtht01_can_be_parametrize_as_expected">
      <skipped message="Reason: On CRAN ('test-dtht01.R:30:3')"/>
    </testcase>
  </testsuite>
  <testsuite name="egt01" timestamp="2023-08-30T10:29:14Z" hostname="ba54e48b7cde" tests="3" skipped="2" failures="0" errors="0" time="9.367">
    <testcase time="4.64200000000001" classname="egt01" name="egt01_functions_with_default_argument_value_return_expected_result_with_test_data">
      <skipped message="Reason: On CRAN ('test-egt01.R:7:3')"/>
    </testcase>
    <testcase time="2.227" classname="egt01" name="egt01_can_handle_n_0_and_outputs_NE_instead_of_infs_and_NAs"/>
    <testcase time="2.498" classname="egt01" name="egt01_can_handle_n_0_and_outputs_NE_instead_of_infs_and_NAs">
      <skipped message="Reason: On CRAN ('test-egt01.R:20:3')"/>
    </testcase>
  </testsuite>
  <testsuite name="egt02" timestamp="2023-08-30T10:29:24Z" hostname="ba54e48b7cde" tests="2" skipped="2" failures="0" errors="0" time="0.949">
    <testcase time="0.491" classname="egt02" name="egt02_1_functions_with_default_argument_value_return_expected_result_with_test_data">
      <skipped message="Reason: On CRAN ('test-egt02.R:7:3')"/>
    </testcase>
    <testcase time="0.457999999999998" classname="egt02" name="egt02_2_functions_with_default_value_return_expected_result_with_test_data">
      <skipped message="Reason: On CRAN ('test-egt02.R:14:3')"/>
    </testcase>
  </testsuite>
  <testsuite name="egt03" timestamp="2023-08-30T10:29:25Z" hostname="ba54e48b7cde" tests="5" skipped="2" failures="0" errors="0" time="4.331">
    <testcase time="2.128" classname="egt03" name="egt03_functions_with_default_argument_value_return_expected_result_with_test_data">
      <skipped message="Reason: On CRAN ('test-egt03.R:7:3')"/>
    </testcase>
    <testcase time="0.0409999999999968" classname="egt03" name="egt03_errors_on_all_NA_values"/>
    <testcase time="0.890000000000001" classname="egt03" name="egt03_can_handle_some_NA_values"/>
    <testcase time="1.23099999999999" classname="egt03" name="egt03_can_handle_some_NA_values">
      <skipped message="Reason: On CRAN ('test-egt03.R:28:3')"/>
    </testcase>
    <testcase time="0.041000000000011" classname="egt03" name="egt03_fails_on_incomplete_data"/>
  </testsuite>
  <testsuite name="egt05_qtcat" timestamp="2023-08-30T10:29:29Z" hostname="ba54e48b7cde" tests="4" skipped="2" failures="0" errors="0" time="5.235">
    <testcase time="3.52199999999999" classname="egt05_qtcat" name="egt05_qtcat_functions_with_default_argument_value_return_expected_result_with_test_data">
      <skipped message="Reason: On CRAN ('test-egt05_qtcat.R:7:3')"/>
    </testcase>
    <testcase time="0.0439999999999969" classname="egt05_qtcat" name="egt05_qtcat_erros_on_all_NA_values"/>
    <testcase time="0.712000000000003" classname="egt05_qtcat" name="egt05_qtcat_can_handle_some_NA_values"/>
    <testcase time="0.957000000000008" classname="egt05_qtcat" name="egt05_qtcat_can_handle_some_NA_values">
      <skipped message="Reason: On CRAN ('test-egt05_qtcat.R:28:3')"/>
    </testcase>
  </testsuite>
  <testsuite name="empty_report" timestamp="2023-08-30T10:29:34Z" hostname="ba54e48b7cde" tests="24" skipped="0" failures="0" errors="0" time="3.475">
    <testcase time="0.202999999999989" classname="empty_report" name="tlg_functions_return_null_reports_when_domain_table_is_empty"/>
    <testcase time="0.38900000000001" classname="empty_report" name="tlg_functions_return_null_reports_when_domain_table_is_empty"/>
    <testcase time="0.271000000000001" classname="empty_report" name="tlg_functions_return_null_reports_when_domain_table_is_empty"/>
    <testcase time="0.141999999999996" classname="empty_report" name="tlg_functions_return_null_reports_when_domain_table_is_empty"/>
    <testcase time="0.125" classname="empty_report" name="tlg_functions_return_null_reports_when_domain_table_is_empty"/>
    <testcase time="0.0699999999999932" classname="empty_report" name="tlg_functions_return_null_reports_when_domain_table_is_empty"/>
    <testcase time="0.12700000000001" classname="empty_report" name="tlg_functions_return_null_reports_when_domain_table_is_empty"/>
    <testcase time="0.194000000000003" classname="empty_report" name="tlg_functions_return_null_reports_when_domain_table_is_empty"/>
    <testcase time="0.238" classname="empty_report" name="tlg_functions_return_null_reports_when_domain_table_is_empty"/>
    <testcase time="0.106000000000009" classname="empty_report" name="tlg_functions_return_null_reports_when_domain_table_is_empty"/>
    <testcase time="0.0889999999999986" classname="empty_report" name="tlg_functions_return_null_reports_when_domain_table_is_empty"/>
    <testcase time="0.0499999999999972" classname="empty_report" name="tlg_functions_return_null_reports_when_domain_table_is_empty"/>
    <testcase time="0.0499999999999972" classname="empty_report" name="tlg_functions_return_null_reports_when_domain_table_is_empty"/>
    <testcase time="0.0700000000000074" classname="empty_report" name="tlg_functions_return_null_reports_when_domain_table_is_empty"/>
    <testcase time="0.0889999999999986" classname="empty_report" name="tlg_functions_return_null_reports_when_domain_table_is_empty"/>
    <testcase time="0.0919999999999987" classname="empty_report" name="tlg_functions_return_null_reports_when_domain_table_is_empty"/>
    <testcase time="0.0930000000000035" classname="empty_report" name="tlg_functions_return_null_reports_when_domain_table_is_empty"/>
    <testcase time="0.119" classname="empty_report" name="tlg_functions_return_null_reports_when_domain_table_is_empty"/>
    <testcase time="0.528999999999996" classname="empty_report" name="tlg_functions_return_null_reports_when_domain_table_is_empty"/>
    <testcase time="0.111999999999995" classname="empty_report" name="tlg_functions_return_null_reports_when_domain_table_is_empty"/>
    <testcase time="0.106999999999999" classname="empty_report" name="tlg_functions_return_null_reports_when_domain_table_is_empty"/>
    <testcase time="0.103000000000009" classname="empty_report" name="tlg_functions_return_null_reports_when_domain_table_is_empty"/>
    <testcase time="0.0559999999999974" classname="empty_report" name="tlg_functions_return_null_reports_when_domain_table_is_empty"/>
    <testcase time="0.0510000000000019" classname="empty_report" name="tlg_functions_return_null_reports_when_domain_table_is_empty"/>
  </testsuite>
  <testsuite name="ext01" timestamp="2023-08-30T10:29:38Z" hostname="ba54e48b7cde" tests="8" skipped="7" failures="0" errors="0" time="6.696">
    <testcase time="0.703000000000003" classname="ext01" name="ext01_functions_with_default_argument_value_return_expected_result_with_test_data">
      <skipped message="Reason: On CRAN ('test-ext01.R:7:3')"/>
    </testcase>
    <testcase time="0.801999999999992" classname="ext01" name="ext01_functions_with_categorical_data_return_expected_result_with_test_data">
      <skipped message="Reason: On CRAN ('test-ext01.R:15:3')"/>
    </testcase>
    <testcase time="0.316000000000003" classname="ext01" name="ext01_works"/>
    <testcase time="0.417999999999992" classname="ext01" name="ext01_works">
      <skipped message="Reason: On CRAN ('test-ext01.R:23:3')"/>
    </testcase>
    <testcase time="0.794000000000011" classname="ext01" name="ext01_works_for_selected_parameters_and_categorical_variables">
      <skipped message="Reason: On CRAN ('test-ext01.R:36:3')"/>
    </testcase>
    <testcase time="1.18899999999999" classname="ext01" name="ext01_works_with_custom_mapping_order">
      <skipped message="Reason: On CRAN ('test-ext01.R:47:3')"/>
    </testcase>
    <testcase time="1.227" classname="ext01" name="ext01_works_with_custom_mapping_order_for_a_single_split">
      <skipped message="Reason: On CRAN ('test-ext01.R:57:3')"/>
    </testcase>
    <testcase time="1.247" classname="ext01" name="ext01_works_with_custom_mapping_fill_in_value">
      <skipped message="Reason: On CRAN ('test-ext01.R:68:3')"/>
    </testcase>
  </testsuite>
  <testsuite name="fstg01" timestamp="2023-08-30T10:29:45Z" hostname="ba54e48b7cde" tests="13" skipped="0" failures="0" errors="0" time="10.973">
    <testcase time="0.0309999999999917" classname="fstg01" name="fstg01_works_as_expected"/>
    <testcase time="2.52900000000001" classname="fstg01" name="fstg01_works_as_expected"/>
    <testcase time="0.00600000000000023" classname="fstg01" name="fstg01_works_as_expected"/>
    <testcase time="2.70100000000001" classname="fstg01" name="fstg01_works_as_expected_with_custom_color_set"/>
    <testcase time="0.00499999999999545" classname="fstg01" name="fstg01_works_as_expected_with_custom_color_set"/>
    <testcase time="1.946" classname="fstg01" name="fstg01_works_as_expected_with_custom_color_set"/>
    <testcase time="0.00500000000000966" classname="fstg01" name="fstg01_works_as_expected_with_custom_color_set"/>
    <testcase time="0.417999999999992" classname="fstg01" name="fstg01_works_if_changes_are_in_subgroups_strata_var_conf_level_and_label_all"/>
    <testcase time="0.00400000000000489" classname="fstg01" name="fstg01_works_if_changes_are_in_subgroups_strata_var_conf_level_and_label_all"/>
    <testcase time="0.978999999999999" classname="fstg01" name="fstg01_works_if_changes_are_in_subgroups_strata_var_conf_level_and_label_all"/>
    <testcase time="0.00500000000000966" classname="fstg01" name="fstg01_works_if_changes_are_in_subgroups_strata_var_conf_level_and_label_all"/>
    <testcase time="2.33799999999999" classname="fstg01" name="fstg01_can_handle_some_NA_values_in_subgroups"/>
    <testcase time="0.00600000000000023" classname="fstg01" name="fstg01_can_handle_some_NA_values_in_subgroups"/>
  </testsuite>
  <testsuite name="fstg02" timestamp="2023-08-30T10:29:55Z" hostname="ba54e48b7cde" tests="9" skipped="0" failures="0" errors="0" time="13.221">
    <testcase time="0.0210000000000008" classname="fstg02" name="fstg02_works_as_expected"/>
    <testcase time="1.976" classname="fstg02" name="fstg02_works_as_expected"/>
    <testcase time="2.005" classname="fstg02" name="fstg02_works_as_expected_with_custom_color_set"/>
    <testcase time="1.708" classname="fstg02" name="fstg02_works_as_expected_with_custom_color_set"/>
    <testcase time="0.419000000000011" classname="fstg02" name="fstg02_works_if_changes_are_in_subgroups_strata_var_conf_level_and_label_all"/>
    <testcase time="0.960000000000008" classname="fstg02" name="fstg02_works_if_changes_are_in_subgroups_strata_var_conf_level_and_label_all"/>
    <testcase time="2.024" classname="fstg02" name="fstg02_can_handle_some_NA_values_in_subgroups"/>
    <testcase time="2.005" classname="fstg02" name="fstg02_can_handle_customized_time_units"/>
    <testcase time="2.10299999999998" classname="fstg02" name="fstg02_can_handle_customized_time_units"/>
  </testsuite>
  <testsuite name="kmg01" timestamp="2023-08-30T10:30:09Z" hostname="ba54e48b7cde" tests="13" skipped="0" failures="0" errors="0" time="1.534">
    <testcase time="0.0200000000000102" classname="kmg01" name="kmg01_works_as_expected"/>
    <testcase time="0.292000000000002" classname="kmg01" name="kmg01_works_as_expected"/>
    <testcase time="0.0209999999999866" classname="kmg01" name="kmg01_works_as_expected"/>
    <testcase time="0.313000000000017" classname="kmg01" name="kmg01_works_as_expected_with_custom_color_set"/>
    <testcase time="0.00499999999999545" classname="kmg01" name="kmg01_works_as_expected_with_custom_color_set"/>
    <testcase time="0.218999999999994" classname="kmg01" name="kmg01_works_as_expected_with_custom_color_set"/>
    <testcase time="0.00499999999999545" classname="kmg01" name="kmg01_works_as_expected_with_custom_color_set"/>
    <testcase time="0.230000000000018" classname="kmg01" name="kmg01_works_if_change_pvalue_ties_and_conf_level"/>
    <testcase time="0.00499999999999545" classname="kmg01" name="kmg01_works_if_change_pvalue_ties_and_conf_level"/>
    <testcase time="0.205999999999989" classname="kmg01" name="kmg01_works_if_change_annotation_position"/>
    <testcase time="0.00499999999999545" classname="kmg01" name="kmg01_works_if_change_annotation_position"/>
    <testcase time="0.207999999999998" classname="kmg01" name="kmg01_works_for_stratified_anlaysis"/>
    <testcase time="0.00500000000002387" classname="kmg01" name="kmg01_works_for_stratified_anlaysis"/>
  </testsuite>
  <testsuite name="lbt01" timestamp="2023-08-30T10:30:10Z" hostname="ba54e48b7cde" tests="4" skipped="3" failures="0" errors="0" time="13.913">
    <testcase time="4.53" classname="lbt01" name="lbt01_functions_with_default_argument_value_return_expected_result_with_test_data">
      <skipped message="Reason: On CRAN ('test-lbt01.R:7:3')"/>
    </testcase>
    <testcase time="4.71000000000001" classname="lbt01" name="lbt01_functions_with_row_split_var_return_expected_result_with_test_data">
      <skipped message="Reason: On CRAN ('test-lbt01.R:16:3')"/>
    </testcase>
    <testcase time="1.852" classname="lbt01" name="lbt01_can_handle_n_0_and_outputs_NE_instead_of_infs_and_NAs"/>
    <testcase time="2.821" classname="lbt01" name="lbt01_can_handle_n_0_and_outputs_NE_instead_of_infs_and_NAs">
      <skipped message="Reason: On CRAN ('test-lbt01.R:29:3')"/>
    </testcase>
  </testsuite>
  <testsuite name="lbt04" timestamp="2023-08-30T10:30:24Z" hostname="ba54e48b7cde" tests="8" skipped="4" failures="0" errors="0" time="4.074">
    <testcase time="1.285" classname="lbt04" name="lbt04_functions_with_default_argument_value_return_expected_result_with_test_data">
      <skipped message="Reason: On CRAN ('test-lbt04.R:7:3')"/>
    </testcase>
    <testcase time="0.111999999999995" classname="lbt04" name="lbt04_can_handle_all_NA_values"/>
    <testcase time="0.0670000000000073" classname="lbt04" name="lbt04_can_handle_all_NA_values">
      <skipped message="Reason: On CRAN ('test-lbt04.R:20:3')"/>
    </testcase>
    <testcase time="0.534999999999997" classname="lbt04" name="lbt04_can_handle_missing_levels"/>
    <testcase time="0.738" classname="lbt04" name="lbt04_can_handle_missing_levels">
      <skipped message="Reason: On CRAN ('test-lbt04.R:31:3')"/>
    </testcase>
    <testcase time="0.52600000000001" classname="lbt04" name="lbt04_can_handle_some_NA_values"/>
    <testcase time="0.771999999999991" classname="lbt04" name="lbt04_can_handle_some_NA_values">
      <skipped message="Reason: On CRAN ('test-lbt04.R:39:3')"/>
    </testcase>
    <testcase time="0.0390000000000157" classname="lbt04" name="lbt04_fails_on_incomlete_data"/>
  </testsuite>
  <testsuite name="lbt05" timestamp="2023-08-30T10:30:28Z" hostname="ba54e48b7cde" tests="5" skipped="2" failures="0" errors="0" time="2.596">
    <testcase time="0.994" classname="lbt05" name="lbt05_functions_with_default_argument_value_return_expected_result_with_test_data">
      <skipped message="Reason: On CRAN ('test-lbt05.R:7:3')"/>
    </testcase>
    <testcase time="0.546999999999997" classname="lbt05" name="lbt05_give_all_0_count_if_ANRIND_are_all_missing"/>
    <testcase time="0.522999999999996" classname="lbt05" name="lbt05_can_handle_some_NA_values"/>
    <testcase time="0.466999999999985" classname="lbt05" name="lbt05_can_handle_some_NA_values">
      <skipped message="Reason: On CRAN ('test-lbt05.R:36:3')"/>
    </testcase>
    <testcase time="0.0650000000000261" classname="lbt05" name="lbt05_fails_on_incomlete_data"/>
  </testsuite>
  <testsuite name="lbt06" timestamp="2023-08-30T10:30:31Z" hostname="ba54e48b7cde" tests="3" skipped="1" failures="0" errors="0" time="6.091">
    <testcase time="1.79299999999998" classname="lbt06" name="lbt06_gives_all_0_count_if_ANRIND_and_BNRIND_are_all_missing"/>
    <testcase time="4.23600000000002" classname="lbt06" name="lbt06_can_handle_some_NA_values">
      <skipped message="Reason: On CRAN ('test-lbt06.R:20:3')"/>
    </testcase>
    <testcase time="0.0619999999999834" classname="lbt06" name="lbt06_fails_on_incomplete_data"/>
  </testsuite>
  <testsuite name="lbt07" timestamp="2023-08-30T10:30:37Z" hostname="ba54e48b7cde" tests="4" skipped="2" failures="0" errors="0" time="2.976">
    <testcase time="1.46899999999999" classname="lbt07" name="lbt07_functions_with_default_argument_value_return_expected_result_with_test_data">
      <skipped message="Reason: On CRAN ('test-lbt07.R:7:3')"/>
    </testcase>
    <testcase time="0.777000000000015" classname="lbt07" name="lbt07_can_handle_some_NA_values"/>
    <testcase time="0.657999999999987" classname="lbt07" name="lbt07_can_handle_some_NA_values">
      <skipped message="Reason: On CRAN ('test-lbt07.R:22:3')"/>
    </testcase>
    <testcase time="0.0720000000000027" classname="lbt07" name="lbt07_fails_on_incomlete_data"/>
  </testsuite>
  <testsuite name="lbt14" timestamp="2023-08-30T10:30:40Z" hostname="ba54e48b7cde" tests="16" skipped="10" failures="0" errors="0" time="42.832">
    <testcase time="3.785" classname="lbt14" name="lbt14_functions_with_default_argument_value_return_expected_result_with_test_data">
      <skipped message="Reason: On CRAN ('test-lbt14.R:7:3')"/>
    </testcase>
    <testcase time="3.94900000000001" classname="lbt14" name="lbt14_functions_with_default_argument_value_return_expected_result_with_test_data_when_direction_high">
      <skipped message="Reason: On CRAN ('test-lbt14.R:14:3')"/>
    </testcase>
    <testcase time="3.529" classname="lbt14" name="lbt14_functions_with_gr_missing_excl_return_expected_result_with_test_data">
      <skipped message="Reason: On CRAN ('test-lbt14.R:21:3')"/>
    </testcase>
    <testcase time="3.58500000000001" classname="lbt14" name="lbt14_functions_with_gr_missing_gr_0_return_expected_result_with_test_data">
      <skipped message="Reason: On CRAN ('test-lbt14.R:28:3')"/>
    </testcase>
    <testcase time="1.751" classname="lbt14" name="lbt14_can_handle_all_NA_values"/>
    <testcase time="0.415999999999997" classname="lbt14" name="lbt14_can_handle_all_NA_values">
      <skipped message="Reason: On CRAN ('test-lbt14.R:41:3')"/>
    </testcase>
    <testcase time="2.142" classname="lbt14" name="lbt14_can_handle_some_NA_values"/>
    <testcase time="1.68699999999998" classname="lbt14" name="lbt14_can_handle_some_NA_values">
      <skipped message="Reason: On CRAN ('test-lbt14.R:60:3')"/>
    </testcase>
    <testcase time="7.376" classname="lbt14" name="lbt14_can_accept_different_gr_missing">
      <skipped message="Reason: On CRAN ('test-lbt14.R:67:3')"/>
    </testcase>
    <testcase time="0.0459999999999923" classname="lbt14" name="lbt14_fails_on_incomlete_data"/>
    <testcase time="1.874" classname="lbt14" name="lbt14_can_handle_all_NA_values_with_direction_high"/>
    <testcase time="0.438000000000017" classname="lbt14" name="lbt14_can_handle_all_NA_values_with_direction_high">
      <skipped message="Reason: On CRAN ('test-lbt14.R:92:3')"/>
    </testcase>
    <testcase time="2.27099999999999" classname="lbt14" name="lbt14_can_handle_some_NA_values_with_direction_high"/>
    <testcase time="1.874" classname="lbt14" name="lbt14_can_handle_some_NA_values_with_direction_high">
      <skipped message="Reason: On CRAN ('test-lbt14.R:111:3')"/>
    </testcase>
    <testcase time="8.06399999999999" classname="lbt14" name="lbt14_can_accept_different_gr_missing_with_direction_high">
      <skipped message="Reason: On CRAN ('test-lbt14.R:119:3')"/>
    </testcase>
    <testcase time="0.0450000000000159" classname="lbt14" name="lbt14_fails_on_incomlete_data"/>
  </testsuite>
  <testsuite name="lbt15" timestamp="2023-08-30T10:31:23Z" hostname="ba54e48b7cde" tests="12" skipped="6" failures="0" errors="0" time="7.801">
    <testcase time="1.27000000000001" classname="lbt15" name="lbt15_functions_with_default_argument_value_return_expected_result_with_test_data">
      <skipped message="Reason: On CRAN ('test-lbt15.R:7:3')"/>
    </testcase>
    <testcase time="0.528999999999996" classname="lbt15" name="lbt15_can_handle_all_NA_values"/>
    <testcase time="0.742999999999995" classname="lbt15" name="lbt15_can_handle_all_NA_values">
      <skipped message="Reason: On CRAN ('test-lbt15.R:20:3')"/>
    </testcase>
    <testcase time="0.533999999999992" classname="lbt15" name="lbt15_can_handle_missing_levels"/>
    <testcase time="0.744" classname="lbt15" name="lbt15_can_handle_missing_levels">
      <skipped message="Reason: On CRAN ('test-lbt15.R:31:3')"/>
    </testcase>
    <testcase time="0.557999999999993" classname="lbt15" name="lbt15_can_handle_missing_levels_in_baseline"/>
    <testcase time="0.769000000000005" classname="lbt15" name="lbt15_can_handle_missing_levels_in_baseline">
      <skipped message="Reason: On CRAN ('test-lbt15.R:42:3')"/>
    </testcase>
    <testcase time="0.540999999999997" classname="lbt15" name="lbt15_can_handle_some_NA_values"/>
    <testcase time="0.762" classname="lbt15" name="lbt15_can_handle_some_NA_values">
      <skipped message="Reason: On CRAN ('test-lbt15.R:50:3')"/>
    </testcase>
    <testcase time="0.542000000000002" classname="lbt15" name="lbt15_can_handle_some_NA_values_in_baseline"/>
    <testcase time="0.77000000000001" classname="lbt15" name="lbt15_can_handle_some_NA_values_in_baseline">
      <skipped message="Reason: On CRAN ('test-lbt15.R:58:3')"/>
    </testcase>
    <testcase time="0.0389999999999873" classname="lbt15" name="lbt15_fails_on_incomlete_data"/>
  </testsuite>
  <testsuite name="mht01" timestamp="2023-08-30T10:31:31Z" hostname="ba54e48b7cde" tests="3" skipped="3" failures="0" errors="0" time="2.635">
    <testcase time="0.870000000000005" classname="mht01" name="mht01_1_functions_with_default_argument_value_return_expected_result_with_test_data">
      <skipped message="Reason: On CRAN ('test-mht01.R:7:3')"/>
    </testcase>
    <testcase time="0.871000000000009" classname="mht01" name="mht01_works">
      <skipped message="Reason: On CRAN ('test-mht01.R:15:3')"/>
    </testcase>
    <testcase time="0.894000000000005" classname="mht01" name="mht01_works_on_NULL_in_lbl_mhbodsys_or_lbl_mhdecod">
      <skipped message="Reason: On CRAN ('test-mht01.R:21:3')"/>
    </testcase>
  </testsuite>
  <testsuite name="mng01" timestamp="2023-08-30T10:31:33Z" hostname="ba54e48b7cde" tests="6" skipped="0" failures="0" errors="6" time="0.527">
    <testcase time="0.0769999999999982" classname="mng01" name="mng01_works_as_expected_with_default_argument_values">
      <error type="error" message="Error in `rel(0.5)`: could not find function &quot;rel&quot; ('test-mng01.R:5:3')">Error in `rel(0.5)`: could not find function "rel"
Backtrace:
    x
 1. \-chevron::mng01_main(pre_data, dataset = "adlb") at test-mng01.R:5:2
 2.   +-checkmate::assert_class(ggtheme, "theme")
 3.   | \-checkmate::checkClass(x, classes, ordered, null.ok)
 4.   \-chevron::gg_theme_chevron()
 5.     +-ggplot2::theme(...)
 6.     | \-ggplot2:::find_args(..., complete = NULL, validate = NULL)
 7.     |   \-base::mget(args, envir = env)
 8.     \-ggplot2::element_line(linewidth = rel(0.5))
 9.       \-base::structure(...)</error>
    </testcase>
    <testcase time="0.0999999999999943" classname="mng01" name="mng01_works_as_expected_with_custom_argument_values">
      <error type="error" message="Error in `rel(0.5)`: could not find function &quot;rel&quot; ('test-mng01.R:17:3')">Error in `rel(0.5)`: could not find function "rel"
Backtrace:
    x
 1. \-chevron::mng01_main(...) at test-mng01.R:17:2
 2.   +-checkmate::assert_class(ggtheme, "theme")
 3.   | \-checkmate::checkClass(x, classes, ordered, null.ok)
 4.   \-chevron::gg_theme_chevron()
 5.     +-ggplot2::theme(...)
 6.     | \-ggplot2:::find_args(..., complete = NULL, validate = NULL)
 7.     |   \-base::mget(args, envir = env)
 8.     \-ggplot2::element_line(linewidth = rel(0.5))
 9.       \-base::structure(...)</error>
    </testcase>
    <testcase time="0.0819999999999936" classname="mng01" name="mng01_works_as_expected_with_custom_color_set">
      <error type="error" message="Error in `rel(0.5)`: could not find function &quot;rel&quot; ('test-mng01.R:43:3')">Error in `rel(0.5)`: could not find function "rel"
Backtrace:
     x
  1. +-chevron::run(mng01, proc_data, dataset = "adlb", line_col = col) at test-mng01.R:43:2
  2. +-chevron::run(mng01, proc_data, dataset = "adlb", line_col = col)
  3. | \-chevron:::do_call(object@main, c(proc_data, user_args))
  4. |   \-base::do.call(what, new_args, envir = args_env)
  5. \-chevron (local) `&lt;fn&gt;`(adam_db = adam_db, dataset = dataset, line_col = line_col)
  6.   +-checkmate::assert_class(ggtheme, "theme")
  7.   | \-checkmate::checkClass(x, classes, ordered, null.ok)
  8.   \-chevron::gg_theme_chevron()
  9.     +-ggplot2::theme(...)
 10.     | \-ggplot2:::find_args(..., complete = NULL, validate = NULL)
 11.     |   \-base::mget(args, envir = env)
 12.     \-ggplot2::element_line(linewidth = rel(0.5))
 13.       \-base::structure(...)</error>
    </testcase>
    <testcase time="0.0829999999999984" classname="mng01" name="mng01_works_if_show_v_grid_show_h_grid_is_TRUE">
      <error type="error" message="Error in `rel(0.5)`: could not find function &quot;rel&quot; ('test-mng01.R:52:3')">Error in `rel(0.5)`: could not find function "rel"
Backtrace:
     x
  1. +-chevron::run(...) at test-mng01.R:52:2
  2. +-chevron::run(...)
  3. | \-chevron:::do_call(object@main, c(proc_data, user_args))
  4. |   \-base::do.call(what, new_args, envir = args_env)
  5. \-chevron (local) `&lt;fn&gt;`(...)
  6.   +-checkmate::assert_class(ggtheme, "theme")
  7.   | \-checkmate::checkClass(x, classes, ordered, null.ok)
  8.   \-chevron::gg_theme_chevron()
  9.     +-ggplot2::theme(...)
 10.     | \-ggplot2:::find_args(..., complete = NULL, validate = NULL)
 11.     |   \-base::mget(args, envir = env)
 12.     \-ggplot2::element_line(linewidth = rel(0.5))
 13.       \-base::structure(...)</error>
    </testcase>
    <testcase time="0.103000000000009" classname="mng01" name="mng01_works_with_combination_of_x_variables">
      <error type="error" message="Error in `rel(0.5)`: could not find function &quot;rel&quot; ('test-mng01.R:58:3')">Error in `rel(0.5)`: could not find function "rel"
Backtrace:
     x
  1. +-chevron::run(...) at test-mng01.R:58:2
  2. +-chevron::run(...)
  3. | \-chevron:::do_call(object@main, c(proc_data, user_args))
  4. |   \-base::do.call(what, new_args, envir = args_env)
  5. \-chevron (local) `&lt;fn&gt;`(adam_db = adam_db, dataset = dataset, x_var = x_var)
  6.   +-checkmate::assert_class(ggtheme, "theme")
  7.   | \-checkmate::checkClass(x, classes, ordered, null.ok)
  8.   \-chevron::gg_theme_chevron()
  9.     +-ggplot2::theme(...)
 10.     | \-ggplot2:::find_args(..., complete = NULL, validate = NULL)
 11.     |   \-base::mget(args, envir = env)
 12.     \-ggplot2::element_line(linewidth = rel(0.5))
 13.       \-base::structure(...)</error>
    </testcase>
    <testcase time="0.0819999999999936" classname="mng01" name="mng01_works_with_numeric_jitter">
      <error type="error" message="Error in `rel(0.5)`: could not find function &quot;rel&quot; ('test-mng01.R:69:3')">Error in `rel(0.5)`: could not find function "rel"
Backtrace:
     x
  1. +-chevron::run(mng01, proc_data, dataset = "adlb", jitter = 0.2) at test-mng01.R:69:2
  2. +-chevron::run(mng01, proc_data, dataset = "adlb", jitter = 0.2)
  3. | \-chevron:::do_call(object@main, c(proc_data, user_args))
  4. |   \-base::do.call(what, new_args, envir = args_env)
  5. \-chevron (local) `&lt;fn&gt;`(adam_db = adam_db, dataset = dataset, jitter = jitter)
  6.   +-checkmate::assert_class(ggtheme, "theme")
  7.   | \-checkmate::checkClass(x, classes, ordered, null.ok)
  8.   \-chevron::gg_theme_chevron()
  9.     +-ggplot2::theme(...)
 10.     | \-ggplot2:::find_args(..., complete = NULL, validate = NULL)
 11.     |   \-base::mget(args, envir = env)
 12.     \-ggplot2::element_line(linewidth = rel(0.5))
 13.       \-base::structure(...)</error>
    </testcase>
  </testsuite>
  <testsuite name="pdt01" timestamp="2023-08-30T10:31:34Z" hostname="ba54e48b7cde" tests="5" skipped="3" failures="0" errors="0" time="2.103">
    <testcase time="0.870000000000005" classname="pdt01" name="pdt01_function_with_default_argument_value_return_expected_result_with_test_data">
      <skipped message="Reason: On CRAN ('test-pdt01.R:7:3')"/>
    </testcase>
    <testcase time="0.149000000000001" classname="pdt01" name="pdt01_can_handle_all_NA_values"/>
    <testcase time="0.165999999999997" classname="pdt01" name="pdt01_can_handle_all_NA_values">
      <skipped message="Reason: On CRAN ('test-pdt01.R:21:3')"/>
    </testcase>
    <testcase time="0.408999999999992" classname="pdt01" name="pdt01_can_handle_some_NA_values"/>
    <testcase time="0.509000000000015" classname="pdt01" name="pdt01_can_handle_some_NA_values">
      <skipped message="Reason: On CRAN ('test-pdt01.R:36:3')"/>
    </testcase>
  </testsuite>
  <testsuite name="pdt02" timestamp="2023-08-30T10:31:36Z" hostname="ba54e48b7cde" tests="5" skipped="3" failures="0" errors="0" time="1.393">
    <testcase time="0.438999999999993" classname="pdt02" name="pdt02_function_with_default_argument_value_return_expected_result_with_test_data">
      <skipped message="Reason: On CRAN ('test-pdt02.R:7:3')"/>
    </testcase>
    <testcase time="0.209000000000003" classname="pdt02" name="pdt02_can_handle_all_NA_values"/>
    <testcase time="0.168000000000006" classname="pdt02" name="pdt02_can_handle_all_NA_values">
      <skipped message="Reason: On CRAN ('test-pdt02.R:21:3')"/>
    </testcase>
    <testcase time="0.319999999999993" classname="pdt02" name="pdt02_can_handle_some_NA_values"/>
    <testcase time="0.257000000000005" classname="pdt02" name="pdt02_can_handle_some_NA_values">
      <skipped message="Reason: On CRAN ('test-pdt02.R:36:3')"/>
    </testcase>
  </testsuite>
  <testsuite name="reexports" timestamp="2023-08-30T10:31:37Z" hostname="ba54e48b7cde" tests="2" skipped="0" failures="0" errors="0" time="0.037">
    <testcase time="0.025999999999982" classname="reexports" name="with_label_exported_correctly"/>
    <testcase time="0.0109999999999957" classname="reexports" name="reformat_exported_correctly"/>
  </testsuite>
  <testsuite name="rmpt01" timestamp="2023-08-30T10:31:37Z" hostname="ba54e48b7cde" tests="7" skipped="3" failures="0" errors="0" time="1.46">
    <testcase time="0.455000000000013" classname="rmpt01" name="rmpt01_function_with_default_argument_value_return_expected_result_with_test_data">
      <skipped message="Reason: On CRAN ('test-rmpt01.R:7:3')"/>
    </testcase>
    <testcase time="0.169000000000011" classname="rmpt01" name="rmpt01_can_handle_NA_values"/>
    <testcase time="0.276999999999987" classname="rmpt01" name="rmpt01_can_handle_NA_values">
      <skipped message="Reason: On CRAN ('test-rmpt01.R:17:3')"/>
    </testcase>
    <testcase time="0.174000000000007" classname="rmpt01" name="rmpt01_can_handle_some_NA_values"/>
    <testcase time="0.270999999999987" classname="rmpt01" name="rmpt01_can_handle_some_NA_values">
      <skipped message="Reason: On CRAN ('test-rmpt01.R:31:3')"/>
    </testcase>
    <testcase time="0.070999999999998" classname="rmpt01" name="rmpt01_fails_on_incomlete_data"/>
    <testcase time="0.0430000000000064" classname="rmpt01" name="rmpt01_fails_on_incomlete_data"/>
  </testsuite>
  <testsuite name="rmpt03" timestamp="2023-08-30T10:31:39Z" hostname="ba54e48b7cde" tests="8" skipped="3" failures="0" errors="0" time="1.558">
    <testcase time="0.468999999999994" classname="rmpt03" name="rmpt03_function_with_default_argument_value_return_expected_result_with_test_data">
      <skipped message="Reason: On CRAN ('test-rmpt03.R:10:3')"/>
    </testcase>
    <testcase time="0.206000000000017" classname="rmpt03" name="rmpt03_can_handle_NA_values"/>
    <testcase time="0.263999999999982" classname="rmpt03" name="rmpt03_can_handle_NA_values">
      <skipped message="Reason: On CRAN ('test-rmpt03.R:22:3')"/>
    </testcase>
    <testcase time="0.206000000000017" classname="rmpt03" name="rmpt03_can_handle_some_NA_values"/>
    <testcase time="0.264999999999986" classname="rmpt03" name="rmpt03_can_handle_some_NA_values">
      <skipped message="Reason: On CRAN ('test-rmpt03.R:38:3')"/>
    </testcase>
    <testcase time="0.070999999999998" classname="rmpt03" name="rmpt03_fails_on_incomlete_data"/>
    <testcase time="0.0440000000000111" classname="rmpt03" name="rmpt03_fails_on_incomlete_data"/>
    <testcase time="0.032999999999987" classname="rmpt03" name="rmpt03_fails_on_incomlete_data"/>
  </testsuite>
  <testsuite name="rmpt04" timestamp="2023-08-30T10:31:40Z" hostname="ba54e48b7cde" tests="6" skipped="3" failures="0" errors="0" time="0.918">
    <testcase time="0.27000000000001" classname="rmpt04" name="rmpt04_function_with_default_argument_value_return_expected_result_with_test_data">
      <skipped message="Reason: On CRAN ('test-rmpt04.R:7:3')"/>
    </testcase>
    <testcase time="0.128000000000014" classname="rmpt04" name="rmpt04_can_handle_NA_values"/>
    <testcase time="0.147999999999996" classname="rmpt04" name="rmpt04_can_handle_NA_values">
      <skipped message="Reason: On CRAN ('test-rmpt04.R:17:3')"/>
    </testcase>
    <testcase time="0.131" classname="rmpt04" name="rmpt04_can_handle_some_NA_values"/>
    <testcase time="0.162999999999982" classname="rmpt04" name="rmpt04_can_handle_some_NA_values">
      <skipped message="Reason: On CRAN ('test-rmpt04.R:34:3')"/>
    </testcase>
    <testcase time="0.078000000000003" classname="rmpt04" name="rmpt04_fails_on_incomlete_data"/>
  </testsuite>
  <testsuite name="rmpt05" timestamp="2023-08-30T10:31:41Z" hostname="ba54e48b7cde" tests="6" skipped="3" failures="0" errors="0" time="1.162">
    <testcase time="0.342000000000013" classname="rmpt05" name="rmpt05_function_with_default_argument_value_return_expected_result_with_test_data">
      <skipped message="Reason: On CRAN ('test-rmpt05.R:7:3')"/>
    </testcase>
    <testcase time="0.152999999999992" classname="rmpt05" name="rmpt05_can_handle_NA_values"/>
    <testcase time="0.211999999999989" classname="rmpt05" name="rmpt05_can_handle_NA_values">
      <skipped message="Reason: On CRAN ('test-rmpt05.R:17:3')"/>
    </testcase>
    <testcase time="0.14500000000001" classname="rmpt05" name="rmpt05_can_handle_some_NA_values"/>
    <testcase time="0.217999999999989" classname="rmpt05" name="rmpt05_can_handle_some_NA_values">
      <skipped message="Reason: On CRAN ('test-rmpt05.R:34:3')"/>
    </testcase>
    <testcase time="0.092000000000013" classname="rmpt05" name="rmpt05_fails_on_incomlete_data"/>
  </testsuite>
  <testsuite name="rspt01" timestamp="2023-08-30T10:31:42Z" hostname="ba54e48b7cde" tests="15" skipped="7" failures="0" errors="0" time="5.487">
    <testcase time="0.0289999999999964" classname="rspt01" name="rspt01_works_as_expected"/>
    <testcase time="0.551999999999992" classname="rspt01" name="rspt01_works_as_expected"/>
    <testcase time="0.308999999999997" classname="rspt01" name="rspt01_works_as_expected">
      <skipped message="Reason: On CRAN ('test-rspt01.R:5:3')"/>
    </testcase>
    <testcase time="0.494" classname="rspt01" name="rspt01_works_as_expected_for_stratified_and_unstratified_analysis"/>
    <testcase time="0.358000000000004" classname="rspt01" name="rspt01_works_as_expected_for_stratified_and_unstratified_analysis">
      <skipped message="Reason: On CRAN ('test-rspt01.R:17:3')"/>
    </testcase>
    <testcase time="0.405000000000001" classname="rspt01" name="rspt01_works_as_expected_for_unstratified_analysis_only"/>
    <testcase time="0.292000000000002" classname="rspt01" name="rspt01_works_as_expected_for_unstratified_analysis_only">
      <skipped message="Reason: On CRAN ('test-rspt01.R:36:3')"/>
    </testcase>
    <testcase time="0.413000000000011" classname="rspt01" name="rspt01_works_as_expected_for_stratified_analysis_only"/>
    <testcase time="0.293000000000006" classname="rspt01" name="rspt01_works_as_expected_for_stratified_analysis_only">
      <skipped message="Reason: On CRAN ('test-rspt01.R:55:3')"/>
    </testcase>
    <testcase time="0.454999999999984" classname="rspt01" name="rspt01_works_if_change_reference_group"/>
    <testcase time="0.324000000000012" classname="rspt01" name="rspt01_works_if_change_reference_group">
      <skipped message="Reason: On CRAN ('test-rspt01.R:74:3')"/>
    </testcase>
    <testcase time="0.439999999999998" classname="rspt01" name="rspt01_works_if_change_statistic_methods"/>
    <testcase time="0.324999999999989" classname="rspt01" name="rspt01_works_if_change_statistic_methods">
      <skipped message="Reason: On CRAN ('test-rspt01.R:97:3')"/>
    </testcase>
    <testcase time="0.481999999999999" classname="rspt01" name="rspt01_works_if_change_confidence_interval"/>
    <testcase time="0.316000000000003" classname="rspt01" name="rspt01_works_if_change_confidence_interval">
      <skipped message="Reason: On CRAN ('test-rspt01.R:123:3')"/>
    </testcase>
  </testsuite>
  <testsuite name="ttet01" timestamp="2023-08-30T10:31:48Z" hostname="ba54e48b7cde" tests="9" skipped="4" failures="0" errors="0" time="4.259">
    <testcase time="0.0380000000000109" classname="ttet01" name="ttet01_works_as_expected"/>
    <testcase time="0.671999999999997" classname="ttet01" name="ttet01_works_as_expected"/>
    <testcase time="0.546999999999997" classname="ttet01" name="ttet01_works_as_expected">
      <skipped message="Reason: On CRAN ('test-ttet01.R:10:3')"/>
    </testcase>
    <testcase time="0.526999999999987" classname="ttet01" name="ttet01_works_as_expected_for_stratified_and_unstratified_analysis"/>
    <testcase time="0.474000000000018" classname="ttet01" name="ttet01_works_as_expected_for_stratified_and_unstratified_analysis">
      <skipped message="Reason: On CRAN ('test-ttet01.R:22:3')"/>
    </testcase>
    <testcase time="0.532999999999987" classname="ttet01" name="ttet01_works_as_expected_for_stratified_analysis_only"/>
    <testcase time="0.473000000000013" classname="ttet01" name="ttet01_works_as_expected_for_stratified_analysis_only">
      <skipped message="Reason: On CRAN ('test-ttet01.R:44:3')"/>
    </testcase>
    <testcase time="0.525000000000006" classname="ttet01" name="ttet01_works_if_change_reference_group"/>
    <testcase time="0.469999999999999" classname="ttet01" name="ttet01_works_if_change_reference_group">
      <skipped message="Reason: On CRAN ('test-ttet01.R:66:3')"/>
    </testcase>
  </testsuite>
  <testsuite name="utils" timestamp="2023-08-30T10:31:52Z" hostname="ba54e48b7cde" tests="24" skipped="1" failures="0" errors="0" time="0.232">
    <testcase time="0.025999999999982" classname="utils" name="h_format_dec_works_as_exected"/>
    <testcase time="0.00499999999999545" classname="utils" name="h_format_dec_works_as_exected"/>
    <testcase time="0.00200000000000955" classname="utils" name="h_format_dec_works_as_exected"/>
    <testcase time="0.0130000000000052" classname="utils" name="h_format_dec_works_as_exected"/>
    <testcase time="0.0029999999999859" classname="utils" name="h_format_dec_works_as_exected"/>
    <testcase time="0.00500000000002387" classname="utils" name="h_format_dec_works_as_exected"/>
    <testcase time="0.0029999999999859" classname="utils" name="h_format_dec_works_as_exected"/>
    <testcase time="0.00600000000000023" classname="utils" name="h_format_dec_works_as_exected"/>
    <testcase time="0.00300000000001432" classname="utils" name="h_format_dec_works_as_exected"/>
    <testcase time="0.00600000000000023" classname="utils" name="h_format_dec_works_as_exected"/>
    <testcase time="0.00199999999998113" classname="utils" name="h_format_dec_works_as_exected"/>
    <testcase time="0.00600000000000023" classname="utils" name="h_format_dec_works_as_exected"/>
    <testcase time="0.01400000000001" classname="utils" name="h_format_dec_works_as_expected_with_more_than_one_value"/>
    <testcase time="0.00499999999999545" classname="utils" name="h_format_dec_works_as_expected_with_more_than_one_value"/>
    <testcase time="0.0120000000000005" classname="utils" name="h_format_dec_works_as_expected_with_NA_digits"/>
    <testcase time="0.0120000000000005" classname="utils" name="fuse_sequentially_works"/>
    <testcase time="0.00499999999999545" classname="utils" name="fuse_sequentially_works"/>
    <testcase time="0.00900000000001455" classname="utils" name="grob_list_works"/>
    <testcase time="0.00199999999998113" classname="utils" name="grob_list_works"/>
    <testcase time="0.0040000000000191" classname="utils" name="grob_list_works"/>
    <testcase time="0.00499999999999545" classname="utils" name="grob_list_works"/>
    <testcase time="0.0190000000000055" classname="utils" name="ifneeded_split_row_works_as_expected"/>
    <testcase time="0.00999999999999091" classname="utils" name="ifneeded_split_row_works_as_expected"/>
    <testcase time="0.0550000000000068" classname="utils" name="_unnamed_">
      <skipped message="Reason: On CRAN ('test-utils.R:88:1')"/>
    </testcase>
  </testsuite>
  <testsuite name="vst01" timestamp="2023-08-30T10:31:52Z" hostname="ba54e48b7cde" tests="3" skipped="2" failures="0" errors="0" time="19.594">
    <testcase time="9.77500000000001" classname="vst01" name="vst01_functions_with_default_argument_value_return_expected_result_with_test_data">
      <skipped message="Reason: On CRAN ('test-vst01.R:7:3')"/>
    </testcase>
    <testcase time="3.96000000000001" classname="vst01" name="run_vst01_works_as_expected"/>
    <testcase time="5.85899999999998" classname="vst01" name="run_vst01_works_as_expected">
      <skipped message="Reason: On CRAN ('test-vst01.R:14:3')"/>
    </testcase>
  </testsuite>
  <testsuite name="vst02" timestamp="2023-08-30T10:32:12Z" hostname="ba54e48b7cde" tests="2" skipped="2" failures="0" errors="0" time="1.503">
    <testcase time="0.749000000000024" classname="vst02" name="vst02_functions_with_default_argument_value_return_expected_result_with_test_data">
      <skipped message="Reason: On CRAN ('test-vst02.R:7:3')"/>
    </testcase>
    <testcase time="0.754000000000019" classname="vst02" name="vst02_functions_return_expected_result_with_test_data_when_excluding_subject_with_baseline_abnormality">
      <skipped message="Reason: On CRAN ('test-vst02.R:14:3')"/>
    </testcase>
  </testsuite>
</testsuites>
