<?xml version="1.0" encoding="UTF-8"?>
<!DOCTYPE coverage SYSTEM "https://raw.githubusercontent.com/cobertura/cobertura/master/cobertura/src/site/htdocs/xml/coverage-04.dtd">
<coverage line-rate="0.951897782788425" branch-rate="0" lines-covered="2533" lines-valid="2661" branches-covered="0" branches-valid="0" complexity="0" version="3.6.2" timestamp="2023-05-15 06:00:02">
  <sources>
    <source>/__w/chevron/chevron/chevron</source>
  </sources>
  <packages>
    <package name="chevron" line-rate="0.951897782788425" branch-rate="0" complexity="0">
      <classes>
        <class name="ael01_nollt.R" filename="R/ael01_nollt.R" line-rate="0.916666666666667" branch-rate="0" complexity="0">
          <methods>
            <method name="ael01_nollt_main" signature="" line-rate="1" branch-rate="0" complexity="0">
              <lines>
                <line number="24" hits="1" branch="false"/>
                <line number="25" hits="1" branch="false"/>
                <line number="27" hits="1" branch="false"/>
                <line number="28" hits="1" branch="false"/>
                <line number="29" hits="1" branch="false"/>
                <line number="30" hits="1" branch="false"/>
                <line number="31" hits="1" branch="false"/>
                <line number="33" hits="1" branch="false"/>
              </lines>
            </method>
            <method name="ael01_nollt_pre" signature="" line-rate="1" branch-rate="0" complexity="0">
              <lines>
                <line number="47" hits="1" branch="false"/>
                <line number="48" hits="1" branch="false"/>
                <line number="49" hits="1" branch="false"/>
                <line number="50" hits="1" branch="false"/>
                <line number="51" hits="1" branch="false"/>
                <line number="52" hits="1" branch="false"/>
                <line number="53" hits="1" branch="false"/>
                <line number="54" hits="1" branch="false"/>
                <line number="56" hits="1" branch="false"/>
              </lines>
            </method>
            <method name="ael01_nollt_check" signature="" line-rate="0.8" branch-rate="0" complexity="0">
              <lines>
                <line number="67" hits="6" branch="false"/>
                <line number="68" hits="6" branch="false"/>
                <line number="70" hits="6" branch="false"/>
                <line number="71" hits="6" branch="false"/>
                <line number="73" hits="0" branch="false"/>
              </lines>
            </method>
            <method name="ael01_nollt_post" signature="" line-rate="0.5" branch-rate="0" complexity="0">
              <lines>
                <line number="82" hits="0" branch="false"/>
                <line number="84" hits="1" branch="false"/>
              </lines>
            </method>
          </methods>
          <lines>
            <line number="24" hits="1" branch="false"/>
            <line number="25" hits="1" branch="false"/>
            <line number="27" hits="1" branch="false"/>
            <line number="28" hits="1" branch="false"/>
            <line number="29" hits="1" branch="false"/>
            <line number="30" hits="1" branch="false"/>
            <line number="31" hits="1" branch="false"/>
            <line number="33" hits="1" branch="false"/>
            <line number="47" hits="1" branch="false"/>
            <line number="48" hits="1" branch="false"/>
            <line number="49" hits="1" branch="false"/>
            <line number="50" hits="1" branch="false"/>
            <line number="51" hits="1" branch="false"/>
            <line number="52" hits="1" branch="false"/>
            <line number="53" hits="1" branch="false"/>
            <line number="54" hits="1" branch="false"/>
            <line number="56" hits="1" branch="false"/>
            <line number="67" hits="6" branch="false"/>
            <line number="68" hits="6" branch="false"/>
            <line number="70" hits="6" branch="false"/>
            <line number="71" hits="6" branch="false"/>
            <line number="73" hits="0" branch="false"/>
            <line number="82" hits="0" branch="false"/>
            <line number="84" hits="1" branch="false"/>
          </lines>
        </class>
        <class name="aet01_aesi.R" filename="R/aet01_aesi.R" line-rate="0.993197278911565" branch-rate="0" complexity="0">
          <methods>
            <method name="aet01_aesi_main" signature="" line-rate="1" branch-rate="0" complexity="0">
              <lines>
                <line number="39" hits="1" branch="false"/>
                <line number="40" hits="1" branch="false"/>
                <line number="41" hits="1" branch="false"/>
                <line number="42" hits="1" branch="false"/>
                <line number="43" hits="1" branch="false"/>
                <line number="44" hits="1" branch="false"/>
                <line number="45" hits="1" branch="false"/>
                <line number="46" hits="1" branch="false"/>
                <line number="47" hits="1" branch="false"/>
                <line number="49" hits="1" branch="false"/>
                <line number="50" hits="1" branch="false"/>
                <line number="51" hits="1" branch="false"/>
                <line number="52" hits="1" branch="false"/>
                <line number="53" hits="1" branch="false"/>
                <line number="54" hits="1" branch="false"/>
                <line number="55" hits="1" branch="false"/>
                <line number="56" hits="1" branch="false"/>
                <line number="58" hits="1" branch="false"/>
                <line number="59" hits="1" branch="false"/>
                <line number="60" hits="1" branch="false"/>
                <line number="62" hits="1" branch="false"/>
                <line number="63" hits="1" branch="false"/>
                <line number="64" hits="1" branch="false"/>
                <line number="65" hits="1" branch="false"/>
                <line number="66" hits="1" branch="false"/>
                <line number="67" hits="1" branch="false"/>
                <line number="68" hits="1" branch="false"/>
                <line number="70" hits="1" branch="false"/>
                <line number="72" hits="1" branch="false"/>
              </lines>
            </method>
            <method name="aet01_aesi_lyt" signature="" line-rate="1" branch-rate="0" complexity="0">
              <lines>
                <line number="87" hits="5" branch="false"/>
                <line number="88" hits="5" branch="false"/>
                <line number="89" hits="5" branch="false"/>
                <line number="90" hits="5" branch="false"/>
                <line number="91" hits="5" branch="false"/>
                <line number="92" hits="5" branch="false"/>
                <line number="93" hits="5" branch="false"/>
                <line number="94" hits="5" branch="false"/>
                <line number="95" hits="5" branch="false"/>
                <line number="96" hits="5" branch="false"/>
                <line number="97" hits="5" branch="false"/>
                <line number="98" hits="5" branch="false"/>
                <line number="99" hits="5" branch="false"/>
                <line number="100" hits="5" branch="false"/>
                <line number="101" hits="5" branch="false"/>
                <line number="102" hits="5" branch="false"/>
                <line number="103" hits="5" branch="false"/>
                <line number="104" hits="5" branch="false"/>
                <line number="105" hits="5" branch="false"/>
                <line number="106" hits="5" branch="false"/>
                <line number="107" hits="5" branch="false"/>
                <line number="108" hits="5" branch="false"/>
                <line number="109" hits="5" branch="false"/>
                <line number="110" hits="5" branch="false"/>
                <line number="111" hits="5" branch="false"/>
                <line number="112" hits="5" branch="false"/>
                <line number="113" hits="5" branch="false"/>
                <line number="114" hits="5" branch="false"/>
              </lines>
            </method>
            <method name="aet01_aesi_pre" signature="" line-rate="1" branch-rate="0" complexity="0">
              <lines>
                <line number="125" hits="1" branch="false"/>
                <line number="127" hits="1" branch="false"/>
                <line number="128" hits="1" branch="false"/>
                <line number="129" hits="1" branch="false"/>
                <line number="130" hits="1" branch="false"/>
                <line number="131" hits="1" branch="false"/>
                <line number="132" hits="1" branch="false"/>
                <line number="133" hits="1" branch="false"/>
                <line number="134" hits="1" branch="false"/>
                <line number="135" hits="1" branch="false"/>
                <line number="136" hits="1" branch="false"/>
                <line number="137" hits="1" branch="false"/>
                <line number="138" hits="1" branch="false"/>
                <line number="139" hits="1" branch="false"/>
                <line number="140" hits="1" branch="false"/>
                <line number="141" hits="1" branch="false"/>
                <line number="142" hits="1" branch="false"/>
                <line number="143" hits="1" branch="false"/>
                <line number="144" hits="1" branch="false"/>
                <line number="145" hits="1" branch="false"/>
                <line number="146" hits="1" branch="false"/>
                <line number="147" hits="1" branch="false"/>
                <line number="148" hits="1" branch="false"/>
                <line number="149" hits="1" branch="false"/>
                <line number="150" hits="1" branch="false"/>
                <line number="151" hits="1" branch="false"/>
                <line number="152" hits="1" branch="false"/>
                <line number="153" hits="1" branch="false"/>
                <line number="154" hits="1" branch="false"/>
                <line number="155" hits="1" branch="false"/>
                <line number="156" hits="1" branch="false"/>
                <line number="157" hits="1" branch="false"/>
                <line number="158" hits="1" branch="false"/>
                <line number="159" hits="1" branch="false"/>
                <line number="160" hits="1" branch="false"/>
                <line number="161" hits="1" branch="false"/>
                <line number="162" hits="1" branch="false"/>
                <line number="163" hits="1" branch="false"/>
                <line number="164" hits="1" branch="false"/>
                <line number="165" hits="1" branch="false"/>
                <line number="166" hits="1" branch="false"/>
                <line number="167" hits="1" branch="false"/>
                <line number="168" hits="1" branch="false"/>
                <line number="169" hits="1" branch="false"/>
                <line number="170" hits="1" branch="false"/>
                <line number="171" hits="1" branch="false"/>
                <line number="172" hits="1" branch="false"/>
                <line number="173" hits="1" branch="false"/>
                <line number="174" hits="1" branch="false"/>
                <line number="175" hits="1" branch="false"/>
                <line number="176" hits="1" branch="false"/>
                <line number="177" hits="1" branch="false"/>
                <line number="178" hits="1" branch="false"/>
                <line number="179" hits="1" branch="false"/>
                <line number="180" hits="1" branch="false"/>
                <line number="181" hits="1" branch="false"/>
                <line number="182" hits="1" branch="false"/>
                <line number="183" hits="1" branch="false"/>
                <line number="184" hits="1" branch="false"/>
                <line number="185" hits="1" branch="false"/>
                <line number="186" hits="1" branch="false"/>
                <line number="187" hits="1" branch="false"/>
                <line number="188" hits="1" branch="false"/>
                <line number="189" hits="1" branch="false"/>
                <line number="190" hits="1" branch="false"/>
                <line number="191" hits="1" branch="false"/>
                <line number="192" hits="1" branch="false"/>
                <line number="193" hits="1" branch="false"/>
                <line number="194" hits="1" branch="false"/>
                <line number="195" hits="1" branch="false"/>
                <line number="196" hits="1" branch="false"/>
                <line number="197" hits="1" branch="false"/>
                <line number="199" hits="1" branch="false"/>
              </lines>
            </method>
            <method name="aet01_aesi_post" signature="" line-rate="0.666666666666667" branch-rate="0" complexity="0">
              <lines>
                <line number="208" hits="1" branch="false"/>
                <line number="209" hits="0" branch="false"/>
                <line number="211" hits="1" branch="false"/>
              </lines>
            </method>
            <method name="get_aesi_vars" signature="" line-rate="1" branch-rate="0" complexity="0">
              <lines>
                <line number="230" hits="1" branch="false"/>
                <line number="231" hits="5" branch="false"/>
                <line number="232" hits="1" branch="false"/>
                <line number="233" hits="1" branch="false"/>
                <line number="234" hits="1" branch="false"/>
                <line number="235" hits="1" branch="false"/>
                <line number="236" hits="1" branch="false"/>
                <line number="238" hits="4" branch="false"/>
                <line number="240" hits="5" branch="false"/>
                <line number="241" hits="5" branch="false"/>
                <line number="242" hits="5" branch="false"/>
                <line number="243" hits="5" branch="false"/>
                <line number="244" hits="5" branch="false"/>
                <line number="245" hits="5" branch="false"/>
              </lines>
            </method>
          </methods>
          <lines>
            <line number="39" hits="1" branch="false"/>
            <line number="40" hits="1" branch="false"/>
            <line number="41" hits="1" branch="false"/>
            <line number="42" hits="1" branch="false"/>
            <line number="43" hits="1" branch="false"/>
            <line number="44" hits="1" branch="false"/>
            <line number="45" hits="1" branch="false"/>
            <line number="46" hits="1" branch="false"/>
            <line number="47" hits="1" branch="false"/>
            <line number="49" hits="1" branch="false"/>
            <line number="50" hits="1" branch="false"/>
            <line number="51" hits="1" branch="false"/>
            <line number="52" hits="1" branch="false"/>
            <line number="53" hits="1" branch="false"/>
            <line number="54" hits="1" branch="false"/>
            <line number="55" hits="1" branch="false"/>
            <line number="56" hits="1" branch="false"/>
            <line number="58" hits="1" branch="false"/>
            <line number="59" hits="1" branch="false"/>
            <line number="60" hits="1" branch="false"/>
            <line number="62" hits="1" branch="false"/>
            <line number="63" hits="1" branch="false"/>
            <line number="64" hits="1" branch="false"/>
            <line number="65" hits="1" branch="false"/>
            <line number="66" hits="1" branch="false"/>
            <line number="67" hits="1" branch="false"/>
            <line number="68" hits="1" branch="false"/>
            <line number="70" hits="1" branch="false"/>
            <line number="72" hits="1" branch="false"/>
            <line number="87" hits="5" branch="false"/>
            <line number="88" hits="5" branch="false"/>
            <line number="89" hits="5" branch="false"/>
            <line number="90" hits="5" branch="false"/>
            <line number="91" hits="5" branch="false"/>
            <line number="92" hits="5" branch="false"/>
            <line number="93" hits="5" branch="false"/>
            <line number="94" hits="5" branch="false"/>
            <line number="95" hits="5" branch="false"/>
            <line number="96" hits="5" branch="false"/>
            <line number="97" hits="5" branch="false"/>
            <line number="98" hits="5" branch="false"/>
            <line number="99" hits="5" branch="false"/>
            <line number="100" hits="5" branch="false"/>
            <line number="101" hits="5" branch="false"/>
            <line number="102" hits="5" branch="false"/>
            <line number="103" hits="5" branch="false"/>
            <line number="104" hits="5" branch="false"/>
            <line number="105" hits="5" branch="false"/>
            <line number="106" hits="5" branch="false"/>
            <line number="107" hits="5" branch="false"/>
            <line number="108" hits="5" branch="false"/>
            <line number="109" hits="5" branch="false"/>
            <line number="110" hits="5" branch="false"/>
            <line number="111" hits="5" branch="false"/>
            <line number="112" hits="5" branch="false"/>
            <line number="113" hits="5" branch="false"/>
            <line number="114" hits="5" branch="false"/>
            <line number="125" hits="1" branch="false"/>
            <line number="127" hits="1" branch="false"/>
            <line number="128" hits="1" branch="false"/>
            <line number="129" hits="1" branch="false"/>
            <line number="130" hits="1" branch="false"/>
            <line number="131" hits="1" branch="false"/>
            <line number="132" hits="1" branch="false"/>
            <line number="133" hits="1" branch="false"/>
            <line number="134" hits="1" branch="false"/>
            <line number="135" hits="1" branch="false"/>
            <line number="136" hits="1" branch="false"/>
            <line number="137" hits="1" branch="false"/>
            <line number="138" hits="1" branch="false"/>
            <line number="139" hits="1" branch="false"/>
            <line number="140" hits="1" branch="false"/>
            <line number="141" hits="1" branch="false"/>
            <line number="142" hits="1" branch="false"/>
            <line number="143" hits="1" branch="false"/>
            <line number="144" hits="1" branch="false"/>
            <line number="145" hits="1" branch="false"/>
            <line number="146" hits="1" branch="false"/>
            <line number="147" hits="1" branch="false"/>
            <line number="148" hits="1" branch="false"/>
            <line number="149" hits="1" branch="false"/>
            <line number="150" hits="1" branch="false"/>
            <line number="151" hits="1" branch="false"/>
            <line number="152" hits="1" branch="false"/>
            <line number="153" hits="1" branch="false"/>
            <line number="154" hits="1" branch="false"/>
            <line number="155" hits="1" branch="false"/>
            <line number="156" hits="1" branch="false"/>
            <line number="157" hits="1" branch="false"/>
            <line number="158" hits="1" branch="false"/>
            <line number="159" hits="1" branch="false"/>
            <line number="160" hits="1" branch="false"/>
            <line number="161" hits="1" branch="false"/>
            <line number="162" hits="1" branch="false"/>
            <line number="163" hits="1" branch="false"/>
            <line number="164" hits="1" branch="false"/>
            <line number="165" hits="1" branch="false"/>
            <line number="166" hits="1" branch="false"/>
            <line number="167" hits="1" branch="false"/>
            <line number="168" hits="1" branch="false"/>
            <line number="169" hits="1" branch="false"/>
            <line number="170" hits="1" branch="false"/>
            <line number="171" hits="1" branch="false"/>
            <line number="172" hits="1" branch="false"/>
            <line number="173" hits="1" branch="false"/>
            <line number="174" hits="1" branch="false"/>
            <line number="175" hits="1" branch="false"/>
            <line number="176" hits="1" branch="false"/>
            <line number="177" hits="1" branch="false"/>
            <line number="178" hits="1" branch="false"/>
            <line number="179" hits="1" branch="false"/>
            <line number="180" hits="1" branch="false"/>
            <line number="181" hits="1" branch="false"/>
            <line number="182" hits="1" branch="false"/>
            <line number="183" hits="1" branch="false"/>
            <line number="184" hits="1" branch="false"/>
            <line number="185" hits="1" branch="false"/>
            <line number="186" hits="1" branch="false"/>
            <line number="187" hits="1" branch="false"/>
            <line number="188" hits="1" branch="false"/>
            <line number="189" hits="1" branch="false"/>
            <line number="190" hits="1" branch="false"/>
            <line number="191" hits="1" branch="false"/>
            <line number="192" hits="1" branch="false"/>
            <line number="193" hits="1" branch="false"/>
            <line number="194" hits="1" branch="false"/>
            <line number="195" hits="1" branch="false"/>
            <line number="196" hits="1" branch="false"/>
            <line number="197" hits="1" branch="false"/>
            <line number="199" hits="1" branch="false"/>
            <line number="208" hits="1" branch="false"/>
            <line number="209" hits="0" branch="false"/>
            <line number="211" hits="1" branch="false"/>
            <line number="230" hits="1" branch="false"/>
            <line number="231" hits="5" branch="false"/>
            <line number="232" hits="1" branch="false"/>
            <line number="233" hits="1" branch="false"/>
            <line number="234" hits="1" branch="false"/>
            <line number="235" hits="1" branch="false"/>
            <line number="236" hits="1" branch="false"/>
            <line number="238" hits="4" branch="false"/>
            <line number="240" hits="5" branch="false"/>
            <line number="241" hits="5" branch="false"/>
            <line number="242" hits="5" branch="false"/>
            <line number="243" hits="5" branch="false"/>
            <line number="244" hits="5" branch="false"/>
            <line number="245" hits="5" branch="false"/>
          </lines>
        </class>
        <class name="aet01.R" filename="R/aet01.R" line-rate="0.989130434782609" branch-rate="0" complexity="0">
          <methods>
            <method name="aet01_main" signature="" line-rate="1" branch-rate="0" complexity="0">
              <lines>
                <line number="29" hits="1" branch="false"/>
                <line number="30" hits="1" branch="false"/>
                <line number="31" hits="1" branch="false"/>
                <line number="32" hits="1" branch="false"/>
                <line number="33" hits="1" branch="false"/>
                <line number="34" hits="1" branch="false"/>
                <line number="35" hits="1" branch="false"/>
                <line number="36" hits="1" branch="false"/>
                <line number="37" hits="1" branch="false"/>
                <line number="38" hits="1" branch="false"/>
                <line number="39" hits="1" branch="false"/>
                <line number="40" hits="1" branch="false"/>
                <line number="41" hits="1" branch="false"/>
                <line number="42" hits="1" branch="false"/>
                <line number="43" hits="1" branch="false"/>
                <line number="44" hits="1" branch="false"/>
                <line number="45" hits="1" branch="false"/>
                <line number="46" hits="1" branch="false"/>
                <line number="48" hits="1" branch="false"/>
                <line number="49" hits="1" branch="false"/>
                <line number="50" hits="1" branch="false"/>
                <line number="51" hits="1" branch="false"/>
                <line number="52" hits="1" branch="false"/>
                <line number="53" hits="1" branch="false"/>
                <line number="54" hits="1" branch="false"/>
                <line number="56" hits="1" branch="false"/>
                <line number="57" hits="1" branch="false"/>
                <line number="58" hits="1" branch="false"/>
                <line number="59" hits="1" branch="false"/>
                <line number="60" hits="1" branch="false"/>
              </lines>
            </method>
            <method name="aet01_lyt" signature="" line-rate="1" branch-rate="0" complexity="0">
              <lines>
                <line number="76" hits="6" branch="false"/>
                <line number="77" hits="6" branch="false"/>
                <line number="78" hits="6" branch="false"/>
                <line number="79" hits="6" branch="false"/>
                <line number="80" hits="6" branch="false"/>
                <line number="81" hits="6" branch="false"/>
                <line number="82" hits="6" branch="false"/>
                <line number="83" hits="6" branch="false"/>
                <line number="84" hits="6" branch="false"/>
                <line number="85" hits="6" branch="false"/>
                <line number="86" hits="6" branch="false"/>
                <line number="87" hits="6" branch="false"/>
                <line number="88" hits="6" branch="false"/>
                <line number="89" hits="6" branch="false"/>
                <line number="90" hits="6" branch="false"/>
                <line number="91" hits="6" branch="false"/>
                <line number="92" hits="6" branch="false"/>
                <line number="93" hits="6" branch="false"/>
                <line number="94" hits="6" branch="false"/>
                <line number="95" hits="6" branch="false"/>
                <line number="96" hits="6" branch="false"/>
                <line number="97" hits="6" branch="false"/>
                <line number="98" hits="6" branch="false"/>
                <line number="99" hits="6" branch="false"/>
                <line number="100" hits="6" branch="false"/>
                <line number="101" hits="6" branch="false"/>
                <line number="102" hits="6" branch="false"/>
                <line number="103" hits="6" branch="false"/>
                <line number="104" hits="6" branch="false"/>
                <line number="106" hits="6" branch="false"/>
                <line number="107" hits="6" branch="false"/>
                <line number="108" hits="6" branch="false"/>
                <line number="109" hits="6" branch="false"/>
                <line number="110" hits="6" branch="false"/>
                <line number="111" hits="6" branch="false"/>
                <line number="112" hits="6" branch="false"/>
              </lines>
            </method>
            <method name="aet01_pre" signature="" line-rate="1" branch-rate="0" complexity="0">
              <lines>
                <line number="122" hits="1" branch="false"/>
                <line number="123" hits="1" branch="false"/>
                <line number="124" hits="1" branch="false"/>
                <line number="125" hits="1" branch="false"/>
                <line number="126" hits="1" branch="false"/>
                <line number="127" hits="1" branch="false"/>
                <line number="128" hits="1" branch="false"/>
                <line number="129" hits="1" branch="false"/>
                <line number="130" hits="1" branch="false"/>
                <line number="131" hits="1" branch="false"/>
                <line number="132" hits="1" branch="false"/>
                <line number="133" hits="1" branch="false"/>
                <line number="134" hits="1" branch="false"/>
                <line number="135" hits="1" branch="false"/>
                <line number="136" hits="1" branch="false"/>
                <line number="137" hits="1" branch="false"/>
                <line number="138" hits="1" branch="false"/>
                <line number="139" hits="1" branch="false"/>
                <line number="140" hits="1" branch="false"/>
                <line number="141" hits="1" branch="false"/>
                <line number="143" hits="1" branch="false"/>
                <line number="144" hits="1" branch="false"/>
                <line number="146" hits="1" branch="false"/>
              </lines>
            </method>
            <method name="aet01_post" signature="" line-rate="0.666666666666667" branch-rate="0" complexity="0">
              <lines>
                <line number="155" hits="1" branch="false"/>
                <line number="156" hits="0" branch="false"/>
                <line number="158" hits="1" branch="false"/>
              </lines>
            </method>
          </methods>
          <lines>
            <line number="29" hits="1" branch="false"/>
            <line number="30" hits="1" branch="false"/>
            <line number="31" hits="1" branch="false"/>
            <line number="32" hits="1" branch="false"/>
            <line number="33" hits="1" branch="false"/>
            <line number="34" hits="1" branch="false"/>
            <line number="35" hits="1" branch="false"/>
            <line number="36" hits="1" branch="false"/>
            <line number="37" hits="1" branch="false"/>
            <line number="38" hits="1" branch="false"/>
            <line number="39" hits="1" branch="false"/>
            <line number="40" hits="1" branch="false"/>
            <line number="41" hits="1" branch="false"/>
            <line number="42" hits="1" branch="false"/>
            <line number="43" hits="1" branch="false"/>
            <line number="44" hits="1" branch="false"/>
            <line number="45" hits="1" branch="false"/>
            <line number="46" hits="1" branch="false"/>
            <line number="48" hits="1" branch="false"/>
            <line number="49" hits="1" branch="false"/>
            <line number="50" hits="1" branch="false"/>
            <line number="51" hits="1" branch="false"/>
            <line number="52" hits="1" branch="false"/>
            <line number="53" hits="1" branch="false"/>
            <line number="54" hits="1" branch="false"/>
            <line number="56" hits="1" branch="false"/>
            <line number="57" hits="1" branch="false"/>
            <line number="58" hits="1" branch="false"/>
            <line number="59" hits="1" branch="false"/>
            <line number="60" hits="1" branch="false"/>
            <line number="76" hits="6" branch="false"/>
            <line number="77" hits="6" branch="false"/>
            <line number="78" hits="6" branch="false"/>
            <line number="79" hits="6" branch="false"/>
            <line number="80" hits="6" branch="false"/>
            <line number="81" hits="6" branch="false"/>
            <line number="82" hits="6" branch="false"/>
            <line number="83" hits="6" branch="false"/>
            <line number="84" hits="6" branch="false"/>
            <line number="85" hits="6" branch="false"/>
            <line number="86" hits="6" branch="false"/>
            <line number="87" hits="6" branch="false"/>
            <line number="88" hits="6" branch="false"/>
            <line number="89" hits="6" branch="false"/>
            <line number="90" hits="6" branch="false"/>
            <line number="91" hits="6" branch="false"/>
            <line number="92" hits="6" branch="false"/>
            <line number="93" hits="6" branch="false"/>
            <line number="94" hits="6" branch="false"/>
            <line number="95" hits="6" branch="false"/>
            <line number="96" hits="6" branch="false"/>
            <line number="97" hits="6" branch="false"/>
            <line number="98" hits="6" branch="false"/>
            <line number="99" hits="6" branch="false"/>
            <line number="100" hits="6" branch="false"/>
            <line number="101" hits="6" branch="false"/>
            <line number="102" hits="6" branch="false"/>
            <line number="103" hits="6" branch="false"/>
            <line number="104" hits="6" branch="false"/>
            <line number="106" hits="6" branch="false"/>
            <line number="107" hits="6" branch="false"/>
            <line number="108" hits="6" branch="false"/>
            <line number="109" hits="6" branch="false"/>
            <line number="110" hits="6" branch="false"/>
            <line number="111" hits="6" branch="false"/>
            <line number="112" hits="6" branch="false"/>
            <line number="122" hits="1" branch="false"/>
            <line number="123" hits="1" branch="false"/>
            <line number="124" hits="1" branch="false"/>
            <line number="125" hits="1" branch="false"/>
            <line number="126" hits="1" branch="false"/>
            <line number="127" hits="1" branch="false"/>
            <line number="128" hits="1" branch="false"/>
            <line number="129" hits="1" branch="false"/>
            <line number="130" hits="1" branch="false"/>
            <line number="131" hits="1" branch="false"/>
            <line number="132" hits="1" branch="false"/>
            <line number="133" hits="1" branch="false"/>
            <line number="134" hits="1" branch="false"/>
            <line number="135" hits="1" branch="false"/>
            <line number="136" hits="1" branch="false"/>
            <line number="137" hits="1" branch="false"/>
            <line number="138" hits="1" branch="false"/>
            <line number="139" hits="1" branch="false"/>
            <line number="140" hits="1" branch="false"/>
            <line number="141" hits="1" branch="false"/>
            <line number="143" hits="1" branch="false"/>
            <line number="144" hits="1" branch="false"/>
            <line number="146" hits="1" branch="false"/>
            <line number="155" hits="1" branch="false"/>
            <line number="156" hits="0" branch="false"/>
            <line number="158" hits="1" branch="false"/>
          </lines>
        </class>
        <class name="aet02.R" filename="R/aet02.R" line-rate="1" branch-rate="0" complexity="0">
          <methods>
            <method name="aet02_main" signature="" line-rate="1" branch-rate="0" complexity="0">
              <lines>
                <line number="27" hits="1" branch="false"/>
                <line number="28" hits="1" branch="false"/>
                <line number="29" hits="1" branch="false"/>
                <line number="30" hits="1" branch="false"/>
                <line number="31" hits="1" branch="false"/>
                <line number="32" hits="1" branch="false"/>
                <line number="33" hits="1" branch="false"/>
                <line number="34" hits="1" branch="false"/>
                <line number="36" hits="1" branch="false"/>
                <line number="37" hits="1" branch="false"/>
                <line number="39" hits="1" branch="false"/>
                <line number="40" hits="1" branch="false"/>
                <line number="41" hits="1" branch="false"/>
                <line number="42" hits="1" branch="false"/>
                <line number="43" hits="1" branch="false"/>
                <line number="44" hits="1" branch="false"/>
                <line number="45" hits="1" branch="false"/>
                <line number="47" hits="1" branch="false"/>
                <line number="49" hits="1" branch="false"/>
              </lines>
            </method>
            <method name="aet02_lyt" signature="" line-rate="1" branch-rate="0" complexity="0">
              <lines>
                <line number="65" hits="4" branch="false"/>
                <line number="66" hits="4" branch="false"/>
                <line number="67" hits="4" branch="false"/>
                <line number="68" hits="4" branch="false"/>
                <line number="69" hits="4" branch="false"/>
                <line number="70" hits="4" branch="false"/>
                <line number="71" hits="4" branch="false"/>
                <line number="72" hits="4" branch="false"/>
                <line number="73" hits="4" branch="false"/>
                <line number="74" hits="4" branch="false"/>
                <line number="75" hits="4" branch="false"/>
                <line number="76" hits="4" branch="false"/>
                <line number="77" hits="4" branch="false"/>
                <line number="78" hits="3" branch="false"/>
                <line number="79" hits="3" branch="false"/>
                <line number="80" hits="3" branch="false"/>
                <line number="81" hits="3" branch="false"/>
                <line number="83" hits="4" branch="false"/>
                <line number="84" hits="4" branch="false"/>
                <line number="85" hits="4" branch="false"/>
                <line number="86" hits="4" branch="false"/>
                <line number="87" hits="4" branch="false"/>
                <line number="88" hits="4" branch="false"/>
                <line number="89" hits="4" branch="false"/>
              </lines>
            </method>
            <method name="aet02_pre" signature="" line-rate="1" branch-rate="0" complexity="0">
              <lines>
                <line number="99" hits="1" branch="false"/>
                <line number="100" hits="1" branch="false"/>
                <line number="101" hits="1" branch="false"/>
                <line number="102" hits="1" branch="false"/>
                <line number="104" hits="1" branch="false"/>
              </lines>
            </method>
            <method name="aet02_post" signature="" line-rate="1" branch-rate="0" complexity="0">
              <lines>
                <line number="114" hits="1" branch="false"/>
                <line number="115" hits="1" branch="false"/>
                <line number="116" hits="1" branch="false"/>
                <line number="117" hits="1" branch="false"/>
                <line number="118" hits="1" branch="false"/>
                <line number="119" hits="1" branch="false"/>
                <line number="120" hits="1" branch="false"/>
                <line number="121" hits="1" branch="false"/>
                <line number="123" hits="1" branch="false"/>
              </lines>
            </method>
          </methods>
          <lines>
            <line number="27" hits="1" branch="false"/>
            <line number="28" hits="1" branch="false"/>
            <line number="29" hits="1" branch="false"/>
            <line number="30" hits="1" branch="false"/>
            <line number="31" hits="1" branch="false"/>
            <line number="32" hits="1" branch="false"/>
            <line number="33" hits="1" branch="false"/>
            <line number="34" hits="1" branch="false"/>
            <line number="36" hits="1" branch="false"/>
            <line number="37" hits="1" branch="false"/>
            <line number="39" hits="1" branch="false"/>
            <line number="40" hits="1" branch="false"/>
            <line number="41" hits="1" branch="false"/>
            <line number="42" hits="1" branch="false"/>
            <line number="43" hits="1" branch="false"/>
            <line number="44" hits="1" branch="false"/>
            <line number="45" hits="1" branch="false"/>
            <line number="47" hits="1" branch="false"/>
            <line number="49" hits="1" branch="false"/>
            <line number="65" hits="4" branch="false"/>
            <line number="66" hits="4" branch="false"/>
            <line number="67" hits="4" branch="false"/>
            <line number="68" hits="4" branch="false"/>
            <line number="69" hits="4" branch="false"/>
            <line number="70" hits="4" branch="false"/>
            <line number="71" hits="4" branch="false"/>
            <line number="72" hits="4" branch="false"/>
            <line number="73" hits="4" branch="false"/>
            <line number="74" hits="4" branch="false"/>
            <line number="75" hits="4" branch="false"/>
            <line number="76" hits="4" branch="false"/>
            <line number="77" hits="4" branch="false"/>
            <line number="78" hits="3" branch="false"/>
            <line number="79" hits="3" branch="false"/>
            <line number="80" hits="3" branch="false"/>
            <line number="81" hits="3" branch="false"/>
            <line number="83" hits="4" branch="false"/>
            <line number="84" hits="4" branch="false"/>
            <line number="85" hits="4" branch="false"/>
            <line number="86" hits="4" branch="false"/>
            <line number="87" hits="4" branch="false"/>
            <line number="88" hits="4" branch="false"/>
            <line number="89" hits="4" branch="false"/>
            <line number="99" hits="1" branch="false"/>
            <line number="100" hits="1" branch="false"/>
            <line number="101" hits="1" branch="false"/>
            <line number="102" hits="1" branch="false"/>
            <line number="104" hits="1" branch="false"/>
            <line number="114" hits="1" branch="false"/>
            <line number="115" hits="1" branch="false"/>
            <line number="116" hits="1" branch="false"/>
            <line number="117" hits="1" branch="false"/>
            <line number="118" hits="1" branch="false"/>
            <line number="119" hits="1" branch="false"/>
            <line number="120" hits="1" branch="false"/>
            <line number="121" hits="1" branch="false"/>
            <line number="123" hits="1" branch="false"/>
          </lines>
        </class>
        <class name="aet03.R" filename="R/aet03.R" line-rate="1" branch-rate="0" complexity="0">
          <methods>
            <method name="aet03_main" signature="" line-rate="1" branch-rate="0" complexity="0">
              <lines>
                <line number="24" hits="1" branch="false"/>
                <line number="25" hits="1" branch="false"/>
                <line number="26" hits="1" branch="false"/>
                <line number="27" hits="1" branch="false"/>
                <line number="28" hits="1" branch="false"/>
                <line number="29" hits="1" branch="false"/>
                <line number="30" hits="1" branch="false"/>
                <line number="32" hits="1" branch="false"/>
                <line number="33" hits="1" branch="false"/>
                <line number="34" hits="1" branch="false"/>
                <line number="35" hits="1" branch="false"/>
                <line number="36" hits="1" branch="false"/>
                <line number="37" hits="1" branch="false"/>
                <line number="38" hits="1" branch="false"/>
                <line number="39" hits="1" branch="false"/>
                <line number="40" hits="1" branch="false"/>
                <line number="41" hits="1" branch="false"/>
                <line number="43" hits="1" branch="false"/>
                <line number="45" hits="1" branch="false"/>
              </lines>
            </method>
            <method name="aet03_lyt" signature="" line-rate="1" branch-rate="0" complexity="0">
              <lines>
                <line number="63" hits="4" branch="false"/>
                <line number="65" hits="4" branch="false"/>
                <line number="66" hits="4" branch="false"/>
                <line number="67" hits="4" branch="false"/>
                <line number="68" hits="4" branch="false"/>
                <line number="69" hits="4" branch="false"/>
                <line number="70" hits="4" branch="false"/>
                <line number="71" hits="4" branch="false"/>
                <line number="72" hits="4" branch="false"/>
                <line number="73" hits="4" branch="false"/>
                <line number="74" hits="4" branch="false"/>
                <line number="75" hits="4" branch="false"/>
                <line number="76" hits="4" branch="false"/>
                <line number="77" hits="4" branch="false"/>
                <line number="78" hits="4" branch="false"/>
                <line number="79" hits="4" branch="false"/>
                <line number="80" hits="4" branch="false"/>
                <line number="81" hits="4" branch="false"/>
                <line number="82" hits="4" branch="false"/>
                <line number="83" hits="4" branch="false"/>
                <line number="84" hits="4" branch="false"/>
                <line number="85" hits="4" branch="false"/>
                <line number="86" hits="4" branch="false"/>
                <line number="87" hits="4" branch="false"/>
                <line number="88" hits="4" branch="false"/>
                <line number="89" hits="4" branch="false"/>
                <line number="90" hits="4" branch="false"/>
                <line number="91" hits="4" branch="false"/>
                <line number="92" hits="4" branch="false"/>
                <line number="93" hits="4" branch="false"/>
                <line number="94" hits="4" branch="false"/>
                <line number="95" hits="4" branch="false"/>
                <line number="96" hits="4" branch="false"/>
                <line number="97" hits="4" branch="false"/>
                <line number="98" hits="4" branch="false"/>
                <line number="99" hits="4" branch="false"/>
                <line number="100" hits="4" branch="false"/>
                <line number="101" hits="4" branch="false"/>
                <line number="102" hits="4" branch="false"/>
                <line number="103" hits="4" branch="false"/>
              </lines>
            </method>
            <method name="aet03_pre" signature="" line-rate="1" branch-rate="0" complexity="0">
              <lines>
                <line number="113" hits="1" branch="false"/>
                <line number="114" hits="1" branch="false"/>
                <line number="115" hits="1" branch="false"/>
                <line number="116" hits="1" branch="false"/>
                <line number="117" hits="1" branch="false"/>
                <line number="118" hits="1" branch="false"/>
                <line number="119" hits="1" branch="false"/>
                <line number="120" hits="1" branch="false"/>
                <line number="121" hits="1" branch="false"/>
                <line number="123" hits="1" branch="false"/>
              </lines>
            </method>
            <method name="aet03_post" signature="" line-rate="1" branch-rate="0" complexity="0">
              <lines>
                <line number="132" hits="1" branch="false"/>
                <line number="133" hits="1" branch="false"/>
                <line number="134" hits="1" branch="false"/>
                <line number="135" hits="1" branch="false"/>
                <line number="136" hits="1" branch="false"/>
                <line number="137" hits="1" branch="false"/>
                <line number="138" hits="1" branch="false"/>
              </lines>
            </method>
          </methods>
          <lines>
            <line number="24" hits="1" branch="false"/>
            <line number="25" hits="1" branch="false"/>
            <line number="26" hits="1" branch="false"/>
            <line number="27" hits="1" branch="false"/>
            <line number="28" hits="1" branch="false"/>
            <line number="29" hits="1" branch="false"/>
            <line number="30" hits="1" branch="false"/>
            <line number="32" hits="1" branch="false"/>
            <line number="33" hits="1" branch="false"/>
            <line number="34" hits="1" branch="false"/>
            <line number="35" hits="1" branch="false"/>
            <line number="36" hits="1" branch="false"/>
            <line number="37" hits="1" branch="false"/>
            <line number="38" hits="1" branch="false"/>
            <line number="39" hits="1" branch="false"/>
            <line number="40" hits="1" branch="false"/>
            <line number="41" hits="1" branch="false"/>
            <line number="43" hits="1" branch="false"/>
            <line number="45" hits="1" branch="false"/>
            <line number="63" hits="4" branch="false"/>
            <line number="65" hits="4" branch="false"/>
            <line number="66" hits="4" branch="false"/>
            <line number="67" hits="4" branch="false"/>
            <line number="68" hits="4" branch="false"/>
            <line number="69" hits="4" branch="false"/>
            <line number="70" hits="4" branch="false"/>
            <line number="71" hits="4" branch="false"/>
            <line number="72" hits="4" branch="false"/>
            <line number="73" hits="4" branch="false"/>
            <line number="74" hits="4" branch="false"/>
            <line number="75" hits="4" branch="false"/>
            <line number="76" hits="4" branch="false"/>
            <line number="77" hits="4" branch="false"/>
            <line number="78" hits="4" branch="false"/>
            <line number="79" hits="4" branch="false"/>
            <line number="80" hits="4" branch="false"/>
            <line number="81" hits="4" branch="false"/>
            <line number="82" hits="4" branch="false"/>
            <line number="83" hits="4" branch="false"/>
            <line number="84" hits="4" branch="false"/>
            <line number="85" hits="4" branch="false"/>
            <line number="86" hits="4" branch="false"/>
            <line number="87" hits="4" branch="false"/>
            <line number="88" hits="4" branch="false"/>
            <line number="89" hits="4" branch="false"/>
            <line number="90" hits="4" branch="false"/>
            <line number="91" hits="4" branch="false"/>
            <line number="92" hits="4" branch="false"/>
            <line number="93" hits="4" branch="false"/>
            <line number="94" hits="4" branch="false"/>
            <line number="95" hits="4" branch="false"/>
            <line number="96" hits="4" branch="false"/>
            <line number="97" hits="4" branch="false"/>
            <line number="98" hits="4" branch="false"/>
            <line number="99" hits="4" branch="false"/>
            <line number="100" hits="4" branch="false"/>
            <line number="101" hits="4" branch="false"/>
            <line number="102" hits="4" branch="false"/>
            <line number="103" hits="4" branch="false"/>
            <line number="113" hits="1" branch="false"/>
            <line number="114" hits="1" branch="false"/>
            <line number="115" hits="1" branch="false"/>
            <line number="116" hits="1" branch="false"/>
            <line number="117" hits="1" branch="false"/>
            <line number="118" hits="1" branch="false"/>
            <line number="119" hits="1" branch="false"/>
            <line number="120" hits="1" branch="false"/>
            <line number="121" hits="1" branch="false"/>
            <line number="123" hits="1" branch="false"/>
            <line number="132" hits="1" branch="false"/>
            <line number="133" hits="1" branch="false"/>
            <line number="134" hits="1" branch="false"/>
            <line number="135" hits="1" branch="false"/>
            <line number="136" hits="1" branch="false"/>
            <line number="137" hits="1" branch="false"/>
            <line number="138" hits="1" branch="false"/>
          </lines>
        </class>
        <class name="aet04.R" filename="R/aet04.R" line-rate="1" branch-rate="0" complexity="0">
          <methods>
            <method name="aet04_main" signature="" line-rate="1" branch-rate="0" complexity="0">
              <lines>
                <line number="27" hits="1" branch="false"/>
                <line number="28" hits="1" branch="false"/>
                <line number="29" hits="1" branch="false"/>
                <line number="30" hits="1" branch="false"/>
                <line number="31" hits="1" branch="false"/>
                <line number="32" hits="1" branch="false"/>
                <line number="33" hits="1" branch="false"/>
                <line number="34" hits="1" branch="false"/>
                <line number="36" hits="1" branch="false"/>
                <line number="37" hits="1" branch="false"/>
                <line number="39" hits="1" branch="false"/>
                <line number="40" hits="1" branch="false"/>
                <line number="41" hits="1" branch="false"/>
                <line number="42" hits="1" branch="false"/>
                <line number="43" hits="1" branch="false"/>
                <line number="44" hits="1" branch="false"/>
                <line number="45" hits="1" branch="false"/>
                <line number="48" hits="1" branch="false"/>
                <line number="49" hits="1" branch="false"/>
                <line number="50" hits="1" branch="false"/>
                <line number="51" hits="1" branch="false"/>
                <line number="52" hits="1" branch="false"/>
                <line number="53" hits="1" branch="false"/>
                <line number="54" hits="1" branch="false"/>
                <line number="55" hits="1" branch="false"/>
                <line number="56" hits="1" branch="false"/>
                <line number="57" hits="1" branch="false"/>
                <line number="58" hits="1" branch="false"/>
              </lines>
            </method>
            <method name="aet04_lyt" signature="" line-rate="1" branch-rate="0" complexity="0">
              <lines>
                <line number="78" hits="5" branch="false"/>
                <line number="79" hits="5" branch="false"/>
                <line number="80" hits="5" branch="false"/>
                <line number="81" hits="5" branch="false"/>
                <line number="82" hits="5" branch="false"/>
                <line number="83" hits="5" branch="false"/>
                <line number="84" hits="5" branch="false"/>
                <line number="85" hits="5" branch="false"/>
                <line number="86" hits="5" branch="false"/>
                <line number="87" hits="5" branch="false"/>
                <line number="88" hits="5" branch="false"/>
                <line number="89" hits="5" branch="false"/>
                <line number="90" hits="5" branch="false"/>
                <line number="91" hits="5" branch="false"/>
                <line number="92" hits="5" branch="false"/>
                <line number="93" hits="5" branch="false"/>
                <line number="94" hits="5" branch="false"/>
                <line number="95" hits="5" branch="false"/>
                <line number="96" hits="5" branch="false"/>
                <line number="97" hits="5" branch="false"/>
                <line number="98" hits="5" branch="false"/>
                <line number="99" hits="5" branch="false"/>
                <line number="100" hits="5" branch="false"/>
                <line number="101" hits="5" branch="false"/>
                <line number="102" hits="5" branch="false"/>
                <line number="103" hits="5" branch="false"/>
                <line number="104" hits="5" branch="false"/>
                <line number="105" hits="5" branch="false"/>
                <line number="106" hits="5" branch="false"/>
                <line number="107" hits="5" branch="false"/>
                <line number="108" hits="5" branch="false"/>
                <line number="109" hits="5" branch="false"/>
                <line number="110" hits="5" branch="false"/>
                <line number="111" hits="5" branch="false"/>
                <line number="112" hits="5" branch="false"/>
                <line number="113" hits="5" branch="false"/>
                <line number="114" hits="5" branch="false"/>
                <line number="115" hits="5" branch="false"/>
                <line number="116" hits="5" branch="false"/>
                <line number="117" hits="5" branch="false"/>
                <line number="118" hits="5" branch="false"/>
                <line number="119" hits="5" branch="false"/>
                <line number="120" hits="5" branch="false"/>
                <line number="121" hits="5" branch="false"/>
                <line number="122" hits="5" branch="false"/>
                <line number="123" hits="5" branch="false"/>
                <line number="124" hits="5" branch="false"/>
              </lines>
            </method>
            <method name="aet04_pre" signature="" line-rate="1" branch-rate="0" complexity="0">
              <lines>
                <line number="134" hits="1" branch="false"/>
                <line number="135" hits="1" branch="false"/>
                <line number="136" hits="1" branch="false"/>
                <line number="137" hits="1" branch="false"/>
                <line number="138" hits="1" branch="false"/>
                <line number="139" hits="1" branch="false"/>
                <line number="140" hits="1" branch="false"/>
                <line number="141" hits="1" branch="false"/>
                <line number="142" hits="1" branch="false"/>
              </lines>
            </method>
            <method name="aet04_post" signature="" line-rate="1" branch-rate="0" complexity="0">
              <lines>
                <line number="152" hits="1" branch="false"/>
                <line number="153" hits="1" branch="false"/>
                <line number="154" hits="1" branch="false"/>
                <line number="155" hits="1" branch="false"/>
              </lines>
            </method>
          </methods>
          <lines>
            <line number="27" hits="1" branch="false"/>
            <line number="28" hits="1" branch="false"/>
            <line number="29" hits="1" branch="false"/>
            <line number="30" hits="1" branch="false"/>
            <line number="31" hits="1" branch="false"/>
            <line number="32" hits="1" branch="false"/>
            <line number="33" hits="1" branch="false"/>
            <line number="34" hits="1" branch="false"/>
            <line number="36" hits="1" branch="false"/>
            <line number="37" hits="1" branch="false"/>
            <line number="39" hits="1" branch="false"/>
            <line number="40" hits="1" branch="false"/>
            <line number="41" hits="1" branch="false"/>
            <line number="42" hits="1" branch="false"/>
            <line number="43" hits="1" branch="false"/>
            <line number="44" hits="1" branch="false"/>
            <line number="45" hits="1" branch="false"/>
            <line number="48" hits="1" branch="false"/>
            <line number="49" hits="1" branch="false"/>
            <line number="50" hits="1" branch="false"/>
            <line number="51" hits="1" branch="false"/>
            <line number="52" hits="1" branch="false"/>
            <line number="53" hits="1" branch="false"/>
            <line number="54" hits="1" branch="false"/>
            <line number="55" hits="1" branch="false"/>
            <line number="56" hits="1" branch="false"/>
            <line number="57" hits="1" branch="false"/>
            <line number="58" hits="1" branch="false"/>
            <line number="78" hits="5" branch="false"/>
            <line number="79" hits="5" branch="false"/>
            <line number="80" hits="5" branch="false"/>
            <line number="81" hits="5" branch="false"/>
            <line number="82" hits="5" branch="false"/>
            <line number="83" hits="5" branch="false"/>
            <line number="84" hits="5" branch="false"/>
            <line number="85" hits="5" branch="false"/>
            <line number="86" hits="5" branch="false"/>
            <line number="87" hits="5" branch="false"/>
            <line number="88" hits="5" branch="false"/>
            <line number="89" hits="5" branch="false"/>
            <line number="90" hits="5" branch="false"/>
            <line number="91" hits="5" branch="false"/>
            <line number="92" hits="5" branch="false"/>
            <line number="93" hits="5" branch="false"/>
            <line number="94" hits="5" branch="false"/>
            <line number="95" hits="5" branch="false"/>
            <line number="96" hits="5" branch="false"/>
            <line number="97" hits="5" branch="false"/>
            <line number="98" hits="5" branch="false"/>
            <line number="99" hits="5" branch="false"/>
            <line number="100" hits="5" branch="false"/>
            <line number="101" hits="5" branch="false"/>
            <line number="102" hits="5" branch="false"/>
            <line number="103" hits="5" branch="false"/>
            <line number="104" hits="5" branch="false"/>
            <line number="105" hits="5" branch="false"/>
            <line number="106" hits="5" branch="false"/>
            <line number="107" hits="5" branch="false"/>
            <line number="108" hits="5" branch="false"/>
            <line number="109" hits="5" branch="false"/>
            <line number="110" hits="5" branch="false"/>
            <line number="111" hits="5" branch="false"/>
            <line number="112" hits="5" branch="false"/>
            <line number="113" hits="5" branch="false"/>
            <line number="114" hits="5" branch="false"/>
            <line number="115" hits="5" branch="false"/>
            <line number="116" hits="5" branch="false"/>
            <line number="117" hits="5" branch="false"/>
            <line number="118" hits="5" branch="false"/>
            <line number="119" hits="5" branch="false"/>
            <line number="120" hits="5" branch="false"/>
            <line number="121" hits="5" branch="false"/>
            <line number="122" hits="5" branch="false"/>
            <line number="123" hits="5" branch="false"/>
            <line number="124" hits="5" branch="false"/>
            <line number="134" hits="1" branch="false"/>
            <line number="135" hits="1" branch="false"/>
            <line number="136" hits="1" branch="false"/>
            <line number="137" hits="1" branch="false"/>
            <line number="138" hits="1" branch="false"/>
            <line number="139" hits="1" branch="false"/>
            <line number="140" hits="1" branch="false"/>
            <line number="141" hits="1" branch="false"/>
            <line number="142" hits="1" branch="false"/>
            <line number="152" hits="1" branch="false"/>
            <line number="153" hits="1" branch="false"/>
            <line number="154" hits="1" branch="false"/>
            <line number="155" hits="1" branch="false"/>
          </lines>
        </class>
        <class name="aet10.R" filename="R/aet10.R" line-rate="1" branch-rate="0" complexity="0">
          <methods>
            <method name="aet10_main" signature="" line-rate="1" branch-rate="0" complexity="0">
              <lines>
                <line number="24" hits="1" branch="false"/>
                <line number="25" hits="1" branch="false"/>
                <line number="26" hits="1" branch="false"/>
                <line number="27" hits="1" branch="false"/>
                <line number="28" hits="1" branch="false"/>
                <line number="29" hits="1" branch="false"/>
                <line number="30" hits="1" branch="false"/>
                <line number="32" hits="1" branch="false"/>
                <line number="33" hits="1" branch="false"/>
                <line number="34" hits="1" branch="false"/>
                <line number="35" hits="1" branch="false"/>
                <line number="36" hits="1" branch="false"/>
                <line number="37" hits="1" branch="false"/>
                <line number="39" hits="1" branch="false"/>
                <line number="41" hits="1" branch="false"/>
              </lines>
            </method>
            <method name="aet10_lyt" signature="" line-rate="1" branch-rate="0" complexity="0">
              <lines>
                <line number="54" hits="3" branch="false"/>
                <line number="55" hits="3" branch="false"/>
                <line number="56" hits="3" branch="false"/>
                <line number="57" hits="3" branch="false"/>
                <line number="58" hits="3" branch="false"/>
                <line number="59" hits="3" branch="false"/>
                <line number="60" hits="3" branch="false"/>
                <line number="61" hits="3" branch="false"/>
              </lines>
            </method>
            <method name="aet10_pre" signature="" line-rate="1" branch-rate="0" complexity="0">
              <lines>
                <line number="71" hits="1" branch="false"/>
                <line number="72" hits="1" branch="false"/>
                <line number="73" hits="1" branch="false"/>
                <line number="74" hits="1" branch="false"/>
              </lines>
            </method>
            <method name="aet10_post" signature="" line-rate="1" branch-rate="0" complexity="0">
              <lines>
                <line number="85" hits="1" branch="false"/>
                <line number="86" hits="1" branch="false"/>
                <line number="87" hits="1" branch="false"/>
                <line number="88" hits="1" branch="false"/>
                <line number="89" hits="1" branch="false"/>
                <line number="90" hits="1" branch="false"/>
                <line number="92" hits="1" branch="false"/>
                <line number="93" hits="1" branch="false"/>
                <line number="94" hits="1" branch="false"/>
                <line number="95" hits="1" branch="false"/>
                <line number="96" hits="1" branch="false"/>
                <line number="97" hits="1" branch="false"/>
                <line number="98" hits="1" branch="false"/>
                <line number="99" hits="1" branch="false"/>
                <line number="101" hits="1" branch="false"/>
              </lines>
            </method>
          </methods>
          <lines>
            <line number="24" hits="1" branch="false"/>
            <line number="25" hits="1" branch="false"/>
            <line number="26" hits="1" branch="false"/>
            <line number="27" hits="1" branch="false"/>
            <line number="28" hits="1" branch="false"/>
            <line number="29" hits="1" branch="false"/>
            <line number="30" hits="1" branch="false"/>
            <line number="32" hits="1" branch="false"/>
            <line number="33" hits="1" branch="false"/>
            <line number="34" hits="1" branch="false"/>
            <line number="35" hits="1" branch="false"/>
            <line number="36" hits="1" branch="false"/>
            <line number="37" hits="1" branch="false"/>
            <line number="39" hits="1" branch="false"/>
            <line number="41" hits="1" branch="false"/>
            <line number="54" hits="3" branch="false"/>
            <line number="55" hits="3" branch="false"/>
            <line number="56" hits="3" branch="false"/>
            <line number="57" hits="3" branch="false"/>
            <line number="58" hits="3" branch="false"/>
            <line number="59" hits="3" branch="false"/>
            <line number="60" hits="3" branch="false"/>
            <line number="61" hits="3" branch="false"/>
            <line number="71" hits="1" branch="false"/>
            <line number="72" hits="1" branch="false"/>
            <line number="73" hits="1" branch="false"/>
            <line number="74" hits="1" branch="false"/>
            <line number="85" hits="1" branch="false"/>
            <line number="86" hits="1" branch="false"/>
            <line number="87" hits="1" branch="false"/>
            <line number="88" hits="1" branch="false"/>
            <line number="89" hits="1" branch="false"/>
            <line number="90" hits="1" branch="false"/>
            <line number="92" hits="1" branch="false"/>
            <line number="93" hits="1" branch="false"/>
            <line number="94" hits="1" branch="false"/>
            <line number="95" hits="1" branch="false"/>
            <line number="96" hits="1" branch="false"/>
            <line number="97" hits="1" branch="false"/>
            <line number="98" hits="1" branch="false"/>
            <line number="99" hits="1" branch="false"/>
            <line number="101" hits="1" branch="false"/>
          </lines>
        </class>
        <class name="assertions.R" filename="R/assertions.R" line-rate="0.874125874125874" branch-rate="0" complexity="0">
          <methods>
            <method name="assert_colnames" signature="" line-rate="0.888888888888889" branch-rate="0" complexity="0">
              <lines>
                <line number="22" hits="437" branch="false"/>
                <line number="23" hits="1" branch="false"/>
                <line number="26" hits="436" branch="false"/>
                <line number="27" hits="436" branch="false"/>
                <line number="28" hits="2" branch="false"/>
                <line number="29" hits="2" branch="false"/>
                <line number="30" hits="2" branch="false"/>
                <line number="31" hits="2" branch="false"/>
                <line number="32" hits="2" branch="false"/>
                <line number="33" hits="2" branch="false"/>
                <line number="34" hits="2" branch="false"/>
                <line number="35" hits="2" branch="false"/>
                <line number="36" hits="2" branch="false"/>
                <line number="37" hits="2" branch="false"/>
                <line number="38" hits="2" branch="false"/>
                <line number="40" hits="434" branch="false"/>
                <line number="41" hits="0" branch="false"/>
                <line number="42" hits="0" branch="false"/>
              </lines>
            </method>
            <method name="assert_all_tablenames" signature="" line-rate="1" branch-rate="0" complexity="0">
              <lines>
                <line number="66" hits="178" branch="false"/>
                <line number="67" hits="178" branch="false"/>
                <line number="68" hits="178" branch="false"/>
                <line number="70" hits="178" branch="false"/>
                <line number="72" hits="178" branch="false"/>
                <line number="73" hits="176" branch="false"/>
                <line number="75" hits="2" branch="false"/>
                <line number="76" hits="2" branch="false"/>
                <line number="77" hits="2" branch="false"/>
              </lines>
            </method>
            <method name="assert_one_tablenames" signature="" line-rate="1" branch-rate="0" complexity="0">
              <lines>
                <line number="101" hits="4" branch="false"/>
                <line number="102" hits="4" branch="false"/>
                <line number="103" hits="4" branch="false"/>
                <line number="105" hits="4" branch="false"/>
                <line number="107" hits="4" branch="false"/>
                <line number="109" hits="4" branch="false"/>
                <line number="110" hits="2" branch="false"/>
                <line number="112" hits="2" branch="false"/>
                <line number="113" hits="2" branch="false"/>
                <line number="114" hits="2" branch="false"/>
              </lines>
            </method>
            <method name="assert_subset_suggest" signature="" line-rate="1" branch-rate="0" complexity="0">
              <lines>
                <line number="137" hits="2" branch="false"/>
                <line number="138" hits="2" branch="false"/>
                <line number="140" hits="2" branch="false"/>
                <line number="142" hits="2" branch="false"/>
                <line number="143" hits="1" branch="false"/>
                <line number="146" hits="1" branch="false"/>
                <line number="147" hits="1" branch="false"/>
                <line number="149" hits="1" branch="false"/>
                <line number="150" hits="1" branch="false"/>
                <line number="151" hits="1" branch="false"/>
                <line number="152" hits="1" branch="false"/>
                <line number="153" hits="1" branch="false"/>
                <line number="154" hits="1" branch="false"/>
                <line number="155" hits="1" branch="false"/>
                <line number="156" hits="1" branch="false"/>
                <line number="157" hits="1" branch="false"/>
                <line number="158" hits="1" branch="false"/>
                <line number="159" hits="1" branch="false"/>
                <line number="160" hits="1" branch="false"/>
                <line number="161" hits="1" branch="false"/>
                <line number="162" hits="1" branch="false"/>
                <line number="163" hits="1" branch="false"/>
                <line number="164" hits="1" branch="false"/>
                <line number="165" hits="1" branch="false"/>
                <line number="166" hits="1" branch="false"/>
                <line number="167" hits="1" branch="false"/>
                <line number="168" hits="1" branch="false"/>
                <line number="170" hits="1" branch="false"/>
              </lines>
            </method>
            <method name="assert_single_value" signature="" line-rate="0.25" branch-rate="0" complexity="0">
              <lines>
                <line number="179" hits="7" branch="false"/>
                <line number="180" hits="7" branch="false"/>
                <line number="181" hits="0" branch="false"/>
                <line number="182" hits="0" branch="false"/>
                <line number="183" hits="0" branch="false"/>
                <line number="184" hits="0" branch="false"/>
                <line number="185" hits="0" branch="false"/>
                <line number="186" hits="0" branch="false"/>
              </lines>
            </method>
            <method name="assert_valid_var" signature="" line-rate="1" branch-rate="0" complexity="0">
              <lines>
                <line number="200" hits="437" branch="false"/>
              </lines>
            </method>
            <method name="assert_valid_var.character" signature="" line-rate="1" branch-rate="0" complexity="0">
              <lines>
                <line number="209" hits="78" branch="false"/>
                <line number="210" hits="78" branch="false"/>
                <line number="211" hits="78" branch="false"/>
                <line number="212" hits="78" branch="false"/>
                <line number="213" hits="78" branch="false"/>
                <line number="214" hits="78" branch="false"/>
                <line number="215" hits="78" branch="false"/>
                <line number="216" hits="78" branch="false"/>
              </lines>
            </method>
            <method name="assert_valid_var.factor" signature="" line-rate="1" branch-rate="0" complexity="0">
              <lines>
                <line number="223" hits="244" branch="false"/>
                <line number="224" hits="244" branch="false"/>
                <line number="225" hits="244" branch="false"/>
                <line number="226" hits="244" branch="false"/>
                <line number="227" hits="244" branch="false"/>
                <line number="228" hits="244" branch="false"/>
                <line number="229" hits="244" branch="false"/>
                <line number="230" hits="244" branch="false"/>
                <line number="231" hits="244" branch="false"/>
                <line number="232" hits="244" branch="false"/>
                <line number="233" hits="244" branch="false"/>
                <line number="234" hits="244" branch="false"/>
                <line number="235" hits="244" branch="false"/>
              </lines>
            </method>
            <method name="assert_valid_var.logical" signature="" line-rate="1" branch-rate="0" complexity="0">
              <lines>
                <line number="239" hits="106" branch="false"/>
                <line number="240" hits="106" branch="false"/>
                <line number="241" hits="106" branch="false"/>
                <line number="242" hits="106" branch="false"/>
                <line number="243" hits="106" branch="false"/>
                <line number="244" hits="106" branch="false"/>
                <line number="245" hits="106" branch="false"/>
              </lines>
            </method>
            <method name="assert_valid_var.numeric" signature="" line-rate="1" branch-rate="0" complexity="0">
              <lines>
                <line number="253" hits="9" branch="false"/>
                <line number="254" hits="9" branch="false"/>
                <line number="255" hits="9" branch="false"/>
                <line number="256" hits="9" branch="false"/>
                <line number="257" hits="9" branch="false"/>
                <line number="258" hits="9" branch="false"/>
                <line number="259" hits="9" branch="false"/>
                <line number="260" hits="9" branch="false"/>
              </lines>
            </method>
            <method name="assert_valid_variable" signature="" line-rate="1" branch-rate="0" complexity="0">
              <lines>
                <line number="275" hits="184" branch="false"/>
                <line number="276" hits="183" branch="false"/>
                <line number="277" hits="183" branch="false"/>
                <line number="278" hits="154" branch="false"/>
                <line number="280" hits="183" branch="false"/>
                <line number="281" hits="164" branch="false"/>
                <line number="282" hits="164" branch="false"/>
                <line number="283" hits="164" branch="false"/>
                <line number="284" hits="164" branch="false"/>
                <line number="285" hits="164" branch="false"/>
                <line number="286" hits="164" branch="false"/>
                <line number="287" hits="164" branch="false"/>
                <line number="289" hits="183" branch="false"/>
                <line number="290" hits="183" branch="false"/>
                <line number="291" hits="183" branch="false"/>
              </lines>
            </method>
            <method name="assert_valid_type" signature="" line-rate="0.166666666666667" branch-rate="0" complexity="0">
              <lines>
                <line number="299" hits="373" branch="false"/>
                <line number="300" hits="0" branch="false"/>
                <line number="301" hits="0" branch="false"/>
                <line number="302" hits="0" branch="false"/>
                <line number="303" hits="0" branch="false"/>
                <line number="304" hits="0" branch="false"/>
              </lines>
            </method>
            <method name="assert_valid_var_pair" signature="" line-rate="0.545454545454545" branch-rate="0" complexity="0">
              <lines>
                <line number="315" hits="38" branch="false"/>
                <line number="316" hits="38" branch="false"/>
                <line number="317" hits="38" branch="false"/>
                <line number="318" hits="38" branch="false"/>
                <line number="319" hits="38" branch="false"/>
                <line number="320" hits="38" branch="false"/>
                <line number="321" hits="0" branch="false"/>
                <line number="322" hits="0" branch="false"/>
                <line number="323" hits="0" branch="false"/>
                <line number="324" hits="0" branch="false"/>
                <line number="325" hits="0" branch="false"/>
              </lines>
            </method>
            <method name="abort" signature="" line-rate="1" branch-rate="0" complexity="0">
              <lines>
                <line number="333" hits="3" branch="false"/>
              </lines>
            </method>
          </methods>
          <lines>
            <line number="22" hits="437" branch="false"/>
            <line number="23" hits="1" branch="false"/>
            <line number="26" hits="436" branch="false"/>
            <line number="27" hits="436" branch="false"/>
[...]
            <method name="gg_list" signature="" line-rate="1" branch-rate="0" complexity="0">
              <lines>
                <line number="283" hits="6" branch="false"/>
                <line number="284" hits="6" branch="false"/>
                <line number="285" hits="6" branch="false"/>
                <line number="286" hits="6" branch="false"/>
                <line number="287" hits="6" branch="false"/>
                <line number="288" hits="6" branch="false"/>
              </lines>
            </method>
            <method name="droplevels.character" signature="" line-rate="0" branch-rate="0" complexity="0">
              <lines>
                <line number="293" hits="0" branch="false"/>
              </lines>
            </method>
            <method name="lvls" signature="" line-rate="1" branch-rate="0" complexity="0">
              <lines>
                <line number="302" hits="87" branch="false"/>
              </lines>
            </method>
            <method name="lvls.default" signature="" line-rate="0" branch-rate="0" complexity="0">
              <lines>
                <line number="306" hits="0" branch="false"/>
              </lines>
            </method>
            <method name="lvls.character" signature="" line-rate="0" branch-rate="0" complexity="0">
              <lines>
                <line number="310" hits="0" branch="false"/>
              </lines>
            </method>
            <method name="lvls.factor" signature="" line-rate="1" branch-rate="0" complexity="0">
              <lines>
                <line number="314" hits="87" branch="false"/>
              </lines>
            </method>
            <method name="quote_str" signature="" line-rate="0" branch-rate="0" complexity="0">
              <lines>
                <line number="319" hits="0" branch="false"/>
                <line number="320" hits="0" branch="false"/>
              </lines>
            </method>
            <method name="modify_default_args" signature="" line-rate="0" branch-rate="0" complexity="0">
              <lines>
                <line number="325" hits="0" branch="false"/>
                <line number="326" hits="0" branch="false"/>
                <line number="327" hits="0" branch="false"/>
              </lines>
            </method>
          </methods>
          <lines>
            <line number="11" hits="151" branch="false"/>
            <line number="12" hits="151" branch="false"/>
            <line number="23" hits="62" branch="false"/>
            <line number="24" hits="62" branch="false"/>
            <line number="25" hits="62" branch="false"/>
            <line number="26" hits="62" branch="false"/>
            <line number="27" hits="62" branch="false"/>
            <line number="31" hits="62" branch="false"/>
            <line number="33" hits="62" branch="false"/>
            <line number="37" hits="78" branch="false"/>
            <line number="41" hits="78" branch="false"/>
            <line number="42" hits="13" branch="false"/>
            <line number="44" hits="65" branch="false"/>
            <line number="62" hits="20" branch="false"/>
            <line number="63" hits="20" branch="false"/>
            <line number="65" hits="20" branch="false"/>
            <line number="66" hits="1" branch="false"/>
            <line number="69" hits="19" branch="false"/>
            <line number="71" hits="19" branch="false"/>
            <line number="83" hits="0" branch="false"/>
            <line number="84" hits="0" branch="false"/>
            <line number="85" hits="0" branch="false"/>
            <line number="87" hits="0" branch="false"/>
            <line number="88" hits="0" branch="false"/>
            <line number="89" hits="0" branch="false"/>
            <line number="90" hits="0" branch="false"/>
            <line number="104" hits="120" branch="false"/>
            <line number="106" hits="120" branch="false"/>
            <line number="107" hits="27" branch="false"/>
            <line number="109" hits="93" branch="false"/>
            <line number="137" hits="53" branch="false"/>
            <line number="139" hits="53" branch="false"/>
            <line number="140" hits="16" branch="false"/>
            <line number="141" hits="16" branch="false"/>
            <line number="144" hits="53" branch="false"/>
            <line number="158" hits="35" branch="false"/>
            <line number="159" hits="35" branch="false"/>
            <line number="161" hits="35" branch="false"/>
            <line number="163" hits="35" branch="false"/>
            <line number="165" hits="35" branch="false"/>
            <line number="166" hits="6" branch="false"/>
            <line number="168" hits="29" branch="false"/>
            <line number="183" hits="5" branch="false"/>
            <line number="184" hits="4" branch="false"/>
            <line number="186" hits="1" branch="false"/>
            <line number="187" hits="1" branch="false"/>
            <line number="188" hits="1" branch="false"/>
            <line number="189" hits="1" branch="false"/>
            <line number="208" hits="120" branch="false"/>
            <line number="210" hits="120" branch="false"/>
            <line number="211" hits="120" branch="false"/>
            <line number="213" hits="120" branch="false"/>
            <line number="232" hits="659" branch="false"/>
            <line number="233" hits="659" branch="false"/>
            <line number="235" hits="659" branch="false"/>
            <line number="236" hits="1" branch="false"/>
            <line number="238" hits="658" branch="false"/>
            <line number="239" hits="658" branch="false"/>
            <line number="241" hits="658" branch="false"/>
            <line number="242" hits="658" branch="false"/>
            <line number="244" hits="658" branch="false"/>
            <line number="245" hits="658" branch="false"/>
            <line number="257" hits="12" branch="false"/>
            <line number="258" hits="1" branch="false"/>
            <line number="261" hits="11" branch="false"/>
            <line number="262" hits="11" branch="false"/>
            <line number="264" hits="11" branch="false"/>
            <line number="271" hits="1" branch="false"/>
            <line number="272" hits="1" branch="false"/>
            <line number="273" hits="1" branch="false"/>
            <line number="274" hits="1" branch="false"/>
            <line number="275" hits="1" branch="false"/>
            <line number="276" hits="1" branch="false"/>
            <line number="283" hits="6" branch="false"/>
            <line number="284" hits="6" branch="false"/>
            <line number="285" hits="6" branch="false"/>
            <line number="286" hits="6" branch="false"/>
            <line number="287" hits="6" branch="false"/>
            <line number="288" hits="6" branch="false"/>
            <line number="293" hits="0" branch="false"/>
            <line number="302" hits="87" branch="false"/>
            <line number="306" hits="0" branch="false"/>
            <line number="310" hits="0" branch="false"/>
            <line number="314" hits="87" branch="false"/>
            <line number="319" hits="0" branch="false"/>
            <line number="320" hits="0" branch="false"/>
            <line number="325" hits="0" branch="false"/>
            <line number="326" hits="0" branch="false"/>
            <line number="327" hits="0" branch="false"/>
          </lines>
        </class>
        <class name="vst01.R" filename="R/vst01.R" line-rate="1" branch-rate="0" complexity="0">
          <methods>
            <method name="vst01_1_main" signature="" line-rate="1" branch-rate="0" complexity="0">
              <lines>
                <line number="33" hits="2" branch="false"/>
                <line number="34" hits="2" branch="false"/>
                <line number="35" hits="2" branch="false"/>
                <line number="37" hits="2" branch="false"/>
                <line number="39" hits="2" branch="false"/>
                <line number="40" hits="2" branch="false"/>
                <line number="41" hits="2" branch="false"/>
                <line number="42" hits="2" branch="false"/>
                <line number="43" hits="2" branch="false"/>
                <line number="44" hits="2" branch="false"/>
                <line number="45" hits="2" branch="false"/>
                <line number="46" hits="2" branch="false"/>
                <line number="47" hits="2" branch="false"/>
                <line number="49" hits="2" branch="false"/>
                <line number="50" hits="2" branch="false"/>
                <line number="51" hits="2" branch="false"/>
                <line number="52" hits="2" branch="false"/>
                <line number="53" hits="2" branch="false"/>
                <line number="55" hits="2" branch="false"/>
              </lines>
            </method>
            <method name="vst01_1_lyt" signature="" line-rate="1" branch-rate="0" complexity="0">
              <lines>
                <line number="82" hits="4" branch="false"/>
                <line number="83" hits="4" branch="false"/>
                <line number="84" hits="4" branch="false"/>
                <line number="85" hits="4" branch="false"/>
                <line number="86" hits="4" branch="false"/>
                <line number="87" hits="4" branch="false"/>
                <line number="88" hits="4" branch="false"/>
                <line number="89" hits="4" branch="false"/>
                <line number="90" hits="4" branch="false"/>
                <line number="91" hits="4" branch="false"/>
                <line number="92" hits="4" branch="false"/>
                <line number="93" hits="4" branch="false"/>
                <line number="94" hits="4" branch="false"/>
                <line number="95" hits="4" branch="false"/>
                <line number="96" hits="4" branch="false"/>
                <line number="97" hits="4" branch="false"/>
                <line number="98" hits="4" branch="false"/>
                <line number="99" hits="4" branch="false"/>
                <line number="100" hits="4" branch="false"/>
                <line number="101" hits="4" branch="false"/>
                <line number="102" hits="4" branch="false"/>
                <line number="103" hits="4" branch="false"/>
              </lines>
            </method>
            <method name="vst01_1_pre" signature="" line-rate="1" branch-rate="0" complexity="0">
              <lines>
                <line number="112" hits="2" branch="false"/>
                <line number="115" hits="2" branch="false"/>
                <line number="116" hits="2" branch="false"/>
                <line number="118" hits="2" branch="false"/>
              </lines>
            </method>
            <method name="vst01_1_post" signature="" line-rate="1" branch-rate="0" complexity="0">
              <lines>
                <line number="127" hits="2" branch="false"/>
                <line number="128" hits="2" branch="false"/>
              </lines>
            </method>
          </methods>
          <lines>
            <line number="33" hits="2" branch="false"/>
            <line number="34" hits="2" branch="false"/>
            <line number="35" hits="2" branch="false"/>
            <line number="37" hits="2" branch="false"/>
            <line number="39" hits="2" branch="false"/>
            <line number="40" hits="2" branch="false"/>
            <line number="41" hits="2" branch="false"/>
            <line number="42" hits="2" branch="false"/>
            <line number="43" hits="2" branch="false"/>
            <line number="44" hits="2" branch="false"/>
            <line number="45" hits="2" branch="false"/>
            <line number="46" hits="2" branch="false"/>
            <line number="47" hits="2" branch="false"/>
            <line number="49" hits="2" branch="false"/>
            <line number="50" hits="2" branch="false"/>
            <line number="51" hits="2" branch="false"/>
            <line number="52" hits="2" branch="false"/>
            <line number="53" hits="2" branch="false"/>
            <line number="55" hits="2" branch="false"/>
            <line number="82" hits="4" branch="false"/>
            <line number="83" hits="4" branch="false"/>
            <line number="84" hits="4" branch="false"/>
            <line number="85" hits="4" branch="false"/>
            <line number="86" hits="4" branch="false"/>
            <line number="87" hits="4" branch="false"/>
            <line number="88" hits="4" branch="false"/>
            <line number="89" hits="4" branch="false"/>
            <line number="90" hits="4" branch="false"/>
            <line number="91" hits="4" branch="false"/>
            <line number="92" hits="4" branch="false"/>
            <line number="93" hits="4" branch="false"/>
            <line number="94" hits="4" branch="false"/>
            <line number="95" hits="4" branch="false"/>
            <line number="96" hits="4" branch="false"/>
            <line number="97" hits="4" branch="false"/>
            <line number="98" hits="4" branch="false"/>
            <line number="99" hits="4" branch="false"/>
            <line number="100" hits="4" branch="false"/>
            <line number="101" hits="4" branch="false"/>
            <line number="102" hits="4" branch="false"/>
            <line number="103" hits="4" branch="false"/>
            <line number="112" hits="2" branch="false"/>
            <line number="115" hits="2" branch="false"/>
            <line number="116" hits="2" branch="false"/>
            <line number="118" hits="2" branch="false"/>
            <line number="127" hits="2" branch="false"/>
            <line number="128" hits="2" branch="false"/>
          </lines>
        </class>
        <class name="vst02.R" filename="R/vst02.R" line-rate="0.977777777777778" branch-rate="0" complexity="0">
          <methods>
            <method name="vst02_main" signature="" line-rate="1" branch-rate="0" complexity="0">
              <lines>
                <line number="28" hits="2" branch="false"/>
                <line number="29" hits="2" branch="false"/>
                <line number="30" hits="2" branch="false"/>
                <line number="31" hits="2" branch="false"/>
                <line number="32" hits="2" branch="false"/>
                <line number="33" hits="2" branch="false"/>
                <line number="35" hits="2" branch="false"/>
                <line number="36" hits="2" branch="false"/>
                <line number="37" hits="2" branch="false"/>
                <line number="38" hits="2" branch="false"/>
                <line number="40" hits="2" branch="false"/>
                <line number="41" hits="2" branch="false"/>
                <line number="42" hits="2" branch="false"/>
                <line number="43" hits="2" branch="false"/>
                <line number="44" hits="2" branch="false"/>
                <line number="45" hits="2" branch="false"/>
                <line number="46" hits="2" branch="false"/>
                <line number="48" hits="2" branch="false"/>
                <line number="49" hits="2" branch="false"/>
              </lines>
            </method>
            <method name="vst02_lyt" signature="" line-rate="1" branch-rate="0" complexity="0">
              <lines>
                <line number="65" hits="3" branch="false"/>
                <line number="66" hits="3" branch="false"/>
                <line number="67" hits="3" branch="false"/>
                <line number="68" hits="3" branch="false"/>
                <line number="69" hits="3" branch="false"/>
                <line number="70" hits="3" branch="false"/>
                <line number="71" hits="3" branch="false"/>
                <line number="72" hits="3" branch="false"/>
                <line number="73" hits="3" branch="false"/>
                <line number="74" hits="3" branch="false"/>
                <line number="75" hits="3" branch="false"/>
                <line number="76" hits="3" branch="false"/>
              </lines>
            </method>
            <method name="vst02_pre" signature="" line-rate="1" branch-rate="0" complexity="0">
              <lines>
                <line number="86" hits="2" branch="false"/>
                <line number="87" hits="2" branch="false"/>
                <line number="88" hits="2" branch="false"/>
                <line number="89" hits="2" branch="false"/>
                <line number="90" hits="2" branch="false"/>
                <line number="91" hits="2" branch="false"/>
                <line number="92" hits="2" branch="false"/>
                <line number="93" hits="2" branch="false"/>
                <line number="94" hits="2" branch="false"/>
                <line number="95" hits="2" branch="false"/>
                <line number="96" hits="2" branch="false"/>
              </lines>
            </method>
            <method name="vst02_post" signature="" line-rate="0.666666666666667" branch-rate="0" complexity="0">
              <lines>
                <line number="106" hits="2" branch="false"/>
                <line number="107" hits="0" branch="false"/>
                <line number="109" hits="2" branch="false"/>
              </lines>
            </method>
          </methods>
          <lines>
            <line number="28" hits="2" branch="false"/>
            <line number="29" hits="2" branch="false"/>
            <line number="30" hits="2" branch="false"/>
            <line number="31" hits="2" branch="false"/>
            <line number="32" hits="2" branch="false"/>
            <line number="33" hits="2" branch="false"/>
            <line number="35" hits="2" branch="false"/>
            <line number="36" hits="2" branch="false"/>
            <line number="37" hits="2" branch="false"/>
            <line number="38" hits="2" branch="false"/>
            <line number="40" hits="2" branch="false"/>
            <line number="41" hits="2" branch="false"/>
            <line number="42" hits="2" branch="false"/>
            <line number="43" hits="2" branch="false"/>
            <line number="44" hits="2" branch="false"/>
            <line number="45" hits="2" branch="false"/>
            <line number="46" hits="2" branch="false"/>
            <line number="48" hits="2" branch="false"/>
            <line number="49" hits="2" branch="false"/>
            <line number="65" hits="3" branch="false"/>
            <line number="66" hits="3" branch="false"/>
            <line number="67" hits="3" branch="false"/>
            <line number="68" hits="3" branch="false"/>
            <line number="69" hits="3" branch="false"/>
            <line number="70" hits="3" branch="false"/>
            <line number="71" hits="3" branch="false"/>
            <line number="72" hits="3" branch="false"/>
            <line number="73" hits="3" branch="false"/>
            <line number="74" hits="3" branch="false"/>
            <line number="75" hits="3" branch="false"/>
            <line number="76" hits="3" branch="false"/>
            <line number="86" hits="2" branch="false"/>
            <line number="87" hits="2" branch="false"/>
            <line number="88" hits="2" branch="false"/>
            <line number="89" hits="2" branch="false"/>
            <line number="90" hits="2" branch="false"/>
            <line number="91" hits="2" branch="false"/>
            <line number="92" hits="2" branch="false"/>
            <line number="93" hits="2" branch="false"/>
            <line number="94" hits="2" branch="false"/>
            <line number="95" hits="2" branch="false"/>
            <line number="96" hits="2" branch="false"/>
            <line number="106" hits="2" branch="false"/>
            <line number="107" hits="0" branch="false"/>
            <line number="109" hits="2" branch="false"/>
          </lines>
        </class>
      </classes>
    </package>
  </packages>
</coverage>
