<?xml version="1.0" encoding="UTF-8"?>
<testsuites>
  <testsuite name="ael01_nollt" timestamp="2023-05-15T13:19:20Z" hostname="4c2f7a769255" tests="8" skipped="4" failures="0" errors="0" time="1.469">
    <testcase time="1.029" classname="ael01_nollt" name="ael01_nollt_works_with_admh_dataset"/>
    <testcase time="0.0950000000000002" classname="ael01_nollt" name="ael01_nollt_works_with_admh_dataset">
      <skipped message="Reason: On CRAN ('test-ael01_nollt.R:7:3')"/>
    </testcase>
    <testcase time="0.0489999999999999" classname="ael01_nollt" name="ael01_nollt_works_with_non_default_label"/>
    <testcase time="0.161" classname="ael01_nollt" name="ael01_nollt_works_with_non_default_label">
      <skipped message="Reason: On CRAN ('test-ael01_nollt.R:19:3')"/>
    </testcase>
    <testcase time="0.0600000000000005" classname="ael01_nollt" name="ael01_nollt_can_handle_all_missing_values"/>
    <testcase time="0.0270000000000001" classname="ael01_nollt" name="ael01_nollt_can_handle_all_missing_values">
      <skipped message="Reason: On CRAN ('test-ael01_nollt.R:32:3')"/>
    </testcase>
    <testcase time="0.0309999999999997" classname="ael01_nollt" name="ael01_nollt_can_handle_some_missing_values"/>
    <testcase time="0.0170000000000003" classname="ael01_nollt" name="ael01_nollt_can_handle_some_missing_values">
      <skipped message="Reason: On CRAN ('test-ael01_nollt.R:47:3')"/>
    </testcase>
  </testsuite>
  <testsuite name="aet01" timestamp="2023-05-15T13:19:21Z" hostname="4c2f7a769255" tests="9" skipped="4" failures="0" errors="0" time="1.819">
    <testcase time="0.508999999999999" classname="aet01" name="aet01_can_handle_all_NA_values"/>
    <testcase time="0.0860000000000003" classname="aet01" name="aet01_can_handle_all_NA_values">
      <skipped message="Reason: On CRAN ('test-aet01.R:12:3')"/>
    </testcase>
    <testcase time="0.332" classname="aet01" name="aet01_can_handle_some_NA_values"/>
    <testcase time="0.0730000000000004" classname="aet01" name="aet01_can_handle_some_NA_values">
      <skipped message="Reason: On CRAN ('test-aet01.R:29:3')"/>
    </testcase>
    <testcase time="0.237" classname="aet01" name="aet01_can_use_custom_anl_vars"/>
    <testcase time="0.0419999999999998" classname="aet01" name="aet01_can_use_custom_anl_vars">
      <skipped message="Reason: On CRAN ('test-aet01.R:35:3')"/>
    </testcase>
    <testcase time="0.122" classname="aet01" name="aet01_fails_on_incomplete_data_input"/>
    <testcase time="0.339" classname="aet01" name="aet01_can_use_custom_medconcept_var"/>
    <testcase time="0.0790000000000006" classname="aet01" name="aet01_can_use_custom_medconcept_var">
      <skipped message="Reason: On CRAN ('test-aet01.R:65:3')"/>
    </testcase>
  </testsuite>
  <testsuite name="aet01_aesi" timestamp="2023-05-15T13:19:23Z" hostname="4c2f7a769255" tests="7" skipped="3" failures="0" errors="0" time="1.231">
    <testcase time="0.3" classname="aet01_aesi" name="aet01_aesi_can_handle_all_NA_values"/>
    <testcase time="0.0759999999999996" classname="aet01_aesi" name="aet01_aesi_can_handle_all_NA_values">
      <skipped message="Reason: On CRAN ('test-aet01_aesi.R:17:3')"/>
    </testcase>
    <testcase time="0.252000000000001" classname="aet01_aesi" name="aet01_aesi_can_handle_some_NA_values"/>
    <testcase time="0.0659999999999998" classname="aet01_aesi" name="aet01_aesi_can_handle_some_NA_values">
      <skipped message="Reason: On CRAN ('test-aet01_aesi.R:30:3')"/>
    </testcase>
    <testcase time="0.342" classname="aet01_aesi" name="aet01_aesi_works_with_ALL_argument"/>
    <testcase time="0.117" classname="aet01_aesi" name="aet01_aesi_works_with_ALL_argument">
      <skipped message="Reason: On CRAN ('test-aet01_aesi.R:36:3')"/>
    </testcase>
    <testcase time="0.0780000000000003" classname="aet01_aesi" name="aet01_aesi_check_fails_on_incomplete_data_input"/>
  </testsuite>
  <testsuite name="aet02" timestamp="2023-05-15T13:19:24Z" hostname="4c2f7a769255" tests="3" skipped="1" failures="0" errors="0" time="0.441">
    <testcase time="0.0720000000000001" classname="aet02" name="aet02_fails_on_incomplete_data_input"/>
    <testcase time="0.119" classname="aet02" name="aet02_handle_empty_data_input"/>
    <testcase time="0.25" classname="aet02" name="aet02_can_have_different_levels_of_row_split">
      <skipped message="Reason: On CRAN ('test-aet02.R:28:3')"/>
    </testcase>
  </testsuite>
  <testsuite name="aet03" timestamp="2023-05-15T13:19:25Z" hostname="4c2f7a769255" tests="4" skipped="2" failures="0" errors="0" time="2.606">
    <testcase time="0.441999999999999" classname="aet03" name="aet03_can_handle_NA_values"/>
    <testcase time="0.077" classname="aet03" name="aet03_can_handle_NA_values">
      <skipped message="Reason: On CRAN ('test-aet03.R:10:3')"/>
    </testcase>
    <testcase time="1.875" classname="aet03" name="aet03_can_handle_some_NA_values"/>
    <testcase time="0.212" classname="aet03" name="aet03_can_handle_some_NA_values">
      <skipped message="Reason: On CRAN ('test-aet03.R:27:3')"/>
    </testcase>
  </testsuite>
  <testsuite name="aet04" timestamp="2023-05-15T13:19:27Z" hostname="4c2f7a769255" tests="4" skipped="2" failures="0" errors="0" time="4.302">
    <testcase time="0.606999999999999" classname="aet04" name="aet04_can_handle_NA_values"/>
    <testcase time="0.109" classname="aet04" name="aet04_can_handle_NA_values">
      <skipped message="Reason: On CRAN ('test-aet04.R:10:3')"/>
    </testcase>
    <testcase time="3.294" classname="aet04" name="aet04_can_handle_some_NA_values"/>
    <testcase time="0.292" classname="aet04" name="aet04_can_handle_some_NA_values">
      <skipped message="Reason: On CRAN ('test-aet04.R:42:3')"/>
    </testcase>
  </testsuite>
  <testsuite name="aet10" timestamp="2023-05-15T13:19:32Z" hostname="4c2f7a769255" tests="4" skipped="2" failures="0" errors="0" time="0.278">
    <testcase time="0.0899999999999999" classname="aet10" name="aet10_can_handle_NA_values"/>
    <testcase time="0.0269999999999992" classname="aet10" name="aet10_can_handle_NA_values">
      <skipped message="Reason: On CRAN ('test-aet10.R:10:3')"/>
    </testcase>
    <testcase time="0.109" classname="aet10" name="aet10_can_handle_some_NA_values"/>
    <testcase time="0.0520000000000014" classname="aet10" name="aet10_can_handle_some_NA_values">
      <skipped message="Reason: On CRAN ('test-aet10.R:24:3')"/>
    </testcase>
  </testsuite>
  <testsuite name="assertions" timestamp="2023-05-15T13:19:32Z" hostname="4c2f7a769255" tests="14" skipped="0" failures="0" errors="0" time="0.095">
    <testcase time="0.0190000000000001" classname="assertions" name="assert_colnames_works_as_expected"/>
    <testcase time="0.00599999999999845" classname="assertions" name="assert_colnames_works_as_expected"/>
    <testcase time="0.00200000000000067" classname="assertions" name="assert_colnames_works_as_expected"/>
    <testcase time="0.00500000000000078" classname="assertions" name="assert_colnames_works_as_expected"/>
    <testcase time="0.00499999999999901" classname="assertions" name="assert_one_tablenames_works_as_expected"/>
    <testcase time="0.00200000000000067" classname="assertions" name="assert_one_tablenames_works_as_expected"/>
    <testcase time="0.00499999999999901" classname="assertions" name="assert_one_tablenames_works_as_expected"/>
    <testcase time="0.00600000000000023" classname="assertions" name="assert_one_tablenames_works_as_expected"/>
    <testcase time="0.00500000000000078" classname="assertions" name="assert_all_tablenames_works_as_expected"/>
    <testcase time="0.00499999999999901" classname="assertions" name="assert_all_tablenames_works_as_expected"/>
    <testcase time="0.0140000000000011" classname="assertions" name="assert_all_tablenames_works_as_expected"/>
    <testcase time="0.00900000000000034" classname="assertions" name="assert_args_works_as_expected"/>
    <testcase time="0.00199999999999889" classname="assertions" name="assert_args_works_as_expected"/>
    <testcase time="0.00999999999999979" classname="assertions" name="assert_args_works_as_expected"/>
  </testsuite>
  <testsuite name="checks" timestamp="2023-05-15T13:19:32Z" hostname="4c2f7a769255" tests="8" skipped="0" failures="0" errors="0" time="0.032">
    <testcase time="0.0080000000000009" classname="checks" name="check_all_colnames_works_as_expected"/>
    <testcase time="0.00399999999999956" classname="checks" name="check_all_colnames_works_as_expected"/>
    <testcase time="0.00200000000000067" classname="checks" name="check_all_colnames_works_as_expected"/>
    <testcase time="0.00399999999999956" classname="checks" name="check_all_colnames_works_as_expected"/>
    <testcase time="0.00499999999999901" classname="checks" name="check_one_colnames_works_as_expected"/>
    <testcase time="0.00300000000000011" classname="checks" name="check_one_colnames_works_as_expected"/>
    <testcase time="0.00200000000000067" classname="checks" name="check_one_colnames_works_as_expected"/>
    <testcase time="0.00399999999999956" classname="checks" name="check_one_colnames_works_as_expected"/>
  </testsuite>
  <testsuite name="chevron_tlg-class" timestamp="2023-05-15T13:19:32Z" hostname="4c2f7a769255" tests="24" skipped="0" failures="0" errors="0" time="0.083">
    <testcase time="0.00999999999999979" classname="chevron_tlg_class" name="chevron_t_object_can_be_constructed_with_default_values"/>
    <testcase time="0.00400000000000134" classname="chevron_tlg_class" name="chevron_t_object_can_be_constructed_with_default_values"/>
    <testcase time="0.00600000000000023" classname="chevron_tlg_class" name="chevron_t_object_can_be_constructed_with_custom_values"/>
    <testcase time="0.00399999999999956" classname="chevron_tlg_class" name="chevron_t_object_can_be_constructed_with_custom_values"/>
    <testcase time="0.00300000000000011" classname="chevron_tlg_class" name="chevron_t_object_can_be_constructed_with_custom_values"/>
    <testcase time="0.00399999999999956" classname="chevron_tlg_class" name="chevron_t_object_can_be_constructed_with_custom_values"/>
    <testcase time="0.00600000000000023" classname="chevron_tlg_class" name="chevron_t_constructor_returns_an_error_when_expected"/>
    <testcase time="0.000999999999999446" classname="chevron_tlg_class" name="chevron_t_constructor_returns_an_error_when_expected"/>
    <testcase time="0.000999999999999446" classname="chevron_tlg_class" name="chevron_t_constructor_returns_an_error_when_expected"/>
    <testcase time="0.00100000000000122" classname="chevron_tlg_class" name="chevron_t_constructor_returns_an_error_when_expected"/>
    <testcase time="0.000999999999999446" classname="chevron_tlg_class" name="chevron_t_constructor_returns_an_error_when_expected"/>
    <testcase time="0.000999999999999446" classname="chevron_tlg_class" name="chevron_t_constructor_returns_an_error_when_expected"/>
    <testcase time="0.00700000000000145" classname="chevron_tlg_class" name="chevron_l_object_can_be_constructed_with_default_values"/>
    <testcase time="0.00399999999999956" classname="chevron_tlg_class" name="chevron_l_object_can_be_constructed_with_default_values"/>
    <testcase time="0.00600000000000023" classname="chevron_tlg_class" name="chevron_g_object_can_be_constructed_with_custom_values"/>
    <testcase time="0.00499999999999901" classname="chevron_tlg_class" name="chevron_g_object_can_be_constructed_with_custom_values"/>
    <testcase time="0.00300000000000011" classname="chevron_tlg_class" name="chevron_g_object_can_be_constructed_with_custom_values"/>
    <testcase time="0.00399999999999956" classname="chevron_tlg_class" name="chevron_g_object_can_be_constructed_with_custom_values"/>
    <testcase time="0.00500000000000078" classname="chevron_tlg_class" name="chevron_g_constructor_returns_an_error_when_expected"/>
    <testcase time="0.00200000000000067" classname="chevron_tlg_class" name="chevron_g_constructor_returns_an_error_when_expected"/>
    <testcase time="0.000999999999999446" classname="chevron_tlg_class" name="chevron_g_constructor_returns_an_error_when_expected"/>
    <testcase time="0.000999999999999446" classname="chevron_tlg_class" name="chevron_g_constructor_returns_an_error_when_expected"/>
    <testcase time="0.00100000000000122" classname="chevron_tlg_class" name="chevron_g_constructor_returns_an_error_when_expected"/>
    <testcase time="0.00199999999999889" classname="chevron_tlg_class" name="chevron_g_constructor_returns_an_error_when_expected"/>
  </testsuite>
  <testsuite name="chevron_tlg-methods" timestamp="2023-05-15T13:19:32Z" hostname="4c2f7a769255" tests="43" skipped="3" failures="0" errors="0" time="3.61">
    <testcase time="2.95" classname="chevron_tlg_methods" name="run_works_as_expected_for_chevron_t_object">
      <skipped message="Reason: On CRAN ('test-chevron_tlg-methods.R:5:3')"/>
    </testcase>
    <testcase time="0.425999999999998" classname="chevron_tlg_methods" name="run_works_as_expected_for_chevron_t_object_when_auto_pre_FALSE">
      <skipped message="Reason: On CRAN ('test-chevron_tlg-methods.R:13:3')"/>
    </testcase>
    <testcase time="0.0139999999999993" classname="chevron_tlg_methods" name="args_ls_works_as_expected"/>
    <testcase time="0.00100000000000122" classname="chevron_tlg_methods" name="args_ls_works_as_expected"/>
    <testcase time="0.00100000000000122" classname="chevron_tlg_methods" name="args_ls_works_as_expected"/>
    <testcase time="0.00499999999999901" classname="chevron_tlg_methods" name="args_ls_works_as_expected_when_simplify_is_TRUE"/>
    <testcase time="0.00100000000000122" classname="chevron_tlg_methods" name="args_ls_works_as_expected_when_simplify_is_TRUE"/>
    <testcase time="0.000999999999997669" classname="chevron_tlg_methods" name="args_ls_works_as_expected_when_simplify_is_TRUE"/>
    <testcase time="0.00499999999999901" classname="chevron_tlg_methods" name="args_ls_works_as_expected_with_custom_chevron_tlg_object"/>
    <testcase time="0.00100000000000122" classname="chevron_tlg_methods" name="args_ls_works_as_expected_with_custom_chevron_tlg_object"/>
    <testcase time="0.00199999999999889" classname="chevron_tlg_methods" name="args_ls_works_as_expected_with_custom_chevron_tlg_object"/>
    <testcase time="0.00300000000000011" classname="chevron_tlg_methods" name="args_ls_works_as_expected_with_custom_chevron_tlg_object"/>
    <testcase time="0.00799999999999912" classname="chevron_tlg_methods" name="main_works_as_expected"/>
    <testcase time="0.00900000000000034" classname="chevron_tlg_methods" name="get_main_works_as_expected"/>
    <testcase time="0.00400000000000134" classname="chevron_tlg_methods" name="get_main_works_as_expected"/>
    <testcase time="0.00799999999999912" classname="chevron_tlg_methods" name="main_setter_works_as_expected"/>
    <testcase time="0.0120000000000005" classname="chevron_tlg_methods" name="main_setter_throw_an_error_as_expected"/>
    <testcase time="0.00700000000000145" classname="chevron_tlg_methods" name="preprocess_works_as_expected"/>
    <testcase time="0.00900000000000034" classname="chevron_tlg_methods" name="get_preprocess_works_as_expected"/>
    <testcase time="0.00399999999999778" classname="chevron_tlg_methods" name="get_preprocess_works_as_expected"/>
    <testcase time="0.00700000000000145" classname="chevron_tlg_methods" name="preprocess_setter_works_as_expected"/>
    <testcase time="0.0120000000000005" classname="chevron_tlg_methods" name="preprocess_sends_an_error_as_expected"/>
    <testcase time="0.00700000000000145" classname="chevron_tlg_methods" name="postprocess_works_as_expected"/>
    <testcase time="0.00799999999999912" classname="chevron_tlg_methods" name="get_postprocess_works_as_expected"/>
    <testcase time="0.00399999999999778" classname="chevron_tlg_methods" name="get_postprocess_works_as_expected"/>
    <testcase time="0.00700000000000145" classname="chevron_tlg_methods" name="postprocess_setter_works_as_expected"/>
    <testcase time="0.0130000000000017" classname="chevron_tlg_methods" name="postprocess_sends_an_error_as_expected"/>
    <testcase time="0.0069999999999979" classname="chevron_tlg_methods" name="datasets_works_as_expected"/>
    <testcase time="0.00900000000000034" classname="chevron_tlg_methods" name="get_adam_datasets_works_as_expected"/>
    <testcase time="0.00400000000000134" classname="chevron_tlg_methods" name="get_adam_datasets_works_as_expected"/>
    <testcase time="0.00799999999999912" classname="chevron_tlg_methods" name="datasets_setter_works_as_expected"/>
    <testcase time="0.00600000000000023" classname="chevron_tlg_methods" name="script_works_as_expected"/>
    <testcase time="0.00100000000000122" classname="chevron_tlg_methods" name="script_works_as_expected"/>
    <testcase time="0.00199999999999889" classname="chevron_tlg_methods" name="script_works_as_expected"/>
    <testcase time="0.00499999999999901" classname="chevron_tlg_methods" name="script_works_as_expected_with_dictionary_of_arguments"/>
    <testcase time="0.00100000000000122" classname="chevron_tlg_methods" name="script_works_as_expected_with_dictionary_of_arguments"/>
    <testcase time="0.00199999999999889" classname="chevron_tlg_methods" name="script_works_as_expected_with_dictionary_of_arguments"/>
    <testcase time="0.00100000000000122" classname="chevron_tlg_methods" name="script_works_as_expected_with_dictionary_of_arguments"/>
    <testcase time="0.00499999999999901" classname="chevron_tlg_methods" name="script_funs_works_as_expected_in_interactive_mode">
      <skipped message="Reason: !interactive() is TRUE ('test-chevron_tlg-methods.R:194:3')"/>
    </testcase>
    <testcase time="0.022000000000002" classname="chevron_tlg_methods" name="script_funs_works_as_expected"/>
    <testcase time="0.00100000000000122" classname="chevron_tlg_methods" name="script_funs_works_as_expected"/>
    <testcase time="0.00600000000000023" classname="chevron_tlg_methods" name="script_funs_works_as_expected_with_details_set_to_TRUE"/>
    <testcase time="0.000999999999997669" classname="chevron_tlg_methods" name="script_funs_works_as_expected_with_details_set_to_TRUE"/>
  </testsuite>
  <testsuite name="cmt01a" timestamp="2023-05-15T13:19:36Z" hostname="4c2f7a769255" tests="4" skipped="2" failures="0" errors="0" time="1.184">
    <testcase time="0.175000000000001" classname="cmt01a" name="cmt01a_can_handle_all_NA_values"/>
    <testcase time="0.0399999999999991" classname="cmt01a" name="cmt01a_can_handle_all_NA_values">
      <skipped message="Reason: On CRAN ('test-cmt01a.R:10:3')"/>
    </testcase>
    <testcase time="0.796000000000003" classname="cmt01a" name="cmt01a_can_handle_some_NA_values"/>
    <testcase time="0.172999999999998" classname="cmt01a" name="cmt01a_can_handle_some_NA_values">
      <skipped message="Reason: On CRAN ('test-cmt01a.R:18:3')"/>
    </testcase>
  </testsuite>
  <testsuite name="cmt02_pt" timestamp="2023-05-15T13:19:37Z" hostname="4c2f7a769255" tests="4" skipped="2" failures="0" errors="0" time="0.403">
    <testcase time="0.135999999999999" classname="cmt02_pt" name="cmt02_pt_can_handle_all_NA_values"/>
    <testcase time="0.0300000000000011" classname="cmt02_pt" name="cmt02_pt_can_handle_all_NA_values">
      <skipped message="Reason: On CRAN ('test-cmt02_pt.R:9:3')"/>
    </testcase>
    <testcase time="0.167999999999999" classname="cmt02_pt" name="cmt02_pt_can_handle_some_NA_values"/>
    <testcase time="0.0689999999999991" classname="cmt02_pt" name="cmt02_pt_can_handle_some_NA_values">
      <skipped message="Reason: On CRAN ('test-cmt02_pt.R:17:3')"/>
    </testcase>
  </testsuite>
  <testsuite name="coxt02" timestamp="2023-05-15T13:19:37Z" hostname="4c2f7a769255" tests="3" skipped="1" failures="0" errors="0" time="0.668">
    <testcase time="0.573" classname="coxt02" name="coxt02_can_handle_some_NA_values"/>
    <testcase time="0.0700000000000003" classname="coxt02" name="coxt02_can_handle_some_NA_values">
      <skipped message="Reason: On CRAN ('test-coxt02.R:5:3')"/>
    </testcase>
    <testcase time="0.0250000000000021" classname="coxt02" name="coxt02_fails_on_incomlete_date"/>
  </testsuite>
  <testsuite name="default_tlg" timestamp="2023-05-15T13:19:38Z" hostname="4c2f7a769255" tests="33" skipped="33" failures="0" errors="0" time="33.869">
    <testcase time="0.0589999999999975" classname="default_tlg" name="ael01_nollt_function_with_default_argument_value_return_expected_result_with_test_data">
      <skipped message="Reason: On CRAN ('test-default_tlg.R:5:3')"/>
    </testcase>
    <testcase time="0.394000000000002" classname="default_tlg" name="aet01_function_with_default_argument_value_return_expected_result_with_test_data">
      <skipped message="Reason: On CRAN ('test-default_tlg.R:12:3')"/>
    </testcase>
    <testcase time="0.323" classname="default_tlg" name="aet01_aesi_function_with_default_argument_value_return_expected_result_with_test_data">
      <skipped message="Reason: On CRAN ('test-default_tlg.R:19:3')"/>
    </testcase>
    <testcase time="0.803000000000001" classname="default_tlg" name="aet02_functions_with_default_argument_value_return_expected_result_with_test_data">
      <skipped message="Reason: On CRAN ('test-default_tlg.R:26:3')"/>
    </testcase>
    <testcase time="2.079" classname="default_tlg" name="aet03_functions_with_default_argument_value_return_expected_result_with_test_data">
      <skipped message="Reason: On CRAN ('test-default_tlg.R:33:3')"/>
    </testcase>
    <testcase time="3.117" classname="default_tlg" name="aet04_functions_with_default_argument_value_return_expected_result_with_test_data">
      <skipped message="Reason: On CRAN ('test-default_tlg.R:40:3')"/>
    </testcase>
    <testcase time="0.170000000000002" classname="default_tlg" name="aet10_functions_with_default_argument_value_return_expected_result_with_test_data">
      <skipped message="Reason: On CRAN ('test-default_tlg.R:47:3')"/>
    </testcase>
    <testcase time="0.879999999999999" classname="default_tlg" name="cmt01a_1_functions_with_default_argument_value_return_expected_result_with_test_data">
      <skipped message="Reason: On CRAN ('test-default_tlg.R:54:3')"/>
    </testcase>
    <testcase time="0.236999999999998" classname="default_tlg" name="cmt02_pt_functions_with_default_argument_value_return_expected_result_with_test_data">
      <skipped message="Reason: On CRAN ('test-default_tlg.R:61:3')"/>
    </testcase>
    <testcase time="0.601000000000003" classname="default_tlg" name="coxt02_functions_with_default_argument_value_return_expected_result_with_test_data">
      <skipped message="Reason: On CRAN ('test-default_tlg.R:69:3')"/>
    </testcase>
    <testcase time="0.364000000000001" classname="default_tlg" name="dmt01_functions_with_default_argument_value_return_expected_result_with_test_data">
      <skipped message="Reason: On CRAN ('test-default_tlg.R:76:3')"/>
    </testcase>
    <testcase time="0.262" classname="default_tlg" name="dst01_functions_with_default_argument_value_return_expected_result_with_test_data">
      <skipped message="Reason: On CRAN ('test-default_tlg.R:83:3')"/>
    </testcase>
    <testcase time="0.170999999999999" classname="default_tlg" name="dtht01_functions_with_default_argument_value_return_expected_result_with_test_data">
      <skipped message="Reason: On CRAN ('test-default_tlg.R:90:3')"/>
    </testcase>
    <testcase time="2.722" classname="default_tlg" name="egt01_1_functions_with_default_argument_value_return_expected_result_with_test_data">
      <skipped message="Reason: On CRAN ('test-default_tlg.R:97:3')"/>
    </testcase>
    <testcase time="0.266000000000005" classname="default_tlg" name="egt02_1_functions_with_default_argument_value_return_expected_result_with_test_data">
      <skipped message="Reason: On CRAN ('test-default_tlg.R:104:3')"/>
    </testcase>
    <testcase time="0.246000000000002" classname="default_tlg" name="egt02_2_functions_with_default_argument_value_return_expected_result_with_test_data">
      <skipped message="Reason: On CRAN ('test-default_tlg.R:111:3')"/>
    </testcase>
    <testcase time="0.339999999999996" classname="default_tlg" name="egt03_1_functions_with_default_argument_value_return_expected_result_with_test_data">
      <skipped message="Reason: On CRAN ('test-default_tlg.R:118:3')"/>
    </testcase>
    <testcase time="0.374000000000002" classname="default_tlg" name="egt03_2_functions_with_default_argument_value_return_expected_result_with_test_data">
      <skipped message="Reason: On CRAN ('test-default_tlg.R:125:3')"/>
    </testcase>
    <testcase time="0.810000000000002" classname="default_tlg" name="egt05_qtcat_1_functions_with_default_argument_value_return_expected_result_with_test_data">
      <skipped message="Reason: On CRAN ('test-default_tlg.R:132:3')"/>
    </testcase>
    <testcase time="0.222999999999999" classname="default_tlg" name="ext01_1_functions_with_default_argument_value_return_expected_result_with_test_data">
      <skipped message="Reason: On CRAN ('test-default_tlg.R:139:3')"/>
    </testcase>
    <testcase time="0.234999999999999" classname="default_tlg" name="ext01_2_functions_with_default_argument_value_return_expected_result_with_test_data">
      <skipped message="Reason: On CRAN ('test-default_tlg.R:147:3')"/>
    </testcase>
    <testcase time="1.889" classname="default_tlg" name="lbt01_1_functions_with_default_argument_value_return_expected_result_with_test_data">
      <skipped message="Reason: On CRAN ('test-default_tlg.R:154:3')"/>
    </testcase>
    <testcase time="0.528000000000006" classname="default_tlg" name="lbt04_1_functions_with_default_argument_value_return_expected_result_with_test_data">
      <skipped message="Reason: On CRAN ('test-default_tlg.R:161:3')"/>
    </testcase>
    <testcase time="0.567999999999998" classname="default_tlg" name="lbt05_1_functions_with_default_argument_value_return_expected_result_with_test_data">
      <skipped message="Reason: On CRAN ('test-default_tlg.R:168:3')"/>
    </testcase>
    <testcase time="0.814999999999998" classname="default_tlg" name="lbt07_1_functions_with_default_argument_value_return_expected_result_with_test_data">
      <skipped message="Reason: On CRAN ('test-default_tlg.R:175:3')"/>
    </testcase>
    <testcase time="1.734" classname="default_tlg" name="lbt14_1_functions_with_default_argument_value_return_expected_result_with_test_data">
      <skipped message="Reason: On CRAN ('test-default_tlg.R:182:3')"/>
    </testcase>
    <testcase time="1.759" classname="default_tlg" name="lbt14_2_functions_with_default_argument_value_return_expected_result_with_test_data">
      <skipped message="Reason: On CRAN ('test-default_tlg.R:189:3')"/>
    </testcase>
    <testcase time="0.447000000000003" classname="default_tlg" name="mht01_1_functions_with_default_argument_value_return_expected_result_with_test_data">
      <skipped message="Reason: On CRAN ('test-default_tlg.R:196:3')"/>
    </testcase>
    <testcase time="0.401999999999994" classname="default_tlg" name="pdt01_1_function_with_default_argument_value_return_expected_result_with_test_data">
      <skipped message="Reason: On CRAN ('test-default_tlg.R:203:3')"/>
    </testcase>
    <testcase time="0.195" classname="default_tlg" name="pdt02_1_function_with_default_argument_value_return_expected_result_with_test_data">
      <skipped message="Reason: On CRAN ('test-default_tlg.R:210:3')"/>
    </testcase>
    <testcase time="0.166000000000004" classname="default_tlg" name="rmpt01_1_function_with_default_argument_value_return_expected_result_with_test_data">
      <skipped message="Reason: On CRAN ('test-default_tlg.R:217:3')"/>
    </testcase>
    <testcase time="5.382" classname="default_tlg" name="vst01_1_functions_with_default_argument_value_return_expected_result_with_test_data">
      <skipped message="Reason: On CRAN ('test-default_tlg.R:225:3')"/>
    </testcase>
    <testcase time="5.308" classname="default_tlg" name="vst01_1_functions_with_default_argument_value_return_expected_result_with_test_data">
      <skipped message="Reason: On CRAN ('test-default_tlg.R:232:3')"/>
    </testcase>
  </testsuite>
  <testsuite name="dmt01" timestamp="2023-05-15T13:20:12Z" hostname="4c2f7a769255" tests="4" skipped="2" failures="0" errors="0" time="0.712">
    <testcase time="0.254000000000005" classname="dmt01" name="dmt01_can_handle_NA_values"/>
    <testcase time="0.0869999999999962" classname="dmt01" name="dmt01_can_handle_NA_values">
      <skipped message="Reason: On CRAN ('test-dmt01.R:8:3')"/>
    </testcase>
    <testcase time="0.256" classname="dmt01" name="dmt01_can_handle_numeric_NA_values"/>
    <testcase time="0.115000000000002" classname="dmt01" name="dmt01_can_handle_numeric_NA_values">
      <skipped message="Reason: On CRAN ('test-dmt01.R:15:3')"/>
    </testcase>
  </testsuite>
  <testsuite name="dst01" timestamp="2023-05-15T13:20:13Z" hostname="4c2f7a769255" tests="13" skipped="7" failures="0" errors="0" time="1.776">
    <testcase time="0.173000000000002" classname="dst01" name="dst01_create_empty_table_on_all_NA_values">
      <skipped message="Reason: On CRAN ('test-dst01.R:11:3')"/>
    </testcase>
    <testcase time="0.123999999999995" classname="dst01" name="dst01_can_handle_all_NA_values_in_DCSREAS"/>
    <testcase time="0.0360000000000014" classname="dst01" name="dst01_can_handle_all_NA_values_in_DCSREAS">
      <skipped message="Reason: On CRAN ('test-dst01.R:22:3')"/>
    </testcase>
    <testcase time="0.195999999999998" classname="dst01" name="dst01_can_handle_some_NA_values"/>
    <testcase time="0.0640000000000001" classname="dst01" name="dst01_can_handle_some_NA_values">
      <skipped message="Reason: On CRAN ('test-dst01.R:29:3')"/>
    </testcase>
    <testcase time="0.134999999999998" classname="dst01" name="dst01_can_handle_missing_levels_in_status_var"/>
    <testcase time="0.0279999999999987" classname="dst01" name="dst01_can_handle_missing_levels_in_status_var">
      <skipped message="Reason: On CRAN ('test-dst01.R:39:3')"/>
    </testcase>
    <testcase time="0.228000000000002" classname="dst01" name="dst01_can_create_variants"/>
    <testcase time="0.0720000000000027" classname="dst01" name="dst01_can_create_variants">
      <skipped message="Reason: On CRAN ('test-dst01.R:44:3')"/>
    </testcase>
    <testcase time="0.262999999999998" classname="dst01" name="dst01_can_create_variants"/>
    <testcase time="0.0810000000000031" classname="dst01" name="dst01_can_create_variants">
      <skipped message="Reason: On CRAN ('test-dst01.R:49:3')"/>
    </testcase>
    <testcase time="0.296999999999997" classname="dst01" name="dst01_can_create_variants"/>
    <testcase time="0.0790000000000006" classname="dst01" name="dst01_can_create_variants">
      <skipped message="Reason: On CRAN ('test-dst01.R:56:3')"/>
    </testcase>
  </testsuite>
  <testsuite name="dtht01" timestamp="2023-05-15T13:20:14Z" hostname="4c2f7a769255" tests="5" skipped="3" failures="0" errors="0" time="1.07">
    <testcase time="0.134999999999998" classname="dtht01" name="dtht01_can_handle_all_NA_values"/>
    <testcase time="0.0260000000000034" classname="dtht01" name="dtht01_can_handle_all_NA_values">
      <skipped message="Reason: On CRAN ('test-dtht01.R:12:3')"/>
    </testcase>
    <testcase time="0.348999999999997" classname="dtht01" name="dtht01_can_handle_some_NA_values"/>
    <testcase time="0.0970000000000013" classname="dtht01" name="dtht01_can_handle_some_NA_values">
      <skipped message="Reason: On CRAN ('test-dtht01.R:19:3')"/>
    </testcase>
    <testcase time="0.463000000000001" classname="dtht01" name="dtht01_can_be_parametrize_as_expected">
      <skipped message="Reason: On CRAN ('test-dtht01.R:30:3')"/>
    </testcase>
  </testsuite>
  <testsuite name="egt03" timestamp="2023-05-15T13:20:15Z" hostname="4c2f7a769255" tests="9" skipped="4" failures="0" errors="0" time="1.4">
    <testcase time="0.268000000000001" classname="egt03" name="egt03_1_can_handle_all_NA_values"/>
    <testcase time="0.0839999999999961" classname="egt03" name="egt03_1_can_handle_all_NA_values">
      <skipped message="Reason: On CRAN ('test-egt03.R:11:3')"/>
    </testcase>
    <testcase time="0.264000000000003" classname="egt03" name="egt03_1_can_handle_some_NA_values"/>
    <testcase time="0.0739999999999981" classname="egt03" name="egt03_1_can_handle_some_NA_values">
      <skipped message="Reason: On CRAN ('test-egt03.R:29:3')"/>
    </testcase>
    <testcase time="0.259999999999998" classname="egt03" name="egt03_2_can_handle_all_NA_values"/>
    <testcase time="0.0750000000000028" classname="egt03" name="egt03_2_can_handle_all_NA_values">
      <skipped message="Reason: On CRAN ('test-egt03.R:42:3')"/>
    </testcase>
    <testcase time="0.277999999999999" classname="egt03" name="egt03_2_can_handle_some_NA_values"/>
    <testcase time="0.0739999999999981" classname="egt03" name="egt03_2_can_handle_some_NA_values">
      <skipped message="Reason: On CRAN ('test-egt03.R:57:3')"/>
    </testcase>
    <testcase time="0.0230000000000032" classname="egt03" name="egt03_1_fails_on_incomplete_data"/>
  </testsuite>
  <testsuite name="egt05_qtcat" timestamp="2023-05-15T13:20:17Z" hostname="4c2f7a769255" tests="4" skipped="2" failures="0" errors="0" time="0.88">
    <testcase time="0.0799999999999983" classname="egt05_qtcat" name="egt05_qtcat_can_handle_all_NA_values"/>
    <testcase time="0.0130000000000052" classname="egt05_qtcat" name="egt05_qtcat_can_handle_all_NA_values">
      <skipped message="Reason: On CRAN ('test-egt05_qtcat.R:11:3')"/>
    </testcase>
    <testcase time="0.559999999999995" classname="egt05_qtcat" name="egt05_qtcat_can_handle_some_NA_values"/>
    <testcase time="0.227000000000004" classname="egt05_qtcat" name="egt05_qtcat_can_handle_some_NA_values">
      <skipped message="Reason: On CRAN ('test-egt05_qtcat.R:31:3')"/>
    </testcase>
  </testsuite>
  <testsuite name="empty_report" timestamp="2023-05-15T13:20:18Z" hostname="4c2f7a769255" tests="25" skipped="0" failures="24" errors="0" time="7.204">
    <testcase time="1.91099999999999" classname="empty_report" name="tlg_functions_return_null_reports_when_domain_table_is_empty">
      <failure type="failure" message="`res` (`actual`) not identical to `empty_report` (`expected`). ('test-empty_report.R:21:3')">`res` (`actual`) not identical to `empty_report` (`expected`).

`is(actual)[1:4]`:   "ElementaryTable" "VTableTree" "VTableNodeInfo" "VTree"
`is(expected)[1:4]`: "TableTree"       "VTableTree" "VTableNodeInfo" "VTree"

`actual@var_analyzed` is a character vector (NA)
`expected@var_analyzed` is absent

names(actual@children) vs names(expected@children)
- ""
+ "Null Report: No observations met the reporting criteria for inclusion in this output."

    is(actual@children[[1]]) | is(expected@children[[1]])    
[1] "DataRow"                - "LabelRow"                 [1]
[2] "TableRow"               | "TableRow"                 [2]
[3] "VLeaf"                  | "VLeaf"                    [3]
[4] "VTableNodeInfo"         | "VTableNodeInfo"           [4]

`actual@children[[1]]@colspans` is an integer vector (1)
`expected@children[[1]]@colspans` is absent

`actual@children[[1]]@leaf_value` is length 1
`expected@children[[1]]@leaf_value` is length 0

`actual@children[[1]]@leaf_value[[1]]` is an S3 object of class &lt;CellValue&gt;, a list
`expected@children[[1]]@leaf_value[[1]]` is absent

`actual@children[[1]]@var_analyzed`:   NA
`expected@children[[1]]@var_analyzed`:   

actual@children[[1]]@label vs expected@children[[1]]@label
- ""
+ "Null Report: No observations met the reporting criteria for inclusion in this output."

actual@children[[1]]@name vs expected@children[[1]]@name
- ""
+ "Null Report: No observations met the reporting criteria for inclusion in this output."

`actual@children[[1]]@na_str`:   NA
`expected@children[[1]]@na_str`:   

`actual@children[[1]]@visible` is absent
`expected@children[[1]]@visible` is a logical vector (TRUE)

`actual@content` is absent
`expected@content` is an S4 object of class &lt;ElementaryTable&gt;

`actual@page_title_prefix` is absent
`expected@page_title_prefix` is a character vector (NA)</failure>
    </testcase>
    <testcase time="0.334000000000003" classname="empty_report" name="tlg_functions_return_null_reports_when_domain_table_is_empty">
      <failure type="failure" message="`res` (`actual`) not identical to `empty_report` (`expected`). ('test-empty_report.R:24:3')">`res` (`actual`) not identical to `empty_report` (`expected`).

`is(actual)[1:4]`:   "ElementaryTable" "VTableTree" "VTableNodeInfo" "VTree"
`is(expected)[1:4]`: "TableTree"       "VTableTree" "VTableNodeInfo" "VTree"

`actual@var_analyzed` is a character vector (NA)
`expected@var_analyzed` is absent

names(actual@children) vs names(expected@children)
- ""
+ "Null Report: No observations met the reporting criteria for inclusion in this output."

    is(actual@children[[1]]) | is(expected@children[[1]])    
[1] "DataRow"                - "LabelRow"                 [1]
[2] "TableRow"               | "TableRow"                 [2]
[3] "VLeaf"                  | "VLeaf"                    [3]
[4] "VTableNodeInfo"         | "VTableNodeInfo"           [4]

`actual@children[[1]]@colspans` is an integer vector (1)
`expected@children[[1]]@colspans` is absent

`actual@children[[1]]@leaf_value` is length 1
`expected@children[[1]]@leaf_value` is length 0

`actual@children[[1]]@leaf_value[[1]]` is an S3 object of class &lt;CellValue&gt;, a list
`expected@children[[1]]@leaf_value[[1]]` is absent

`actual@children[[1]]@var_analyzed`:   NA
`expected@children[[1]]@var_analyzed`:   

actual@children[[1]]@label vs expected@children[[1]]@label
- ""
+ "Null Report: No observations met the reporting criteria for inclusion in this output."

actual@children[[1]]@name vs expected@children[[1]]@name
- ""
+ "Null Report: No observations met the reporting criteria for inclusion in this output."

`actual@children[[1]]@na_str`:   NA
`expected@children[[1]]@na_str`:   

`actual@children[[1]]@visible` is absent
`expected@children[[1]]@visible` is a logical vector (TRUE)

`actual@content` is absent
`expected@content` is an S4 object of class &lt;ElementaryTable&gt;

`actual@page_title_prefix` is absent
`expected@page_title_prefix` is a character vector (NA)</failure>
    </testcase>
    <testcase time="0.206000000000003" classname="empty_report" name="tlg_functions_return_null_reports_when_domain_table_is_empty">
      <failure type="failure" message="`res` (`actual`) not identical to `empty_report` (`expected`). ('test-empty_report.R:27:3')">`res` (`actual`) not identical to `empty_report` (`expected`).

`is(actual)[1:4]`:   "ElementaryTable" "VTableTree" "VTableNodeInfo" "VTree"
`is(expected)[1:4]`: "TableTree"       "VTableTree" "VTableNodeInfo" "VTree"

`actual@var_analyzed` is a character vector (NA)
`expected@var_analyzed` is absent

names(actual@children) vs names(expected@children)
- ""
+ "Null Report: No observations met the reporting criteria for inclusion in this output."

    is(actual@children[[1]]) | is(expected@children[[1]])    
[1] "DataRow"                - "LabelRow"                 [1]
[2] "TableRow"               | "TableRow"                 [2]
[3] "VLeaf"                  | "VLeaf"                    [3]
[4] "VTableNodeInfo"         | "VTableNodeInfo"           [4]

`actual@children[[1]]@colspans` is an integer vector (1)
`expected@children[[1]]@colspans` is absent

`actual@children[[1]]@leaf_value` is length 1
`expected@children[[1]]@leaf_value` is length 0

`actual@children[[1]]@leaf_value[[1]]` is an S3 object of class &lt;CellValue&gt;, a list
`expected@children[[1]]@leaf_value[[1]]` is absent

`actual@children[[1]]@var_analyzed`:   NA
`expected@children[[1]]@var_analyzed`:   

actual@children[[1]]@label vs expected@children[[1]]@label
- ""
+ "Null Report: No observations met the reporting criteria for inclusion in this output."

actual@children[[1]]@name vs expected@children[[1]]@name
- ""
+ "Null Report: No observations met the reporting criteria for inclusion in this output."

`actual@children[[1]]@na_str`:   NA
`expected@children[[1]]@na_str`:   

`actual@children[[1]]@visible` is absent
`expected@children[[1]]@visible` is a logical vector (TRUE)

`actual@content` is absent
`expected@content` is an S4 object of class &lt;ElementaryTable&gt;

`actual@page_title_prefix` is absent
`expected@page_title_prefix` is a character vector (NA)</failure>
    </testcase>
    <testcase time="0.223999999999997" classname="empty_report" name="tlg_functions_return_null_reports_when_domain_table_is_empty">
      <failure type="failure" message="`res` (`actual`) not identical to `empty_report` (`expected`). ('test-empty_report.R:30:3')">`res` (`actual`) not identical to `empty_report` (`expected`).

`is(actual)[1:4]`:   "ElementaryTable" "VTableTree" "VTableNodeInfo" "VTree"
`is(expected)[1:4]`: "TableTree"       "VTableTree" "VTableNodeInfo" "VTree"

`actual@var_analyzed` is a character vector (NA)
`expected@var_analyzed` is absent

names(actual@children) vs names(expected@children)
- ""
+ "Null Report: No observations met the reporting criteria for inclusion in this output."

    is(actual@children[[1]]) | is(expected@children[[1]])    
[1] "DataRow"                - "LabelRow"                 [1]
[2] "TableRow"               | "TableRow"                 [2]
[3] "VLeaf"                  | "VLeaf"                    [3]
[4] "VTableNodeInfo"         | "VTableNodeInfo"           [4]

`actual@children[[1]]@colspans` is an integer vector (1)
`expected@children[[1]]@colspans` is absent

`actual@children[[1]]@leaf_value` is length 1
`expected@children[[1]]@leaf_value` is length 0

`actual@children[[1]]@leaf_value[[1]]` is an S3 object of class &lt;CellValue&gt;, a list
`expected@children[[1]]@leaf_value[[1]]` is absent

`actual@children[[1]]@var_analyzed`:   NA
`expected@children[[1]]@var_analyzed`:   

actual@children[[1]]@label vs expected@children[[1]]@label
- ""
+ "Null Report: No observations met the reporting criteria for inclusion in this output."

actual@children[[1]]@name vs expected@children[[1]]@name
- ""
+ "Null Report: No observations met the reporting criteria for inclusion in this output."

`actual@children[[1]]@na_str`:   NA
`expected@children[[1]]@na_str`:   

`actual@children[[1]]@visible` is absent
`expected@children[[1]]@visible` is a logical vector (TRUE)

`actual@content` is absent
`expected@content` is an S4 object of class &lt;ElementaryTable&gt;

`actual@page_title_prefix` is absent
`expected@page_title_prefix` is a character vector (NA)</failure>
    </testcase>
    <testcase time="0.158000000000001" classname="empty_report" name="tlg_functions_return_null_reports_when_domain_table_is_empty">
      <failure type="failure" message="`res` (`actual`) not identical to `empty_report` (`expected`). ('test-empty_report.R:33:3')">`res` (`actual`) not identical to `empty_report` (`expected`).

`is(actual)[1:4]`:   "ElementaryTable" "VTableTree" "VTableNodeInfo" "VTree"
`is(expected)[1:4]`: "TableTree"       "VTableTree" "VTableNodeInfo" "VTree"

`actual@var_analyzed` is a character vector (NA)
`expected@var_analyzed` is absent

names(actual@children) vs names(expected@children)
- ""
+ "Null Report: No observations met the reporting criteria for inclusion in this output."

    is(actual@children[[1]]) | is(expected@children[[1]])    
[1] "DataRow"                - "LabelRow"                 [1]
[2] "TableRow"               | "TableRow"                 [2]
[3] "VLeaf"                  | "VLeaf"                    [3]
[4] "VTableNodeInfo"         | "VTableNodeInfo"           [4]

`actual@children[[1]]@colspans` is an integer vector (1)
`expected@children[[1]]@colspans` is absent

`actual@children[[1]]@leaf_value` is length 1
`expected@children[[1]]@leaf_value` is length 0

`actual@children[[1]]@leaf_value[[1]]` is an S3 object of class &lt;CellValue&gt;, a list
`expected@children[[1]]@leaf_value[[1]]` is absent

`actual@children[[1]]@var_analyzed`:   NA
`expected@children[[1]]@var_analyzed`:   

actual@children[[1]]@label vs expected@children[[1]]@label
- ""
+ "Null Report: No observations met the reporting criteria for inclusion in this output."

actual@children[[1]]@name vs expected@children[[1]]@name
- ""
+ "Null Report: No observations met the reporting criteria for inclusion in this output."

`actual@children[[1]]@na_str`:   NA
`expected@children[[1]]@na_str`:   

`actual@children[[1]]@visible` is absent
`expected@children[[1]]@visible` is a logical vector (TRUE)

`actual@content` is absent
`expected@content` is an S4 object of class &lt;ElementaryTable&gt;

`actual@page_title_prefix` is absent
`expected@page_title_prefix` is a character vector (NA)</failure>
    </testcase>
    <testcase time="0.201999999999998" classname="empty_report" name="tlg_functions_return_null_reports_when_domain_table_is_empty">
      <failure type="failure" message="`res` (`actual`) not identical to `empty_report` (`expected`). ('test-empty_report.R:36:3')">`res` (`actual`) not identical to `empty_report` (`expected`).

`is(actual)[1:4]`:   "ElementaryTable" "VTableTree" "VTableNodeInfo" "VTree"
`is(expected)[1:4]`: "TableTree"       "VTableTree" "VTableNodeInfo" "VTree"

`actual@var_analyzed` is a character vector (NA)
`expected@var_analyzed` is absent

names(actual@children) vs names(expected@children)
- ""
+ "Null Report: No observations met the reporting criteria for inclusion in this output."

    is(actual@children[[1]]) | is(expected@children[[1]])    
[1] "DataRow"                - "LabelRow"                 [1]
[2] "TableRow"               | "TableRow"                 [2]
[3] "VLeaf"                  | "VLeaf"                    [3]
[4] "VTableNodeInfo"         | "VTableNodeInfo"           [4]

`actual@children[[1]]@colspans` is an integer vector (1)
`expected@children[[1]]@colspans` is absent

`actual@children[[1]]@leaf_value` is length 1
`expected@children[[1]]@leaf_value` is length 0

`actual@children[[1]]@leaf_value[[1]]` is an S3 object of class &lt;CellValue&gt;, a list
`expected@children[[1]]@leaf_value[[1]]` is absent

`actual@children[[1]]@var_analyzed`:   NA
`expected@children[[1]]@var_analyzed`:   

actual@children[[1]]@label vs expected@children[[1]]@label
- ""
+ "Null Report: No observations met the reporting criteria for inclusion in this output."

actual@children[[1]]@name vs expected@children[[1]]@name
- ""
+ "Null Report: No observations met the reporting criteria for inclusion in this output."

`actual@children[[1]]@na_str`:   NA
`expected@children[[1]]@na_str`:   

`actual@children[[1]]@visible` is absent
`expected@children[[1]]@visible` is a logical vector (TRUE)

`actual@content` is absent
`expected@content` is an S4 object of class &lt;ElementaryTable&gt;

`actual@page_title_prefix` is absent
`expected@page_title_prefix` is a character vector (NA)</failure>
    </testcase>
    <testcase time="0.304000000000002" classname="empty_report" name="tlg_functions_return_null_reports_when_domain_table_is_empty">
      <failure type="failure" message="`res` (`actual`) not identical to `empty_report` (`expected`). ('test-empty_report.R:39:3')">`res` (`actual`) not identical to `empty_report` (`expected`).

`is(actual)[1:4]`:   "ElementaryTable" "VTableTree" "VTableNodeInfo" "VTree"
`is(expected)[1:4]`: "TableTree"       "VTableTree" "VTableNodeInfo" "VTree"

`actual@var_analyzed` is a character vector (NA)
`expected@var_analyzed` is absent

names(actual@children) vs names(expected@children)
- ""
+ "Null Report: No observations met the reporting criteria for inclusion in this output."

    is(actual@children[[1]]) | is(expected@children[[1]])    
[1] "DataRow"                - "LabelRow"                 [1]
[2] "TableRow"               | "TableRow"                 [2]
[3] "VLeaf"                  | "VLeaf"                    [3]
[4] "VTableNodeInfo"         | "VTableNodeInfo"           [4]

`actual@children[[1]]@colspans` is an integer vector (1)
`expected@children[[1]]@colspans` is absent

`actual@children[[1]]@leaf_value` is length 1
`expected@children[[1]]@leaf_value` is length 0

`actual@children[[1]]@leaf_value[[1]]` is an S3 object of class &lt;CellValue&gt;, a list
`expected@children[[1]]@leaf_value[[1]]` is absent

`actual@children[[1]]@var_analyzed`:   NA
`expected@children[[1]]@var_analyzed`:   

actual@children[[1]]@label vs expected@children[[1]]@label
- ""
+ "Null Report: No observations met the reporting criteria for inclusion in this output."

actual@children[[1]]@name vs expected@children[[1]]@name
- ""
+ "Null Report: No observations met the reporting criteria for inclusion in this output."

`actual@children[[1]]@na_str`:   NA
`expected@children[[1]]@na_str`:   

`actual@children[[1]]@visible` is absent
`expected@children[[1]]@visible` is a logical vector (TRUE)

`actual@content` is absent
`expected@content` is an S4 object of class &lt;ElementaryTable&gt;

`actual@page_title_prefix` is absent
`expected@page_title_prefix` is a character vector (NA)</failure>
    </testcase>
    <testcase time="0.309000000000005" classname="empty_report" name="tlg_functions_return_null_reports_when_domain_table_is_empty">
      <failure type="failure" message="`res` (`actual`) not identical to `empty_report` (`expected`). ('test-empty_report.R:42:3')">`res` (`actual`) not identical to `empty_report` (`expected`).

`is(actual)[1:4]`:   "ElementaryTable" "VTableTree" "VTableNodeInfo" "VTree"
`is(expected)[1:4]`: "TableTree"       "VTableTree" "VTableNodeInfo" "VTree"

`actual@var_analyzed` is a character vector (NA)
`expected@var_analyzed` is absent

names(actual@children) vs names(expected@children)
- ""
+ "Null Report: No observations met the reporting criteria for inclusion in this output."

    is(actual@children[[1]]) | is(expected@children[[1]])    
[1] "DataRow"                - "LabelRow"                 [1]
[2] "TableRow"               | "TableRow"                 [2]
[3] "VLeaf"                  | "VLeaf"                    [3]
[4] "VTableNodeInfo"         | "VTableNodeInfo"           [4]

`actual@children[[1]]@colspans` is an integer vector (1)
`expected@children[[1]]@colspans` is absent

`actual@children[[1]]@leaf_value` is length 1
`expected@children[[1]]@leaf_value` is length 0

`actual@children[[1]]@leaf_value[[1]]` is an S3 object of class &lt;CellValue&gt;, a list
`expected@children[[1]]@leaf_value[[1]]` is absent

`actual@children[[1]]@var_analyzed`:   NA
`expected@children[[1]]@var_analyzed`:   

actual@children[[1]]@label vs expected@children[[1]]@label
- ""
+ "Null Report: No observations met the reporting criteria for inclusion in this output."

actual@children[[1]]@name vs expected@children[[1]]@name
- ""
+ "Null Report: No observations met the reporting criteria for inclusion in this output."

`actual@children[[1]]@na_str`:   NA
`expected@children[[1]]@na_str`:   

`actual@children[[1]]@visible` is absent
`expected@children[[1]]@visible` is a logical vector (TRUE)

`actual@content` is absent
`expected@content` is an S4 object of class &lt;ElementaryTable&gt;

`actual@page_title_prefix` is absent
`expected@page_title_prefix` is a character vector (NA)</failure>
    </testcase>
    <testcase time="0.161000000000001" classname="empty_report" name="tlg_functions_return_null_reports_when_domain_table_is_empty">
      <failure type="failure" message="`res` (`actual`) not identical to `empty_report` (`expected`). ('test-empty_report.R:45:3')">`res` (`actual`) not identical to `empty_report` (`expected`).

`is(actual)[1:4]`:   "ElementaryTable" "VTableTree" "VTableNodeInfo" "VTree"
`is(expected)[1:4]`: "TableTree"       "VTableTree" "VTableNodeInfo" "VTree"

`actual@var_analyzed` is a character vector (NA)
`expected@var_analyzed` is absent

names(actual@children) vs names(expected@children)
- ""
+ "Null Report: No observations met the reporting criteria for inclusion in this output."

    is(actual@children[[1]]) | is(expected@children[[1]])    
[1] "DataRow"                - "LabelRow"                 [1]
[2] "TableRow"               | "TableRow"                 [2]
[3] "VLeaf"                  | "VLeaf"                    [3]
[4] "VTableNodeInfo"         | "VTableNodeInfo"           [4]

`actual@children[[1]]@colspans` is an integer vector (1)
`expected@children[[1]]@colspans` is absent

`actual@children[[1]]@leaf_value` is length 1
`expected@children[[1]]@leaf_value` is length 0

`actual@children[[1]]@leaf_value[[1]]` is an S3 object of class &lt;CellValue&gt;, a list
`expected@children[[1]]@leaf_value[[1]]` is absent

`actual@children[[1]]@var_analyzed`:   NA
`expected@children[[1]]@var_analyzed`:   

actual@children[[1]]@label vs expected@children[[1]]@label
- ""
+ "Null Report: No observations met the reporting criteria for inclusion in this output."

actual@children[[1]]@name vs expected@children[[1]]@name
- ""
+ "Null Report: No observations met the reporting criteria for inclusion in this output."

`actual@children[[1]]@na_str`:   NA
`expected@children[[1]]@na_str`:   

`actual@children[[1]]@visible` is absent
`expected@children[[1]]@visible` is a logical vector (TRUE)

`actual@content` is absent
`expected@content` is an S4 object of class &lt;ElementaryTable&gt;

`actual@page_title_prefix` is absent
`expected@page_title_prefix` is a character vector (NA)</failure>
    </testcase>
    <testcase time="0.178999999999988" classname="empty_report" name="tlg_functions_return_null_reports_when_domain_table_is_empty">
      <failure type="failure" message="`res` (`actual`) not identical to `empty_report` (`expected`). ('test-empty_report.R:48:3')">`res` (`actual`) not identical to `empty_report` (`expected`).

`is(actual)[1:4]`:   "ElementaryTable" "VTableTree" "VTableNodeInfo" "VTree"
`is(expected)[1:4]`: "TableTree"       "VTableTree" "VTableNodeInfo" "VTree"

`actual@var_analyzed` is a character vector (NA)
`expected@var_analyzed` is absent

names(actual@children) vs names(expected@children)
- ""
+ "Null Report: No observations met the reporting criteria for inclusion in this output."

    is(actual@children[[1]]) | is(expected@children[[1]])    
[1] "DataRow"                - "LabelRow"                 [1]
[2] "TableRow"               | "TableRow"                 [2]
[3] "VLeaf"                  | "VLeaf"                    [3]
[4] "VTableNodeInfo"         | "VTableNodeInfo"           [4]

`actual@children[[1]]@colspans` is an integer vector (1)
`expected@children[[1]]@colspans` is absent

`actual@children[[1]]@leaf_value` is length 1
`expected@children[[1]]@leaf_value` is length 0

`actual@children[[1]]@leaf_value[[1]]` is an S3 object of class &lt;CellValue&gt;, a list
`expected@children[[1]]@leaf_value[[1]]` is absent

`actual@children[[1]]@var_analyzed`:   NA
`expected@children[[1]]@var_analyzed`:   

actual@children[[1]]@label vs expected@children[[1]]@label
- ""
+ "Null Report: No observations met the reporting criteria for inclusion in this output."

actual@children[[1]]@name vs expected@children[[1]]@name
- ""
+ "Null Report: No observations met the reporting criteria for inclusion in this output."

`actual@children[[1]]@na_str`:   NA
`expected@children[[1]]@na_str`:   

`actual@children[[1]]@visible` is absent
`expected@children[[1]]@visible` is a logical vector (TRUE)

`actual@content` is absent
`expected@content` is an S4 object of class &lt;ElementaryTable&gt;

`actual@page_title_prefix` is absent
`expected@page_title_prefix` is a character vector (NA)</failure>
    </testcase>
    <testcase time="0.155000000000001" classname="empty_report" name="tlg_functions_return_null_reports_when_domain_table_is_empty">
      <failure type="failure" message="`res` (`actual`) not identical to `empty_report` (`expected`). ('test-empty_report.R:51:3')">`res` (`actual`) not identical to `empty_report` (`expected`).

`is(actual)[1:4]`:   "ElementaryTable" "VTableTree" "VTableNodeInfo" "VTree"
`is(expected)[1:4]`: "TableTree"       "VTableTree" "VTableNodeInfo" "VTree"

`actual@var_analyzed` is a character vector (NA)
`expected@var_analyzed` is absent

names(actual@children) vs names(expected@children)
- ""
+ "Null Report: No observations met the reporting criteria for inclusion in this output."

    is(actual@children[[1]]) | is(expected@children[[1]])    
[1] "DataRow"                - "LabelRow"                 [1]
[2] "TableRow"               | "TableRow"                 [2]
[3] "VLeaf"                  | "VLeaf"                    [3]
[4] "VTableNodeInfo"         | "VTableNodeInfo"           [4]

`actual@children[[1]]@colspans` is an integer vector (1)
`expected@children[[1]]@colspans` is absent

`actual@children[[1]]@leaf_value` is length 1
`expected@children[[1]]@leaf_value` is length 0

`actual@children[[1]]@leaf_value[[1]]` is an S3 object of class &lt;CellValue&gt;, a list
`expected@children[[1]]@leaf_value[[1]]` is absent

`actual@children[[1]]@var_analyzed`:   NA
`expected@children[[1]]@var_analyzed`:   

actual@children[[1]]@label vs expected@children[[1]]@label
- ""
+ "Null Report: No observations met the reporting criteria for inclusion in this output."

actual@children[[1]]@name vs expected@children[[1]]@name
- ""
+ "Null Report: No observations met the reporting criteria for inclusion in this output."

`actual@children[[1]]@na_str`:   NA
`expected@children[[1]]@na_str`:   

`actual@children[[1]]@visible` is absent
`expected@children[[1]]@visible` is a logical vector (TRUE)

`actual@content` is absent
`expected@content` is an S4 object of class &lt;ElementaryTable&gt;

`actual@page_title_prefix` is absent
`expected@page_title_prefix` is a character vector (NA)</failure>
    </testcase>
    <testcase time="0.138000000000005" classname="empty_report" name="tlg_functions_return_null_reports_when_domain_table_is_empty">
      <failure type="failure" message="`res` (`actual`) not identical to `empty_report` (`expected`). ('test-empty_report.R:54:3')">`res` (`actual`) not identical to `empty_report` (`expected`).

`is(actual)[1:4]`:   "ElementaryTable" "VTableTree" "VTableNodeInfo" "VTree"
`is(expected)[1:4]`: "TableTree"       "VTableTree" "VTableNodeInfo" "VTree"

`actual@var_analyzed` is a character vector (NA)
`expected@var_analyzed` is absent

names(actual@children) vs names(expected@children)
- ""
+ "Null Report: No observations met the reporting criteria for inclusion in this output."

    is(actual@children[[1]]) | is(expected@children[[1]])    
[1] "DataRow"                - "LabelRow"                 [1]
[2] "TableRow"               | "TableRow"                 [2]
[3] "VLeaf"                  | "VLeaf"                    [3]
[4] "VTableNodeInfo"         | "VTableNodeInfo"           [4]

`actual@children[[1]]@colspans` is an integer vector (1)
`expected@children[[1]]@colspans` is absent

`actual@children[[1]]@leaf_value` is length 1
`expected@children[[1]]@leaf_value` is length 0

`actual@children[[1]]@leaf_value[[1]]` is an S3 object of class &lt;CellValue&gt;, a list
`expected@children[[1]]@leaf_value[[1]]` is absent

`actual@children[[1]]@var_analyzed`:   NA
`expected@children[[1]]@var_analyzed`:   

actual@children[[1]]@label vs expected@children[[1]]@label
- ""
+ "Null Report: No observations met the reporting criteria for inclusion in this output."

actual@children[[1]]@name vs expected@children[[1]]@name
- ""
+ "Null Report: No observations met the reporting criteria for inclusion in this output."

`actual@children[[1]]@na_str`:   NA
`expected@children[[1]]@na_str`:   

`actual@children[[1]]@visible` is absent
`expected@children[[1]]@visible` is a logical vector (TRUE)

`actual@content` is absent
`expected@content` is an S4 object of class &lt;ElementaryTable&gt;

`actual@page_title_prefix` is absent
`expected@page_title_prefix` is a character vector (NA)</failure>
    </testcase>
    <testcase time="0.155000000000001" classname="empty_report" name="tlg_functions_return_null_reports_when_domain_table_is_empty">
      <failure type="failure" message="`res` (`actual`) not identical to `empty_report` (`expected`). ('test-empty_report.R:57:3')">`res` (`actual`) not identical to `empty_report` (`expected`).

`is(actual)[1:4]`:   "ElementaryTable" "VTableTree" "VTableNodeInfo" "VTree"
`is(expected)[1:4]`: "TableTree"       "VTableTree" "VTableNodeInfo" "VTree"

`actual@var_analyzed` is a character vector (NA)
`expected@var_analyzed` is absent

names(actual@children) vs names(expected@children)
- ""
+ "Null Report: No observations met the reporting criteria for inclusion in this output."

    is(actual@children[[1]]) | is(expected@children[[1]])    
[1] "DataRow"                - "LabelRow"                 [1]
[2] "TableRow"               | "TableRow"                 [2]
[3] "VLeaf"                  | "VLeaf"                    [3]
[4] "VTableNodeInfo"         | "VTableNodeInfo"           [4]

`actual@children[[1]]@colspans` is an integer vector (1)
`expected@children[[1]]@colspans` is absent

`actual@children[[1]]@leaf_value` is length 1
`expected@children[[1]]@leaf_value` is length 0

`actual@children[[1]]@leaf_value[[1]]` is an S3 object of class &lt;CellValue&gt;, a list
`expected@children[[1]]@leaf_value[[1]]` is absent

`actual@children[[1]]@var_analyzed`:   NA
`expected@children[[1]]@var_analyzed`:   

actual@children[[1]]@label vs expected@children[[1]]@label
- ""
+ "Null Report: No observations met the reporting criteria for inclusion in this output."

actual@children[[1]]@name vs expected@children[[1]]@name
- ""
+ "Null Report: No observations met the reporting criteria for inclusion in this output."

`actual@children[[1]]@na_str`:   NA
`expected@children[[1]]@na_str`:   

`actual@children[[1]]@visible` is absent
`expected@children[[1]]@visible` is a logical vector (TRUE)

`actual@content` is absent
`expected@content` is an S4 object of class &lt;ElementaryTable&gt;

`actual@page_title_prefix` is absent
`expected@page_title_prefix` is a character vector (NA)</failure>
    </testcase>
    <testcase time="0.149999999999991" classname="empty_report" name="tlg_functions_return_null_reports_when_domain_table_is_empty">
      <failure type="failure" message="`res` (`actual`) not identical to `empty_report` (`expected`). ('test-empty_report.R:60:3')">`res` (`actual`) not identical to `empty_report` (`expected`).

`is(actual)[1:4]`:   "ElementaryTable" "VTableTree" "VTableNodeInfo" "VTree"
`is(expected)[1:4]`: "TableTree"       "VTableTree" "VTableNodeInfo" "VTree"

`actual@var_analyzed` is a character vector (NA)
`expected@var_analyzed` is absent

names(actual@children) vs names(expected@children)
- ""
+ "Null Report: No observations met the reporting criteria for inclusion in this output."

    is(actual@children[[1]]) | is(expected@children[[1]])    
[1] "DataRow"                - "LabelRow"                 [1]
[2] "TableRow"               | "TableRow"                 [2]
[3] "VLeaf"                  | "VLeaf"                    [3]
[4] "VTableNodeInfo"         | "VTableNodeInfo"           [4]

`actual@children[[1]]@colspans` is an integer vector (1)
`expected@children[[1]]@colspans` is absent

`actual@children[[1]]@leaf_value` is length 1
`expected@children[[1]]@leaf_value` is length 0

`actual@children[[1]]@leaf_value[[1]]` is an S3 object of class &lt;CellValue&gt;, a list
`expected@children[[1]]@leaf_value[[1]]` is absent

`actual@children[[1]]@var_analyzed`:   NA
`expected@children[[1]]@var_analyzed`:   

actual@children[[1]]@label vs expected@children[[1]]@label
- ""
+ "Null Report: No observations met the reporting criteria for inclusion in this output."

actual@children[[1]]@name vs expected@children[[1]]@name
- ""
+ "Null Report: No observations met the reporting criteria for inclusion in this output."

`actual@children[[1]]@na_str`:   NA
`expected@children[[1]]@na_str`:   

`actual@children[[1]]@visible` is absent
`expected@children[[1]]@visible` is a logical vector (TRUE)

`actual@content` is absent
`expected@content` is an S4 object of class &lt;ElementaryTable&gt;

`actual@page_title_prefix` is absent
`expected@page_title_prefix` is a character vector (NA)</failure>
    </testcase>
    <testcase time="0.160000000000011" classname="empty_report" name="tlg_functions_return_null_reports_when_domain_table_is_empty">
      <failure type="failure" message="`res` (`actual`) not identical to `empty_report` (`expected`). ('test-empty_report.R:63:3')">`res` (`actual`) not identical to `empty_report` (`expected`).

`is(actual)[1:4]`:   "ElementaryTable" "VTableTree" "VTableNodeInfo" "VTree"
`is(expected)[1:4]`: "TableTree"       "VTableTree" "VTableNodeInfo" "VTree"

`actual@var_analyzed` is a character vector (NA)
`expected@var_analyzed` is absent

names(actual@children) vs names(expected@children)
- ""
+ "Null Report: No observations met the reporting criteria for inclusion in this output."

    is(actual@children[[1]]) | is(expected@children[[1]])    
[1] "DataRow"                - "LabelRow"                 [1]
[2] "TableRow"               | "TableRow"                 [2]
[3] "VLeaf"                  | "VLeaf"                    [3]
[4] "VTableNodeInfo"         | "VTableNodeInfo"           [4]

`actual@children[[1]]@colspans` is an integer vector (1)
`expected@children[[1]]@colspans` is absent

`actual@children[[1]]@leaf_value` is length 1
`expected@children[[1]]@leaf_value` is length 0

`actual@children[[1]]@leaf_value[[1]]` is an S3 object of class &lt;CellValue&gt;, a list
`expected@children[[1]]@leaf_value[[1]]` is absent

`actual@children[[1]]@var_analyzed`:   NA
`expected@children[[1]]@var_analyzed`:   

actual@children[[1]]@label vs expected@children[[1]]@label
- ""
+ "Null Report: No observations met the reporting criteria for inclusion in this output."

actual@children[[1]]@name vs expected@children[[1]]@name
- ""
+ "Null Report: No observations met the reporting criteria for inclusion in this output."

`actual@children[[1]]@na_str`:   NA
`expected@children[[1]]@na_str`:   

`actual@children[[1]]@visible` is absent
`expected@children[[1]]@visible` is a logical vector (TRUE)

`actual@content` is absent
`expected@content` is an S4 object of class &lt;ElementaryTable&gt;

`actual@page_title_prefix` is absent
`expected@page_title_prefix` is a character vector (NA)</failure>
    </testcase>
    <testcase time="0.164000000000001" classname="empty_report" name="tlg_functions_return_null_reports_when_domain_table_is_empty">
      <failure type="failure" message="`res` (`actual`) not identical to `empty_report` (`expected`). ('test-empty_report.R:66:3')">`res` (`actual`) not identical to `empty_report` (`expected`).

`is(actual)[1:4]`:   "ElementaryTable" "VTableTree" "VTableNodeInfo" "VTree"
`is(expected)[1:4]`: "TableTree"       "VTableTree" "VTableNodeInfo" "VTree"

`actual@var_analyzed` is a character vector (NA)
`expected@var_analyzed` is absent

names(actual@children) vs names(expected@children)
- ""
+ "Null Report: No observations met the reporting criteria for inclusion in this output."

    is(actual@children[[1]]) | is(expected@children[[1]])    
[1] "DataRow"                - "LabelRow"                 [1]
[2] "TableRow"               | "TableRow"                 [2]
[3] "VLeaf"                  | "VLeaf"                    [3]
[4] "VTableNodeInfo"         | "VTableNodeInfo"           [4]

`actual@children[[1]]@colspans` is an integer vector (1)
`expected@children[[1]]@colspans` is absent

`actual@children[[1]]@leaf_value` is length 1
`expected@children[[1]]@leaf_value` is length 0

`actual@children[[1]]@leaf_value[[1]]` is an S3 object of class &lt;CellValue&gt;, a list
`expected@children[[1]]@leaf_value[[1]]` is absent

`actual@children[[1]]@var_analyzed`:   NA
`expected@children[[1]]@var_analyzed`:   

actual@children[[1]]@label vs expected@children[[1]]@label
- ""
+ "Null Report: No observations met the reporting criteria for inclusion in this output."

actual@children[[1]]@name vs expected@children[[1]]@name
- ""
+ "Null Report: No observations met the reporting criteria for inclusion in this output."

`actual@children[[1]]@na_str`:   NA
`expected@children[[1]]@na_str`:   

`actual@children[[1]]@visible` is absent
`expected@children[[1]]@visible` is a logical vector (TRUE)

`actual@content` is absent
`expected@content` is an S4 object of class &lt;ElementaryTable&gt;

`actual@page_title_prefix` is absent
`expected@page_title_prefix` is a character vector (NA)</failure>
    </testcase>
    <testcase time="0.72399999999999" classname="empty_report" name="tlg_functions_return_null_reports_when_domain_table_is_empty">
      <failure type="failure" message="`res` (`actual`) not identical to `empty_report` (`expected`). ('test-empty_report.R:69:3')">`res` (`actual`) not identical to `empty_report` (`expected`).

`is(actual)[1:4]`:   "ElementaryTable" "VTableTree" "VTableNodeInfo" "VTree"
`is(expected)[1:4]`: "TableTree"       "VTableTree" "VTableNodeInfo" "VTree"

`actual@var_analyzed` is a character vector (NA)
`expected@var_analyzed` is absent

names(actual@children) vs names(expected@children)
- ""
+ "Null Report: No observations met the reporting criteria for inclusion in this output."

    is(actual@children[[1]]) | is(expected@children[[1]])    
[1] "DataRow"                - "LabelRow"                 [1]
[2] "TableRow"               | "TableRow"                 [2]
[3] "VLeaf"                  | "VLeaf"                    [3]
[4] "VTableNodeInfo"         | "VTableNodeInfo"           [4]

`actual@children[[1]]@colspans` is an integer vector (1)
`expected@children[[1]]@colspans` is absent

`actual@children[[1]]@leaf_value` is length 1
`expected@children[[1]]@leaf_value` is length 0

`actual@children[[1]]@leaf_value[[1]]` is an S3 object of class &lt;CellValue&gt;, a list
`expected@children[[1]]@leaf_value[[1]]` is absent

`actual@children[[1]]@var_analyzed`:   NA
`expected@children[[1]]@var_analyzed`:   

actual@children[[1]]@label vs expected@children[[1]]@label
- ""
+ "Null Report: No observations met the reporting criteria for inclusion in this output."

actual@children[[1]]@name vs expected@children[[1]]@name
- ""
+ "Null Report: No observations met the reporting criteria for inclusion in this output."

`actual@children[[1]]@na_str`:   NA
`expected@children[[1]]@na_str`:   

`actual@children[[1]]@visible` is absent
`expected@children[[1]]@visible` is a logical vector (TRUE)

`actual@content` is absent
`expected@content` is an S4 object of class &lt;ElementaryTable&gt;

`actual@page_title_prefix` is absent
`expected@page_title_prefix` is a character vector (NA)</failure>
    </testcase>
    <testcase time="0.183999999999997" classname="empty_report" name="tlg_functions_return_null_reports_when_domain_table_is_empty">
      <failure type="failure" message="`res` (`actual`) not identical to `empty_report` (`expected`). ('test-empty_report.R:72:3')">`res` (`actual`) not identical to `empty_report` (`expected`).

`is(actual)[1:4]`:   "ElementaryTable" "VTableTree" "VTableNodeInfo" "VTree"
`is(expected)[1:4]`: "TableTree"       "VTableTree" "VTableNodeInfo" "VTree"

`actual@var_analyzed` is a character vector (NA)
`expected@var_analyzed` is absent

names(actual@children) vs names(expected@children)
- ""
+ "Null Report: No observations met the reporting criteria for inclusion in this output."

    is(actual@children[[1]]) | is(expected@children[[1]])    
[1] "DataRow"                - "LabelRow"                 [1]
[2] "TableRow"               | "TableRow"                 [2]
[3] "VLeaf"                  | "VLeaf"                    [3]
[4] "VTableNodeInfo"         | "VTableNodeInfo"           [4]

`actual@children[[1]]@colspans` is an integer vector (1)
`expected@children[[1]]@colspans` is absent

`actual@children[[1]]@leaf_value` is length 1
`expected@children[[1]]@leaf_value` is length 0

`actual@children[[1]]@leaf_value[[1]]` is an S3 object of class &lt;CellValue&gt;, a list
`expected@children[[1]]@leaf_value[[1]]` is absent

`actual@children[[1]]@var_analyzed`:   NA
`expected@children[[1]]@var_analyzed`:   

actual@children[[1]]@label vs expected@children[[1]]@label
- ""
+ "Null Report: No observations met the reporting criteria for inclusion in this output."

actual@children[[1]]@name vs expected@children[[1]]@name
- ""
+ "Null Report: No observations met the reporting criteria for inclusion in this output."

`actual@children[[1]]@na_str`:   NA
`expected@children[[1]]@na_str`:   

`actual@children[[1]]@visible` is absent
`expected@children[[1]]@visible` is a logical vector (TRUE)

`actual@content` is absent
`expected@content` is an S4 object of class &lt;ElementaryTable&gt;

`actual@page_title_prefix` is absent
`expected@page_title_prefix` is a character vector (NA)</failure>
    </testcase>
    <testcase time="0.490000000000009" classname="empty_report" name="tlg_functions_return_null_reports_when_domain_table_is_empty">
      <failure type="failure" message="`res` (`actual`) not identical to `empty_report` (`expected`). ('test-empty_report.R:75:3')">`res` (`actual`) not identical to `empty_report` (`expected`).

`is(actual)[1:4]`:   "ElementaryTable" "VTableTree" "VTableNodeInfo" "VTree"
`is(expected)[1:4]`: "TableTree"       "VTableTree" "VTableNodeInfo" "VTree"

`actual@var_analyzed` is a character vector (NA)
`expected@var_analyzed` is absent

names(actual@children) vs names(expected@children)
- ""
+ "Null Report: No observations met the reporting criteria for inclusion in this output."

    is(actual@children[[1]]) | is(expected@children[[1]])    
[1] "DataRow"                - "LabelRow"                 [1]
[2] "TableRow"               | "TableRow"                 [2]
[3] "VLeaf"                  | "VLeaf"                    [3]
[4] "VTableNodeInfo"         | "VTableNodeInfo"           [4]

`actual@children[[1]]@colspans` is an integer vector (1)
`expected@children[[1]]@colspans` is absent

`actual@children[[1]]@leaf_value` is length 1
`expected@children[[1]]@leaf_value` is length 0

`actual@children[[1]]@leaf_value[[1]]` is an S3 object of class &lt;CellValue&gt;, a list
`expected@children[[1]]@leaf_value[[1]]` is absent

`actual@children[[1]]@var_analyzed`:   NA
`expected@children[[1]]@var_analyzed`:   

actual@children[[1]]@label vs expected@children[[1]]@label
- ""
+ "Null Report: No observations met the reporting criteria for inclusion in this output."

actual@children[[1]]@name vs expected@children[[1]]@name
- ""
+ "Null Report: No observations met the reporting criteria for inclusion in this output."

`actual@children[[1]]@na_str`:   NA
`expected@children[[1]]@na_str`:   

`actual@children[[1]]@visible` is absent
`expected@children[[1]]@visible` is a logical vector (TRUE)

`actual@content` is absent
`expected@content` is an S4 object of class &lt;ElementaryTable&gt;

`actual@page_title_prefix` is absent
`expected@page_title_prefix` is a character vector (NA)</failure>
    </testcase>
    <testcase time="0.192999999999998" classname="empty_report" name="tlg_functions_return_null_reports_when_domain_table_is_empty">
      <failure type="failure" message="`res` (`actual`) not identical to `empty_report` (`expected`). ('test-empty_report.R:78:3')">`res` (`actual`) not identical to `empty_report` (`expected`).

`is(actual)[1:4]`:   "ElementaryTable" "VTableTree" "VTableNodeInfo" "VTree"
`is(expected)[1:4]`: "TableTree"       "VTableTree" "VTableNodeInfo" "VTree"

`actual@var_analyzed` is a character vector (NA)
`expected@var_analyzed` is absent

names(actual@children) vs names(expected@children)
- ""
+ "Null Report: No observations met the reporting criteria for inclusion in this output."

    is(actual@children[[1]]) | is(expected@children[[1]])    
[1] "DataRow"                - "LabelRow"                 [1]
[2] "TableRow"               | "TableRow"                 [2]
[3] "VLeaf"                  | "VLeaf"                    [3]
[4] "VTableNodeInfo"         | "VTableNodeInfo"           [4]

`actual@children[[1]]@colspans` is an integer vector (1)
`expected@children[[1]]@colspans` is absent

`actual@children[[1]]@leaf_value` is length 1
`expected@children[[1]]@leaf_value` is length 0

`actual@children[[1]]@leaf_value[[1]]` is an S3 object of class &lt;CellValue&gt;, a list
`expected@children[[1]]@leaf_value[[1]]` is absent

`actual@children[[1]]@var_analyzed`:   NA
`expected@children[[1]]@var_analyzed`:   

actual@children[[1]]@label vs expected@children[[1]]@label
- ""
+ "Null Report: No observations met the reporting criteria for inclusion in this output."

actual@children[[1]]@name vs expected@children[[1]]@name
- ""
+ "Null Report: No observations met the reporting criteria for inclusion in this output."

`actual@children[[1]]@na_str`:   NA
`expected@children[[1]]@na_str`:   

`actual@children[[1]]@visible` is absent
`expected@children[[1]]@visible` is a logical vector (TRUE)

`actual@content` is absent
`expected@content` is an S4 object of class &lt;ElementaryTable&gt;

`actual@page_title_prefix` is absent
`expected@page_title_prefix` is a character vector (NA)</failure>
    </testcase>
    <testcase time="0.189999999999998" classname="empty_report" name="tlg_functions_return_null_reports_when_domain_table_is_empty">
      <failure type="failure" message="`res` (`actual`) not identical to `empty_report` (`expected`). ('test-empty_report.R:81:3')">`res` (`actual`) not identical to `empty_report` (`expected`).

`is(actual)[1:4]`:   "ElementaryTable" "VTableTree" "VTableNodeInfo" "VTree"
`is(expected)[1:4]`: "TableTree"       "VTableTree" "VTableNodeInfo" "VTree"

`actual@var_analyzed` is a character vector (NA)
`expected@var_analyzed` is absent

names(actual@children) vs names(expected@children)
- ""
+ "Null Report: No observations met the reporting criteria for inclusion in this output."

    is(actual@children[[1]]) | is(expected@children[[1]])    
[1] "DataRow"                - "LabelRow"                 [1]
[2] "TableRow"               | "TableRow"                 [2]
[3] "VLeaf"                  | "VLeaf"                    [3]
[4] "VTableNodeInfo"         | "VTableNodeInfo"           [4]

`actual@children[[1]]@colspans` is an integer vector (1)
`expected@children[[1]]@colspans` is absent

`actual@children[[1]]@leaf_value` is length 1
`expected@children[[1]]@leaf_value` is length 0

`actual@children[[1]]@leaf_value[[1]]` is an S3 object of class &lt;CellValue&gt;, a list
`expected@children[[1]]@leaf_value[[1]]` is absent

`actual@children[[1]]@var_analyzed`:   NA
`expected@children[[1]]@var_analyzed`:   

actual@children[[1]]@label vs expected@children[[1]]@label
- ""
+ "Null Report: No observations met the reporting criteria for inclusion in this output."

actual@children[[1]]@name vs expected@children[[1]]@name
- ""
+ "Null Report: No observations met the reporting criteria for inclusion in this output."

`actual@children[[1]]@na_str`:   NA
`expected@children[[1]]@na_str`:   

`actual@children[[1]]@visible` is absent
`expected@children[[1]]@visible` is a logical vector (TRUE)

`actual@content` is absent
`expected@content` is an S4 object of class &lt;ElementaryTable&gt;

`actual@page_title_prefix` is absent
`expected@page_title_prefix` is a character vector (NA)</failure>
    </testcase>
    <testcase time="0.174000000000007" classname="empty_report" name="tlg_functions_return_null_reports_when_domain_table_is_empty">
      <failure type="failure" message="`res` (`actual`) not identical to `empty_report` (`expected`). ('test-empty_report.R:84:3')">`res` (`actual`) not identical to `empty_report` (`expected`).

`is(actual)[1:4]`:   "ElementaryTable" "VTableTree" "VTableNodeInfo" "VTree"
`is(expected)[1:4]`: "TableTree"       "VTableTree" "VTableNodeInfo" "VTree"

`actual@var_analyzed` is a character vector (NA)
`expected@var_analyzed` is absent

names(actual@children) vs names(expected@children)
- ""
+ "Null Report: No observations met the reporting criteria for inclusion in this output."

[...]
`expected@children[[1]]@na_str`:   

`actual@children[[1]]@visible` is absent
`expected@children[[1]]@visible` is a logical vector (TRUE)

`actual@content` is absent
`expected@content` is an S4 object of class &lt;ElementaryTable&gt;

`actual@page_title_prefix` is absent
`expected@page_title_prefix` is a character vector (NA)</failure>
    </testcase>
    <testcase time="0.153999999999996" classname="empty_report" name="tlg_functions_return_null_reports_when_domain_table_is_empty">
      <failure type="failure" message="`res` (`actual`) not identical to `empty_report` (`expected`). ('test-empty_report.R:87:3')">`res` (`actual`) not identical to `empty_report` (`expected`).

`is(actual)[1:4]`:   "ElementaryTable" "VTableTree" "VTableNodeInfo" "VTree"
`is(expected)[1:4]`: "TableTree"       "VTableTree" "VTableNodeInfo" "VTree"

`actual@var_analyzed` is a character vector (NA)
`expected@var_analyzed` is absent

names(actual@children) vs names(expected@children)
- ""
+ "Null Report: No observations met the reporting criteria for inclusion in this output."

    is(actual@children[[1]]) | is(expected@children[[1]])    
[1] "DataRow"                - "LabelRow"                 [1]
[2] "TableRow"               | "TableRow"                 [2]
[3] "VLeaf"                  | "VLeaf"                    [3]
[4] "VTableNodeInfo"         | "VTableNodeInfo"           [4]

`actual@children[[1]]@colspans` is an integer vector (1)
`expected@children[[1]]@colspans` is absent

`actual@children[[1]]@leaf_value` is length 1
`expected@children[[1]]@leaf_value` is length 0

`actual@children[[1]]@leaf_value[[1]]` is an S3 object of class &lt;CellValue&gt;, a list
`expected@children[[1]]@leaf_value[[1]]` is absent

`actual@children[[1]]@var_analyzed`:   NA
`expected@children[[1]]@var_analyzed`:   

actual@children[[1]]@label vs expected@children[[1]]@label
- ""
+ "Null Report: No observations met the reporting criteria for inclusion in this output."

actual@children[[1]]@name vs expected@children[[1]]@name
- ""
+ "Null Report: No observations met the reporting criteria for inclusion in this output."

`actual@children[[1]]@na_str`:   NA
`expected@children[[1]]@na_str`:   

`actual@children[[1]]@visible` is absent
`expected@children[[1]]@visible` is a logical vector (TRUE)

`actual@content` is absent
`expected@content` is an S4 object of class &lt;ElementaryTable&gt;

`actual@page_title_prefix` is absent
`expected@page_title_prefix` is a character vector (NA)</failure>
    </testcase>
    <testcase time="0.159000000000006" classname="empty_report" name="tlg_functions_return_null_reports_when_domain_table_is_empty">
      <failure type="failure" message="`res` (`actual`) not identical to `empty_report` (`expected`). ('test-empty_report.R:90:3')">`res` (`actual`) not identical to `empty_report` (`expected`).

`is(actual)[1:4]`:   "ElementaryTable" "VTableTree" "VTableNodeInfo" "VTree"
`is(expected)[1:4]`: "TableTree"       "VTableTree" "VTableNodeInfo" "VTree"

`actual@var_analyzed` is a character vector (NA)
`expected@var_analyzed` is absent

names(actual@children) vs names(expected@children)
- ""
+ "Null Report: No observations met the reporting criteria for inclusion in this output."

    is(actual@children[[1]]) | is(expected@children[[1]])    
[1] "DataRow"                - "LabelRow"                 [1]
[2] "TableRow"               | "TableRow"                 [2]
[3] "VLeaf"                  | "VLeaf"                    [3]
[4] "VTableNodeInfo"         | "VTableNodeInfo"           [4]

`actual@children[[1]]@colspans` is an integer vector (1)
`expected@children[[1]]@colspans` is absent

`actual@children[[1]]@leaf_value` is length 1
`expected@children[[1]]@leaf_value` is length 0

`actual@children[[1]]@leaf_value[[1]]` is an S3 object of class &lt;CellValue&gt;, a list
`expected@children[[1]]@leaf_value[[1]]` is absent

`actual@children[[1]]@var_analyzed`:   NA
`expected@children[[1]]@var_analyzed`:   

actual@children[[1]]@label vs expected@children[[1]]@label
- ""
+ "Null Report: No observations met the reporting criteria for inclusion in this output."

actual@children[[1]]@name vs expected@children[[1]]@name
- ""
+ "Null Report: No observations met the reporting criteria for inclusion in this output."

`actual@children[[1]]@na_str`:   NA
`expected@children[[1]]@na_str`:   

`actual@children[[1]]@visible` is absent
`expected@children[[1]]@visible` is a logical vector (TRUE)

`actual@content` is absent
`expected@content` is an S4 object of class &lt;ElementaryTable&gt;

`actual@page_title_prefix` is absent
`expected@page_title_prefix` is a character vector (NA)</failure>
    </testcase>
    <testcase time="0.0259999999999962" classname="empty_report" name="tlg_functions_return_null_reports_when_domain_table_is_empty"/>
  </testsuite>
  <testsuite name="ext01" timestamp="2023-05-15T13:20:25Z" hostname="4c2f7a769255" tests="3" skipped="2" failures="0" errors="0" time="0.456">
    <testcase time="0.170000000000002" classname="ext01" name="ext01_works"/>
    <testcase time="0.0499999999999972" classname="ext01" name="ext01_works">
      <skipped message="Reason: On CRAN ('test-ext01.R:5:3')"/>
    </testcase>
    <testcase time="0.23599999999999" classname="ext01" name="ext02_1_works_for_selected_parameters">
      <skipped message="Reason: On CRAN ('test-ext01.R:17:3')"/>
    </testcase>
  </testsuite>
  <testsuite name="kmg01" timestamp="2023-05-15T13:20:25Z" hostname="4c2f7a769255" tests="6" skipped="0" failures="0" errors="0" time="1.9">
    <testcase time="0.0220000000000056" classname="kmg01" name="kmg01_1_works_as_expected"/>
    <testcase time="0.454999999999998" classname="kmg01" name="kmg01_1_works_as_expected"/>
    <testcase time="0.405000000000001" classname="kmg01" name="kmg01_1_works_as_expected_with_custom_color_set"/>
    <testcase time="0.344999999999999" classname="kmg01" name="kmg01_1_works_as_expected_with_custom_color_set"/>
    <testcase time="0.334000000000003" classname="kmg01" name="kmg01_1_works_if_change_pvalue_ties_and_conf_level"/>
    <testcase time="0.338999999999999" classname="kmg01" name="kmg01_1_works_if_change_annotation_position"/>
  </testsuite>
  <testsuite name="lbt01" timestamp="2023-05-15T13:20:27Z" hostname="4c2f7a769255" tests="2" skipped="1" failures="0" errors="0" time="1.658">
    <testcase time="1.44199999999999" classname="lbt01" name="lbt01_1_can_handle_n_0_and_outputs_NE_instead_of_infs_and_NAs"/>
    <testcase time="0.216000000000008" classname="lbt01" name="lbt01_1_can_handle_n_0_and_outputs_NE_instead_of_infs_and_NAs">
      <skipped message="Reason: On CRAN ('test-lbt01.R:10:3')"/>
    </testcase>
  </testsuite>
  <testsuite name="lbt04" timestamp="2023-05-15T13:20:29Z" hostname="4c2f7a769255" tests="5" skipped="2" failures="0" errors="0" time="0.999">
    <testcase time="0.0840000000000032" classname="lbt04" name="lbt04_can_handle_all_NA_values"/>
    <testcase time="0.0289999999999964" classname="lbt04" name="lbt04_can_handle_all_NA_values">
      <skipped message="Reason: On CRAN ('test-lbt04.R:11:3')"/>
    </testcase>
    <testcase time="0.447999999999993" classname="lbt04" name="lbt04_can_handle_some_NA_values"/>
    <testcase time="0.414000000000001" classname="lbt04" name="lbt04_can_handle_some_NA_values">
      <skipped message="Reason: On CRAN ('test-lbt04.R:24:3')"/>
    </testcase>
    <testcase time="0.0240000000000009" classname="lbt04" name="lbt04_fails_on_incomlete_date"/>
  </testsuite>
  <testsuite name="lbt05" timestamp="2023-05-15T13:20:30Z" hostname="4c2f7a769255" tests="4" skipped="1" failures="0" errors="0" time="0.923">
    <testcase time="0.400000000000006" classname="lbt05" name="lbt05_give_all_0_count_if_ANRIND_are_all_missing"/>
    <testcase time="0.393000000000001" classname="lbt05" name="lbt05_can_handle_some_NA_values"/>
    <testcase time="0.105999999999995" classname="lbt05" name="lbt05_can_handle_some_NA_values">
      <skipped message="Reason: On CRAN ('test-lbt05.R:22:3')"/>
    </testcase>
    <testcase time="0.0240000000000009" classname="lbt05" name="lbt05_fails_on_incomlete_date"/>
  </testsuite>
  <testsuite name="lbt07" timestamp="2023-05-15T13:20:31Z" hostname="4c2f7a769255" tests="3" skipped="1" failures="0" errors="0" time="0.783">
    <testcase time="0.582999999999998" classname="lbt07" name="lbt07_can_handle_some_NA_values"/>
    <testcase time="0.144999999999996" classname="lbt07" name="lbt07_can_handle_some_NA_values">
      <skipped message="Reason: On CRAN ('test-lbt07.R:11:3')"/>
    </testcase>
    <testcase time="0.0550000000000068" classname="lbt07" name="lbt07_fails_on_incomlete_data"/>
  </testsuite>
  <testsuite name="lbt14" timestamp="2023-05-15T13:20:32Z" hostname="4c2f7a769255" tests="12" skipped="6" failures="0" errors="0" time="9.771">
    <testcase time="1.339" classname="lbt14" name="lbt14_1_can_handle_all_NA_values"/>
    <testcase time="0.0520000000000067" classname="lbt14" name="lbt14_1_can_handle_all_NA_values">
      <skipped message="Reason: On CRAN ('test-lbt14.R:11:3')"/>
    </testcase>
    <testcase time="1.55799999999999" classname="lbt14" name="lbt14_1_can_handle_some_NA_values"/>
    <testcase time="0.284000000000006" classname="lbt14" name="lbt14_1_can_handle_some_NA_values">
      <skipped message="Reason: On CRAN ('test-lbt14.R:30:3')"/>
    </testcase>
    <testcase time="1.59299999999999" classname="lbt14" name="lbt14_1_can_accept_different_gr_missing">
      <skipped message="Reason: On CRAN ('test-lbt14.R:36:3')"/>
    </testcase>
    <testcase time="0.0240000000000009" classname="lbt14" name="lbt14_1_fails_on_incomlete_data"/>
    <testcase time="1.32900000000001" classname="lbt14" name="lbt14_2_can_handle_all_NA_values"/>
    <testcase time="0.0510000000000019" classname="lbt14" name="lbt14_2_can_handle_all_NA_values">
      <skipped message="Reason: On CRAN ('test-lbt14.R:61:3')"/>
    </testcase>
    <testcase time="1.57799999999999" classname="lbt14" name="lbt14_2_can_handle_some_NA_values"/>
    <testcase time="0.305000000000007" classname="lbt14" name="lbt14_2_can_handle_some_NA_values">
      <skipped message="Reason: On CRAN ('test-lbt14.R:80:3')"/>
    </testcase>
    <testcase time="1.634" classname="lbt14" name="lbt14_2_can_accept_different_gr_missing">
      <skipped message="Reason: On CRAN ('test-lbt14.R:85:3')"/>
    </testcase>
    <testcase time="0.0240000000000009" classname="lbt14" name="lbt14_2_fails_on_incomlete_data"/>
  </testsuite>
  <testsuite name="mht01" timestamp="2023-05-15T13:20:41Z" hostname="4c2f7a769255" tests="2" skipped="2" failures="0" errors="0" time="0.835">
    <testcase time="0.417000000000002" classname="mht01" name="mht01_1_works">
      <skipped message="Reason: On CRAN ('test-mht01.R:5:3')"/>
    </testcase>
    <testcase time="0.417999999999992" classname="mht01" name="mht01_1_works_on_NULL_in_lbl_mhbodsys_or_lbl_mhdecod">
      <skipped message="Reason: On CRAN ('test-mht01.R:10:3')"/>
    </testcase>
  </testsuite>
  <testsuite name="mng01" timestamp="2023-05-15T13:20:42Z" hostname="4c2f7a769255" tests="6" skipped="0" failures="0" errors="0" time="7.264">
    <testcase time="1.229" classname="mng01" name="mng01_1_works_as_expected"/>
    <testcase time="1.19200000000001" classname="mng01" name="mng01_1_works_as_expected_with_custom_color_set"/>
    <testcase time="1.20099999999999" classname="mng01" name="mng01_1_works_as_expected_with_custom_color_set"/>
    <testcase time="1.211" classname="mng01" name="mng01_1_works_if_show_v_grid_show_h_grid_is_TRUE"/>
    <testcase time="1.21900000000001" classname="mng01" name="mng01_1_works_on_custom_color_with_named_line_col"/>
    <testcase time="1.212" classname="mng01" name="mng01_1_works_with_combination_of_x_variables"/>
  </testsuite>
  <testsuite name="pdt01" timestamp="2023-05-15T13:20:50Z" hostname="4c2f7a769255" tests="4" skipped="2" failures="0" errors="0" time="0.583">
    <testcase time="0.11699999999999" classname="pdt01" name="pdt01_1_can_handle_all_NA_values"/>
    <testcase time="0.0400000000000063" classname="pdt01" name="pdt01_1_can_handle_all_NA_values">
      <skipped message="Reason: On CRAN ('test-pdt01.R:10:3')"/>
    </testcase>
    <testcase time="0.299999999999997" classname="pdt01" name="pdt01_1_can_handle_some_NA_values"/>
    <testcase time="0.126000000000005" classname="pdt01" name="pdt01_1_can_handle_some_NA_values">
      <skipped message="Reason: On CRAN ('test-pdt01.R:25:3')"/>
    </testcase>
  </testsuite>
  <testsuite name="pdt02" timestamp="2023-05-15T13:20:50Z" hostname="4c2f7a769255" tests="4" skipped="2" failures="0" errors="0" time="0.427">
    <testcase time="0.131" classname="pdt02" name="pdt02_1_can_handle_all_NA_values"/>
    <testcase time="0.0369999999999919" classname="pdt02" name="pdt02_1_can_handle_all_NA_values">
      <skipped message="Reason: On CRAN ('test-pdt02.R:10:3')"/>
    </testcase>
    <testcase time="0.204999999999998" classname="pdt02" name="pdt02_1_can_handle_some_NA_values"/>
    <testcase time="0.054000000000002" classname="pdt02" name="pdt02_1_can_handle_some_NA_values">
      <skipped message="Reason: On CRAN ('test-pdt02.R:25:3')"/>
    </testcase>
  </testsuite>
  <testsuite name="rmpt01" timestamp="2023-05-15T13:20:51Z" hostname="4c2f7a769255" tests="6" skipped="2" failures="0" errors="0" time="0.407">
    <testcase time="0.162000000000006" classname="rmpt01" name="rmpt01_can_handle_NA_values"/>
    <testcase time="0.0390000000000015" classname="rmpt01" name="rmpt01_can_handle_NA_values">
      <skipped message="Reason: On CRAN ('test-rmpt01.R:9:3')"/>
    </testcase>
    <testcase time="0.138999999999996" classname="rmpt01" name="rmpt01_can_handle_some_NA_values"/>
    <testcase time="0.0349999999999966" classname="rmpt01" name="rmpt01_can_handle_some_NA_values">
      <skipped message="Reason: On CRAN ('test-rmpt01.R:23:3')"/>
    </testcase>
    <testcase time="0.0230000000000103" classname="rmpt01" name="rmpt01_fails_on_incomlete_data"/>
    <testcase time="0.00899999999998613" classname="rmpt01" name="rmpt01_fails_on_incomlete_data"/>
  </testsuite>
  <testsuite name="rspt01" timestamp="2023-05-15T13:20:51Z" hostname="4c2f7a769255" tests="15" skipped="7" failures="0" errors="0" time="2.899">
    <testcase time="0.0210000000000008" classname="rspt01" name="rspt01_works_as_expected"/>
    <testcase time="0.407000000000011" classname="rspt01" name="rspt01_works_as_expected"/>
    <testcase time="0.0899999999999892" classname="rspt01" name="rspt01_works_as_expected">
      <skipped message="Reason: On CRAN ('test-rspt01.R:5:3')"/>
    </testcase>
    <testcase time="0.344000000000008" classname="rspt01" name="rspt01_works_as_expected_for_stratified_and_unstratified_analysis"/>
    <testcase time="0.0739999999999981" classname="rspt01" name="rspt01_works_as_expected_for_stratified_and_unstratified_analysis">
      <skipped message="Reason: On CRAN ('test-rspt01.R:17:3')"/>
    </testcase>
    <testcase time="0.298000000000002" classname="rspt01" name="rspt01_works_as_expected_for_unstratified_analysis_only"/>
    <testcase time="0.063999999999993" classname="rspt01" name="rspt01_works_as_expected_for_unstratified_analysis_only">
      <skipped message="Reason: On CRAN ('test-rspt01.R:36:3')"/>
    </testcase>
    <testcase time="0.340000000000003" classname="rspt01" name="rspt01_works_as_expected_for_stratified_analysis_only"/>
    <testcase time="0.0649999999999977" classname="rspt01" name="rspt01_works_as_expected_for_stratified_analysis_only">
      <skipped message="Reason: On CRAN ('test-rspt01.R:55:3')"/>
    </testcase>
    <testcase time="0.329999999999998" classname="rspt01" name="rspt01_works_if_change_reference_group"/>
    <testcase time="0.0680000000000121" classname="rspt01" name="rspt01_works_if_change_reference_group">
      <skipped message="Reason: On CRAN ('test-rspt01.R:74:3')"/>
    </testcase>
    <testcase time="0.330999999999989" classname="rspt01" name="rspt01_works_if_change_statistic_methods"/>
    <testcase time="0.0690000000000026" classname="rspt01" name="rspt01_works_if_change_statistic_methods">
      <skipped message="Reason: On CRAN ('test-rspt01.R:97:3')"/>
    </testcase>
    <testcase time="0.329000000000008" classname="rspt01" name="rspt01_works_if_change_confidence_interval"/>
    <testcase time="0.0689999999999884" classname="rspt01" name="rspt01_works_if_change_confidence_interval">
      <skipped message="Reason: On CRAN ('test-rspt01.R:123:3')"/>
    </testcase>
  </testsuite>
  <testsuite name="utils" timestamp="2023-05-15T13:20:54Z" hostname="4c2f7a769255" tests="27" skipped="0" failures="0" errors="0" time="0.145">
    <testcase time="0.0190000000000055" classname="utils" name="h_format_dec_works_as_exected"/>
    <testcase time="0.00400000000000489" classname="utils" name="h_format_dec_works_as_exected"/>
    <testcase time="0.00199999999999534" classname="utils" name="h_format_dec_works_as_exected"/>
    <testcase time="0.00400000000000489" classname="utils" name="h_format_dec_works_as_exected"/>
    <testcase time="0.00199999999999534" classname="utils" name="h_format_dec_works_as_exected"/>
    <testcase time="0.00400000000000489" classname="utils" name="h_format_dec_works_as_exected"/>
    <testcase time="0.00199999999999534" classname="utils" name="h_format_dec_works_as_exected"/>
    <testcase time="0.00400000000000489" classname="utils" name="h_format_dec_works_as_exected"/>
    <testcase time="0.00199999999999534" classname="utils" name="h_format_dec_works_as_exected"/>
    <testcase time="0.00400000000000489" classname="utils" name="h_format_dec_works_as_exected"/>
    <testcase time="0.000999999999990564" classname="utils" name="h_format_dec_works_as_exected"/>
    <testcase time="0.00300000000000011" classname="utils" name="h_format_dec_works_as_exected"/>
    <testcase time="0.00799999999999557" classname="utils" name="h_format_dec_works_as_expected_with_more_than_one_value"/>
    <testcase time="0.00400000000000489" classname="utils" name="h_format_dec_works_as_expected_with_more_than_one_value"/>
    <testcase time="0.007000000000005" classname="utils" name="h_format_dec_works_returns_null_with_NA_format"/>
    <testcase time="0.00699999999999079" classname="utils" name="h_format_dec_works_as_expected_with_NA_digits"/>
    <testcase time="0.007000000000005" classname="utils" name="h_format_dec_works_as_expected_with_NA_digits"/>
    <testcase time="0.00799999999999557" classname="utils" name="get_db_data_works"/>
    <testcase time="0.00400000000000489" classname="utils" name="get_db_data_works"/>
    <testcase time="0.00699999999999079" classname="utils" name="fuse_sequentially_works"/>
    <testcase time="0.00500000000000966" classname="utils" name="fuse_sequentially_works"/>
    <testcase time="0.00499999999999545" classname="utils" name="grob_list_works"/>
    <testcase time="0.00199999999999534" classname="utils" name="grob_list_works"/>
    <testcase time="0.00400000000000489" classname="utils" name="grob_list_works"/>
    <testcase time="0.00400000000000489" classname="utils" name="grob_list_works"/>
    <testcase time="0.0139999999999958" classname="utils" name="ifneeded_split_row_works_as_expected"/>
    <testcase time="0.00799999999999557" classname="utils" name="ifneeded_split_row_works_as_expected"/>
  </testsuite>
  <testsuite name="vst02" timestamp="2023-05-15T13:20:54Z" hostname="4c2f7a769255" tests="2" skipped="2" failures="0" errors="0" time="0.752">
    <testcase time="0.373000000000005" classname="vst02" name="vst02_functions_with_default_argument_value_return_expected_result_with_test_data">
      <skipped message="Reason: On CRAN ('test-vst02.R:7:3')"/>
    </testcase>
    <testcase time="0.378999999999991" classname="vst02" name="vst02_functions_return_expected_result_with_test_data_when_excluding_subject_with_baseline_abnormality">
      <skipped message="Reason: On CRAN ('test-vst02.R:14:3')"/>
    </testcase>
  </testsuite>
</testsuites>
