<?xml version="1.0" encoding="UTF-8"?>
<testsuites>
  <testsuite name="ael01_nollt" timestamp="2023-05-19T07:56:18Z" hostname="69a5e0a93243" tests="8" skipped="4" failures="0" errors="0" time="2.01">
    <testcase time="1.155" classname="ael01_nollt" name="ael01_nollt_works_with_admh_dataset"/>
    <testcase time="0.296" classname="ael01_nollt" name="ael01_nollt_works_with_admh_dataset">
      <skipped message="Reason: On CRAN ('test-ael01_nollt.R:7:3')"/>
    </testcase>
    <testcase time="0.0700000000000003" classname="ael01_nollt" name="ael01_nollt_works_with_non_default_label"/>
    <testcase time="0.191" classname="ael01_nollt" name="ael01_nollt_works_with_non_default_label">
      <skipped message="Reason: On CRAN ('test-ael01_nollt.R:19:3')"/>
    </testcase>
    <testcase time="0.0579999999999998" classname="ael01_nollt" name="ael01_nollt_can_handle_all_missing_values"/>
    <testcase time="0.0750000000000002" classname="ael01_nollt" name="ael01_nollt_can_handle_all_missing_values">
      <skipped message="Reason: On CRAN ('test-ael01_nollt.R:32:3')"/>
    </testcase>
    <testcase time="0.0379999999999994" classname="ael01_nollt" name="ael01_nollt_can_handle_some_missing_values"/>
    <testcase time="0.127000000000001" classname="ael01_nollt" name="ael01_nollt_can_handle_some_missing_values">
      <skipped message="Reason: On CRAN ('test-ael01_nollt.R:47:3')"/>
    </testcase>
  </testsuite>
  <testsuite name="aet01" timestamp="2023-05-19T07:56:20Z" hostname="69a5e0a93243" tests="9" skipped="4" failures="0" errors="0" time="2.945">
    <testcase time="0.596" classname="aet01" name="aet01_can_handle_all_NA_values"/>
    <testcase time="0.321" classname="aet01" name="aet01_can_handle_all_NA_values">
      <skipped message="Reason: On CRAN ('test-aet01.R:12:3')"/>
    </testcase>
    <testcase time="0.381" classname="aet01" name="aet01_can_handle_some_NA_values"/>
    <testcase time="0.314" classname="aet01" name="aet01_can_handle_some_NA_values">
      <skipped message="Reason: On CRAN ('test-aet01.R:29:3')"/>
    </testcase>
    <testcase time="0.27" classname="aet01" name="aet01_can_use_custom_anl_vars"/>
    <testcase time="0.193000000000001" classname="aet01" name="aet01_can_use_custom_anl_vars">
      <skipped message="Reason: On CRAN ('test-aet01.R:35:3')"/>
    </testcase>
    <testcase time="0.135999999999999" classname="aet01" name="aet01_fails_on_incomplete_data_input"/>
    <testcase time="0.387" classname="aet01" name="aet01_can_use_custom_medconcept_var"/>
    <testcase time="0.347" classname="aet01" name="aet01_can_use_custom_medconcept_var">
      <skipped message="Reason: On CRAN ('test-aet01.R:65:3')"/>
    </testcase>
  </testsuite>
  <testsuite name="aet01_aesi" timestamp="2023-05-19T07:56:23Z" hostname="69a5e0a93243" tests="7" skipped="3" failures="0" errors="0" time="2.23">
    <testcase time="0.341999999999999" classname="aet01_aesi" name="aet01_aesi_can_handle_all_NA_values"/>
    <testcase time="0.298" classname="aet01_aesi" name="aet01_aesi_can_handle_all_NA_values">
      <skipped message="Reason: On CRAN ('test-aet01_aesi.R:17:3')"/>
    </testcase>
    <testcase time="0.286000000000001" classname="aet01_aesi" name="aet01_aesi_can_handle_some_NA_values"/>
    <testcase time="0.298999999999999" classname="aet01_aesi" name="aet01_aesi_can_handle_some_NA_values">
      <skipped message="Reason: On CRAN ('test-aet01_aesi.R:30:3')"/>
    </testcase>
    <testcase time="0.384" classname="aet01_aesi" name="aet01_aesi_works_with_ALL_argument"/>
    <testcase time="0.504" classname="aet01_aesi" name="aet01_aesi_works_with_ALL_argument">
      <skipped message="Reason: On CRAN ('test-aet01_aesi.R:36:3')"/>
    </testcase>
    <testcase time="0.117000000000001" classname="aet01_aesi" name="aet01_aesi_check_fails_on_incomplete_data_input"/>
  </testsuite>
  <testsuite name="aet02" timestamp="2023-05-19T07:56:25Z" hostname="69a5e0a93243" tests="3" skipped="1" failures="0" errors="0" time="2.292">
    <testcase time="0.116999999999999" classname="aet02" name="aet02_fails_on_incomplete_data_input"/>
    <testcase time="0.124000000000001" classname="aet02" name="aet02_handle_empty_data_input"/>
    <testcase time="2.051" classname="aet02" name="aet02_can_have_different_levels_of_row_split">
      <skipped message="Reason: On CRAN ('test-aet02.R:30:3')"/>
    </testcase>
  </testsuite>
  <testsuite name="aet03" timestamp="2023-05-19T07:56:28Z" hostname="69a5e0a93243" tests="4" skipped="2" failures="0" errors="0" time="3.88">
    <testcase time="0.462999999999999" classname="aet03" name="aet03_can_handle_NA_values"/>
    <testcase time="0.295" classname="aet03" name="aet03_can_handle_NA_values">
      <skipped message="Reason: On CRAN ('test-aet03.R:10:3')"/>
    </testcase>
    <testcase time="2.056" classname="aet03" name="aet03_can_handle_some_NA_values"/>
    <testcase time="1.066" classname="aet03" name="aet03_can_handle_some_NA_values">
      <skipped message="Reason: On CRAN ('test-aet03.R:27:3')"/>
    </testcase>
  </testsuite>
  <testsuite name="aet04" timestamp="2023-05-19T07:56:32Z" hostname="69a5e0a93243" tests="4" skipped="2" failures="0" errors="0" time="5.677">
    <testcase time="0.650000000000002" classname="aet04" name="aet04_can_handle_NA_values"/>
    <testcase time="0.456" classname="aet04" name="aet04_can_handle_NA_values">
      <skipped message="Reason: On CRAN ('test-aet04.R:10:3')"/>
    </testcase>
    <testcase time="3.293" classname="aet04" name="aet04_can_handle_some_NA_values"/>
    <testcase time="1.278" classname="aet04" name="aet04_can_handle_some_NA_values">
      <skipped message="Reason: On CRAN ('test-aet04.R:32:3')"/>
    </testcase>
  </testsuite>
  <testsuite name="aet10" timestamp="2023-05-19T07:56:37Z" hostname="69a5e0a93243" tests="4" skipped="2" failures="0" errors="0" time="0.584">
    <testcase time="0.0920000000000023" classname="aet10" name="aet10_can_handle_NA_values"/>
    <testcase time="0.131999999999998" classname="aet10" name="aet10_can_handle_NA_values">
      <skipped message="Reason: On CRAN ('test-aet10.R:10:3')"/>
    </testcase>
    <testcase time="0.124000000000002" classname="aet10" name="aet10_can_handle_some_NA_values"/>
    <testcase time="0.235999999999997" classname="aet10" name="aet10_can_handle_some_NA_values">
      <skipped message="Reason: On CRAN ('test-aet10.R:24:3')"/>
    </testcase>
  </testsuite>
  <testsuite name="assertions" timestamp="2023-05-19T07:56:38Z" hostname="69a5e0a93243" tests="14" skipped="0" failures="0" errors="0" time="0.103">
    <testcase time="0.0210000000000008" classname="assertions" name="assert_colnames_works_as_expected"/>
    <testcase time="0.00799999999999912" classname="assertions" name="assert_colnames_works_as_expected"/>
    <testcase time="0.00200000000000244" classname="assertions" name="assert_colnames_works_as_expected"/>
    <testcase time="0.0069999999999979" classname="assertions" name="assert_colnames_works_as_expected"/>
    <testcase time="0.00500000000000256" classname="assertions" name="assert_one_tablenames_works_as_expected"/>
    <testcase time="0.00300000000000011" classname="assertions" name="assert_one_tablenames_works_as_expected"/>
    <testcase time="0.00599999999999667" classname="assertions" name="assert_one_tablenames_works_as_expected"/>
    <testcase time="0.00600000000000023" classname="assertions" name="assert_one_tablenames_works_as_expected"/>
    <testcase time="0.00500000000000256" classname="assertions" name="assert_all_tablenames_works_as_expected"/>
    <testcase time="0.0069999999999979" classname="assertions" name="assert_all_tablenames_works_as_expected"/>
    <testcase time="0.00600000000000023" classname="assertions" name="assert_all_tablenames_works_as_expected"/>
    <testcase time="0.0130000000000017" classname="assertions" name="assert_args_works_as_expected"/>
    <testcase time="0.00199999999999889" classname="assertions" name="assert_args_works_as_expected"/>
    <testcase time="0.0120000000000005" classname="assertions" name="assert_args_works_as_expected"/>
  </testsuite>
  <testsuite name="checks" timestamp="2023-05-19T07:56:38Z" hostname="69a5e0a93243" tests="8" skipped="0" failures="0" errors="0" time="0.038">
    <testcase time="0.0100000000000016" classname="checks" name="check_all_colnames_works_as_expected"/>
    <testcase time="0.00399999999999778" classname="checks" name="check_all_colnames_works_as_expected"/>
    <testcase time="0.00300000000000011" classname="checks" name="check_all_colnames_works_as_expected"/>
    <testcase time="0.00400000000000134" classname="checks" name="check_all_colnames_works_as_expected"/>
    <testcase time="0.00600000000000023" classname="checks" name="check_one_colnames_works_as_expected"/>
    <testcase time="0.00399999999999778" classname="checks" name="check_one_colnames_works_as_expected"/>
    <testcase time="0.00300000000000011" classname="checks" name="check_one_colnames_works_as_expected"/>
    <testcase time="0.00400000000000134" classname="checks" name="check_one_colnames_works_as_expected"/>
  </testsuite>
  <testsuite name="chevron_tlg-class" timestamp="2023-05-19T07:56:38Z" hostname="69a5e0a93243" tests="24" skipped="0" failures="0" errors="0" time="0.107">
    <testcase time="0.0109999999999992" classname="chevron_tlg_class" name="chevron_t_object_can_be_constructed_with_default_values"/>
    <testcase time="0.00499999999999901" classname="chevron_tlg_class" name="chevron_t_object_can_be_constructed_with_default_values"/>
    <testcase time="0.00700000000000145" classname="chevron_tlg_class" name="chevron_t_object_can_be_constructed_with_custom_values"/>
    <testcase time="0.00400000000000134" classname="chevron_tlg_class" name="chevron_t_object_can_be_constructed_with_custom_values"/>
    <testcase time="0.00399999999999778" classname="chevron_tlg_class" name="chevron_t_object_can_be_constructed_with_custom_values"/>
    <testcase time="0.00400000000000134" classname="chevron_tlg_class" name="chevron_t_object_can_be_constructed_with_custom_values"/>
    <testcase time="0.0069999999999979" classname="chevron_tlg_class" name="chevron_t_constructor_returns_an_error_when_expected"/>
    <testcase time="0.00200000000000244" classname="chevron_tlg_class" name="chevron_t_constructor_returns_an_error_when_expected"/>
    <testcase time="0.000999999999997669" classname="chevron_tlg_class" name="chevron_t_constructor_returns_an_error_when_expected"/>
    <testcase time="0.00100000000000122" classname="chevron_tlg_class" name="chevron_t_constructor_returns_an_error_when_expected"/>
    <testcase time="0.00199999999999889" classname="chevron_tlg_class" name="chevron_t_constructor_returns_an_error_when_expected"/>
    <testcase time="0.00100000000000122" classname="chevron_tlg_class" name="chevron_t_constructor_returns_an_error_when_expected"/>
    <testcase time="0.00700000000000145" classname="chevron_tlg_class" name="chevron_l_object_can_be_constructed_with_default_values"/>
    <testcase time="0.00499999999999901" classname="chevron_tlg_class" name="chevron_l_object_can_be_constructed_with_default_values"/>
    <testcase time="0.00799999999999912" classname="chevron_tlg_class" name="chevron_g_object_can_be_constructed_with_custom_values"/>
    <testcase time="0.00499999999999901" classname="chevron_tlg_class" name="chevron_g_object_can_be_constructed_with_custom_values"/>
    <testcase time="0.00300000000000011" classname="chevron_tlg_class" name="chevron_g_object_can_be_constructed_with_custom_values"/>
    <testcase time="0.00500000000000256" classname="chevron_tlg_class" name="chevron_g_object_can_be_constructed_with_custom_values"/>
    <testcase time="0.0169999999999995" classname="chevron_tlg_class" name="chevron_g_constructor_returns_an_error_when_expected"/>
    <testcase time="0.00199999999999889" classname="chevron_tlg_class" name="chevron_g_constructor_returns_an_error_when_expected"/>
    <testcase time="0.00199999999999889" classname="chevron_tlg_class" name="chevron_g_constructor_returns_an_error_when_expected"/>
    <testcase time="0.00100000000000122" classname="chevron_tlg_class" name="chevron_g_constructor_returns_an_error_when_expected"/>
    <testcase time="0.00199999999999889" classname="chevron_tlg_class" name="chevron_g_constructor_returns_an_error_when_expected"/>
    <testcase time="0.00100000000000122" classname="chevron_tlg_class" name="chevron_g_constructor_returns_an_error_when_expected"/>
  </testsuite>
  <testsuite name="chevron_tlg-methods" timestamp="2023-05-19T07:56:38Z" hostname="69a5e0a93243" tests="43" skipped="3" failures="0" errors="0" time="5.329">
    <testcase time="4.237" classname="chevron_tlg_methods" name="run_works_as_expected_for_chevron_t_object">
      <skipped message="Reason: On CRAN ('test-chevron_tlg-methods.R:5:3')"/>
    </testcase>
    <testcase time="0.817" classname="chevron_tlg_methods" name="run_works_as_expected_for_chevron_t_object_when_auto_pre_FALSE">
      <skipped message="Reason: On CRAN ('test-chevron_tlg-methods.R:13:3')"/>
    </testcase>
    <testcase time="0.014999999999997" classname="chevron_tlg_methods" name="args_ls_works_as_expected"/>
    <testcase time="0.00200000000000244" classname="chevron_tlg_methods" name="args_ls_works_as_expected"/>
    <testcase time="0.00199999999999889" classname="chevron_tlg_methods" name="args_ls_works_as_expected"/>
    <testcase time="0.00499999999999901" classname="chevron_tlg_methods" name="args_ls_works_as_expected_when_simplify_is_TRUE"/>
    <testcase time="0.00100000000000122" classname="chevron_tlg_methods" name="args_ls_works_as_expected_when_simplify_is_TRUE"/>
    <testcase time="0.00199999999999889" classname="chevron_tlg_methods" name="args_ls_works_as_expected_when_simplify_is_TRUE"/>
    <testcase time="0.00600000000000023" classname="chevron_tlg_methods" name="args_ls_works_as_expected_with_custom_chevron_tlg_object"/>
    <testcase time="0.00100000000000122" classname="chevron_tlg_methods" name="args_ls_works_as_expected_with_custom_chevron_tlg_object"/>
    <testcase time="0.00199999999999889" classname="chevron_tlg_methods" name="args_ls_works_as_expected_with_custom_chevron_tlg_object"/>
    <testcase time="0.00400000000000134" classname="chevron_tlg_methods" name="args_ls_works_as_expected_with_custom_chevron_tlg_object"/>
    <testcase time="0.00799999999999912" classname="chevron_tlg_methods" name="main_works_as_expected"/>
    <testcase time="0.0109999999999992" classname="chevron_tlg_methods" name="get_main_works_as_expected"/>
    <testcase time="0.00500000000000256" classname="chevron_tlg_methods" name="get_main_works_as_expected"/>
    <testcase time="0.00799999999999912" classname="chevron_tlg_methods" name="main_setter_works_as_expected"/>
    <testcase time="0.0139999999999993" classname="chevron_tlg_methods" name="main_setter_throw_an_error_as_expected"/>
    <testcase time="0.00799999999999912" classname="chevron_tlg_methods" name="preprocess_works_as_expected"/>
    <testcase time="0.0100000000000016" classname="chevron_tlg_methods" name="get_preprocess_works_as_expected"/>
    <testcase time="0.00400000000000134" classname="chevron_tlg_methods" name="get_preprocess_works_as_expected"/>
    <testcase time="0.00799999999999912" classname="chevron_tlg_methods" name="preprocess_setter_works_as_expected"/>
    <testcase time="0.0150000000000006" classname="chevron_tlg_methods" name="preprocess_sends_an_error_as_expected"/>
    <testcase time="0.00799999999999912" classname="chevron_tlg_methods" name="postprocess_works_as_expected"/>
    <testcase time="0.0100000000000016" classname="chevron_tlg_methods" name="get_postprocess_works_as_expected"/>
    <testcase time="0.00499999999999901" classname="chevron_tlg_methods" name="get_postprocess_works_as_expected"/>
    <testcase time="0.00900000000000034" classname="chevron_tlg_methods" name="postprocess_setter_works_as_expected"/>
    <testcase time="0.0240000000000009" classname="chevron_tlg_methods" name="postprocess_sends_an_error_as_expected"/>
    <testcase time="0.00999999999999801" classname="chevron_tlg_methods" name="datasets_works_as_expected"/>
    <testcase time="0.0109999999999992" classname="chevron_tlg_methods" name="get_adam_datasets_works_as_expected"/>
    <testcase time="0.00500000000000256" classname="chevron_tlg_methods" name="get_adam_datasets_works_as_expected"/>
    <testcase time="0.00899999999999679" classname="chevron_tlg_methods" name="datasets_setter_works_as_expected"/>
    <testcase time="0.00700000000000145" classname="chevron_tlg_methods" name="script_works_as_expected"/>
    <testcase time="0.00100000000000122" classname="chevron_tlg_methods" name="script_works_as_expected"/>
    <testcase time="0.00199999999999889" classname="chevron_tlg_methods" name="script_works_as_expected"/>
    <testcase time="0.00600000000000023" classname="chevron_tlg_methods" name="script_works_as_expected_with_dictionary_of_arguments"/>
    <testcase time="0.00199999999999889" classname="chevron_tlg_methods" name="script_works_as_expected_with_dictionary_of_arguments"/>
    <testcase time="0.00100000000000122" classname="chevron_tlg_methods" name="script_works_as_expected_with_dictionary_of_arguments"/>
    <testcase time="0.00199999999999889" classname="chevron_tlg_methods" name="script_works_as_expected_with_dictionary_of_arguments"/>
    <testcase time="0.00500000000000256" classname="chevron_tlg_methods" name="script_funs_works_as_expected_in_interactive_mode">
      <skipped message="Reason: !interactive() is TRUE ('test-chevron_tlg-methods.R:194:3')"/>
    </testcase>
    <testcase time="0.0169999999999995" classname="chevron_tlg_methods" name="script_funs_works_as_expected"/>
    <testcase time="0.000999999999997669" classname="chevron_tlg_methods" name="script_funs_works_as_expected"/>
    <testcase time="0.00700000000000145" classname="chevron_tlg_methods" name="script_funs_works_as_expected_with_details_set_to_TRUE"/>
    <testcase time="0.00199999999999889" classname="chevron_tlg_methods" name="script_funs_works_as_expected_with_details_set_to_TRUE"/>
  </testsuite>
  <testsuite name="cmt01a" timestamp="2023-05-19T07:56:43Z" hostname="69a5e0a93243" tests="4" skipped="2" failures="0" errors="0" time="1.961">
    <testcase time="0.198" classname="cmt01a" name="cmt01a_can_handle_all_NA_values"/>
    <testcase time="0.192" classname="cmt01a" name="cmt01a_can_handle_all_NA_values">
      <skipped message="Reason: On CRAN ('test-cmt01a.R:10:3')"/>
    </testcase>
    <testcase time="0.864000000000001" classname="cmt01a" name="cmt01a_can_handle_some_NA_values"/>
    <testcase time="0.707000000000001" classname="cmt01a" name="cmt01a_can_handle_some_NA_values">
      <skipped message="Reason: On CRAN ('test-cmt01a.R:18:3')"/>
    </testcase>
  </testsuite>
  <testsuite name="cmt02_pt" timestamp="2023-05-19T07:56:45Z" hostname="69a5e0a93243" tests="4" skipped="2" failures="0" errors="0" time="0.766">
    <testcase time="0.139999999999997" classname="cmt02_pt" name="cmt02_pt_can_handle_all_NA_values"/>
    <testcase time="0.156000000000002" classname="cmt02_pt" name="cmt02_pt_can_handle_all_NA_values">
      <skipped message="Reason: On CRAN ('test-cmt02_pt.R:9:3')"/>
    </testcase>
    <testcase time="0.204999999999998" classname="cmt02_pt" name="cmt02_pt_can_handle_some_NA_values"/>
    <testcase time="0.265000000000001" classname="cmt02_pt" name="cmt02_pt_can_handle_some_NA_values">
      <skipped message="Reason: On CRAN ('test-cmt02_pt.R:17:3')"/>
    </testcase>
  </testsuite>
  <testsuite name="coxt02" timestamp="2023-05-19T07:56:46Z" hostname="69a5e0a93243" tests="3" skipped="1" failures="0" errors="0" time="0.965">
    <testcase time="0.661999999999999" classname="coxt02" name="coxt02_can_handle_some_NA_values"/>
    <testcase time="0.273" classname="coxt02" name="coxt02_can_handle_some_NA_values">
      <skipped message="Reason: On CRAN ('test-coxt02.R:5:3')"/>
    </testcase>
    <testcase time="0.0300000000000011" classname="coxt02" name="coxt02_fails_on_incomlete_date"/>
  </testsuite>
  <testsuite name="default_tlg" timestamp="2023-05-19T07:56:47Z" hostname="69a5e0a93243" tests="13" skipped="13" failures="0" errors="0" time="15.038">
    <testcase time="0.142999999999997" classname="default_tlg" name="ael01_nollt_function_with_default_argument_value_return_expected_result_with_test_data">
      <skipped message="Reason: On CRAN ('test-default_tlg.R:5:3')"/>
    </testcase>
    <testcase time="0.684000000000005" classname="default_tlg" name="aet01_function_with_default_argument_value_return_expected_result_with_test_data">
      <skipped message="Reason: On CRAN ('test-default_tlg.R:12:3')"/>
    </testcase>
    <testcase time="0.669999999999995" classname="default_tlg" name="aet01_aesi_function_with_default_argument_value_return_expected_result_with_test_data">
      <skipped message="Reason: On CRAN ('test-default_tlg.R:19:3')"/>
    </testcase>
    <testcase time="1.295" classname="default_tlg" name="aet02_functions_with_default_argument_value_return_expected_result_with_test_data">
      <skipped message="Reason: On CRAN ('test-default_tlg.R:26:3')"/>
    </testcase>
    <testcase time="2.944" classname="default_tlg" name="aet03_functions_with_default_argument_value_return_expected_result_with_test_data">
      <skipped message="Reason: On CRAN ('test-default_tlg.R:33:3')"/>
    </testcase>
    <testcase time="4.439" classname="default_tlg" name="aet04_functions_with_default_argument_value_return_expected_result_with_test_data">
      <skipped message="Reason: On CRAN ('test-default_tlg.R:40:3')"/>
    </testcase>
    <testcase time="0.385999999999996" classname="default_tlg" name="aet10_functions_with_default_argument_value_return_expected_result_with_test_data">
      <skipped message="Reason: On CRAN ('test-default_tlg.R:47:3')"/>
    </testcase>
    <testcase time="1.496" classname="default_tlg" name="cmt01a_1_functions_with_default_argument_value_return_expected_result_with_test_data">
      <skipped message="Reason: On CRAN ('test-default_tlg.R:54:3')"/>
    </testcase>
    <testcase time="0.469999999999999" classname="default_tlg" name="cmt02_pt_functions_with_default_argument_value_return_expected_result_with_test_data">
      <skipped message="Reason: On CRAN ('test-default_tlg.R:61:3')"/>
    </testcase>
    <testcase time="0.892000000000003" classname="default_tlg" name="coxt02_functions_with_default_argument_value_return_expected_result_with_test_data">
      <skipped message="Reason: On CRAN ('test-default_tlg.R:69:3')"/>
    </testcase>
    <testcase time="0.780000000000001" classname="default_tlg" name="dmt01_functions_with_default_argument_value_return_expected_result_with_test_data">
      <skipped message="Reason: On CRAN ('test-default_tlg.R:76:3')"/>
    </testcase>
    <testcase time="0.519999999999996" classname="default_tlg" name="dst01_functions_with_default_argument_value_return_expected_result_with_test_data">
      <skipped message="Reason: On CRAN ('test-default_tlg.R:83:3')"/>
    </testcase>
    <testcase time="0.319000000000003" classname="default_tlg" name="dtht01_functions_with_default_argument_value_return_expected_result_with_test_data">
      <skipped message="Reason: On CRAN ('test-default_tlg.R:90:3')"/>
    </testcase>
  </testsuite>
  <testsuite name="dmt01" timestamp="2023-05-19T07:57:02Z" hostname="69a5e0a93243" tests="4" skipped="2" failures="0" errors="0" time="1.484">
    <testcase time="0.292000000000002" classname="dmt01" name="dmt01_can_handle_NA_values"/>
    <testcase time="0.412999999999997" classname="dmt01" name="dmt01_can_handle_NA_values">
      <skipped message="Reason: On CRAN ('test-dmt01.R:8:3')"/>
    </testcase>
    <testcase time="0.307000000000002" classname="dmt01" name="dmt01_can_handle_numeric_NA_values"/>
    <testcase time="0.472000000000001" classname="dmt01" name="dmt01_can_handle_numeric_NA_values">
      <skipped message="Reason: On CRAN ('test-dmt01.R:15:3')"/>
    </testcase>
  </testsuite>
  <testsuite name="dst01" timestamp="2023-05-19T07:57:04Z" hostname="69a5e0a93243" tests="14" skipped="7" failures="0" errors="0" time="3.425">
    <testcase time="0.164999999999999" classname="dst01" name="dst01_works_as_expected_when_all_data_are_NA"/>
    <testcase time="0.0959999999999965" classname="dst01" name="dst01_works_as_expected_when_all_data_are_NA">
      <skipped message="Reason: On CRAN ('test-dst01.R:11:3')"/>
    </testcase>
    <testcase time="0.146000000000001" classname="dst01" name="dst01_can_handle_all_NA_values_in_DCSREAS"/>
    <testcase time="0.190000000000005" classname="dst01" name="dst01_can_handle_all_NA_values_in_DCSREAS">
      <skipped message="Reason: On CRAN ('test-dst01.R:22:3')"/>
    </testcase>
    <testcase time="0.231999999999999" classname="dst01" name="dst01_can_handle_some_NA_values"/>
    <testcase time="0.512" classname="dst01" name="dst01_can_handle_some_NA_values">
      <skipped message="Reason: On CRAN ('test-dst01.R:29:3')"/>
    </testcase>
    <testcase time="0.141999999999996" classname="dst01" name="dst01_can_handle_missing_levels_in_status_var"/>
    <testcase time="0.143999999999998" classname="dst01" name="dst01_can_handle_missing_levels_in_status_var">
      <skipped message="Reason: On CRAN ('test-dst01.R:39:3')"/>
    </testcase>
    <testcase time="0.252000000000002" classname="dst01" name="dst01_can_create_variants"/>
    <testcase time="0.298999999999999" classname="dst01" name="dst01_can_create_variants">
      <skipped message="Reason: On CRAN ('test-dst01.R:44:3')"/>
    </testcase>
    <testcase time="0.288000000000004" classname="dst01" name="dst01_can_create_variants"/>
    <testcase time="0.289999999999999" classname="dst01" name="dst01_can_create_variants">
      <skipped message="Reason: On CRAN ('test-dst01.R:49:3')"/>
    </testcase>
    <testcase time="0.327999999999996" classname="dst01" name="dst01_can_create_variants"/>
    <testcase time="0.341000000000001" classname="dst01" name="dst01_can_create_variants">
      <skipped message="Reason: On CRAN ('test-dst01.R:56:3')"/>
    </testcase>
  </testsuite>
  <testsuite name="dtht01" timestamp="2023-05-19T07:57:07Z" hostname="69a5e0a93243" tests="5" skipped="3" failures="0" errors="0" time="1.745">
    <testcase time="0.124000000000002" classname="dtht01" name="dtht01_can_handle_all_NA_values"/>
    <testcase time="0.183" classname="dtht01" name="dtht01_can_handle_all_NA_values">
      <skipped message="Reason: On CRAN ('test-dtht01.R:12:3')"/>
    </testcase>
    <testcase time="0.298000000000002" classname="dtht01" name="dtht01_can_handle_some_NA_values"/>
    <testcase time="0.421999999999997" classname="dtht01" name="dtht01_can_handle_some_NA_values">
      <skipped message="Reason: On CRAN ('test-dtht01.R:19:3')"/>
    </testcase>
    <testcase time="0.718000000000004" classname="dtht01" name="dtht01_can_be_parametrize_as_expected">
      <skipped message="Reason: On CRAN ('test-dtht01.R:30:3')"/>
    </testcase>
  </testsuite>
  <testsuite name="egt01" timestamp="2023-05-19T07:57:09Z" hostname="69a5e0a93243" tests="3" skipped="2" failures="0" errors="0" time="4.045">
    <testcase time="2.188" classname="egt01" name="egt01_functions_with_default_argument_value_return_expected_result_with_test_data">
      <skipped message="Reason: On CRAN ('test-egt01.R:7:3')"/>
    </testcase>
    <testcase time="1.584" classname="egt01" name="egt01_can_handle_n_0_and_outputs_NE_instead_of_infs_and_NAs"/>
    <testcase time="0.273000000000003" classname="egt01" name="egt01_can_handle_n_0_and_outputs_NE_instead_of_infs_and_NAs">
      <skipped message="Reason: On CRAN ('test-egt01.R:21:3')"/>
    </testcase>
  </testsuite>
  <testsuite name="egt02" timestamp="2023-05-19T07:57:13Z" hostname="69a5e0a93243" tests="2" skipped="2" failures="0" errors="0" time="0.89">
    <testcase time="0.466999999999999" classname="egt02" name="egt02_1_functions_with_default_argument_value_return_expected_result_with_test_data">
      <skipped message="Reason: On CRAN ('test-egt02.R:7:3')"/>
    </testcase>
    <testcase time="0.423000000000002" classname="egt02" name="egt02_2_functions_with_default_value_return_expected_result_with_test_data">
      <skipped message="Reason: On CRAN ('test-egt02.R:14:3')"/>
    </testcase>
  </testsuite>
  <testsuite name="egt03" timestamp="2023-05-19T07:57:14Z" hostname="69a5e0a93243" tests="5" skipped="2" failures="0" errors="0" time="1.347">
    <testcase time="0.619" classname="egt03" name="egt03_functions_with_default_argument_value_return_expected_result_with_test_data">
      <skipped message="Reason: On CRAN ('test-egt03.R:7:3')"/>
    </testcase>
    <testcase time="0.0379999999999967" classname="egt03" name="egt03_errors_on_all_NA_values"/>
    <testcase time="0.278000000000006" classname="egt03" name="egt03_can_handle_some_NA_values"/>
    <testcase time="0.338999999999999" classname="egt03" name="egt03_can_handle_some_NA_values">
      <skipped message="Reason: On CRAN ('test-egt03.R:28:3')"/>
    </testcase>
    <testcase time="0.0730000000000004" classname="egt03" name="egt03_fails_on_incomplete_data"/>
  </testsuite>
  <testsuite name="egt05_qtcat" timestamp="2023-05-19T07:57:15Z" hostname="69a5e0a93243" tests="4" skipped="2" failures="0" errors="0" time="3.049">
    <testcase time="1.502" classname="egt05_qtcat" name="egt05_qtcat_functions_with_default_argument_value_return_expected_result_with_test_data">
      <skipped message="Reason: On CRAN ('test-egt05_qtcat.R:7:3')"/>
    </testcase>
    <testcase time="0.0309999999999988" classname="egt05_qtcat" name="egt05_qtcat_erros_on_all_NA_values"/>
    <testcase time="0.589000000000006" classname="egt05_qtcat" name="egt05_qtcat_can_handle_some_NA_values"/>
    <testcase time="0.927" classname="egt05_qtcat" name="egt05_qtcat_can_handle_some_NA_values">
      <skipped message="Reason: On CRAN ('test-egt05_qtcat.R:28:3')"/>
    </testcase>
  </testsuite>
  <testsuite name="empty_report" timestamp="2023-05-19T07:57:18Z" hostname="69a5e0a93243" tests="25" skipped="0" failures="0" errors="0" time="4.531">
    <testcase time="1.67" classname="empty_report" name="tlg_functions_return_null_reports_when_domain_table_is_empty"/>
    <testcase time="0.345999999999989" classname="empty_report" name="tlg_functions_return_null_reports_when_domain_table_is_empty"/>
    <testcase time="0.242000000000004" classname="empty_report" name="tlg_functions_return_null_reports_when_domain_table_is_empty"/>
    <testcase time="0.125" classname="empty_report" name="tlg_functions_return_null_reports_when_domain_table_is_empty"/>
    <testcase time="0.111000000000004" classname="empty_report" name="tlg_functions_return_null_reports_when_domain_table_is_empty"/>
    <testcase time="0.0630000000000024" classname="empty_report" name="tlg_functions_return_null_reports_when_domain_table_is_empty"/>
    <testcase time="0.116" classname="empty_report" name="tlg_functions_return_null_reports_when_domain_table_is_empty"/>
    <testcase time="0.176000000000002" classname="empty_report" name="tlg_functions_return_null_reports_when_domain_table_is_empty"/>
    <testcase time="0.208999999999989" classname="empty_report" name="tlg_functions_return_null_reports_when_domain_table_is_empty"/>
    <testcase time="0.0919999999999987" classname="empty_report" name="tlg_functions_return_null_reports_when_domain_table_is_empty"/>
    <testcase time="0.0820000000000078" classname="empty_report" name="tlg_functions_return_null_reports_when_domain_table_is_empty"/>
    <testcase time="0.0429999999999922" classname="empty_report" name="tlg_functions_return_null_reports_when_domain_table_is_empty"/>
    <testcase time="0.0440000000000111" classname="empty_report" name="tlg_functions_return_null_reports_when_domain_table_is_empty"/>
    <testcase time="0.0439999999999969" classname="empty_report" name="tlg_functions_return_null_reports_when_domain_table_is_empty"/>
    <testcase time="0.0439999999999969" classname="empty_report" name="tlg_functions_return_null_reports_when_domain_table_is_empty"/>
    <testcase time="0.0790000000000077" classname="empty_report" name="tlg_functions_return_null_reports_when_domain_table_is_empty"/>
    <testcase time="0.0539999999999878" classname="empty_report" name="tlg_functions_return_null_reports_when_domain_table_is_empty"/>
    <testcase time="0.0560000000000116" classname="empty_report" name="tlg_functions_return_null_reports_when_domain_table_is_empty"/>
    <testcase time="0.0819999999999936" classname="empty_report" name="tlg_functions_return_null_reports_when_domain_table_is_empty"/>
    <testcase time="0.463999999999999" classname="empty_report" name="tlg_functions_return_null_reports_when_domain_table_is_empty"/>
    <testcase time="0.0970000000000084" classname="empty_report" name="tlg_functions_return_null_reports_when_domain_table_is_empty"/>
    <testcase time="0.131" classname="empty_report" name="tlg_functions_return_null_reports_when_domain_table_is_empty"/>
    <testcase time="0.0659999999999883" classname="empty_report" name="tlg_functions_return_null_reports_when_domain_table_is_empty"/>
    <testcase time="0.0470000000000113" classname="empty_report" name="tlg_functions_return_null_reports_when_domain_table_is_empty"/>
    <testcase time="0.0479999999999876" classname="empty_report" name="tlg_functions_return_null_reports_when_domain_table_is_empty"/>
  </testsuite>
  <testsuite name="ext01" timestamp="2023-05-19T07:57:23Z" hostname="69a5e0a93243" tests="5" skipped="4" failures="0" errors="0" time="1.756">
    <testcase time="0.431000000000012" classname="ext01" name="ext01_functions_with_default_argument_value_return_expected_result_with_test_data">
      <skipped message="Reason: On CRAN ('test-ext01.R:7:3')"/>
    </testcase>
    <testcase time="0.453999999999994" classname="ext01" name="ext01_functions_with_categorical_data_return_expected_result_with_test_data">
      <skipped message="Reason: On CRAN ('test-ext01.R:15:3')"/>
    </testcase>
    <testcase time="0.174000000000007" classname="ext01" name="ext01_works"/>
    <testcase time="0.24199999999999" classname="ext01" name="ext01_works">
      <skipped message="Reason: On CRAN ('test-ext01.R:23:3')"/>
    </testcase>
    <testcase time="0.454999999999998" classname="ext01" name="ext01_works_for_selected_parameters_and_categorical_variables">
      <skipped message="Reason: On CRAN ('test-ext01.R:36:3')"/>
    </testcase>
  </testsuite>
  <testsuite name="kmg01" timestamp="2023-05-19T07:57:24Z" hostname="69a5e0a93243" tests="6" skipped="0" failures="0" errors="0" time="2.007">
    <testcase time="0.0250000000000057" classname="kmg01" name="kmg01_works_as_expected"/>
    <testcase time="0.457999999999998" classname="kmg01" name="kmg01_works_as_expected"/>
    <testcase time="0.457999999999998" classname="kmg01" name="kmg01_works_as_expected_with_custom_color_set"/>
    <testcase time="0.37700000000001" classname="kmg01" name="kmg01_works_as_expected_with_custom_color_set"/>
    <testcase time="0.384999999999991" classname="kmg01" name="kmg01_works_if_change_pvalue_ties_and_conf_level"/>
    <testcase time="0.304000000000002" classname="kmg01" name="kmg01_works_if_change_annotation_position"/>
  </testsuite>
  <testsuite name="lbt01" timestamp="2023-05-19T07:57:26Z" hostname="69a5e0a93243" tests="3" skipped="2" failures="0" errors="0" time="4.159">
    <testcase time="2.244" classname="lbt01" name="lbt01_functions_with_default_argument_value_return_expected_result_with_test_data">
      <skipped message="Reason: On CRAN ('test-lbt01.R:7:3')"/>
    </testcase>
    <testcase time="1.642" classname="lbt01" name="lbt01_can_handle_n_0_and_outputs_NE_instead_of_infs_and_NAs"/>
    <testcase time="0.27300000000001" classname="lbt01" name="lbt01_can_handle_n_0_and_outputs_NE_instead_of_infs_and_NAs">
      <skipped message="Reason: On CRAN ('test-lbt01.R:21:3')"/>
    </testcase>
  </testsuite>
  <testsuite name="lbt04" timestamp="2023-05-19T07:57:31Z" hostname="69a5e0a93243" tests="8" skipped="4" failures="0" errors="0" time="3.274">
    <testcase time="1.015" classname="lbt04" name="lbt04_functions_with_default_argument_value_return_expected_result_with_test_data">
      <skipped message="Reason: On CRAN ('test-lbt04.R:7:3')"/>
    </testcase>
    <testcase time="0.0659999999999883" classname="lbt04" name="lbt04_can_handle_all_NA_values"/>
    <testcase time="0.0980000000000132" classname="lbt04" name="lbt04_can_handle_all_NA_values">
      <skipped message="Reason: On CRAN ('test-lbt04.R:20:3')"/>
    </testcase>
    <testcase time="0.497" classname="lbt04" name="lbt04_can_handle_missing_levels"/>
    <testcase time="0.504999999999995" classname="lbt04" name="lbt04_can_handle_missing_levels">
      <skipped message="Reason: On CRAN ('test-lbt04.R:31:3')"/>
    </testcase>
    <testcase time="0.518000000000001" classname="lbt04" name="lbt04_can_handle_some_NA_values"/>
    <testcase time="0.515000000000001" classname="lbt04" name="lbt04_can_handle_some_NA_values">
      <skipped message="Reason: On CRAN ('test-lbt04.R:39:3')"/>
    </testcase>
    <testcase time="0.0600000000000023" classname="lbt04" name="lbt04_fails_on_incomlete_date"/>
  </testsuite>
  <testsuite name="lbt05" timestamp="2023-05-19T07:57:34Z" hostname="69a5e0a93243" tests="5" skipped="2" failures="0" errors="0" time="2.578">
    <testcase time="1.011" classname="lbt05" name="lbt05_functions_with_default_argument_value_return_expected_result_with_test_data">
      <skipped message="Reason: On CRAN ('test-lbt05.R:7:3')"/>
    </testcase>
    <testcase time="0.498000000000005" classname="lbt05" name="lbt05_give_all_0_count_if_ANRIND_are_all_missing"/>
    <testcase time="0.49499999999999" classname="lbt05" name="lbt05_can_handle_some_NA_values"/>
    <testcase time="0.498000000000005" classname="lbt05" name="lbt05_can_handle_some_NA_values">
      <skipped message="Reason: On CRAN ('test-lbt05.R:33:3')"/>
    </testcase>
    <testcase time="0.0759999999999934" classname="lbt05" name="lbt05_fails_on_incomlete_date"/>
  </testsuite>
  <testsuite name="lbt07" timestamp="2023-05-19T07:57:36Z" hostname="69a5e0a93243" tests="4" skipped="2" failures="0" errors="0" time="3.025">
    <testcase time="1.69900000000001" classname="lbt07" name="lbt07_functions_with_default_argument_value_return_expected_result_with_test_data">
      <skipped message="Reason: On CRAN ('test-lbt07.R:7:3')"/>
    </testcase>
    <testcase time="0.648999999999987" classname="lbt07" name="lbt07_can_handle_some_NA_values"/>
    <testcase time="0.604000000000013" classname="lbt07" name="lbt07_can_handle_some_NA_values">
      <skipped message="Reason: On CRAN ('test-lbt07.R:22:3')"/>
    </testcase>
    <testcase time="0.0729999999999933" classname="lbt07" name="lbt07_fails_on_incomlete_data"/>
  </testsuite>
  <testsuite name="lbt14" timestamp="2023-05-19T07:57:40Z" hostname="69a5e0a93243" tests="14" skipped="8" failures="0" errors="0" time="29.771">
    <testcase time="2.895" classname="lbt14" name="lbt14_functions_with_default_argument_value_return_expected_result_with_test_data">
      <skipped message="Reason: On CRAN ('test-lbt14.R:7:3')"/>
    </testcase>
    <testcase time="3.07900000000001" classname="lbt14" name="lbt14_functions_with_default_argument_value_return_expected_result_with_test_data_when_direction_high">
      <skipped message="Reason: On CRAN ('test-lbt14.R:14:3')"/>
    </testcase>
    <testcase time="1.59099999999999" classname="lbt14" name="lbt14_can_handle_all_NA_values"/>
    <testcase time="0.242000000000004" classname="lbt14" name="lbt14_can_handle_all_NA_values">
      <skipped message="Reason: On CRAN ('test-lbt14.R:27:3')"/>
    </testcase>
    <testcase time="2.01000000000001" classname="lbt14" name="lbt14_can_handle_some_NA_values"/>
    <testcase time="1.21199999999999" classname="lbt14" name="lbt14_can_handle_some_NA_values">
      <skipped message="Reason: On CRAN ('test-lbt14.R:46:3')"/>
    </testcase>
    <testcase time="6.48700000000001" classname="lbt14" name="lbt14_can_accept_different_gr_missing">
      <skipped message="Reason: On CRAN ('test-lbt14.R:54:3')"/>
    </testcase>
    <testcase time="0.0450000000000017" classname="lbt14" name="lbt14_fails_on_incomlete_data"/>
    <testcase time="1.68499999999999" classname="lbt14" name="lbt14_can_handle_all_NA_values_with_direction_high"/>
    <testcase time="0.25" classname="lbt14" name="lbt14_can_handle_all_NA_values_with_direction_high">
      <skipped message="Reason: On CRAN ('test-lbt14.R:79:3')"/>
    </testcase>
    <testcase time="2.081" classname="lbt14" name="lbt14_can_handle_some_NA_values_with_direction_high"/>
    <testcase time="1.34400000000001" classname="lbt14" name="lbt14_can_handle_some_NA_values_with_direction_high">
      <skipped message="Reason: On CRAN ('test-lbt14.R:98:3')"/>
    </testcase>
    <testcase time="6.80699999999999" classname="lbt14" name="lbt14_can_accept_different_gr_missing_with_direction_high">
      <skipped message="Reason: On CRAN ('test-lbt14.R:106:3')"/>
    </testcase>
    <testcase time="0.0430000000000064" classname="lbt14" name="lbt14_fails_on_incomlete_data"/>
  </testsuite>
  <testsuite name="mht01" timestamp="2023-05-19T07:58:09Z" hostname="69a5e0a93243" tests="3" skipped="3" failures="0" errors="0" time="2.363">
    <testcase time="0.783000000000001" classname="mht01" name="mht01_1_functions_with_default_argument_value_return_expected_result_with_test_data">
      <skipped message="Reason: On CRAN ('test-mht01.R:7:3')"/>
    </testcase>
    <testcase time="0.789000000000001" classname="mht01" name="mht01_works">
      <skipped message="Reason: On CRAN ('test-mht01.R:15:3')"/>
    </testcase>
    <testcase time="0.790999999999997" classname="mht01" name="mht01_works_on_NULL_in_lbl_mhbodsys_or_lbl_mhdecod">
      <skipped message="Reason: On CRAN ('test-mht01.R:21:3')"/>
    </testcase>
  </testsuite>
  <testsuite name="mng01" timestamp="2023-05-19T07:58:12Z" hostname="69a5e0a93243" tests="5" skipped="0" failures="0" errors="0" time="6.92">
    <testcase time="1.408" classname="mng01" name="mng01_works_as_expected"/>
    <testcase time="1.36199999999999" classname="mng01" name="mng01_works_as_expected_with_custom_color_set"/>
    <testcase time="1.346" classname="mng01" name="mng01_works_as_expected_with_custom_color_set"/>
    <testcase time="1.40300000000001" classname="mng01" name="mng01_works_if_show_v_grid_show_h_grid_is_TRUE"/>
    <testcase time="1.401" classname="mng01" name="mng01_works_with_combination_of_x_variables"/>
  </testsuite>
  <testsuite name="pdt01" timestamp="2023-05-19T07:58:19Z" hostname="69a5e0a93243" tests="5" skipped="3" failures="0" errors="0" time="1.99">
    <testcase time="0.811999999999998" classname="pdt01" name="pdt01_function_with_default_argument_value_return_expected_result_with_test_data">
      <skipped message="Reason: On CRAN ('test-pdt01.R:7:3')"/>
    </testcase>
    <testcase time="0.125" classname="pdt01" name="pdt01_can_handle_all_NA_values"/>
    <testcase time="0.177000000000007" classname="pdt01" name="pdt01_can_handle_all_NA_values">
      <skipped message="Reason: On CRAN ('test-pdt01.R:21:3')"/>
    </testcase>
    <testcase time="0.364999999999995" classname="pdt01" name="pdt01_can_handle_some_NA_values"/>
    <testcase time="0.510999999999996" classname="pdt01" name="pdt01_can_handle_some_NA_values">
      <skipped message="Reason: On CRAN ('test-pdt01.R:36:3')"/>
    </testcase>
  </testsuite>
  <testsuite name="pdt02" timestamp="2023-05-19T07:58:21Z" hostname="69a5e0a93243" tests="5" skipped="3" failures="0" errors="0" time="1.306">
    <testcase time="0.421999999999997" classname="pdt02" name="pdt02_function_with_default_argument_value_return_expected_result_with_test_data">
      <skipped message="Reason: On CRAN ('test-pdt02.R:7:3')"/>
    </testcase>
    <testcase time="0.176000000000002" classname="pdt02" name="pdt02_can_handle_all_NA_values"/>
    <testcase time="0.191000000000003" classname="pdt02" name="pdt02_can_handle_all_NA_values">
      <skipped message="Reason: On CRAN ('test-pdt02.R:21:3')"/>
    </testcase>
    <testcase time="0.238" classname="pdt02" name="pdt02_can_handle_some_NA_values"/>
    <testcase time="0.278999999999996" classname="pdt02" name="pdt02_can_handle_some_NA_values">
      <skipped message="Reason: On CRAN ('test-pdt02.R:36:3')"/>
    </testcase>
  </testsuite>
  <testsuite name="rmpt01" timestamp="2023-05-19T07:58:22Z" hostname="69a5e0a93243" tests="7" skipped="3" failures="0" errors="0" time="0.972">
    <testcase time="0.278000000000006" classname="rmpt01" name="rmpt01_function_with_default_argument_value_return_expected_result_with_test_data">
      <skipped message="Reason: On CRAN ('test-rmpt01.R:7:3')"/>
    </testcase>
    <testcase time="0.117999999999995" classname="rmpt01" name="rmpt01_can_handle_NA_values"/>
    <testcase time="0.15100000000001" classname="rmpt01" name="rmpt01_can_handle_NA_values">
      <skipped message="Reason: On CRAN ('test-rmpt01.R:17:3')"/>
    </testcase>
    <testcase time="0.125999999999991" classname="rmpt01" name="rmpt01_can_handle_some_NA_values"/>
    <testcase time="0.149000000000001" classname="rmpt01" name="rmpt01_can_handle_some_NA_values">
      <skipped message="Reason: On CRAN ('test-rmpt01.R:31:3')"/>
    </testcase>
    <testcase time="0.0930000000000035" classname="rmpt01" name="rmpt01_fails_on_incomlete_data"/>
    <testcase time="0.0570000000000022" classname="rmpt01" name="rmpt01_fails_on_incomlete_data"/>
  </testsuite>
  <testsuite name="rspt01" timestamp="2023-05-19T07:58:23Z" hostname="69a5e0a93243" tests="15" skipped="7" failures="0" errors="0" time="4.968">
    <testcase time="0.0240000000000009" classname="rspt01" name="rspt01_works_as_expected"/>
    <testcase time="0.484999999999985" classname="rspt01" name="rspt01_works_as_expected"/>
    <testcase time="0.320000000000022" classname="rspt01" name="rspt01_works_as_expected">
      <skipped message="Reason: On CRAN ('test-rspt01.R:5:3')"/>
    </testcase>
    <testcase time="0.391999999999996" classname="rspt01" name="rspt01_works_as_expected_for_stratified_and_unstratified_analysis"/>
    <testcase time="0.36099999999999" classname="rspt01" name="rspt01_works_as_expected_for_stratified_and_unstratified_analysis">
      <skipped message="Reason: On CRAN ('test-rspt01.R:17:3')"/>
    </testcase>
    <testcase time="0.330000000000013" classname="rspt01" name="rspt01_works_as_expected_for_unstratified_analysis_only"/>
    <testcase time="0.314999999999998" classname="rspt01" name="rspt01_works_as_expected_for_unstratified_analysis_only">
      <skipped message="Reason: On CRAN ('test-rspt01.R:36:3')"/>
    </testcase>
    <testcase time="0.330999999999989" classname="rspt01" name="rspt01_works_as_expected_for_stratified_analysis_only"/>
    <testcase time="0.313999999999993" classname="rspt01" name="rspt01_works_as_expected_for_stratified_analysis_only">
      <skipped message="Reason: On CRAN ('test-rspt01.R:55:3')"/>
    </testcase>
    <testcase time="0.356999999999999" classname="rspt01" name="rspt01_works_if_change_reference_group"/>
    <testcase time="0.329000000000008" classname="rspt01" name="rspt01_works_if_change_reference_group">
      <skipped message="Reason: On CRAN ('test-rspt01.R:74:3')"/>
    </testcase>
    <testcase time="0.385000000000019" classname="rspt01" name="rspt01_works_if_change_statistic_methods"/>
    <testcase time="0.326999999999998" classname="rspt01" name="rspt01_works_if_change_statistic_methods">
      <skipped message="Reason: On CRAN ('test-rspt01.R:97:3')"/>
    </testcase>
    <testcase time="0.376999999999981" classname="rspt01" name="rspt01_works_if_change_confidence_interval"/>
    <testcase time="0.320999999999998" classname="rspt01" name="rspt01_works_if_change_confidence_interval">
      <skipped message="Reason: On CRAN ('test-rspt01.R:123:3')"/>
    </testcase>
  </testsuite>
  <testsuite name="ttet01" timestamp="2023-05-19T07:58:28Z" hostname="69a5e0a93243" tests="2" skipped="0" failures="0" errors="1" time="0.064">
    <testcase time="0.0270000000000152" classname="ttet01" name="ttet01_works_as_expected"/>
    <testcase time="0.0370000000000061" classname="ttet01" name="ttet01_works_as_expected">
      <error type="error" message="Error in `build_table(lyt, anl)`: object 'lyt' not found ('test-ttet01.R:4:3')">Error in `build_table(lyt, anl)`: object 'lyt' not found
Backtrace:
  1. testthat::expect_silent(...)
       at test-ttet01.R:4:2
  9. chevron::ttet01_main(...)
 10. rtables::build_table(lyt, anl)
 11. methods::is(lyt, "PreDataTableLayouts")</error>
    </testcase>
  </testsuite>
  <testsuite name="utils" timestamp="2023-05-19T07:58:28Z" hostname="69a5e0a93243" tests="25" skipped="0" failures="0" errors="0" time="0.182">
    <testcase time="0.0309999999999775" classname="utils" name="h_format_dec_works_as_exected"/>
    <testcase time="0.00500000000002387" classname="utils" name="h_format_dec_works_as_exected"/>
    <testcase time="0.00199999999998113" classname="utils" name="h_format_dec_works_as_exected"/>
    <testcase time="0.0040000000000191" classname="utils" name="h_format_dec_works_as_exected"/>
    <testcase time="0.00200000000000955" classname="utils" name="h_format_dec_works_as_exected"/>
    <testcase time="0.00399999999999068" classname="utils" name="h_format_dec_works_as_exected"/>
    <testcase time="0.00200000000000955" classname="utils" name="h_format_dec_works_as_exected"/>
    <testcase time="0.0159999999999911" classname="utils" name="h_format_dec_works_as_exected"/>
    <testcase time="0.00300000000001432" classname="utils" name="h_format_dec_works_as_exected"/>
    <testcase time="0.00499999999999545" classname="utils" name="h_format_dec_works_as_exected"/>
    <testcase time="0.0029999999999859" classname="utils" name="h_format_dec_works_as_exected"/>
    <testcase time="0.00600000000000023" classname="utils" name="h_format_dec_works_as_exected"/>
    <testcase time="0.0110000000000241" classname="utils" name="h_format_dec_works_as_expected_with_more_than_one_value"/>
    <testcase time="0.00600000000000023" classname="utils" name="h_format_dec_works_as_expected_with_more_than_one_value"/>
    <testcase time="0.00999999999999091" classname="utils" name="h_format_dec_works_returns_null_with_NA_format"/>
    <testcase time="0.00800000000000978" classname="utils" name="h_format_dec_works_as_expected_with_NA_digits"/>
    <testcase time="0.00799999999998136" classname="utils" name="h_format_dec_works_as_expected_with_NA_digits"/>
    <testcase time="0.00900000000001455" classname="utils" name="fuse_sequentially_works"/>
    <testcase time="0.00499999999999545" classname="utils" name="fuse_sequentially_works"/>
    <testcase time="0.00600000000000023" classname="utils" name="grob_list_works"/>
    <testcase time="0.00200000000000955" classname="utils" name="grob_list_works"/>
    <testcase time="0.00399999999999068" classname="utils" name="grob_list_works"/>
    <testcase time="0.00499999999999545" classname="utils" name="grob_list_works"/>
    <testcase time="0.0159999999999911" classname="utils" name="ifneeded_split_row_works_as_expected"/>
    <testcase time="0.00900000000001455" classname="utils" name="ifneeded_split_row_works_as_expected"/>
  </testsuite>
  <testsuite name="vst01" timestamp="2023-05-19T07:58:28Z" hostname="69a5e0a93243" tests="3" skipped="2" failures="0" errors="0" time="10.035">
    <testcase time="4.989" classname="vst01" name="vst01_functions_with_default_argument_value_return_expected_result_with_test_data">
      <skipped message="Reason: On CRAN ('test-vst01.R:7:3')"/>
    </testcase>
    <testcase time="3.90599999999998" classname="vst01" name="run_vst01_works_as_expected"/>
    <testcase time="1.14000000000001" classname="vst01" name="run_vst01_works_as_expected">
      <skipped message="Reason: On CRAN ('test-vst01.R:14:3')"/>
    </testcase>
  </testsuite>
  <testsuite name="vst02" timestamp="2023-05-19T07:58:38Z" hostname="69a5e0a93243" tests="2" skipped="2" failures="0" errors="0" time="1.294">
    <testcase time="0.650000000000006" classname="vst02" name="vst02_functions_with_default_argument_value_return_expected_result_with_test_data">
      <skipped message="Reason: On CRAN ('test-vst02.R:7:3')"/>
    </testcase>
    <testcase time="0.644000000000005" classname="vst02" name="vst02_functions_return_expected_result_with_test_data_when_excluding_subject_with_baseline_abnormality">
      <skipped message="Reason: On CRAN ('test-vst02.R:14:3')"/>
    </testcase>
  </testsuite>
</testsuites>
