<?xml version="1.0" encoding="UTF-8"?>
<testsuites>
  <testsuite name="aet01" timestamp="2023-03-08T02:26:37Z" hostname="9cc507f71ed5" tests="2" skipped="0" failures="0" errors="2" time="1.363">
    <testcase time="1.176" classname="aet01" name="aet01_can_handle_all_NA_values">
      <error type="error" message="Error: 'apply_reformat' is not an exported object from 'namespace:dunlin' ('test-aet01.R:12')">Error: 'apply_reformat' is not an exported object from 'namespace:dunlin'
Backtrace:
  1. testthat::expect_silent(run(aet01_1, proc_data))
       at test-aet01.R:12:2
 10. chevron::run(aet01_1, proc_data)
 12. chevron (local) `&lt;fn&gt;`(`&lt;dm&gt;`)</error>
    </testcase>
    <testcase time="0.187" classname="aet01" name="aet01_can_handle_some_NA_values">
      <error type="error" message="Error: 'apply_reformat' is not an exported object from 'namespace:dunlin' ('test-aet01.R:28')">Error: 'apply_reformat' is not an exported object from 'namespace:dunlin'
Backtrace:
  1. testthat::expect_silent(run(aet01_1, proc_data))
       at test-aet01.R:28:2
 10. chevron::run(aet01_1, proc_data)
 12. chevron (local) `&lt;fn&gt;`(`&lt;dm&gt;`)</error>
    </testcase>
  </testsuite>
  <testsuite name="aet01_aesi" timestamp="2023-03-08T02:26:39Z" hostname="9cc507f71ed5" tests="4" skipped="2" failures="0" errors="0" time="1.42">
    <testcase time="0.681" classname="aet01_aesi" name="aet01_aesi_can_handle_all_NA_values"/>
    <testcase time="0.123" classname="aet01_aesi" name="aet01_aesi_can_handle_all_NA_values">
      <skipped message="Reason: On CRAN ('test-aet01_aesi.R:18')"/>
    </testcase>
    <testcase time="0.473" classname="aet01_aesi" name="aet01_aesi_can_handle_some_NA_values"/>
    <testcase time="0.143" classname="aet01_aesi" name="aet01_aesi_can_handle_some_NA_values">
      <skipped message="Reason: On CRAN ('test-aet01_aesi.R:30')"/>
    </testcase>
  </testsuite>
  <testsuite name="aet02" timestamp="2023-03-08T02:26:40Z" hostname="9cc507f71ed5" tests="12" skipped="6" failures="0" errors="0" time="3.384">
    <testcase time="0.271" classname="aet02" name="aet02_1_can_handle_NA_values"/>
    <testcase time="0.0390000000000006" classname="aet02" name="aet02_1_can_handle_NA_values">
      <skipped message="Reason: On CRAN ('test-aet02.R:11')"/>
    </testcase>
    <testcase time="0.669" classname="aet02" name="aet02_1_can_handle_some_NA_values"/>
    <testcase time="0.136" classname="aet02" name="aet02_1_can_handle_some_NA_values">
      <skipped message="Reason: On CRAN ('test-aet02.R:27')"/>
    </testcase>
    <testcase time="0.241" classname="aet02" name="aet02_2_can_handle_NA_values"/>
    <testcase time="0.0580000000000007" classname="aet02" name="aet02_2_can_handle_NA_values">
      <skipped message="Reason: On CRAN ('test-aet02.R:41')"/>
    </testcase>
    <testcase time="1.119" classname="aet02" name="aet02_2_can_handle_some_NA_values"/>
    <testcase time="0.239999999999999" classname="aet02" name="aet02_2_can_handle_some_NA_values">
      <skipped message="Reason: On CRAN ('test-aet02.R:59')"/>
    </testcase>
    <testcase time="0.223000000000001" classname="aet02" name="aet02_3_can_handle_NA_values"/>
    <testcase time="0.032" classname="aet02" name="aet02_3_can_handle_NA_values">
      <skipped message="Reason: On CRAN ('test-aet02.R:71')"/>
    </testcase>
    <testcase time="0.292" classname="aet02" name="aet02_3_can_handle_some_NA_values"/>
    <testcase time="0.0640000000000001" classname="aet02" name="aet02_3_can_handle_some_NA_values">
      <skipped message="Reason: On CRAN ('test-aet02.R:85')"/>
    </testcase>
  </testsuite>
  <testsuite name="aet03" timestamp="2023-03-08T02:26:43Z" hostname="9cc507f71ed5" tests="2" skipped="0" failures="0" errors="2" time="0.07">
    <testcase time="0.0310000000000006" classname="aet03" name="aet03_can_handle_NA_values">
      <error type="error" message="Error: 'apply_reformat' is not an exported object from 'namespace:dunlin' ('test-aet03.R:10')">Error: 'apply_reformat' is not an exported object from 'namespace:dunlin'
Backtrace:
  1. testthat::expect_silent(run(aet03_1, proc_data))
       at test-aet03.R:10:2
 10. chevron::run(aet03_1, proc_data)
 12. chevron (local) `&lt;fn&gt;`(`&lt;dm&gt;`)</error>
    </testcase>
    <testcase time="0.0389999999999997" classname="aet03" name="aet03_can_handle_some_NA_values">
      <error type="error" message="Error: 'apply_reformat' is not an exported object from 'namespace:dunlin' ('test-aet03.R:28')">Error: 'apply_reformat' is not an exported object from 'namespace:dunlin'
Backtrace:
  1. testthat::expect_silent(run(aet03_1, proc_data))
       at test-aet03.R:28:2
 10. chevron::run(aet03_1, proc_data)
 12. chevron (local) `&lt;fn&gt;`(`&lt;dm&gt;`)</error>
    </testcase>
  </testsuite>
  <testsuite name="aet04" timestamp="2023-03-08T02:26:44Z" hostname="9cc507f71ed5" tests="2" skipped="0" failures="0" errors="2" time="0.082">
    <testcase time="0.0499999999999989" classname="aet04" name="aet04_can_handle_NA_values">
      <error type="error" message="Error: 'apply_reformat' is not an exported object from 'namespace:dunlin' ('test-aet04.R:10')">Error: 'apply_reformat' is not an exported object from 'namespace:dunlin'
Backtrace:
  1. testthat::expect_silent(run(aet04_1, proc_data))
       at test-aet04.R:10:2
 10. chevron::run(aet04_1, proc_data)
 12. chevron (local) `&lt;fn&gt;`(`&lt;dm&gt;`)</error>
    </testcase>
    <testcase time="0.032" classname="aet04" name="aet04_can_handle_some_NA_values">
      <error type="error" message="Error: 'apply_reformat' is not an exported object from 'namespace:dunlin' ('test-aet04.R:43')">Error: 'apply_reformat' is not an exported object from 'namespace:dunlin'
Backtrace:
  1. testthat::expect_silent(run(aet04_1, proc_data))
       at test-aet04.R:43:2
 10. chevron::run(aet04_1, proc_data)
 12. chevron (local) `&lt;fn&gt;`(`&lt;dm&gt;`)</error>
    </testcase>
  </testsuite>
  <testsuite name="assertions" timestamp="2023-03-08T02:26:44Z" hostname="9cc507f71ed5" tests="14" skipped="0" failures="0" errors="0" time="1.456">
    <testcase time="0.0230000000000015" classname="assertions" name="assert_colnames_works_as_expected"/>
    <testcase time="0.0119999999999987" classname="assertions" name="assert_colnames_works_as_expected"/>
    <testcase time="0.00200000000000067" classname="assertions" name="assert_colnames_works_as_expected"/>
    <testcase time="0.00499999999999901" classname="assertions" name="assert_colnames_works_as_expected"/>
    <testcase time="0.221" classname="assertions" name="assert_one_tablenames_works_as_expected"/>
    <testcase time="0.198" classname="assertions" name="assert_one_tablenames_works_as_expected"/>
    <testcase time="0.197000000000001" classname="assertions" name="assert_one_tablenames_works_as_expected"/>
    <testcase time="0.197999999999999" classname="assertions" name="assert_one_tablenames_works_as_expected"/>
    <testcase time="0.197000000000001" classname="assertions" name="assert_all_tablenames_works_as_expected"/>
    <testcase time="0.196" classname="assertions" name="assert_all_tablenames_works_as_expected"/>
    <testcase time="0.185" classname="assertions" name="assert_all_tablenames_works_as_expected"/>
    <testcase time="0.00900000000000034" classname="assertions" name="assert_args_works_as_expected"/>
    <testcase time="0.00199999999999889" classname="assertions" name="assert_args_works_as_expected"/>
    <testcase time="0.011000000000001" classname="assertions" name="assert_args_works_as_expected"/>
  </testsuite>
  <testsuite name="checks" timestamp="2023-03-08T02:26:45Z" hostname="9cc507f71ed5" tests="8" skipped="0" failures="0" errors="0" time="0.044">
    <testcase time="0.0199999999999996" classname="checks" name="check_all_colnames_works_as_expected"/>
    <testcase time="0.00399999999999956" classname="checks" name="check_all_colnames_works_as_expected"/>
    <testcase time="0.00200000000000067" classname="checks" name="check_all_colnames_works_as_expected"/>
    <testcase time="0.00399999999999956" classname="checks" name="check_all_colnames_works_as_expected"/>
    <testcase time="0.00399999999999956" classname="checks" name="check_one_colnames_works_as_expected"/>
    <testcase time="0.00400000000000134" classname="checks" name="check_one_colnames_works_as_expected"/>
    <testcase time="0.00199999999999889" classname="checks" name="check_one_colnames_works_as_expected"/>
    <testcase time="0.00399999999999956" classname="checks" name="check_one_colnames_works_as_expected"/>
  </testsuite>
  <testsuite name="chevron_tlg-class" timestamp="2023-03-08T02:26:45Z" hostname="9cc507f71ed5" tests="24" skipped="0" failures="0" errors="0" time="0.086">
    <testcase time="0.0100000000000016" classname="chevron_tlg_class" name="chevron_t_object_can_be_constructed_with_default_values"/>
    <testcase time="0.00399999999999956" classname="chevron_tlg_class" name="chevron_t_object_can_be_constructed_with_default_values"/>
    <testcase time="0.00600000000000023" classname="chevron_tlg_class" name="chevron_t_object_can_be_constructed_with_custom_values"/>
    <testcase time="0.00399999999999956" classname="chevron_tlg_class" name="chevron_t_object_can_be_constructed_with_custom_values"/>
    <testcase time="0.00300000000000011" classname="chevron_tlg_class" name="chevron_t_object_can_be_constructed_with_custom_values"/>
    <testcase time="0.00399999999999956" classname="chevron_tlg_class" name="chevron_t_object_can_be_constructed_with_custom_values"/>
    <testcase time="0.00699999999999967" classname="chevron_tlg_class" name="chevron_t_constructor_returns_an_error_when_expected"/>
    <testcase time="0.00100000000000122" classname="chevron_tlg_class" name="chevron_t_constructor_returns_an_error_when_expected"/>
    <testcase time="0.000999999999999446" classname="chevron_tlg_class" name="chevron_t_constructor_returns_an_error_when_expected"/>
    <testcase time="0.00200000000000067" classname="chevron_tlg_class" name="chevron_t_constructor_returns_an_error_when_expected"/>
    <testcase time="0.000999999999999446" classname="chevron_tlg_class" name="chevron_t_constructor_returns_an_error_when_expected"/>
    <testcase time="0.000999999999999446" classname="chevron_tlg_class" name="chevron_t_constructor_returns_an_error_when_expected"/>
    <testcase time="0.00600000000000023" classname="chevron_tlg_class" name="chevron_l_object_can_be_constructed_with_default_values"/>
    <testcase time="0.00500000000000078" classname="chevron_tlg_class" name="chevron_l_object_can_be_constructed_with_default_values"/>
    <testcase time="0.00599999999999845" classname="chevron_tlg_class" name="chevron_g_object_can_be_constructed_with_custom_values"/>
    <testcase time="0.00500000000000078" classname="chevron_tlg_class" name="chevron_g_object_can_be_constructed_with_custom_values"/>
    <testcase time="0.00300000000000011" classname="chevron_tlg_class" name="chevron_g_object_can_be_constructed_with_custom_values"/>
    <testcase time="0.00399999999999956" classname="chevron_tlg_class" name="chevron_g_object_can_be_constructed_with_custom_values"/>
    <testcase time="0.00600000000000023" classname="chevron_tlg_class" name="chevron_g_constructor_returns_an_error_when_expected"/>
    <testcase time="0.00200000000000067" classname="chevron_tlg_class" name="chevron_g_constructor_returns_an_error_when_expected"/>
    <testcase time="0.000999999999999446" classname="chevron_tlg_class" name="chevron_g_constructor_returns_an_error_when_expected"/>
    <testcase time="0.000999999999999446" classname="chevron_tlg_class" name="chevron_g_constructor_returns_an_error_when_expected"/>
    <testcase time="0.00200000000000067" classname="chevron_tlg_class" name="chevron_g_constructor_returns_an_error_when_expected"/>
    <testcase time="0.000999999999999446" classname="chevron_tlg_class" name="chevron_g_constructor_returns_an_error_when_expected"/>
  </testsuite>
  <testsuite name="chevron_tlg-methods" timestamp="2023-03-08T02:26:45Z" hostname="9cc507f71ed5" tests="36" skipped="0" failures="0" errors="1" time="0.2">
    <testcase time="0.0150000000000006" classname="chevron_tlg_methods" name="run_works_as_expected_for_chevron_t_object">
      <error type="error" message="Error: 'apply_reformat' is not an exported object from 'namespace:dunlin' ('test-chevron_tlg-methods.R:4')">Error: 'apply_reformat' is not an exported object from 'namespace:dunlin'
Backtrace:
 1. chevron::run(aet04_1, syn_data, prune_0 = TRUE)
      at test-chevron_tlg-methods.R:4:2
 2. chevron::run(aet04_1, syn_data, prune_0 = TRUE)
 4. chevron (local) `&lt;fn&gt;`(`&lt;dm&gt;`)</error>
    </testcase>
    <testcase time="0.0220000000000002" classname="chevron_tlg_methods" name="run_returns_a_warning_if_provided_with_invalid_arguments"/>
    <testcase time="0.00499999999999901" classname="chevron_tlg_methods" name="args_ls_works_as_expected"/>
    <testcase time="0.00200000000000067" classname="chevron_tlg_methods" name="args_ls_works_as_expected"/>
    <testcase time="0.000999999999999446" classname="chevron_tlg_methods" name="args_ls_works_as_expected"/>
    <testcase time="0.00500000000000078" classname="chevron_tlg_methods" name="args_ls_works_as_expected_when_simplify_is_TRUE"/>
    <testcase time="0.000999999999999446" classname="chevron_tlg_methods" name="args_ls_works_as_expected_when_simplify_is_TRUE"/>
    <testcase time="0.000999999999999446" classname="chevron_tlg_methods" name="args_ls_works_as_expected_when_simplify_is_TRUE"/>
    <testcase time="0.00600000000000023" classname="chevron_tlg_methods" name="args_ls_works_as_expected_with_custom_chevron_tlg_object"/>
    <testcase time="0.00100000000000122" classname="chevron_tlg_methods" name="args_ls_works_as_expected_with_custom_chevron_tlg_object"/>
    <testcase time="0.000999999999999446" classname="chevron_tlg_methods" name="args_ls_works_as_expected_with_custom_chevron_tlg_object"/>
    <testcase time="0.00399999999999956" classname="chevron_tlg_methods" name="args_ls_works_as_expected_with_custom_chevron_tlg_object"/>
    <testcase time="0.00699999999999967" classname="chevron_tlg_methods" name="main_works_as_expected"/>
    <testcase time="0.0080000000000009" classname="chevron_tlg_methods" name="main_setter_works_as_expected"/>
    <testcase time="0.0109999999999992" classname="chevron_tlg_methods" name="main_setter_throw_an_error_as_expected"/>
    <testcase time="0.0180000000000007" classname="chevron_tlg_methods" name="preprocess_works_as_expected"/>
    <testcase time="0.00799999999999912" classname="chevron_tlg_methods" name="preprocess_setter_works_as_expected"/>
    <testcase time="0.0100000000000016" classname="chevron_tlg_methods" name="preprocess_sends_an_error_as_expected"/>
    <testcase time="0.00699999999999967" classname="chevron_tlg_methods" name="postprocess_works_as_expected"/>
    <testcase time="0.00799999999999912" classname="chevron_tlg_methods" name="postprocess_setter_works_as_expected"/>
    <testcase time="0.00999999999999979" classname="chevron_tlg_methods" name="postprocess_sends_an_error_as_expected"/>
    <testcase time="0.00700000000000145" classname="chevron_tlg_methods" name="datasets_works_as_expected"/>
    <testcase time="0.00799999999999912" classname="chevron_tlg_methods" name="datasets_setter_works_as_expected"/>
    <testcase time="0.00500000000000078" classname="chevron_tlg_methods" name="script_works_as_expected"/>
    <testcase time="0.000999999999999446" classname="chevron_tlg_methods" name="script_works_as_expected"/>
    <testcase time="0.00100000000000122" classname="chevron_tlg_methods" name="script_works_as_expected"/>
    <testcase time="0.00599999999999845" classname="chevron_tlg_methods" name="script_works_as_expected_with_dictionary_of_arguments"/>
    <testcase time="0.00100000000000122" classname="chevron_tlg_methods" name="script_works_as_expected_with_dictionary_of_arguments"/>
    <testcase time="0.000999999999999446" classname="chevron_tlg_methods" name="script_works_as_expected_with_dictionary_of_arguments"/>
    <testcase time="0.00200000000000067" classname="chevron_tlg_methods" name="script_works_as_expected_with_dictionary_of_arguments"/>
    <testcase time="0.00499999999999901" classname="chevron_tlg_methods" name="script_funs_works_as_expected"/>
    <testcase time="0.00200000000000067" classname="chevron_tlg_methods" name="script_funs_works_as_expected"/>
    <testcase time="0.000999999999999446" classname="chevron_tlg_methods" name="script_funs_works_as_expected"/>
    <testcase time="0.00600000000000023" classname="chevron_tlg_methods" name="script_funs_works_as_expected_with_details_set_to_TRUE"/>
    <testcase time="0.00200000000000067" classname="chevron_tlg_methods" name="script_funs_works_as_expected_with_details_set_to_TRUE"/>
    <testcase time="0.000999999999999446" classname="chevron_tlg_methods" name="script_funs_works_as_expected_with_details_set_to_TRUE"/>
  </testsuite>
  <testsuite name="cmt01a" timestamp="2023-03-08T02:26:45Z" hostname="9cc507f71ed5" tests="6" skipped="0" failures="0" errors="6" time="0.289">
    <testcase time="0.0399999999999991" classname="cmt01a" name="cmt01a_can_handle_all_NA_values">
      <error type="error" message="Error: 'apply_reformat' is not an exported object from 'namespace:dunlin' ('test-cmt01a.R:10')">Error: 'apply_reformat' is not an exported object from 'namespace:dunlin'
Backtrace:
  1. testthat::expect_silent(run(cmt01a_1, proc_data))
       at test-cmt01a.R:10:2
 10. chevron::run(cmt01a_1, proc_data)
 12. chevron (local) `&lt;fn&gt;`(`&lt;dm&gt;`)</error>
    </testcase>
    <testcase time="0.0490000000000013" classname="cmt01a" name="cmt01a_can_handle_some_NA_values">
      <error type="error" message="Error: 'apply_reformat' is not an exported object from 'namespace:dunlin' ('test-cmt01a.R:26')">Error: 'apply_reformat' is not an exported object from 'namespace:dunlin'
Backtrace:
  1. testthat::expect_silent(run(cmt01a_1, proc_data))
       at test-cmt01a.R:26:2
 10. chevron::run(cmt01a_1, proc_data)
 12. chevron (local) `&lt;fn&gt;`(`&lt;dm&gt;`)</error>
    </testcase>
    <testcase time="0.0570000000000004" classname="cmt01a" name="cmt01a_2_can_handle_all_NA_values">
      <error type="error" message="Error: 'apply_reformat' is not an exported object from 'namespace:dunlin' ('test-cmt01a.R:39')">Error: 'apply_reformat' is not an exported object from 'namespace:dunlin'
Backtrace:
  1. testthat::expect_silent(run(cmt01a_2, proc_data))
       at test-cmt01a.R:39:2
 10. chevron::run(cmt01a_2, proc_data)
 12. chevron (local) `&lt;fn&gt;`(`&lt;dm&gt;`)</error>
    </testcase>
    <testcase time="0.0479999999999983" classname="cmt01a" name="cmt01a_2_can_handle_some_NA_values">
      <error type="error" message="Error: 'apply_reformat' is not an exported object from 'namespace:dunlin' ('test-cmt01a.R:55')">Error: 'apply_reformat' is not an exported object from 'namespace:dunlin'
Backtrace:
  1. testthat::expect_silent(run(cmt01a_2, proc_data))
       at test-cmt01a.R:55:2
 10. chevron::run(cmt01a_2, proc_data)
 12. chevron (local) `&lt;fn&gt;`(`&lt;dm&gt;`)</error>
    </testcase>
    <testcase time="0.0450000000000017" classname="cmt01a" name="cmt01a_3_can_handle_all_NA_values">
      <error type="error" message="Error: 'apply_reformat' is not an exported object from 'namespace:dunlin' ('test-cmt01a.R:68')">Error: 'apply_reformat' is not an exported object from 'namespace:dunlin'
Backtrace:
  1. testthat::expect_silent(run(cmt01a_3, proc_data))
       at test-cmt01a.R:68:2
 10. chevron::run(cmt01a_3, proc_data)
 12. chevron (local) `&lt;fn&gt;`(`&lt;dm&gt;`)</error>
    </testcase>
    <testcase time="0.0499999999999989" classname="cmt01a" name="cmt01a_3_can_handle_some_NA_values">
      <error type="error" message="Error: 'apply_reformat' is not an exported object from 'namespace:dunlin' ('test-cmt01a.R:84')">Error: 'apply_reformat' is not an exported object from 'namespace:dunlin'
Backtrace:
  1. testthat::expect_silent(run(cmt01a_3, proc_data))
       at test-cmt01a.R:84:2
 10. chevron::run(cmt01a_3, proc_data)
 12. chevron (local) `&lt;fn&gt;`(`&lt;dm&gt;`)</error>
    </testcase>
  </testsuite>
  <testsuite name="cmt02_pt" timestamp="2023-03-08T02:26:46Z" hostname="9cc507f71ed5" tests="2" skipped="0" failures="0" errors="2" time="0.109">
    <testcase time="0.0600000000000005" classname="cmt02_pt" name="cmt02_pt_1_can_handle_all_NA_values">
      <error type="error" message="Error: 'apply_reformat' is not an exported object from 'namespace:dunlin' ('test-cmt02_pt.R:10')">Error: 'apply_reformat' is not an exported object from 'namespace:dunlin'
Backtrace:
  1. testthat::expect_silent(run(cmt02_pt_1, proc_data))
       at test-cmt02_pt.R:10:2
 10. chevron::run(cmt02_pt_1, proc_data)
 12. chevron (local) `&lt;fn&gt;`(`&lt;dm&gt;`)</error>
    </testcase>
    <testcase time="0.0489999999999995" classname="cmt02_pt" name="cmt02_pt_1_can_handle_some_NA_values">
      <error type="error" message="Error: 'apply_reformat' is not an exported object from 'namespace:dunlin' ('test-cmt02_pt.R:26')">Error: 'apply_reformat' is not an exported object from 'namespace:dunlin'
Backtrace:
  1. testthat::expect_silent(run(cmt02_pt_1, proc_data))
       at test-cmt02_pt.R:26:2
 10. chevron::run(cmt02_pt_1, proc_data)
 12. chevron (local) `&lt;fn&gt;`(`&lt;dm&gt;`)</error>
    </testcase>
  </testsuite>
  <testsuite name="default_tlg" timestamp="2023-03-08T02:26:46Z" hostname="9cc507f71ed5" tests="37" skipped="17" failures="0" errors="20" time="23.864">
    <testcase time="0.125" classname="default_tlg" name="aet01_1_function_with_default_argument_value_return_expected_result_with_test_data">
      <error type="error" message="Error: 'apply_reformat' is not an exported object from 'namespace:dunlin' ('test-default_tlg.R:2')">Error: 'apply_reformat' is not an exported object from 'namespace:dunlin'
Backtrace:
 1. chevron::aet01_1_pre(syn_data)
      at test-default_tlg.R:2:2</error>
    </testcase>
    <testcase time="0.109999999999999" classname="default_tlg" name="aet01_2_functions_with_default_argument_value_return_expected_result_with_test_data">
      <error type="error" message="Error: 'apply_reformat' is not an exported object from 'namespace:dunlin' ('test-default_tlg.R:9')">Error: 'apply_reformat' is not an exported object from 'namespace:dunlin'
Backtrace:
 1. chevron::aet01_2_pre(syn_data)
      at test-default_tlg.R:9:2</error>
    </testcase>
    <testcase time="0.545" classname="default_tlg" name="aet01_aesi_1_function_with_default_argument_value_return_expected_result_with_test_data">
      <skipped message="Reason: On CRAN ('test-default_tlg.R:19')"/>
    </testcase>
    <testcase time="0.718000000000002" classname="default_tlg" name="aet02_1_functions_with_default_argument_value_return_expected_result_with_test_data">
      <skipped message="Reason: On CRAN ('test-default_tlg.R:26')"/>
    </testcase>
    <testcase time="1.238" classname="default_tlg" name="aet02_2_functions_with_default_argument_value_return_expected_result_with_test_data">
      <skipped message="Reason: On CRAN ('test-default_tlg.R:33')"/>
    </testcase>
    <testcase time="0.333" classname="default_tlg" name="aet02_3_functions_with_default_argument_value_return_expected_result_with_test_data">
      <skipped message="Reason: On CRAN ('test-default_tlg.R:40')"/>
    </testcase>
    <testcase time="0.0149999999999988" classname="default_tlg" name="aet03_1_functions_with_default_argument_value_return_expected_result_with_test_data">
      <error type="error" message="Error: 'apply_reformat' is not an exported object from 'namespace:dunlin' ('test-default_tlg.R:44')">Error: 'apply_reformat' is not an exported object from 'namespace:dunlin'
Backtrace:
 1. chevron::aet03_1_pre(syn_data)
      at test-default_tlg.R:44:2</error>
    </testcase>
    <testcase time="0.0210000000000008" classname="default_tlg" name="aet04_1_functions_with_default_argument_value_return_expected_result_with_test_data">
      <error type="error" message="Error: 'apply_reformat' is not an exported object from 'namespace:dunlin' ('test-default_tlg.R:51')">Error: 'apply_reformat' is not an exported object from 'namespace:dunlin'
Backtrace:
 1. chevron::aet04_1_pre(syn_data)
      at test-default_tlg.R:51:2</error>
    </testcase>
    <testcase time="0.036999999999999" classname="default_tlg" name="cmt01a_1_functions_with_default_argument_value_return_expected_result_with_test_data">
      <error type="error" message="Error: 'apply_reformat' is not an exported object from 'namespace:dunlin' ('test-default_tlg.R:58')">Error: 'apply_reformat' is not an exported object from 'namespace:dunlin'
Backtrace:
 1. chevron::cmt01a_1_pre(syn_data)
      at test-default_tlg.R:58:2</error>
    </testcase>
    <testcase time="0.0360000000000014" classname="default_tlg" name="cmt01a_2_functions_with_default_argument_value_return_expected_result_with_test_data">
      <error type="error" message="Error: 'apply_reformat' is not an exported object from 'namespace:dunlin' ('test-default_tlg.R:65')">Error: 'apply_reformat' is not an exported object from 'namespace:dunlin'
Backtrace:
 1. chevron::cmt01a_2_pre(syn_data)
      at test-default_tlg.R:65:2</error>
    </testcase>
    <testcase time="0.048" classname="default_tlg" name="cmt01a_3_functions_with_default_argument_value_return_expected_result_with_test_data">
      <error type="error" message="Error: 'apply_reformat' is not an exported object from 'namespace:dunlin' ('test-default_tlg.R:72')">Error: 'apply_reformat' is not an exported object from 'namespace:dunlin'
Backtrace:
 1. chevron::cmt01a_3_pre(syn_data)
      at test-default_tlg.R:72:2</error>
    </testcase>
    <testcase time="0.0350000000000001" classname="default_tlg" name="cmt02_pt_1_functions_with_default_argument_value_return_expected_result_with_test_data">
      <error type="error" message="Error: 'apply_reformat' is not an exported object from 'namespace:dunlin' ('test-default_tlg.R:79')">Error: 'apply_reformat' is not an exported object from 'namespace:dunlin'
Backtrace:
 1. chevron::cmt02_pt_1_pre(syn_data)
      at test-default_tlg.R:79:2</error>
    </testcase>
    <testcase time="0.0190000000000001" classname="default_tlg" name="dmt01_1_functions_with_default_argument_value_return_expected_result_with_test_data">
      <error type="error" message="Error: 'apply_reformat' is not an exported object from 'namespace:dunlin' ('test-default_tlg.R:86')">Error: 'apply_reformat' is not an exported object from 'namespace:dunlin'
Backtrace:
 1. chevron::dmt01_1_pre(syn_data)
      at test-default_tlg.R:86:2</error>
    </testcase>
    <testcase time="0.0199999999999996" classname="default_tlg" name="dst01_1_functions_with_default_argument_value_return_expected_result_with_test_data">
      <error type="error" message="Error: 'apply_reformat' is not an exported object from 'namespace:dunlin' ('test-default_tlg.R:93')">Error: 'apply_reformat' is not an exported object from 'namespace:dunlin'
Backtrace:
 1. chevron::dst01_1_pre(syn_data)
      at test-default_tlg.R:93:2</error>
    </testcase>
    <testcase time="0.0199999999999996" classname="default_tlg" name="dst01_2_functions_with_default_argument_value_return_expected_result_with_test_data">
      <error type="error" message="Error: 'apply_reformat' is not an exported object from 'namespace:dunlin' ('test-default_tlg.R:100')">Error: 'apply_reformat' is not an exported object from 'namespace:dunlin'
Backtrace:
 1. chevron::dst01_2_pre(syn_data)
      at test-default_tlg.R:100:2</error>
    </testcase>
    <testcase time="0.0190000000000001" classname="default_tlg" name="dst01_3_functions_with_default_argument_value_return_expected_result_with_test_data">
      <error type="error" message="Error: 'apply_reformat' is not an exported object from 'namespace:dunlin' ('test-default_tlg.R:107')">Error: 'apply_reformat' is not an exported object from 'namespace:dunlin'
Backtrace:
 1. chevron::dst01_3_pre(syn_data)
      at test-default_tlg.R:107:2</error>
    </testcase>
    <testcase time="0.027000000000001" classname="default_tlg" name="dtht01_1_functions_with_default_argument_value_return_expected_result_with_test_data">
      <error type="error" message="Error: 'apply_reformat' is not an exported object from 'namespace:dunlin' ('test-default_tlg.R:114')">Error: 'apply_reformat' is not an exported object from 'namespace:dunlin'
Backtrace:
 1. chevron::dtht01_1_pre(syn_data)
      at test-default_tlg.R:114:2</error>
    </testcase>
    <testcase time="3.084" classname="default_tlg" name="egt01_1_functions_with_default_argument_value_return_expected_result_with_test_data">
      <skipped message="Reason: On CRAN ('test-default_tlg.R:124')"/>
    </testcase>
    <testcase time="0.297999999999998" classname="default_tlg" name="egt02_1_functions_with_default_argument_value_return_expected_result_with_test_data">
      <skipped message="Reason: On CRAN ('test-default_tlg.R:131')"/>
    </testcase>
    <testcase time="0.258000000000003" classname="default_tlg" name="egt02_2_functions_with_default_argument_value_return_expected_result_with_test_data">
      <skipped message="Reason: On CRAN ('test-default_tlg.R:138')"/>
    </testcase>
    <testcase time="0.371000000000002" classname="default_tlg" name="egt03_1_functions_with_default_argument_value_return_expected_result_with_test_data">
      <skipped message="Reason: On CRAN ('test-default_tlg.R:145')"/>
    </testcase>
    <testcase time="0.363" classname="default_tlg" name="egt03_2_functions_with_default_argument_value_return_expected_result_with_test_data">
      <skipped message="Reason: On CRAN ('test-default_tlg.R:152')"/>
    </testcase>
    <testcase time="0.820999999999998" classname="default_tlg" name="egt05_qtcat_1_functions_with_default_argument_value_return_expected_result_with_test_data">
      <skipped message="Reason: On CRAN ('test-default_tlg.R:159')"/>
    </testcase>
    <testcase time="0.227" classname="default_tlg" name="ext01_1_functions_with_default_argument_value_return_expected_result_with_test_data">
      <skipped message="Reason: On CRAN ('test-default_tlg.R:166')"/>
    </testcase>
    <testcase time="0.516000000000002" classname="default_tlg" name="ext01_2_functions_with_default_argument_value_return_expected_result_with_test_data">
      <skipped message="Reason: On CRAN ('test-default_tlg.R:173')"/>
    </testcase>
    <testcase time="1.906" classname="default_tlg" name="lbt01_1_functions_with_default_argument_value_return_expected_result_with_test_data">
      <skipped message="Reason: On CRAN ('test-default_tlg.R:180')"/>
    </testcase>
    <testcase time="0.0160000000000018" classname="default_tlg" name="lbt04_1_functions_with_default_argument_value_return_expected_result_with_test_data">
      <error type="error" message="Error: 'apply_reformat' is not an exported object from 'namespace:dunlin' ('test-default_tlg.R:184')">Error: 'apply_reformat' is not an exported object from 'namespace:dunlin'
Backtrace:
 1. chevron::lbt04_1_pre(syn_data)
      at test-default_tlg.R:184:2</error>
    </testcase>
    <testcase time="0.0499999999999972" classname="default_tlg" name="lbt05_1_functions_with_default_argument_value_return_expected_result_with_test_data">
      <error type="error" message="Error: 'apply_reformat' is not an exported object from 'namespace:dunlin' ('test-default_tlg.R:191')">Error: 'apply_reformat' is not an exported object from 'namespace:dunlin'
Backtrace:
 1. chevron::lbt05_1_pre(syn_data)
      at test-default_tlg.R:191:2</error>
    </testcase>
    <testcase time="0.0200000000000031" classname="default_tlg" name="lbt07_1_functions_with_default_argument_value_return_expected_result_with_test_data">
      <error type="error" message="Error: 'apply_reformat' is not an exported object from 'namespace:dunlin' ('test-default_tlg.R:198')">Error: 'apply_reformat' is not an exported object from 'namespace:dunlin'
Backtrace:
 1. chevron::lbt07_1_pre(syn_data)
      at test-default_tlg.R:198:2</error>
    </testcase>
    <testcase time="0.0219999999999985" classname="default_tlg" name="lbt14_1_functions_with_default_argument_value_return_expected_result_with_test_data">
      <error type="error" message="Error: 'apply_reformat' is not an exported object from 'namespace:dunlin' ('test-default_tlg.R:205')">Error: 'apply_reformat' is not an exported object from 'namespace:dunlin'
Backtrace:
 1. chevron::lbt14_1_pre(syn_data)
      at test-default_tlg.R:205:2</error>
    </testcase>
    <testcase time="0.032" classname="default_tlg" name="lbt14_2_functions_with_default_argument_value_return_expected_result_with_test_data">
      <error type="error" message="Error: 'apply_reformat' is not an exported object from 'namespace:dunlin' ('test-default_tlg.R:212')">Error: 'apply_reformat' is not an exported object from 'namespace:dunlin'
Backtrace:
 1. chevron::lbt14_2_pre(syn_data)
      at test-default_tlg.R:212:2</error>
    </testcase>
    <testcase time="0.0300000000000011" classname="default_tlg" name="mht01_1_functions_with_default_argument_value_return_expected_result_with_test_data">
      <error type="error" message="Error: 'apply_reformat' is not an exported object from 'namespace:dunlin' ('test-default_tlg.R:219')">Error: 'apply_reformat' is not an exported object from 'namespace:dunlin'
Backtrace:
 1. chevron::mht01_1_pre(syn_data)
      at test-default_tlg.R:219:2</error>
    </testcase>
    <testcase time="5.708" classname="default_tlg" name="vst01_1_functions_with_default_argument_value_return_expected_result_with_test_data">
      <skipped message="Reason: On CRAN ('test-default_tlg.R:229')"/>
    </testcase>
    <testcase time="5.787" classname="default_tlg" name="vst01_1_functions_with_default_argument_value_return_expected_result_with_test_data">
      <skipped message="Reason: On CRAN ('test-default_tlg.R:236')"/>
    </testcase>
    <testcase time="0.466999999999999" classname="default_tlg" name="vst02_1_functions_with_default_argument_value_return_expected_result_with_test_data">
      <skipped message="Reason: On CRAN ('test-default_tlg.R:243')"/>
    </testcase>
    <testcase time="0.487000000000002" classname="default_tlg" name="vst02_2_functions_with_default_argument_value_return_expected_result_with_test_data">
      <skipped message="Reason: On CRAN ('test-default_tlg.R:250')"/>
    </testcase>
    <testcase time="0.0349999999999966" classname="default_tlg" name="pdt02_1_function_with_default_argument_value_return_expected_result_with_test_data">
      <error type="error" message="Error: 'apply_reformat' is not an exported object from 'namespace:dunlin' ('test-default_tlg.R:254')">Error: 'apply_reformat' is not an exported object from 'namespace:dunlin'
Backtrace:
 1. chevron::pdt02_1_pre(syn_data)
      at test-default_tlg.R:254:2</error>
    </testcase>
  </testsuite>
  <testsuite name="dmt01" timestamp="2023-03-08T02:27:10Z" hostname="9cc507f71ed5" tests="2" skipped="0" failures="0" errors="2" time="0.071">
    <testcase time="0.0410000000000039" classname="dmt01" name="dmt01_1_can_handle_NA_values">
      <error type="error" message="Error: 'apply_reformat' is not an exported object from 'namespace:dunlin' ('test-dmt01.R:10')">Error: 'apply_reformat' is not an exported object from 'namespace:dunlin'
Backtrace:
  1. testthat::expect_silent(run(dmt01_1, proc_data))
       at test-dmt01.R:10:2
 10. chevron::run(dmt01_1, proc_data)
 12. chevron (local) `&lt;fn&gt;`(`&lt;dm&gt;`)</error>
    </testcase>
    <testcase time="0.029999999999994" classname="dmt01" name="dmt01_1_can_handle_some_NA_values">
      <error type="error" message="Error: 'apply_reformat' is not an exported object from 'namespace:dunlin' ('test-dmt01.R:23')">Error: 'apply_reformat' is not an exported object from 'namespace:dunlin'
Backtrace:
  1. testthat::expect_silent(run(dmt01_1, proc_data))
       at test-dmt01.R:23:2
 10. chevron::run(dmt01_1, proc_data)
 12. chevron (local) `&lt;fn&gt;`(`&lt;dm&gt;`)</error>
    </testcase>
  </testsuite>
  <testsuite name="dst01" timestamp="2023-03-08T02:27:10Z" hostname="9cc507f71ed5" tests="13" skipped="0" failures="0" errors="13" time="0.456">
    <testcase time="0.0380000000000038" classname="dst01" name="dst01_can_handle_all_NA_values">
      <error type="error" message="Error: 'apply_reformat' is not an exported object from 'namespace:dunlin' ('test-dst01.R:12')">Error: 'apply_reformat' is not an exported object from 'namespace:dunlin'
Backtrace:
  1. testthat::expect_silent(run(dst01_1, proc_data))
       at test-dst01.R:12:2
 10. chevron::run(dst01_1, proc_data)
 12. chevron (local) `&lt;fn&gt;`(`&lt;dm&gt;`)</error>
    </testcase>
    <testcase time="0.0459999999999994" classname="dst01" name="dst01_1_can_handle_all_NA_values_in_disc_reason_var">
      <error type="error" message="Error: 'apply_reformat' is not an exported object from 'namespace:dunlin' ('test-dst01.R:24')">Error: 'apply_reformat' is not an exported object from 'namespace:dunlin'
Backtrace:
  1. testthat::expect_silent(run(dst01_1, proc_data))
       at test-dst01.R:24:2
 10. chevron::run(dst01_1, proc_data)
 12. chevron (local) `&lt;fn&gt;`(`&lt;dm&gt;`)</error>
    </testcase>
    <testcase time="0.0319999999999965" classname="dst01" name="dst01_1_can_handle_some_NA_values">
      <error type="error" message="Error: 'apply_reformat' is not an exported object from 'namespace:dunlin' ('test-dst01.R:37')">Error: 'apply_reformat' is not an exported object from 'namespace:dunlin'
Backtrace:
  1. testthat::expect_silent(run(dst01_1, proc_data))
       at test-dst01.R:37:2
 10. chevron::run(dst01_1, proc_data)
 12. chevron (local) `&lt;fn&gt;`(`&lt;dm&gt;`)</error>
    </testcase>
    <testcase time="0.0300000000000011" classname="dst01" name="dst01_1_can_handle_missing_levels_in_status_var">
      <error type="error" message="Error: 'apply_reformat' is not an exported object from 'namespace:dunlin' ('test-dst01.R:49')">Error: 'apply_reformat' is not an exported object from 'namespace:dunlin'
Backtrace:
  1. testthat::expect_silent(run(dst01_1, proc_data))
       at test-dst01.R:49:2
 10. chevron::run(dst01_1, proc_data)
 12. chevron (local) `&lt;fn&gt;`(`&lt;dm&gt;`)</error>
    </testcase>
    <testcase time="0.0290000000000035" classname="dst01" name="dst01_1_can_handle_missing_levels_in_disc_reason_var">
      <error type="error" message="Error: 'apply_reformat' is not an exported object from 'namespace:dunlin' ('test-dst01.R:61')">Error: 'apply_reformat' is not an exported object from 'namespace:dunlin'
Backtrace:
  1. testthat::expect_silent(run(dst01_1, proc_data))
       at test-dst01.R:61:2
 10. chevron::run(dst01_1, proc_data)
 12. chevron (local) `&lt;fn&gt;`(`&lt;dm&gt;`)</error>
    </testcase>
    <testcase time="0.0300000000000011" classname="dst01" name="dst01_2_can_handle_all_NA_values">
      <error type="error" message="Error: 'apply_reformat' is not an exported object from 'namespace:dunlin' ('test-dst01.R:77')">Error: 'apply_reformat' is not an exported object from 'namespace:dunlin'
Backtrace:
  1. testthat::expect_silent(run(dst01_2, proc_data))
       at test-dst01.R:77:2
 10. chevron::run(dst01_2, proc_data)
 12. chevron (local) `&lt;fn&gt;`(`&lt;dm&gt;`)</error>
    </testcase>
    <testcase time="0.0309999999999988" classname="dst01" name="dst01_2_can_handle_all_NA_values_in_disc_reason_var">
      <error type="error" message="Error: 'apply_reformat' is not an exported object from 'namespace:dunlin' ('test-dst01.R:89')">Error: 'apply_reformat' is not an exported object from 'namespace:dunlin'
Backtrace:
  1. testthat::expect_silent(run(dst01_2, proc_data))
       at test-dst01.R:89:2
 10. chevron::run(dst01_2, proc_data)
 12. chevron (local) `&lt;fn&gt;`(`&lt;dm&gt;`)</error>
    </testcase>
    <testcase time="0.0499999999999972" classname="dst01" name="dst01_2_can_handle_some_NA_values">
      <error type="error" message="Error: 'apply_reformat' is not an exported object from 'namespace:dunlin' ('test-dst01.R:102')">Error: 'apply_reformat' is not an exported object from 'namespace:dunlin'
Backtrace:
  1. testthat::expect_silent(run(dst01_2, proc_data))
       at test-dst01.R:102:2
 10. chevron::run(dst01_2, proc_data)
 12. chevron (local) `&lt;fn&gt;`(`&lt;dm&gt;`)</error>
    </testcase>
    <testcase time="0.0320000000000036" classname="dst01" name="dst01_2_can_handle_missing_levels_in_disc_reason_var">
      <error type="error" message="Error: 'apply_reformat' is not an exported object from 'namespace:dunlin' ('test-dst01.R:114')">Error: 'apply_reformat' is not an exported object from 'namespace:dunlin'
Backtrace:
  1. testthat::expect_silent(run(dst01_2, proc_data))
       at test-dst01.R:114:2
 10. chevron::run(dst01_2, proc_data)
 12. chevron (local) `&lt;fn&gt;`(`&lt;dm&gt;`)</error>
    </testcase>
    <testcase time="0.0289999999999964" classname="dst01" name="dst01_3_can_handle_all_NA_values">
      <error type="error" message="Error: 'apply_reformat' is not an exported object from 'namespace:dunlin' ('test-dst01.R:130')">Error: 'apply_reformat' is not an exported object from 'namespace:dunlin'
Backtrace:
 1. dst01_3_pre(proc_data) %&gt;% dst01_3_main()
      at test-dst01.R:130:2
 7. chevron::dst01_3_pre(proc_data)</error>
    </testcase>
    <testcase time="0.0360000000000014" classname="dst01" name="dst01_3_can_handle_all_NA_values_in_status_treatment_var">
      <error type="error" message="Error: 'apply_reformat' is not an exported object from 'namespace:dunlin' ('test-dst01.R:144')">Error: 'apply_reformat' is not an exported object from 'namespace:dunlin'
Backtrace:
  1. testthat::expect_silent(run(dst01_3, proc_data))
       at test-dst01.R:144:2
 10. chevron::run(dst01_3, proc_data)
 12. chevron (local) `&lt;fn&gt;`(`&lt;dm&gt;`)</error>
    </testcase>
    <testcase time="0.0309999999999988" classname="dst01" name="dst01_3_can_handle_some_NA_values_in_status_treatment_var">
      <error type="error" message="Error: 'apply_reformat' is not an exported object from 'namespace:dunlin' ('test-dst01.R:156')">Error: 'apply_reformat' is not an exported object from 'namespace:dunlin'
Backtrace:
  1. testthat::expect_silent(run(dst01_3, proc_data))
       at test-dst01.R:156:2
 10. chevron::run(dst01_3, proc_data)
 12. chevron (local) `&lt;fn&gt;`(`&lt;dm&gt;`)</error>
    </testcase>
    <testcase time="0.0420000000000016" classname="dst01" name="dst01_3_can_handle_missing_levels_in_status_treatment_var">
      <error type="error" message="Error: 'apply_reformat' is not an exported object from 'namespace:dunlin' ('test-dst01.R:168')">Error: 'apply_reformat' is not an exported object from 'namespace:dunlin'
Backtrace:
  1. testthat::expect_silent(run(dst01_3, proc_data))
       at test-dst01.R:168:2
 10. chevron::run(dst01_3, proc_data)
 12. chevron (local) `&lt;fn&gt;`(`&lt;dm&gt;`)</error>
    </testcase>
  </testsuite>
  <testsuite name="dtht01" timestamp="2023-03-08T02:27:10Z" hostname="9cc507f71ed5" tests="3" skipped="0" failures="0" errors="3" time="0.114">
    <testcase time="0.0480000000000018" classname="dtht01" name="dtht01_can_handle_all_NA_values">
      <error type="error" message="Error: 'apply_reformat' is not an exported object from 'namespace:dunlin' ('test-dtht01.R:12')">Error: 'apply_reformat' is not an exported object from 'namespace:dunlin'
Backtrace:
  1. testthat::expect_silent(...)
       at test-dtht01.R:12:2
 10. chevron::run(...)
 12. chevron (local) `&lt;fn&gt;`(`&lt;dm&gt;`)</error>
    </testcase>
    <testcase time="0.0399999999999991" classname="dtht01" name="dtht01_can_handle_some_NA_values">
      <error type="error" message="Error: 'apply_reformat' is not an exported object from 'namespace:dunlin' ('test-dtht01.R:28')">Error: 'apply_reformat' is not an exported object from 'namespace:dunlin'
Backtrace:
  1. testthat::expect_silent(...)
       at test-dtht01.R:28:2
 10. chevron::run(...)
 12. chevron (local) `&lt;fn&gt;`(`&lt;dm&gt;`)</error>
    </testcase>
    <testcase time="0.0259999999999962" classname="dtht01" name="dtht01_can_be_parametrize_as_expected">
      <error type="error" message="Error: 'apply_reformat' is not an exported object from 'namespace:dunlin' ('test-dtht01.R:35')">Error: 'apply_reformat' is not an exported object from 'namespace:dunlin'
Backtrace:
 1. chevron::dtht01_1_pre(syn_data)
      at test-dtht01.R:35:2</error>
    </testcase>
  </testsuite>
  <testsuite name="egt03" timestamp="2023-03-08T02:27:10Z" hostname="9cc507f71ed5" tests="8" skipped="4" failures="0" errors="0" time="1.817">
    <testcase time="0.323" classname="egt03" name="egt03_1_can_handle_all_NA_values"/>
    <testcase time="0.0940000000000012" classname="egt03" name="egt03_1_can_handle_all_NA_values">
      <skipped message="Reason: On CRAN ('test-egt03.R:11')"/>
    </testcase>
    <testcase time="0.316000000000003" classname="egt03" name="egt03_1_can_handle_some_NA_values"/>
    <testcase time="0.0820000000000007" classname="egt03" name="egt03_1_can_handle_some_NA_values">
      <skipped message="Reason: On CRAN ('test-egt03.R:27')"/>
    </testcase>
    <testcase time="0.556999999999995" classname="egt03" name="egt03_2_can_handle_all_NA_values"/>
    <testcase time="0.0740000000000052" classname="egt03" name="egt03_2_can_handle_all_NA_values">
      <skipped message="Reason: On CRAN ('test-egt03.R:40')"/>
    </testcase>
    <testcase time="0.293999999999997" classname="egt03" name="egt03_2_can_handle_some_NA_values"/>
    <testcase time="0.0769999999999982" classname="egt03" name="egt03_2_can_handle_some_NA_values">
      <skipped message="Reason: On CRAN ('test-egt03.R:56')"/>
    </testcase>
  </testsuite>
  <testsuite name="egt05_qtcat" timestamp="2023-03-08T02:27:12Z" hostname="9cc507f71ed5" tests="4" skipped="2" failures="0" errors="0" time="0.936">
    <testcase time="0.119" classname="egt05_qtcat" name="egt05_qtcat_can_handle_all_NA_values"/>
    <testcase time="0.0130000000000052" classname="egt05_qtcat" name="egt05_qtcat_can_handle_all_NA_values">
      <skipped message="Reason: On CRAN ('test-egt05_qtcat.R:12')"/>
    </testcase>
    <testcase time="0.576999999999998" classname="egt05_qtcat" name="egt05_qtcat_can_handle_some_NA_values"/>
    <testcase time="0.226999999999997" classname="egt05_qtcat" name="egt05_qtcat_can_handle_some_NA_values">
      <skipped message="Reason: On CRAN ('test-egt05_qtcat.R:35')"/>
    </testcase>
  </testsuite>
  <testsuite name="empty_report" timestamp="2023-03-08T02:27:13Z" hostname="9cc507f71ed5" tests="1" skipped="0" failures="0" errors="1" time="3.099">
    <testcase time="3.099" classname="empty_report" name="tlg_functions_return_null_reports_when_domain_table_is_empty">
      <error type="error" message="Error: 'apply_reformat' is not an exported object from 'namespace:dunlin' ('test-empty_report.R:15')">Error: 'apply_reformat' is not an exported object from 'namespace:dunlin'
Backtrace:
 1. chevron::run(aet01_1, dat_empty, prune_0 = TRUE)
      at test-empty_report.R:15:2
 2. chevron::run(aet01_1, dat_empty, prune_0 = TRUE)
 4. chevron (local) `&lt;fn&gt;`(`&lt;dm&gt;`)</error>
    </testcase>
  </testsuite>
  <testsuite name="lbt01" timestamp="2023-03-08T02:27:16Z" hostname="9cc507f71ed5" tests="2" skipped="1" failures="0" errors="0" time="1.619">
    <testcase time="1.432" classname="lbt01" name="lbt01_1_can_handle_n_0_and_outputs_NE_instead_of_infs_and_NAs"/>
    <testcase time="0.186999999999998" classname="lbt01" name="lbt01_1_can_handle_n_0_and_outputs_NE_instead_of_infs_and_NAs">
      <skipped message="Reason: On CRAN ('test-lbt01.R:11')"/>
    </testcase>
  </testsuite>
  <testsuite name="lbt04" timestamp="2023-03-08T02:27:18Z" hostname="9cc507f71ed5" tests="2" skipped="0" failures="0" errors="2" time="0.062">
    <testcase time="0.0309999999999988" classname="lbt04" name="lbt04_can_handle_all_NA_values">
      <error type="error" message="Error: 'apply_reformat' is not an exported object from 'namespace:dunlin' ('test-lbt04.R:9')">Error: 'apply_reformat' is not an exported object from 'namespace:dunlin'
Backtrace:
  1. testthat::expect_silent(run(lbt04_1, proc_data))
       at test-lbt04.R:9:2
 10. chevron::run(lbt04_1, proc_data)
 12. chevron (local) `&lt;fn&gt;`(`&lt;dm&gt;`)</error>
    </testcase>
    <testcase time="0.0309999999999988" classname="lbt04" name="lbt04_can_handle_some_NA_values">
      <error type="error" message="Error: 'apply_reformat' is not an exported object from 'namespace:dunlin' ('test-lbt04.R:23')">Error: 'apply_reformat' is not an exported object from 'namespace:dunlin'
Backtrace:
  1. testthat::expect_silent(run(lbt04_1, proc_data))
       at test-lbt04.R:23:2
 10. chevron::run(lbt04_1, proc_data)
 12. chevron (local) `&lt;fn&gt;`(`&lt;dm&gt;`)</error>
    </testcase>
  </testsuite>
  <testsuite name="lbt05" timestamp="2023-03-08T02:27:18Z" hostname="9cc507f71ed5" tests="2" skipped="0" failures="0" errors="2" time="0.129">
    <testcase time="0.0720000000000027" classname="lbt05" name="lbt05_give_all_0_count_if_ANRIND_are_all_missing">
      <error type="error" message="Error: 'apply_reformat' is not an exported object from 'namespace:dunlin' ('test-lbt05.R:8')">Error: 'apply_reformat' is not an exported object from 'namespace:dunlin'
Backtrace:
 1. chevron::run(lbt05_1, proc_data)
      at test-lbt05.R:8:2
 2. chevron::run(lbt05_1, proc_data)
 4. chevron (local) `&lt;fn&gt;`(`&lt;dm&gt;`)</error>
    </testcase>
    <testcase time="0.0570000000000022" classname="lbt05" name="lbt05_can_handle_some_NA_values">
      <error type="error" message="Error: 'apply_reformat' is not an exported object from 'namespace:dunlin' ('test-lbt05.R:23')">Error: 'apply_reformat' is not an exported object from 'namespace:dunlin'
Backtrace:
  1. testthat::expect_silent(run(lbt05_1, proc_data))
       at test-lbt05.R:23:2
 10. chevron::run(lbt05_1, proc_data)
 12. chevron (local) `&lt;fn&gt;`(`&lt;dm&gt;`)</error>
    </testcase>
  </testsuite>
  <testsuite name="lbt07" timestamp="2023-03-08T02:27:18Z" hostname="9cc507f71ed5" tests="1" skipped="0" failures="0" errors="1" time="0.036">
    <testcase time="0.0359999999999943" classname="lbt07" name="lbt07_can_handle_some_NA_values">
      <error type="error" message="Error: 'apply_reformat' is not an exported object from 'namespace:dunlin' ('test-lbt07.R:11')">Error: 'apply_reformat' is not an exported object from 'namespace:dunlin'
Backtrace:
  1. testthat::expect_silent(run(lbt07_1, proc_data))
       at test-lbt07.R:11:2
 10. chevron::run(lbt07_1, proc_data)
 12. chevron (local) `&lt;fn&gt;`(`&lt;dm&gt;`)</error>
    </testcase>
  </testsuite>
  <testsuite name="lbt14" timestamp="2023-03-08T02:27:18Z" hostname="9cc507f71ed5" tests="4" skipped="0" failures="0" errors="4" time="0.142">
    <testcase time="0.0370000000000061" classname="lbt14" name="lbt14_1_can_handle_all_NA_values">
      <error type="error" message="Error: 'apply_reformat' is not an exported object from 'namespace:dunlin' ('test-lbt14.R:10')">Error: 'apply_reformat' is not an exported object from 'namespace:dunlin'
Backtrace:
  1. testthat::expect_silent(run(lbt14_1, proc_data))
       at test-lbt14.R:10:2
 10. chevron::run(lbt14_1, proc_data)
 12. chevron (local) `&lt;fn&gt;`(`&lt;dm&gt;`)</error>
    </testcase>
    <testcase time="0.0449999999999946" classname="lbt14" name="lbt14_1_can_handle_some_NA_values">
      <error type="error" message="Error: 'apply_reformat' is not an exported object from 'namespace:dunlin' ('test-lbt14.R:29')">Error: 'apply_reformat' is not an exported object from 'namespace:dunlin'
Backtrace:
  1. testthat::expect_silent(run(lbt14_1, proc_data))
       at test-lbt14.R:29:2
 10. chevron::run(lbt14_1, proc_data)
 12. chevron (local) `&lt;fn&gt;`(`&lt;dm&gt;`)</error>
    </testcase>
    <testcase time="0.0290000000000035" classname="lbt14" name="lbt14_2_can_handle_all_NA_values">
      <error type="error" message="Error: 'apply_reformat' is not an exported object from 'namespace:dunlin' ('test-lbt14.R:42')">Error: 'apply_reformat' is not an exported object from 'namespace:dunlin'
Backtrace:
  1. testthat::expect_silent(run(lbt14_2, proc_data))
       at test-lbt14.R:42:2
 10. chevron::run(lbt14_2, proc_data)
 12. chevron (local) `&lt;fn&gt;`(`&lt;dm&gt;`)</error>
    </testcase>
    <testcase time="0.0309999999999988" classname="lbt14" name="lbt14_2_can_handle_some_NA_values">
      <error type="error" message="Error: 'apply_reformat' is not an exported object from 'namespace:dunlin' ('test-lbt14.R:61')">Error: 'apply_reformat' is not an exported object from 'namespace:dunlin'
Backtrace:
  1. testthat::expect_silent(run(lbt14_2, proc_data))
       at test-lbt14.R:61:2
 10. chevron::run(lbt14_2, proc_data)
 12. chevron (local) `&lt;fn&gt;`(`&lt;dm&gt;`)</error>
    </testcase>
  </testsuite>
  <testsuite name="mng01" timestamp="2023-03-08T02:27:18Z" hostname="9cc507f71ed5" tests="2" skipped="0" failures="0" errors="0" time="2.603">
    <testcase time="1.35" classname="mng01" name="mng01_1_works_as_expected"/>
    <testcase time="1.253" classname="mng01" name="mng01_1_works_as_expected_with_custom_color_set"/>
  </testsuite>
  <testsuite name="pdt01" timestamp="2023-03-08T02:27:21Z" hostname="9cc507f71ed5" tests="2" skipped="0" failures="0" errors="2" time="0.085">
    <testcase time="0.0399999999999991" classname="pdt01" name="pdt01_1_can_handle_all_NA_values">
      <error type="error" message="Error: 'apply_reformat' is not an exported object from 'namespace:dunlin' ('test-pdt01.R:10')">Error: 'apply_reformat' is not an exported object from 'namespace:dunlin'
Backtrace:
  1. testthat::expect_silent(run(pdt01_1, proc_data))
       at test-pdt01.R:10:2
 10. chevron::run(pdt01_1, proc_data)
 12. chevron (local) `&lt;fn&gt;`(`&lt;dm&gt;`)</error>
    </testcase>
    <testcase time="0.0450000000000017" classname="pdt01" name="pdt01_1_can_handle_some_NA_values">
      <error type="error" message="Error: 'apply_reformat' is not an exported object from 'namespace:dunlin' ('test-pdt01.R:26')">Error: 'apply_reformat' is not an exported object from 'namespace:dunlin'
Backtrace:
  1. testthat::expect_silent(run(pdt01_1, proc_data))
       at test-pdt01.R:26:2
 10. chevron::run(pdt01_1, proc_data)
 12. chevron (local) `&lt;fn&gt;`(`&lt;dm&gt;`)</error>
    </testcase>
  </testsuite>
  <testsuite name="pdt02" timestamp="2023-03-08T02:27:21Z" hostname="9cc507f71ed5" tests="2" skipped="0" failures="0" errors="2" time="0.1">
    <testcase time="0.0519999999999996" classname="pdt02" name="pdt02_1_can_handle_all_NA_values">
      <error type="error" message="Error: 'apply_reformat' is not an exported object from 'namespace:dunlin' ('test-pdt02.R:10')">Error: 'apply_reformat' is not an exported object from 'namespace:dunlin'
Backtrace:
  1. testthat::expect_silent(run(pdt02_1, proc_data))
       at test-pdt02.R:10:2
 10. chevron::run(pdt02_1, proc_data)
 12. chevron (local) `&lt;fn&gt;`(`&lt;dm&gt;`)</error>
    </testcase>
    <testcase time="0.0479999999999947" classname="pdt02" name="pdt02_1_can_handle_some_NA_values">
      <error type="error" message="Error: 'apply_reformat' is not an exported object from 'namespace:dunlin' ('test-pdt02.R:26')">Error: 'apply_reformat' is not an exported object from 'namespace:dunlin'
Backtrace:
  1. testthat::expect_silent(run(pdt02_1, proc_data))
       at test-pdt02.R:26:2
 10. chevron::run(pdt02_1, proc_data)
 12. chevron (local) `&lt;fn&gt;`(`&lt;dm&gt;`)</error>
    </testcase>
  </testsuite>
  <testsuite name="utils" timestamp="2023-03-08T02:27:21Z" hostname="9cc507f71ed5" tests="17" skipped="0" failures="0" errors="0" time="0.1">
    <testcase time="0.0320000000000036" classname="utils" name="h_format_dec_works_as_exected"/>
    <testcase time="0.00600000000000023" classname="utils" name="h_format_dec_works_as_exected"/>
    <testcase time="0.00200000000000244" classname="utils" name="h_format_dec_works_as_exected"/>
    <testcase time="0.00499999999999545" classname="utils" name="h_format_dec_works_as_exected"/>
    <testcase time="0.00200000000000244" classname="utils" name="h_format_dec_works_as_exected"/>
    <testcase time="0.00499999999999545" classname="utils" name="h_format_dec_works_as_exected"/>
    <testcase time="0.00200000000000244" classname="utils" name="h_format_dec_works_as_exected"/>
    <testcase time="0.00300000000000011" classname="utils" name="h_format_dec_works_as_exected"/>
    <testcase time="0.00200000000000244" classname="utils" name="h_format_dec_works_as_exected"/>
    <testcase time="0.00399999999999778" classname="utils" name="h_format_dec_works_as_exected"/>
    <testcase time="0.00200000000000244" classname="utils" name="h_format_dec_works_as_exected"/>
    <testcase time="0.00399999999999778" classname="utils" name="h_format_dec_works_as_exected"/>
    <testcase time="0.0069999999999979" classname="utils" name="h_format_dec_works_as_expected_with_more_than_one_value"/>
    <testcase time="0.00400000000000489" classname="utils" name="h_format_dec_works_as_expected_with_more_than_one_value"/>
    <testcase time="0.0069999999999979" classname="utils" name="h_format_dec_works_returns_null_with_NA_format"/>
    <testcase time="0.00600000000000023" classname="utils" name="h_format_dec_works_as_expected_with_NA_digits"/>
    <testcase time="0.0069999999999979" classname="utils" name="h_format_dec_works_as_expected_with_NA_digits"/>
  </testsuite>
</testsuites>
