<?xml version="1.0" encoding="UTF-8"?>
<testsuites>
  <testsuite name="ael01_nollt" timestamp="2026-01-14T14:34:12Z" hostname="8e06019c7a9b" tests="14" skipped="0" failures="0" errors="0" time="0.883">
    <testcase time="0.0679999999999996" classname="ael01_nollt" name="ael01_nollt_works_with_admh_dataset"/>
    <testcase time="0.175" classname="ael01_nollt" name="ael01_nollt_works_with_admh_dataset"/>
    <testcase time="0.0329999999999999" classname="ael01_nollt" name="ael01_nollt_works_with_non_default_label"/>
    <testcase time="0.2" classname="ael01_nollt" name="ael01_nollt_works_with_non_default_label"/>
    <testcase time="0.04" classname="ael01_nollt" name="ael01_nollt_can_handle_all_missing_values"/>
    <testcase time="0.0419999999999998" classname="ael01_nollt" name="ael01_nollt_can_handle_all_missing_values"/>
    <testcase time="0.0299999999999998" classname="ael01_nollt" name="ael01_nollt_can_handle_some_missing_values"/>
    <testcase time="0.0710000000000002" classname="ael01_nollt" name="ael01_nollt_can_handle_some_missing_values"/>
    <testcase time="0.0270000000000001" classname="ael01_nollt" name="ael01_nollt_listing_can_be_split_by_an_additional_variable"/>
    <testcase time="0.00099999999999989" classname="ael01_nollt" name="ael01_nollt_listing_can_be_split_by_an_additional_variable"/>
    <testcase time="0.101" classname="ael01_nollt" name="ael01_nollt_listing_can_be_split_by_an_additional_variable"/>
    <testcase time="0.0259999999999998" classname="ael01_nollt" name="split_ael01_nollt_listing_do_not_display_missing_values"/>
    <testcase time="0.00100000000000033" classname="ael01_nollt" name="split_ael01_nollt_listing_do_not_display_missing_values"/>
    <testcase time="0.0680000000000001" classname="ael01_nollt" name="split_ael01_nollt_listing_do_not_display_missing_values"/>
  </testsuite>
  <testsuite name="ael02" timestamp="2026-01-14T14:34:13Z" hostname="8e06019c7a9b" tests="9" skipped="0" failures="0" errors="0" time="1.846">
    <testcase time="0.0719999999999996" classname="ael02" name="ael02_works_with_adae_dataset"/>
    <testcase time="0.00100000000000033" classname="ael02" name="ael02_works_with_adae_dataset"/>
    <testcase time="0.557" classname="ael02" name="ael02_works_with_adae_dataset"/>
    <testcase time="0.044" classname="ael02" name="ael02_can_handle_all_missing_values"/>
    <testcase time="0.00099999999999989" classname="ael02" name="ael02_can_handle_all_missing_values"/>
    <testcase time="0.578" classname="ael02" name="ael02_can_handle_all_missing_values"/>
    <testcase time="0.048" classname="ael02" name="ael02_functions_work_as_expected"/>
    <testcase time="0.000999999999999446" classname="ael02" name="ael02_functions_work_as_expected"/>
    <testcase time="0.544" classname="ael02" name="ael02_functions_work_as_expected"/>
  </testsuite>
  <testsuite name="ael03" timestamp="2026-01-14T14:34:14Z" hostname="8e06019c7a9b" tests="9" skipped="0" failures="0" errors="0" time="1.896">
    <testcase time="0.0649999999999995" classname="ael03" name="ael03_works_with_adae_dataset"/>
    <testcase time="0.00100000000000033" classname="ael03" name="ael03_works_with_adae_dataset"/>
    <testcase time="0.556" classname="ael03" name="ael03_works_with_adae_dataset"/>
    <testcase time="0.0460000000000003" classname="ael03" name="ael03_can_handle_all_missing_values"/>
    <testcase time="0.00199999999999978" classname="ael03" name="ael03_can_handle_all_missing_values"/>
    <testcase time="0.577" classname="ael03" name="ael03_can_handle_all_missing_values"/>
    <testcase time="0.048" classname="ael03" name="ael03_functions_work_as_expected"/>
    <testcase time="0.00199999999999978" classname="ael03" name="ael03_functions_work_as_expected"/>
    <testcase time="0.599" classname="ael03" name="ael03_functions_work_as_expected"/>
  </testsuite>
  <testsuite name="aet01" timestamp="2026-01-14T14:34:16Z" hostname="8e06019c7a9b" tests="13" skipped="0" failures="0" errors="0" time="2.573">
    <testcase time="0.455" classname="aet01" name="aet01_can_handle_all_NA_values"/>
    <testcase time="0.136" classname="aet01" name="aet01_can_handle_all_NA_values"/>
    <testcase time="0.309" classname="aet01" name="aet01_can_handle_all_NA_values"/>
    <testcase time="0.0999999999999996" classname="aet01" name="aet01_can_handle_all_NA_values"/>
    <testcase time="0.286" classname="aet01" name="aet01_can_handle_some_NA_values"/>
    <testcase time="0.128" classname="aet01" name="aet01_can_handle_some_NA_values"/>
    <testcase time="0.220000000000001" classname="aet01" name="aet01_can_use_custom_anl_vars"/>
    <testcase time="0.0749999999999993" classname="aet01" name="aet01_can_use_custom_anl_vars"/>
    <testcase time="0.0810000000000013" classname="aet01" name="aet01_fails_on_incomplete_data_input"/>
    <testcase time="0.321999999999999" classname="aet01" name="aet01_can_use_custom_medconcept_var"/>
    <testcase time="0.138" classname="aet01" name="aet01_can_use_custom_medconcept_var"/>
    <testcase time="0.209" classname="aet01" name="aet01_can_conditionally_show_the_number_of_withdrawal"/>
    <testcase time="0.113999999999999" classname="aet01" name="aet01_can_conditionally_show_the_number_of_withdrawal"/>
  </testsuite>
  <testsuite name="aet01_aesi" timestamp="2026-01-14T14:34:19Z" hostname="8e06019c7a9b" tests="9" skipped="0" failures="0" errors="0" time="1.562">
    <testcase time="0.248000000000001" classname="aet01_aesi" name="aet01_aesi_can_handle_all_NA_values"/>
    <testcase time="0.125" classname="aet01_aesi" name="aet01_aesi_can_handle_all_NA_values"/>
    <testcase time="0.212999999999999" classname="aet01_aesi" name="aet01_aesi_can_handle_all_NA_values"/>
    <testcase time="0.101000000000001" classname="aet01_aesi" name="aet01_aesi_can_handle_all_NA_values"/>
    <testcase time="0.215" classname="aet01_aesi" name="aet01_aesi_can_handle_some_NA_values"/>
    <testcase time="0.123999999999999" classname="aet01_aesi" name="aet01_aesi_can_handle_some_NA_values"/>
    <testcase time="0.301" classname="aet01_aesi" name="aet01_aesi_works_with_ALL_argument"/>
    <testcase time="0.183000000000002" classname="aet01_aesi" name="aet01_aesi_works_with_ALL_argument"/>
    <testcase time="0.0519999999999996" classname="aet01_aesi" name="aet01_aesi_check_fails_on_incomplete_data_input"/>
  </testsuite>
  <testsuite name="aet02" timestamp="2026-01-14T14:34:20Z" hostname="8e06019c7a9b" tests="4" skipped="0" failures="0" errors="0" time="2.223">
    <testcase time="0.0559999999999992" classname="aet02" name="aet02_fails_on_incomplete_data_input"/>
    <testcase time="0.138" classname="aet02" name="aet02_handle_empty_data_input"/>
    <testcase time="1.646" classname="aet02" name="aet02_can_have_different_levels_of_row_split"/>
    <testcase time="0.382999999999999" classname="aet02" name="aet02_can_have_different_levels_of_row_split"/>
  </testsuite>
  <testsuite name="aet03" timestamp="2026-01-14T14:34:23Z" hostname="8e06019c7a9b" tests="4" skipped="0" failures="0" errors="0" time="2.083">
    <testcase time="0.292" classname="aet03" name="aet03_can_handle_NA_values"/>
    <testcase time="0.109" classname="aet03" name="aet03_can_handle_NA_values"/>
    <testcase time="1.375" classname="aet03" name="aet03_can_handle_some_NA_values"/>
    <testcase time="0.307" classname="aet03" name="aet03_can_handle_some_NA_values"/>
  </testsuite>
  <testsuite name="aet04" timestamp="2026-01-14T14:34:25Z" hostname="8e06019c7a9b" tests="12" skipped="0" failures="0" errors="0" time="10.612">
    <testcase time="0.456999999999999" classname="aet04" name="aet04_can_handle_NA_values"/>
    <testcase time="0.206000000000001" classname="aet04" name="aet04_can_handle_NA_values"/>
    <testcase time="0.466999999999999" classname="aet04" name="aet04_can_handle_NA_values"/>
    <testcase time="0.00400000000000134" classname="aet04" name="aet04_can_handle_NA_values"/>
    <testcase time="0.442" classname="aet04" name="aet04_can_handle_NA_values"/>
    <testcase time="0.210999999999999" classname="aet04" name="aet04_can_handle_NA_values"/>
    <testcase time="2.475" classname="aet04" name="aet04_can_handle_some_NA_values"/>
    <testcase time="0.576999999999998" classname="aet04" name="aet04_can_handle_some_NA_values"/>
    <testcase time="2.542" classname="aet04" name="aet04_can_handle_some_NA_values"/>
    <testcase time="0.00600000000000023" classname="aet04" name="aet04_can_handle_some_NA_values"/>
    <testcase time="2.589" classname="aet04" name="aet04_can_handle_some_NA_values"/>
    <testcase time="0.635999999999999" classname="aet04" name="aet04_can_handle_some_NA_values"/>
  </testsuite>
  <testsuite name="aet05" timestamp="2026-01-14T14:34:35Z" hostname="8e06019c7a9b" tests="6" skipped="0" failures="0" errors="0" time="0.893">
    <testcase time="0.179000000000002" classname="aet05" name="aet05_can_handle_NA_values"/>
    <testcase time="0.119" classname="aet05" name="aet05_can_handle_NA_values"/>
    <testcase time="0.154" classname="aet05" name="aet05_can_handle_some_NA_values"/>
    <testcase time="0.146999999999998" classname="aet05" name="aet05_can_handle_some_NA_values"/>
    <testcase time="0.152000000000001" classname="aet05" name="aet05_can_handle_some_NA_values"/>
    <testcase time="0.141999999999999" classname="aet05" name="aet05_can_handle_some_NA_values"/>
  </testsuite>
  <testsuite name="aet05_all" timestamp="2026-01-14T14:34:36Z" hostname="8e06019c7a9b" tests="6" skipped="0" failures="0" errors="0" time="0.892">
    <testcase time="0.172000000000001" classname="aet05_all" name="aet05_all_can_handle_NA_values"/>
    <testcase time="0.111999999999998" classname="aet05_all" name="aet05_all_can_handle_NA_values"/>
    <testcase time="0.164999999999999" classname="aet05_all" name="aet05_all_can_handle_some_NA_values"/>
    <testcase time="0.147000000000002" classname="aet05_all" name="aet05_all_can_handle_some_NA_values"/>
    <testcase time="0.149000000000001" classname="aet05_all" name="aet05_all_can_handle_some_NA_values"/>
    <testcase time="0.146999999999998" classname="aet05_all" name="aet05_all_can_handle_some_NA_values"/>
  </testsuite>
  <testsuite name="aet10" timestamp="2026-01-14T14:34:37Z" hostname="8e06019c7a9b" tests="4" skipped="0" failures="0" errors="0" time="0.366">
    <testcase time="0.0790000000000006" classname="aet10" name="aet10_can_handle_NA_values"/>
    <testcase time="0.0670000000000002" classname="aet10" name="aet10_can_handle_NA_values"/>
    <testcase time="0.108000000000001" classname="aet10" name="aet10_can_handle_some_NA_values"/>
    <testcase time="0.111999999999998" classname="aet10" name="aet10_can_handle_some_NA_values"/>
  </testsuite>
  <testsuite name="assertions" timestamp="2026-01-14T14:34:37Z" hostname="8e06019c7a9b" tests="33" skipped="0" failures="0" errors="0" time="0.163">
    <testcase time="0.0100000000000016" classname="assertions" name="assert_valid_var.character_works_as_expected"/>
    <testcase time="0.00499999999999901" classname="assertions" name="assert_valid_var.character_works_as_expected"/>
    <testcase time="0.00499999999999901" classname="assertions" name="assert_valid_var.character_works_as_expected"/>
    <testcase time="0.00499999999999901" classname="assertions" name="assert_valid_var.character_works_as_expected"/>
    <testcase time="0.00200000000000244" classname="assertions" name="assert_valid_var.character_works_as_expected"/>
    <testcase time="0.00499999999999901" classname="assertions" name="assert_valid_var.factor_works_as_expected"/>
    <testcase time="0.00499999999999901" classname="assertions" name="assert_valid_var.factor_works_as_expected"/>
    <testcase time="0.00500000000000256" classname="assertions" name="assert_valid_var.factor_works_as_expected"/>
    <testcase time="0.00499999999999901" classname="assertions" name="assert_valid_var.factor_works_as_expected"/>
    <testcase time="0.00100000000000122" classname="assertions" name="assert_valid_var.factor_works_as_expected"/>
    <testcase time="0.00599999999999667" classname="assertions" name="assert_valid_var.logical_works_as_expected"/>
    <testcase time="0.00500000000000256" classname="assertions" name="assert_valid_var.logical_works_as_expected"/>
    <testcase time="0.00399999999999778" classname="assertions" name="assert_valid_var.logical_works_as_expected"/>
    <testcase time="0.00200000000000244" classname="assertions" name="assert_valid_var.logical_works_as_expected"/>
    <testcase time="0.00499999999999901" classname="assertions" name="assert_valid_var.numeric_works_as_expected"/>
    <testcase time="0.00499999999999901" classname="assertions" name="assert_valid_var.numeric_works_as_expected"/>
    <testcase time="0.00500000000000256" classname="assertions" name="assert_valid_var.numeric_works_as_expected"/>
    <testcase time="0.00199999999999889" classname="assertions" name="assert_valid_var.numeric_works_as_expected"/>
    <testcase time="0.00499999999999901" classname="assertions" name="assert_valid_var.numeric_works_as_expected"/>
    <testcase time="0.00199999999999889" classname="assertions" name="assert_valid_var.numeric_works_as_expected"/>
    <testcase time="0.00900000000000034" classname="assertions" name="assert_valid_var.POSIXct_works_as_expected"/>
    <testcase time="0.0100000000000016" classname="assertions" name="assert_valid_var.POSIXct_works_as_expected"/>
    <testcase time="0.00600000000000023" classname="assertions" name="assert_valid_variable_works_as_expected"/>
    <testcase time="0.00199999999999889" classname="assertions" name="assert_valid_variable_works_as_expected"/>
    <testcase time="0.00700000000000145" classname="assertions" name="assert_valid_variable_works_as_expected"/>
    <testcase time="0.00199999999999889" classname="assertions" name="assert_valid_variable_works_as_expected"/>
    <testcase time="0.00600000000000023" classname="assertions" name="assert_valid_variable_works_as_expected"/>
    <testcase time="0.00199999999999889" classname="assertions" name="assert_valid_variable_works_as_expected"/>
    <testcase time="0.00600000000000023" classname="assertions" name="assert_valid_var_pair_works_as_expected_with_character"/>
    <testcase time="0.00600000000000023" classname="assertions" name="assert_valid_var_pair_works_as_expected_with_character"/>
    <testcase time="0.00600000000000023" classname="assertions" name="assert_valid_var_pair_works_as_expected_with_factor"/>
    <testcase time="0.00600000000000023" classname="assertions" name="assert_valid_var_pair_works_as_expected_with_factor"/>
    <testcase time="0.00600000000000023" classname="assertions" name="assert_valid_var_pair_works_as_expected_with_factor"/>
  </testsuite>
  <testsuite name="cfbt01" timestamp="2026-01-14T14:34:38Z" hostname="8e06019c7a9b" tests="3" skipped="0" failures="0" errors="0" time="8.892">
    <testcase time="6.555" classname="cfbt01" name="cfbt01_functions_with_default_argument_value_return_expected_result_with_test_data"/>
    <testcase time="0.968000000000004" classname="cfbt01" name="cfbt01_can_handle_n_0_and_outputs_NE_instead_of_infs_and_NAs"/>
    <testcase time="1.369" classname="cfbt01" name="cfbt01_can_handle_n_0_and_outputs_NE_instead_of_infs_and_NAs"/>
  </testsuite>
  <testsuite name="checks" timestamp="2026-01-14T14:34:47Z" hostname="8e06019c7a9b" tests="8" skipped="0" failures="0" errors="0" time="0.032">
    <testcase time="0.0109999999999957" classname="checks" name="check_all_colnames_works_as_expected"/>
    <testcase time="0.00400000000000489" classname="checks" name="check_all_colnames_works_as_expected"/>
    <testcase time="0.00199999999999534" classname="checks" name="check_all_colnames_works_as_expected"/>
    <testcase time="0.00200000000000244" classname="checks" name="check_all_colnames_works_as_expected"/>
    <testcase time="0.00600000000000023" classname="checks" name="check_one_colnames_works_as_expected"/>
    <testcase time="0.00300000000000011" classname="checks" name="check_one_colnames_works_as_expected"/>
    <testcase time="0.000999999999997669" classname="checks" name="check_one_colnames_works_as_expected"/>
    <testcase time="0.00300000000000011" classname="checks" name="check_one_colnames_works_as_expected"/>
  </testsuite>
  <testsuite name="chevron_tlg-class" timestamp="2026-01-14T14:34:47Z" hostname="8e06019c7a9b" tests="29" skipped="0" failures="0" errors="0" time="0.126">
    <testcase time="0.0129999999999981" classname="chevron_tlg_class" name="chevron_t_object_can_be_constructed_with_default_values"/>
    <testcase time="0.00300000000000011" classname="chevron_tlg_class" name="chevron_t_object_can_be_constructed_with_default_values"/>
    <testcase time="0.007000000000005" classname="chevron_tlg_class" name="chevron_t_object_can_be_constructed_with_custom_values"/>
    <testcase time="0.00300000000000011" classname="chevron_tlg_class" name="chevron_t_object_can_be_constructed_with_custom_values"/>
    <testcase time="0.00300000000000011" classname="chevron_tlg_class" name="chevron_t_object_can_be_constructed_with_custom_values"/>
    <testcase time="0.00300000000000011" classname="chevron_tlg_class" name="chevron_t_object_can_be_constructed_with_custom_values"/>
    <testcase time="0.00600000000000023" classname="chevron_tlg_class" name="chevron_t_constructor_returns_an_error_when_expected"/>
    <testcase time="0.00199999999999534" classname="chevron_tlg_class" name="chevron_t_constructor_returns_an_error_when_expected"/>
    <testcase time="0.00100000000000477" classname="chevron_tlg_class" name="chevron_t_constructor_returns_an_error_when_expected"/>
    <testcase time="0.000999999999997669" classname="chevron_tlg_class" name="chevron_t_constructor_returns_an_error_when_expected"/>
    <testcase time="0.000999999999997669" classname="chevron_tlg_class" name="chevron_t_constructor_returns_an_error_when_expected"/>
    <testcase time="0.00100000000000477" classname="chevron_tlg_class" name="chevron_t_constructor_returns_an_error_when_expected"/>
    <testcase time="0.00199999999999534" classname="chevron_tlg_class" name="chevron_t_constructor_returns_an_error_when_expected"/>
    <testcase time="0.00600000000000023" classname="chevron_tlg_class" name="chevron_l_object_can_be_constructed_with_default_values"/>
    <testcase time="0.00399999999999778" classname="chevron_tlg_class" name="chevron_l_object_can_be_constructed_with_default_values"/>
    <testcase time="0.0120000000000005" classname="chevron_tlg_class" name="chevron_g_object_can_be_constructed_with_custom_values"/>
    <testcase time="0.00500000000000256" classname="chevron_tlg_class" name="chevron_g_object_can_be_constructed_with_custom_values"/>
    <testcase time="0.00399999999999778" classname="chevron_tlg_class" name="chevron_g_object_can_be_constructed_with_custom_values"/>
    <testcase time="0.00500000000000256" classname="chevron_tlg_class" name="chevron_g_object_can_be_constructed_with_custom_values"/>
    <testcase time="0.00800000000000267" classname="chevron_tlg_class" name="chevron_g_constructor_returns_an_error_when_expected"/>
    <testcase time="0.00199999999999534" classname="chevron_tlg_class" name="chevron_g_constructor_returns_an_error_when_expected"/>
    <testcase time="0.00100000000000477" classname="chevron_tlg_class" name="chevron_g_constructor_returns_an_error_when_expected"/>
    <testcase time="0.00199999999999534" classname="chevron_tlg_class" name="chevron_g_constructor_returns_an_error_when_expected"/>
    <testcase time="0.00200000000000244" classname="chevron_tlg_class" name="chevron_g_constructor_returns_an_error_when_expected"/>
    <testcase time="0.00200000000000244" classname="chevron_tlg_class" name="chevron_g_constructor_returns_an_error_when_expected"/>
    <testcase time="0.000999999999997669" classname="chevron_tlg_class" name="chevron_g_constructor_returns_an_error_when_expected"/>
    <testcase time="0.00999999999999801" classname="chevron_tlg_class" name="chevron_simple_works_correctly"/>
    <testcase time="0.00300000000000011" classname="chevron_tlg_class" name="chevron_simple_works_correctly"/>
    <testcase time="0.0129999999999981" classname="chevron_tlg_class" name="chevron_simple_errors_if_contains_return"/>
  </testsuite>
  <testsuite name="chevron_tlg-methods" timestamp="2026-01-14T14:34:47Z" hostname="8e06019c7a9b" tests="62" skipped="1" failures="0" errors="0" time="9.555">
    <testcase time="1.289" classname="chevron_tlg_methods" name="run_works_as_expected_for_chevron_t_object"/>
    <testcase time="0.536999999999999" classname="chevron_tlg_methods" name="run_works_as_expected_for_chevron_t_object"/>
    <testcase time="0.400000000000006" classname="chevron_tlg_methods" name="run_works_as_expected_for_chevron_t_object_when_auto_pre_FALSE"/>
    <testcase time="0.305" classname="chevron_tlg_methods" name="run_works_as_expected_with_argument_printed"/>
    <testcase time="0.120999999999995" classname="chevron_tlg_methods" name="run_works_as_expected_with_argument_printed"/>
    <testcase time="0.417000000000002" classname="chevron_tlg_methods" name="run_works_as_expected_with_argument_printed_if_the_user_argument_is_complicated"/>
    <testcase time="0.171999999999997" classname="chevron_tlg_methods" name="run_works_as_expected_with_argument_printed_if_the_user_argument_is_complicated"/>
    <testcase time="0.417000000000002" classname="chevron_tlg_methods" name="run_uses_the_argument_passed_through_the_ellipsis_in_priority"/>
    <testcase time="0.170999999999999" classname="chevron_tlg_methods" name="run_uses_the_argument_passed_through_the_ellipsis_in_priority"/>
    <testcase time="0.303000000000004" classname="chevron_tlg_methods" name="run_works_as_expected_with_partial_match_argument"/>
    <testcase time="0.125" classname="chevron_tlg_methods" name="run_works_as_expected_with_partial_match_argument"/>
    <testcase time="0.412999999999997" classname="chevron_tlg_methods" name="run_displays_the_symbols_when_available"/>
    <testcase time="0.164999999999999" classname="chevron_tlg_methods" name="run_displays_the_symbols_when_available"/>
    <testcase time="0.306000000000004" classname="chevron_tlg_methods" name="run_print_internal_functions_when_unwrap_is_TRUE"/>
    <testcase time="0.00199999999999534" classname="chevron_tlg_methods" name="run_print_internal_functions_when_unwrap_is_TRUE"/>
    <testcase time="0.00100000000000477" classname="chevron_tlg_methods" name="run_print_internal_functions_when_unwrap_is_TRUE"/>
    <testcase time="0.00900000000000034" classname="chevron_tlg_methods" name="run_print_internal_functions_when_unwrap_is_TRUE"/>
    <testcase time="1.773" classname="chevron_tlg_methods" name="run_print_internal_functions_when_unwrap_is_TRUE_and_standard_chevron_tlg_has_no_layout"/>
    <testcase time="0.0110000000000028" classname="chevron_tlg_methods" name="run_print_internal_functions_when_unwrap_is_TRUE_and_the_chevron_tlg_object_is_customized"/>
    <testcase time="0.00199999999999534" classname="chevron_tlg_methods" name="run_print_internal_functions_when_unwrap_is_TRUE_and_the_chevron_tlg_object_is_customized"/>
    <testcase time="0.00100000000000477" classname="chevron_tlg_methods" name="run_print_internal_functions_when_unwrap_is_TRUE_and_the_chevron_tlg_object_is_customized"/>
    <testcase time="0.00900000000000034" classname="chevron_tlg_methods" name="run_print_internal_functions_when_unwrap_is_TRUE_and_the_chevron_tlg_object_is_customized"/>
    <testcase time="0.0109999999999957" classname="chevron_tlg_methods" name="run_print_main_and_postprocessing_functions_when_unwrap_is_TRUE_and_auto_pre_is_FALSE"/>
    <testcase time="0.00100000000000477" classname="chevron_tlg_methods" name="run_print_main_and_postprocessing_functions_when_unwrap_is_TRUE_and_auto_pre_is_FALSE"/>
    <testcase time="0.000999999999997669" classname="chevron_tlg_methods" name="run_print_main_and_postprocessing_functions_when_unwrap_is_TRUE_and_auto_pre_is_FALSE"/>
    <testcase time="0.00200000000000244" classname="chevron_tlg_methods" name="run_print_main_and_postprocessing_functions_when_unwrap_is_TRUE_and_auto_pre_is_FALSE"/>
    <testcase time="0.0159999999999982" classname="chevron_tlg_methods" name="run_print_main_and_postprocessing_functions_when_unwrap_is_TRUE_and_auto_pre_is_FALSE"/>
    <testcase time="0.00500000000000256" classname="chevron_tlg_methods" name="args_ls_works_as_expected"/>
    <testcase time="0.00199999999999534" classname="chevron_tlg_methods" name="args_ls_works_as_expected"/>
    <testcase time="0.000999999999997669" classname="chevron_tlg_methods" name="args_ls_works_as_expected"/>
    <testcase time="0.00500000000000256" classname="chevron_tlg_methods" name="args_ls_works_as_expected_when_simplify_is_TRUE"/>
    <testcase time="0.000999999999997669" classname="chevron_tlg_methods" name="args_ls_works_as_expected_when_simplify_is_TRUE"/>
    <testcase time="0.00200000000000244" classname="chevron_tlg_methods" name="args_ls_works_as_expected_when_simplify_is_TRUE"/>
    <testcase time="0.00500000000000256" classname="chevron_tlg_methods" name="args_ls_works_as_expected_with_custom_chevron_tlg_object"/>
    <testcase time="0.00199999999999534" classname="chevron_tlg_methods" name="args_ls_works_as_expected_with_custom_chevron_tlg_object"/>
    <testcase time="0.00100000000000477" classname="chevron_tlg_methods" name="args_ls_works_as_expected_with_custom_chevron_tlg_object"/>
    <testcase time="0.00300000000000011" classname="chevron_tlg_methods" name="args_ls_works_as_expected_with_custom_chevron_tlg_object"/>
    <testcase time="0.00600000000000023" classname="chevron_tlg_methods" name="main_works_as_expected"/>
    <testcase time="0.0069999999999979" classname="chevron_tlg_methods" name="main_setter_works_as_expected"/>
    <testcase time="0.00999999999999801" classname="chevron_tlg_methods" name="main_setter_throw_an_error_as_expected"/>
    <testcase time="0.007000000000005" classname="chevron_tlg_methods" name="preprocess_works_as_expected"/>
    <testcase time="0.00600000000000023" classname="chevron_tlg_methods" name="preprocess_setter_works_as_expected"/>
    <testcase time="0.00999999999999801" classname="chevron_tlg_methods" name="preprocess_sends_an_error_as_expected"/>
    <testcase time="0.0069999999999979" classname="chevron_tlg_methods" name="postprocess_works_as_expected"/>
    <testcase time="0.00600000000000023" classname="chevron_tlg_methods" name="postprocess_setter_works_as_expected"/>
    <testcase time="0.0110000000000028" classname="chevron_tlg_methods" name="postprocess_sends_an_error_as_expected"/>
    <testcase time="0.0069999999999979" classname="chevron_tlg_methods" name="dataset_works_as_expected"/>
    <testcase time="0.0069999999999979" classname="chevron_tlg_methods" name="dataset_setter_works_as_expected"/>
    <testcase time="0.0110000000000028" classname="chevron_tlg_methods" name="dataset_sends_an_error_as_expected"/>
    <testcase time="0.00500000000000256" classname="chevron_tlg_methods" name="script_funs_works_as_expected_in_interactive_mode">
      <skipped message="Reason: !interactive() is TRUE ('test-chevron_tlg-methods.R:287:3')"/>
    </testcase>
    <testcase time="0.0159999999999982" classname="chevron_tlg_methods" name="script_funs_works_as_expected"/>
    <testcase time="0.000999999999997669" classname="chevron_tlg_methods" name="script_funs_works_as_expected"/>
    <testcase time="2.365" classname="chevron_tlg_methods" name="script_funs_generates_a_valid_script"/>
    <testcase time="0.000999999999997669" classname="chevron_tlg_methods" name="script_funs_generates_a_valid_script"/>
    <testcase time="0.00200000000000244" classname="chevron_tlg_methods" name="script_funs_generates_a_valid_script"/>
    <testcase time="0.000999999999997669" classname="chevron_tlg_methods" name="script_funs_generates_a_valid_script"/>
    <testcase time="0.00200000000000244" classname="chevron_tlg_methods" name="script_funs_generates_a_valid_script"/>
    <testcase time="0.0120000000000005" classname="chevron_tlg_methods" name="script_funs_generates_a_valid_script"/>
    <testcase time="0.0129999999999981" classname="chevron_tlg_methods" name="script_funs_works_for_simple_template"/>
    <testcase time="0.00200000000000244" classname="chevron_tlg_methods" name="script_funs_works_for_simple_template"/>
    <testcase time="0.0189999999999984" classname="chevron_tlg_methods" name="print_list_works"/>
    <testcase time="0.0139999999999958" classname="chevron_tlg_methods" name="print_list_works_for_empty_list"/>
  </testsuite>
  <testsuite name="cml02a_gl" timestamp="2026-01-14T14:34:56Z" hostname="8e06019c7a9b" tests="6" skipped="0" failures="0" errors="0" time="0.327">
    <testcase time="0.0310000000000059" classname="cml02a_gl" name="cml02a_gl_works_with_adcm_dataset"/>
    <testcase time="0.0850000000000009" classname="cml02a_gl" name="cml02a_gl_works_with_adcm_dataset"/>
    <testcase time="0.0269999999999939" classname="cml02a_gl" name="cml02a_gl_works_with_missing_data"/>
    <testcase time="0.0710000000000051" classname="cml02a_gl" name="cml02a_gl_works_with_missing_data"/>
    <testcase time="0.0259999999999962" classname="cml02a_gl" name="cml02a_gl_functions_work_as_expected"/>
    <testcase time="0.0870000000000033" classname="cml02a_gl" name="cml02a_gl_functions_work_as_expected"/>
  </testsuite>
  <testsuite name="cmt01a" timestamp="2026-01-14T14:34:57Z" hostname="8e06019c7a9b" tests="6" skipped="0" failures="0" errors="0" time="2.882">
    <testcase time="0.885999999999996" classname="cmt01a" name="cmt01a_functions_with_default_argument_value_return_expected_result_with_test_data"/>
    <testcase time="0.841000000000001" classname="cmt01a" name="cmt01a_functions_with_custom_argument_value_return_expected_result_with_test_data"/>
    <testcase time="0.155000000000001" classname="cmt01a" name="cmt01a_can_handle_all_NA_values"/>
    <testcase time="0.0790000000000006" classname="cmt01a" name="cmt01a_can_handle_all_NA_values"/>
    <testcase time="0.652999999999999" classname="cmt01a" name="cmt01a_can_handle_some_NA_values"/>
    <testcase time="0.268000000000001" classname="cmt01a" name="cmt01a_can_handle_some_NA_values"/>
  </testsuite>
  <testsuite name="cmt02_pt" timestamp="2026-01-14T14:34:59Z" hostname="8e06019c7a9b" tests="4" skipped="0" failures="0" errors="0" time="0.45">
    <testcase time="0.122999999999998" classname="cmt02_pt" name="cmt02_pt_can_handle_all_NA_values"/>
    <testcase time="0.0590000000000046" classname="cmt02_pt" name="cmt02_pt_can_handle_all_NA_values"/>
    <testcase time="0.159999999999997" classname="cmt02_pt" name="cmt02_pt_can_handle_some_NA_values"/>
    <testcase time="0.108000000000004" classname="cmt02_pt" name="cmt02_pt_can_handle_some_NA_values"/>
  </testsuite>
  <testsuite name="coxt01" timestamp="2026-01-14T14:35:00Z" hostname="8e06019c7a9b" tests="9" skipped="0" failures="0" errors="0" time="1.435">
    <testcase time="0.324999999999996" classname="coxt01" name="coxt01_can_handle_some_NA_values"/>
    <testcase time="0.0949999999999989" classname="coxt01" name="coxt01_can_handle_some_NA_values"/>
    <testcase time="0.257000000000005" classname="coxt01" name="coxt01_can_handle_some_NA_values"/>
    <testcase time="0.0859999999999985" classname="coxt01" name="coxt01_can_handle_some_NA_values"/>
    <testcase time="0.241" classname="coxt01" name="coxt01_can_handle_some_NA_values"/>
    <testcase time="0.0859999999999985" classname="coxt01" name="coxt01_can_handle_some_NA_values"/>
    <testcase time="0.235000000000007" classname="coxt01" name="coxt01_can_handle_some_NA_values"/>
    <testcase time="0.0889999999999986" classname="coxt01" name="coxt01_can_handle_some_NA_values"/>
    <testcase time="0.0210000000000008" classname="coxt01" name="coxt01_fails_on_incomlete_data"/>
  </testsuite>
  <testsuite name="coxt02" timestamp="2026-01-14T14:35:01Z" hostname="8e06019c7a9b" tests="9" skipped="0" failures="0" errors="0" time="1.849">
    <testcase time="0.439999999999998" classname="coxt02" name="coxt02_can_handle_some_NA_values"/>
    <testcase time="0.104999999999997" classname="coxt02" name="coxt02_can_handle_some_NA_values"/>
    <testcase time="0.412000000000006" classname="coxt02" name="coxt02_can_handle_some_NA_values"/>
    <testcase time="0.116999999999997" classname="coxt02" name="coxt02_can_handle_some_NA_values"/>
    <testcase time="0.277999999999999" classname="coxt02" name="coxt02_can_handle_some_NA_values"/>
    <testcase time="0.0970000000000013" classname="coxt02" name="coxt02_can_handle_some_NA_values"/>
    <testcase time="0.286000000000001" classname="coxt02" name="coxt02_can_handle_some_NA_values"/>
    <testcase time="0.0989999999999966" classname="coxt02" name="coxt02_can_handle_some_NA_values"/>
    <testcase time="0.0150000000000006" classname="coxt02" name="coxt02_fails_on_incomlete_data"/>
  </testsuite>
  <testsuite name="default_tlg" timestamp="2026-01-14T14:35:03Z" hostname="8e06019c7a9b" tests="15" skipped="0" failures="0" errors="0" time="9.793">
    <testcase time="0.0990000000000038" classname="default_tlg" name="ael01_nollt_function_with_default_argument_value_return_expected_result_with_test_data"/>
    <testcase time="0.436999999999998" classname="default_tlg" name="aet01_function_with_default_argument_value_return_expected_result_with_test_data"/>
    <testcase time="0.363" classname="default_tlg" name="aet01_aesi_function_with_default_argument_value_return_expected_result_with_test_data"/>
    <testcase time="0.799999999999997" classname="default_tlg" name="aet02_functions_with_default_argument_value_return_expected_result_with_test_data"/>
    <testcase time="1.85700000000001" classname="default_tlg" name="aet03_functions_with_default_argument_value_return_expected_result_with_test_data"/>
    <testcase time="3.007" classname="default_tlg" name="aet04_functions_with_default_argument_value_return_expected_result_with_test_data"/>
    <testcase time="0.314" classname="default_tlg" name="aet05_functions_with_default_argument_value_return_expected_result_with_test_data"/>
    <testcase time="0.299999999999997" classname="default_tlg" name="aet05_all_functions_with_default_argument_value_return_expected_result_with_test_data"/>
    <testcase time="0.207999999999998" classname="default_tlg" name="aet10_functions_with_default_argument_value_return_expected_result_with_test_data"/>
    <testcase time="0.280999999999999" classname="default_tlg" name="cmt02_pt_functions_with_default_argument_value_return_expected_result_with_test_data"/>
    <testcase time="0.396000000000001" classname="default_tlg" name="coxt01_functions_with_default_argument_value_return_expected_result_with_test_data"/>
    <testcase time="0.554000000000002" classname="default_tlg" name="coxt02_functions_with_default_argument_value_return_expected_result_with_test_data"/>
    <testcase time="0.425999999999995" classname="default_tlg" name="dmt01_functions_with_default_argument_value_return_expected_result_with_test_data"/>
    <testcase time="0.532000000000004" classname="default_tlg" name="dst01_functions_with_default_argument_value_return_expected_result_with_test_data"/>
    <testcase time="0.219000000000001" classname="default_tlg" name="dtht01_functions_with_default_argument_value_return_expected_result_with_test_data"/>
  </testsuite>
  <testsuite name="dmt01" timestamp="2026-01-14T14:35:13Z" hostname="8e06019c7a9b" tests="19" skipped="0" failures="0" errors="0" time="2.782">
    <testcase time="0.210999999999999" classname="dmt01" name="dmt01_can_handle_NA_values"/>
    <testcase time="0.135999999999996" classname="dmt01" name="dmt01_can_handle_NA_values"/>
    <testcase time="0.243000000000009" classname="dmt01" name="dmt01_can_handle_numeric_NA_values"/>
    <testcase time="0.166999999999987" classname="dmt01" name="dmt01_can_handle_numeric_NA_values"/>
    <testcase time="0.0160000000000053" classname="dmt01" name="dmt01_returns_an_error_when_variables_are_of_the_wrong_type"/>
    <testcase time="0.159999999999997" classname="dmt01" name="dmt01_works_as_expected_with_setting_default_precision"/>
    <testcase time="0.147000000000006" classname="dmt01" name="dmt01_works_as_expected_with_setting_default_precision"/>
    <testcase time="0.176000000000002" classname="dmt01" name="dmt01_works_as_expected_with_auto_precision_settings"/>
    <testcase time="0.153999999999996" classname="dmt01" name="dmt01_works_as_expected_with_auto_precision_settings"/>
    <testcase time="0.171000000000006" classname="dmt01" name="dmt01_works_as_expected_with_auto_precision_settings_and_defined_precision"/>
    <testcase time="0.140000000000001" classname="dmt01" name="dmt01_works_as_expected_with_auto_precision_settings_and_defined_precision"/>
    <testcase time="0.158999999999992" classname="dmt01" name="dmt01_works_as_expected_with_auto_precision_settings_and_defined_precision_and_default"/>
    <testcase time="0.147000000000006" classname="dmt01" name="dmt01_works_as_expected_with_auto_precision_settings_and_defined_precision_and_default"/>
    <testcase time="0.149999999999991" classname="dmt01" name="dmt01_works_as_expected_with_cutomized_stats_value"/>
    <testcase time="0.13000000000001" classname="dmt01" name="dmt01_works_as_expected_with_cutomized_stats_value"/>
    <testcase time="0.159999999999997" classname="dmt01" name="dmt01_works_as_expected_with_empty_list_as_stats_value"/>
    <testcase time="0.149000000000001" classname="dmt01" name="dmt01_works_as_expected_with_empty_list_as_stats_value"/>
    <testcase time="0.0870000000000033" classname="dmt01" name="dmt01_works_as_expected_with_only_one_summaryvars"/>
    <testcase time="0.0789999999999935" classname="dmt01" name="dmt01_works_as_expected_with_only_one_summaryvars"/>
  </testsuite>
  <testsuite name="dst01" timestamp="2026-01-14T14:35:16Z" hostname="8e06019c7a9b" tests="14" skipped="0" failures="0" errors="0" time="1.889">
    <testcase time="0.147000000000006" classname="dst01" name="dst01_works_as_expected_when_all_data_are_NA"/>
    <testcase time="0.0360000000000014" classname="dst01" name="dst01_works_as_expected_when_all_data_are_NA"/>
    <testcase time="0.119" classname="dst01" name="dst01_can_handle_all_NA_values_in_DCSREAS"/>
    <testcase time="0.0609999999999928" classname="dst01" name="dst01_can_handle_all_NA_values_in_DCSREAS"/>
    <testcase time="0.174999999999997" classname="dst01" name="dst01_can_handle_some_NA_values"/>
    <testcase time="0.113" classname="dst01" name="dst01_can_handle_some_NA_values"/>
    <testcase time="0.146000000000001" classname="dst01" name="dst01_can_handle_missing_levels_in_status_var"/>
    <testcase time="0.0360000000000014" classname="dst01" name="dst01_can_handle_missing_levels_in_status_var"/>
    <testcase time="0.204000000000008" classname="dst01" name="dst01_can_create_variants"/>
    <testcase time="0.0969999999999942" classname="dst01" name="dst01_can_create_variants"/>
    <testcase time="0.254000000000005" classname="dst01" name="dst01_can_create_variants"/>
    <testcase time="0.10199999999999" classname="dst01" name="dst01_can_create_variants"/>
    <testcase time="0.282000000000011" classname="dst01" name="dst01_can_create_variants"/>
    <testcase time="0.11699999999999" classname="dst01" name="dst01_can_create_variants"/>
  </testsuite>
  <testsuite name="dtht01" timestamp="2026-01-14T14:35:18Z" hostname="8e06019c7a9b" tests="5" skipped="0" failures="0" errors="0" time="0.998">
    <testcase time="0.111000000000004" classname="dtht01" name="dtht01_can_handle_all_NA_values"/>
    <testcase time="0.0729999999999933" classname="dtht01" name="dtht01_can_handle_all_NA_values"/>
    <testcase time="0.256" classname="dtht01" name="dtht01_can_handle_some_NA_values"/>
    <testcase time="0.156000000000006" classname="dtht01" name="dtht01_can_handle_some_NA_values"/>
    <testcase time="0.402000000000001" classname="dtht01" name="dtht01_can_be_parametrize_as_expected"/>
  </testsuite>
  <testsuite name="egt01" timestamp="2026-01-14T14:35:19Z" hostname="8e06019c7a9b" tests="3" skipped="0" failures="0" errors="0" time="6.29">
    <testcase time="3.10899999999999" classname="egt01" name="egt01_functions_with_default_argument_value_return_expected_result_with_test_data"/>
    <testcase time="1.456" classname="egt01" name="egt01_can_handle_n_0_and_outputs_NE_instead_of_infs_and_NAs"/>
    <testcase time="1.72499999999999" classname="egt01" name="egt01_can_handle_n_0_and_outputs_NE_instead_of_infs_and_NAs"/>
  </testsuite>
  <testsuite name="egt02" timestamp="2026-01-14T14:35:25Z" hostname="8e06019c7a9b" tests="2" skipped="0" failures="0" errors="0" time="0.459">
    <testcase time="0.241" classname="egt02" name="egt02_1_functions_with_default_argument_value_return_expected_result_with_test_data"/>
    <testcase time="0.218000000000004" classname="egt02" name="egt02_2_functions_with_default_value_return_expected_result_with_test_data"/>
  </testsuite>
  <testsuite name="egt03" timestamp="2026-01-14T14:35:25Z" hostname="8e06019c7a9b" tests="5" skipped="0" failures="0" errors="0" time="2.829">
    <testcase time="1.39" classname="egt03" name="egt03_functions_with_default_argument_value_return_expected_result_with_test_data"/>
    <testcase time="0.0169999999999959" classname="egt03" name="egt03_errors_on_all_NA_values"/>
    <testcase time="0.594000000000008" classname="egt03" name="egt03_can_handle_some_NA_values"/>
    <testcase time="0.807000000000002" classname="egt03" name="egt03_can_handle_some_NA_values"/>
    <testcase time="0.0209999999999866" classname="egt03" name="egt03_fails_on_incomplete_data"/>
  </testsuite>
  <testsuite name="egt05_qtcat" timestamp="2026-01-14T14:35:28Z" hostname="8e06019c7a9b" tests="4" skipped="0" failures="0" errors="0" time="3.021">
    <testcase time="2.09500000000001" classname="egt05_qtcat" name="egt05_qtcat_functions_with_default_argument_value_return_expected_result_with_test_data"/>
    <testcase time="0.0180000000000007" classname="egt05_qtcat" name="egt05_qtcat_erros_on_all_NA_values"/>
    <testcase time="0.47999999999999" classname="egt05_qtcat" name="egt05_qtcat_can_handle_some_NA_values"/>
    <testcase time="0.427999999999997" classname="egt05_qtcat" name="egt05_qtcat_can_handle_some_NA_values"/>
  </testsuite>
  <testsuite name="empty_report" timestamp="2026-01-14T14:35:31Z" hostname="8e06019c7a9b" tests="25" skipped="0" failures="0" errors="0" time="3.273">
    <testcase time="0.117000000000004" classname="empty_report" name="tlg_functions_return_null_reports_when_domain_table_is_empty"/>
    <testcase time="0.329999999999998" classname="empty_report" name="tlg_functions_return_null_reports_when_domain_table_is_empty"/>
    <testcase time="0.219999999999999" classname="empty_report" name="tlg_functions_return_null_reports_when_domain_table_is_empty"/>
    <testcase time="0.108000000000004" classname="empty_report" name="tlg_functions_return_null_reports_when_domain_table_is_empty"/>
    <testcase time="0.128" classname="empty_report" name="tlg_functions_return_null_reports_when_domain_table_is_empty"/>
    <testcase time="0.070999999999998" classname="empty_report" name="tlg_functions_return_null_reports_when_domain_table_is_empty"/>
    <testcase time="0.119" classname="empty_report" name="tlg_functions_return_null_reports_when_domain_table_is_empty"/>
    <testcase time="0.177000000000007" classname="empty_report" name="tlg_functions_return_null_reports_when_domain_table_is_empty"/>
    <testcase time="0.200999999999993" classname="empty_report" name="tlg_functions_return_null_reports_when_domain_table_is_empty"/>
    <testcase time="0.0859999999999985" classname="empty_report" name="tlg_functions_return_null_reports_when_domain_table_is_empty"/>
    <testcase time="0.126000000000005" classname="empty_report" name="tlg_functions_return_null_reports_when_domain_table_is_empty"/>
    <testcase time="0.0559999999999974" classname="empty_report" name="tlg_functions_return_null_reports_when_domain_table_is_empty"/>
    <testcase time="0.0729999999999933" classname="empty_report" name="tlg_functions_return_null_reports_when_domain_table_is_empty"/>
    <testcase time="0.0790000000000077" classname="empty_report" name="tlg_functions_return_null_reports_when_domain_table_is_empty"/>
    <testcase time="0.0759999999999934" classname="empty_report" name="tlg_functions_return_null_reports_when_domain_table_is_empty"/>
    <testcase time="0.109999999999999" classname="empty_report" name="tlg_functions_return_null_reports_when_domain_table_is_empty"/>
    <testcase time="0.0910000000000082" classname="empty_report" name="tlg_functions_return_null_reports_when_domain_table_is_empty"/>
    <testcase time="0.129999999999995" classname="empty_report" name="tlg_functions_return_null_reports_when_domain_table_is_empty"/>
    <testcase time="0.385999999999996" classname="empty_report" name="tlg_functions_return_null_reports_when_domain_table_is_empty"/>
    <testcase time="0.103999999999999" classname="empty_report" name="tlg_functions_return_null_reports_when_domain_table_is_empty"/>
    <testcase time="0.120000000000005" classname="empty_report" name="tlg_functions_return_null_reports_when_domain_table_is_empty"/>
    <testcase time="0.0999999999999943" classname="empty_report" name="tlg_functions_return_null_reports_when_domain_table_is_empty"/>
    <testcase time="0.131" classname="empty_report" name="tlg_functions_return_null_reports_when_domain_table_is_empty"/>
    <testcase time="0.0580000000000069" classname="empty_report" name="tlg_functions_return_null_reports_when_domain_table_is_empty"/>
    <testcase time="0.0759999999999934" classname="empty_report" name="tlg_functions_return_null_reports_when_domain_table_is_empty"/>
  </testsuite>
  <testsuite name="ext01" timestamp="2026-01-14T14:35:35Z" hostname="8e06019c7a9b" tests="11" skipped="0" failures="0" errors="0" time="4.445">
    <testcase time="0.420000000000002" classname="ext01" name="ext01_functions_with_default_argument_value_return_expected_result_with_test_data"/>
    <testcase time="0.474000000000004" classname="ext01" name="ext01_functions_with_categorical_data_return_expected_result_with_test_data"/>
    <testcase time="0.269999999999996" classname="ext01" name="ext01_works"/>
    <testcase time="0.39500000000001" classname="ext01" name="ext01_works"/>
    <testcase time="0.216999999999999" classname="ext01" name="ext01_works"/>
    <testcase time="0.141999999999996" classname="ext01" name="ext01_works"/>
    <testcase time="0.406000000000006" classname="ext01" name="ext01_works_for_selected_parameters_and_categorical_variables"/>
    <testcase time="0.582999999999998" classname="ext01" name="ext01_works_with_custom_mapping_order"/>
    <testcase time="0.576999999999998" classname="ext01" name="ext01_works_with_custom_mapping_order_for_a_single_split"/>
    <testcase time="0.600999999999999" classname="ext01" name="ext01_works_with_custom_mapping_fill_in_value"/>
    <testcase time="0.359999999999999" classname="ext01" name="ext01_precision_argument_works_as_expected"/>
  </testsuite>
  <testsuite name="fstg01" timestamp="2026-01-14T14:35:39Z" hostname="8e06019c7a9b" tests="13" skipped="0" failures="0" errors="0" time="8.084">
    <testcase time="0.0139999999999958" classname="fstg01" name="fstg01_works_as_expected"/>
    <testcase time="1.53700000000001" classname="fstg01" name="fstg01_works_as_expected"/>
    <testcase time="0.00199999999999534" classname="fstg01" name="fstg01_works_as_expected"/>
    <testcase time="1.533" classname="fstg01" name="fstg01_works_as_expected_with_custom_color_set"/>
    <testcase time="0.00100000000000477" classname="fstg01" name="fstg01_works_as_expected_with_custom_color_set"/>
    <testcase time="1.512" classname="fstg01" name="fstg01_works_as_expected_with_custom_color_set"/>
    <testcase time="0.000999999999990564" classname="fstg01" name="fstg01_works_as_expected_with_custom_color_set"/>
    <testcase time="0.829000000000008" classname="fstg01" name="fstg01_works_if_changes_are_in_subgroups_conf_level_and_label_all"/>
    <testcase time="0.000999999999990564" classname="fstg01" name="fstg01_works_if_changes_are_in_subgroups_conf_level_and_label_all"/>
    <testcase time="1.08200000000001" classname="fstg01" name="fstg01_works_if_changes_are_in_subgroups_conf_level_and_label_all"/>
    <testcase time="0.00100000000000477" classname="fstg01" name="fstg01_works_if_changes_are_in_subgroups_conf_level_and_label_all"/>
    <testcase time="1.56899999999999" classname="fstg01" name="fstg01_can_handle_some_NA_values_in_subgroups"/>
    <testcase time="0.00200000000000955" classname="fstg01" name="fstg01_can_handle_some_NA_values_in_subgroups"/>
  </testsuite>
  <testsuite name="fstg02" timestamp="2026-01-14T14:35:47Z" hostname="8e06019c7a9b" tests="17" skipped="0" failures="0" errors="0" time="11.291">
    <testcase time="0.0139999999999958" classname="fstg02" name="fstg02_works_as_expected"/>
    <testcase time="1.51300000000001" classname="fstg02" name="fstg02_works_as_expected"/>
    <testcase time="0.00199999999999534" classname="fstg02" name="fstg02_works_as_expected"/>
    <testcase time="1.538" classname="fstg02" name="fstg02_works_as_expected_with_custom_color_set"/>
    <testcase time="0.00199999999999534" classname="fstg02" name="fstg02_works_as_expected_with_custom_color_set"/>
    <testcase time="1.55300000000001" classname="fstg02" name="fstg02_works_as_expected_with_custom_color_set"/>
    <testcase time="0.00199999999999534" classname="fstg02" name="fstg02_works_as_expected_with_custom_color_set"/>
    <testcase time="0.802999999999997" classname="fstg02" name="fstg02_works_if_changes_are_in_subgroups_strata_var_conf_level_and_label_all"/>
    <testcase time="0.00100000000000477" classname="fstg02" name="fstg02_works_if_changes_are_in_subgroups_strata_var_conf_level_and_label_all"/>
    <testcase time="1.10299999999999" classname="fstg02" name="fstg02_works_if_changes_are_in_subgroups_strata_var_conf_level_and_label_all"/>
    <testcase time="0.00200000000000955" classname="fstg02" name="fstg02_works_if_changes_are_in_subgroups_strata_var_conf_level_and_label_all"/>
    <testcase time="1.56699999999999" classname="fstg02" name="fstg02_can_handle_some_NA_values_in_subgroups"/>
    <testcase time="0.00100000000000477" classname="fstg02" name="fstg02_can_handle_some_NA_values_in_subgroups"/>
    <testcase time="1.786" classname="fstg02" name="fstg02_can_handle_customized_time_units"/>
    <testcase time="0.000999999999990564" classname="fstg02" name="fstg02_can_handle_customized_time_units"/>
    <testcase time="1.402" classname="fstg02" name="fstg02_can_handle_customized_time_units"/>
    <testcase time="0.00100000000000477" classname="fstg02" name="fstg02_can_handle_customized_time_units"/>
  </testsuite>
  <testsuite name="kmg01" timestamp="2026-01-14T14:35:58Z" hostname="8e06019c7a9b" tests="13" skipped="0" failures="0" errors="0" time="3.722">
    <testcase time="0.0139999999999958" classname="kmg01" name="kmg01_works_as_expected"/>
    <testcase time="0.629000000000005" classname="kmg01" name="kmg01_works_as_expected"/>
    <testcase time="0.00100000000000477" classname="kmg01" name="kmg01_works_as_expected"/>
    <testcase time="0.629999999999995" classname="kmg01" name="kmg01_works_as_expected_with_custom_color_set"/>
    <testcase time="0.000999999999990564" classname="kmg01" name="kmg01_works_as_expected_with_custom_color_set"/>
    <testcase time="0.665000000000006" classname="kmg01" name="kmg01_works_as_expected_with_custom_color_set"/>
    <testcase time="0.00100000000000477" classname="kmg01" name="kmg01_works_as_expected_with_custom_color_set"/>
    <testcase time="0.64500000000001" classname="kmg01" name="kmg01_works_if_change_pvalue_ties_and_conf_level"/>
    <testcase time="0.000999999999990564" classname="kmg01" name="kmg01_works_if_change_pvalue_ties_and_conf_level"/>
    <testcase time="0.672000000000011" classname="kmg01" name="kmg01_works_if_change_annotation_position"/>
    <testcase time="0.000999999999990564" classname="kmg01" name="kmg01_works_if_change_annotation_position"/>
    <testcase time="0.460000000000008" classname="kmg01" name="kmg01_works_for_stratified_analysis"/>
    <testcase time="0.00199999999999534" classname="kmg01" name="kmg01_works_for_stratified_analysis"/>
  </testsuite>
  <testsuite name="lbt01" timestamp="2026-01-14T14:36:02Z" hostname="8e06019c7a9b" tests="4" skipped="0" failures="0" errors="0" time="9.037">
    <testcase time="2.947" classname="lbt01" name="lbt01_functions_with_default_argument_value_return_expected_result_with_test_data"/>
    <testcase time="3.057" classname="lbt01" name="lbt01_functions_with_row_split_var_return_expected_result_with_test_data"/>
    <testcase time="1.21299999999999" classname="lbt01" name="lbt01_can_handle_n_0_and_outputs_NE_instead_of_infs_and_NAs"/>
    <testcase time="1.82000000000001" classname="lbt01" name="lbt01_can_handle_n_0_and_outputs_NE_instead_of_infs_and_NAs"/>
  </testsuite>
  <testsuite name="lbt04" timestamp="2026-01-14T14:36:11Z" hostname="8e06019c7a9b" tests="8" skipped="0" failures="0" errors="0" time="2.782">
    <testcase time="0.870999999999995" classname="lbt04" name="lbt04_functions_with_default_argument_value_return_expected_result_with_test_data"/>
    <testcase time="0.0859999999999985" classname="lbt04" name="lbt04_can_handle_all_NA_values"/>
    <testcase time="0.054000000000002" classname="lbt04" name="lbt04_can_handle_all_NA_values"/>
    <testcase time="0.355999999999995" classname="lbt04" name="lbt04_can_handle_missing_levels"/>
    <testcase time="0.51400000000001" classname="lbt04" name="lbt04_can_handle_missing_levels"/>
    <testcase time="0.370999999999995" classname="lbt04" name="lbt04_can_handle_some_NA_values"/>
    <testcase time="0.515000000000001" classname="lbt04" name="lbt04_can_handle_some_NA_values"/>
    <testcase time="0.0150000000000006" classname="lbt04" name="lbt04_fails_on_incomlete_data"/>
  </testsuite>
  <testsuite name="lbt05" timestamp="2026-01-14T14:36:14Z" hostname="8e06019c7a9b" tests="14" skipped="0" failures="0" errors="0" time="3.769">
    <testcase time="0.585999999999999" classname="lbt05" name="lbt05_functions_with_default_argument_value_return_expected_result_with_test_data"/>
    <testcase time="0.182000000000002" classname="lbt05" name="lbt05_functions_with_default_argument_value_return_expected_result_with_test_data"/>
    <testcase time="0.381999999999991" classname="lbt05" name="lbt05_give_all_0_count_if_ANRIND_are_all_missing"/>
    <testcase time="0.356999999999999" classname="lbt05" name="lbt05_can_handle_some_NA_values"/>
    <testcase time="0.439000000000007" classname="lbt05" name="lbt05_can_handle_some_NA_values"/>
    <testcase time="0.034000000000006" classname="lbt05" name="lbt05_fails_on_incomlete_data"/>
    <testcase time="0.303999999999988" classname="lbt05" name="lbt05_works_with_missing_levels"/>
    <testcase time="0.171000000000006" classname="lbt05" name="lbt05_works_with_missing_levels"/>
    <testcase time="0.256" classname="lbt05" name="map_argument_works_as_expected"/>
    <testcase time="0.137" classname="lbt05" name="map_argument_works_as_expected"/>
    <testcase time="0.304000000000002" classname="lbt05" name="incomplete_map_argument_works_as_expected"/>
    <testcase time="0.155000000000001" classname="lbt05" name="incomplete_map_argument_works_as_expected"/>
    <testcase time="0.308999999999997" classname="lbt05" name="prune_0_keeps_the_Any_Abnormaility_row"/>
    <testcase time="0.152999999999992" classname="lbt05" name="prune_0_keeps_the_Any_Abnormaility_row"/>
  </testsuite>
  <testsuite name="lbt06" timestamp="2026-01-14T14:36:18Z" hostname="8e06019c7a9b" tests="3" skipped="0" failures="0" errors="0" time="3.367">
    <testcase time="0.981999999999999" classname="lbt06" name="lbt06_gives_all_0_count_if_ANRIND_and_BNRIND_are_all_missing"/>
    <testcase time="2.35300000000001" classname="lbt06" name="lbt06_can_handle_some_NA_values"/>
    <testcase time="0.0319999999999823" classname="lbt06" name="lbt06_fails_on_incomplete_data"/>
  </testsuite>
  <testsuite name="lbt07" timestamp="2026-01-14T14:36:21Z" hostname="8e06019c7a9b" tests="4" skipped="0" failures="0" errors="0" time="1.302">
    <testcase time="0.637" classname="lbt07" name="lbt07_functions_with_default_argument_value_return_expected_result_with_test_data"/>
    <testcase time="0.39700000000002" classname="lbt07" name="lbt07_can_handle_some_NA_values"/>
    <testcase time="0.234999999999985" classname="lbt07" name="lbt07_can_handle_some_NA_values"/>
    <testcase time="0.0330000000000155" classname="lbt07" name="lbt07_fails_on_incomlete_data"/>
  </testsuite>
  <testsuite name="lbt14" timestamp="2026-01-14T14:36:22Z" hostname="8e06019c7a9b" tests="20" skipped="0" failures="0" errors="0" time="7.545">
    <testcase time="0.635999999999996" classname="lbt14" name="lbt14_functions_with_default_argument_value_return_expected_result_with_test_data"/>
    <testcase time="0.467999999999989" classname="lbt14" name="lbt14_functions_with_default_argument_value_return_expected_result_with_test_data_when_direction_high"/>
    <testcase time="0.548000000000002" classname="lbt14" name="lbt14_functions_with_gr_missing_excl_return_expected_result_with_test_data"/>
    <testcase time="0.538000000000011" classname="lbt14" name="lbt14_functions_with_gr_missing_gr_0_return_expected_result_with_test_data"/>
    <testcase time="0.394999999999982" classname="lbt14" name="lbt14_can_handle_all_NA_values"/>
    <testcase time="0.0960000000000036" classname="lbt14" name="lbt14_can_handle_all_NA_values"/>
    <testcase time="0.450000000000017" classname="lbt14" name="lbt14_can_handle_some_NA_values"/>
    <testcase time="0.213999999999999" classname="lbt14" name="lbt14_can_handle_some_NA_values"/>
    <testcase time="1.369" classname="lbt14" name="lbt14_can_accept_different_gr_missing"/>
    <testcase time="0.182999999999993" classname="lbt14" name="lbt14_can_accept_different_gr_missing"/>
    <testcase time="0.181999999999988" classname="lbt14" name="lbt14_can_accept_different_gr_missing"/>
    <testcase time="0.0220000000000198" classname="lbt14" name="lbt14_fails_on_incomlete_data"/>
    <testcase time="0.409999999999997" classname="lbt14" name="lbt14_can_handle_all_NA_values_with_direction_high"/>
    <testcase time="0.0919999999999845" classname="lbt14" name="lbt14_can_handle_all_NA_values_with_direction_high"/>
    <testcase time="0.424000000000007" classname="lbt14" name="lbt14_can_handle_some_NA_values_with_direction_high"/>
    <testcase time="0.123999999999995" classname="lbt14" name="lbt14_can_handle_some_NA_values_with_direction_high"/>
    <testcase time="1.18700000000001" classname="lbt14" name="lbt14_can_accept_different_gr_missing_with_direction_high"/>
    <testcase time="0.0859999999999843" classname="lbt14" name="lbt14_can_accept_different_gr_missing_with_direction_high"/>
    <testcase time="0.104000000000013" classname="lbt14" name="lbt14_can_accept_different_gr_missing_with_direction_high"/>
    <testcase time="0.0169999999999959" classname="lbt14" name="lbt14_fails_on_incomlete_data"/>
  </testsuite>
  <testsuite name="lbt15" timestamp="2026-01-14T14:36:30Z" hostname="8e06019c7a9b" tests="12" skipped="0" failures="0" errors="0" time="5.154">
    <testcase time="0.853000000000009" classname="lbt15" name="lbt15_functions_with_default_argument_value_return_expected_result_with_test_data"/>
    <testcase time="0.350999999999999" classname="lbt15" name="lbt15_can_handle_all_NA_values"/>
    <testcase time="0.507000000000005" classname="lbt15" name="lbt15_can_handle_all_NA_values"/>
    <testcase time="0.343999999999994" classname="lbt15" name="lbt15_can_handle_missing_levels"/>
    <testcase time="0.50200000000001" classname="lbt15" name="lbt15_can_handle_missing_levels"/>
    <testcase time="0.349999999999994" classname="lbt15" name="lbt15_can_handle_missing_levels_in_baseline"/>
    <testcase time="0.515999999999991" classname="lbt15" name="lbt15_can_handle_missing_levels_in_baseline"/>
    <testcase time="0.354000000000013" classname="lbt15" name="lbt15_can_handle_some_NA_values"/>
    <testcase time="0.504999999999995" classname="lbt15" name="lbt15_can_handle_some_NA_values"/>
    <testcase time="0.34699999999998" classname="lbt15" name="lbt15_can_handle_some_NA_values_in_baseline"/>
    <testcase time="0.509000000000015" classname="lbt15" name="lbt15_can_handle_some_NA_values_in_baseline"/>
    <testcase time="0.0159999999999911" classname="lbt15" name="lbt15_fails_on_incomlete_data"/>
  </testsuite>
  <testsuite name="mht01" timestamp="2026-01-14T14:36:35Z" hostname="8e06019c7a9b" tests="4" skipped="0" failures="0" errors="0" time="2.66">
    <testcase time="0.504000000000019" classname="mht01" name="mht01_functions_with_default_argument_value_return_expected_result_with_test_data"/>
    <testcase time="0.515999999999991" classname="mht01" name="mht01_works"/>
    <testcase time="0.526999999999987" classname="mht01" name="mht01_works_on_NULL_in_lbl_mhbodsys_or_lbl_mhdecod"/>
    <testcase time="1.113" classname="mht01" name="mht01_works_with_other_row_split_var"/>
  </testsuite>
  <testsuite name="mng01" timestamp="2026-01-14T14:36:38Z" hostname="8e06019c7a9b" tests="19" skipped="8" failures="0" errors="0" time="13.866">
    <testcase time="1.42400000000001" classname="mng01" name="mng01_works_as_expected_with_default_argument_values"/>
    <testcase time="0.00200000000000955" classname="mng01" name="mng01_works_as_expected_with_default_argument_values">
      <skipped message="Reason: On CI ('test-mng01.R:9:5')"/>
    </testcase>
    <testcase time="1.42099999999999" classname="mng01" name="mng01_works_as_expected_with_custom_argument_values"/>
    <testcase time="0.0409999999999968" classname="mng01" name="mng01_works_as_expected_with_custom_argument_values"/>
    <testcase time="0.00100000000000477" classname="mng01" name="mng01_works_as_expected_with_custom_argument_values">
      <skipped message="Reason: On CI ('test-mng01.R:45:5')"/>
    </testcase>
    <testcase time="1.47200000000001" classname="mng01" name="mng01_works_as_expected_with_custom_color_set"/>
    <testcase time="1.46099999999998" classname="mng01" name="mng01_works_as_expected_with_custom_color_set"/>
    <testcase time="0.00100000000000477" classname="mng01" name="mng01_works_as_expected_with_custom_color_set">
      <skipped message="Reason: On CI ('test-mng01.R:69:5')"/>
    </testcase>
    <testcase time="1.548" classname="mng01" name="mng01_works_as_expected_with_custom_line_type_set"/>
    <testcase time="1.517" classname="mng01" name="mng01_works_as_expected_with_custom_line_type_set"/>
    <testcase time="0.00100000000000477" classname="mng01" name="mng01_works_as_expected_with_custom_line_type_set">
      <skipped message="Reason: On CI ('test-mng01.R:91:5')"/>
    </testcase>
    <testcase time="0.204000000000008" classname="mng01" name="mng01_works_with_table_NULL"/>
    <testcase time="0.00100000000000477" classname="mng01" name="mng01_works_with_table_NULL">
      <skipped message="Reason: On CI ('test-mng01.R:104:5')"/>
    </testcase>
    <testcase time="1.60399999999998" classname="mng01" name="mng01_works_with_combination_of_x_variables"/>
    <testcase time="0.00100000000000477" classname="mng01" name="mng01_works_with_combination_of_x_variables">
      <skipped message="Reason: On CI ('test-mng01.R:122:5')"/>
    </testcase>
    <testcase time="1.535" classname="mng01" name="mng01_works_with_numeric_x_variable"/>
    <testcase time="0.00200000000000955" classname="mng01" name="mng01_works_with_numeric_x_variable">
      <skipped message="Reason: On CI ('test-mng01.R:143:5')"/>
    </testcase>
    <testcase time="1.62799999999999" classname="mng01" name="mng01_works_with_numeric_jitter"/>
    <testcase time="0.00200000000000955" classname="mng01" name="mng01_works_with_numeric_jitter">
      <skipped message="Reason: On CI ('test-mng01.R:161:5')"/>
    </testcase>
  </testsuite>
  <testsuite name="pdt01" timestamp="2026-01-14T14:36:52Z" hostname="8e06019c7a9b" tests="5" skipped="0" failures="0" errors="0" time="0.929">
    <testcase time="0.371000000000009" classname="pdt01" name="pdt01_function_with_default_argument_value_return_expected_result_with_test_data"/>
    <testcase time="0.113" classname="pdt01" name="pdt01_can_handle_all_NA_values"/>
    <testcase time="0.0889999999999986" classname="pdt01" name="pdt01_can_handle_all_NA_values"/>
    <testcase time="0.226999999999975" classname="pdt01" name="pdt01_can_handle_some_NA_values"/>
    <testcase time="0.129000000000019" classname="pdt01" name="pdt01_can_handle_some_NA_values"/>
  </testsuite>
  <testsuite name="pdt02" timestamp="2026-01-14T14:36:52Z" hostname="8e06019c7a9b" tests="5" skipped="0" failures="0" errors="0" time="0.775">
    <testcase time="0.260999999999996" classname="pdt02" name="pdt02_function_with_default_argument_value_return_expected_result_with_test_data"/>
    <testcase time="0.150000000000006" classname="pdt02" name="pdt02_can_handle_all_NA_values"/>
    <testcase time="0.0999999999999943" classname="pdt02" name="pdt02_can_handle_all_NA_values"/>
    <testcase time="0.155000000000001" classname="pdt02" name="pdt02_can_handle_some_NA_values"/>
    <testcase time="0.109000000000009" classname="pdt02" name="pdt02_can_handle_some_NA_values"/>
  </testsuite>
  <testsuite name="reexports" timestamp="2026-01-14T14:36:53Z" hostname="8e06019c7a9b" tests="2" skipped="0" failures="0" errors="0" time="0.018">
    <testcase time="0.0120000000000005" classname="reexports" name="with_label_exported_correctly"/>
    <testcase time="0.00600000000000023" classname="reexports" name="reformat_exported_correctly"/>
  </testsuite>
  <testsuite name="report_null" timestamp="2026-01-14T14:36:53Z" hostname="8e06019c7a9b" tests="12" skipped="0" failures="0" errors="0" time="0.19">
    <testcase time="0.0180000000000007" classname="report_null" name="report_null_works_as_expected_with_NULL_"/>
    <testcase time="0.0120000000000005" classname="report_null" name="report_null_works_as_expected_with_NULL_"/>
    <testcase time="0.032999999999987" classname="report_null" name="report_null_works_as_expected_with_VTableTree_"/>
    <testcase time="0.0229999999999961" classname="report_null" name="report_null_works_as_expected_with_VTableTree_"/>
    <testcase time="0.0159999999999911" classname="report_null" name="report_null_works_as_expected_with_VTableTree_"/>
    <testcase time="0.0120000000000005" classname="report_null" name="report_null_works_as_expected_with_listing_df_"/>
    <testcase time="0.0169999999999959" classname="report_null" name="report_null_works_as_expected_with_listing_df_"/>
    <testcase time="0.0150000000000148" classname="report_null" name="report_null_works_as_expected_with_listing_df_"/>
    <testcase time="0.0120000000000005" classname="report_null" name="report_null_works_as_expected_with_list_"/>
    <testcase time="0.0240000000000009" classname="report_null" name="report_null_works_as_expected_with_list_"/>
    <testcase time="0.00600000000000023" classname="report_null" name="report_null_works_as_expected_with_by_default"/>
    <testcase time="0.00199999999998113" classname="report_null" name="report_null_works_as_expected_with_by_default"/>
  </testsuite>
  <testsuite name="rmpt01" timestamp="2026-01-14T14:36:53Z" hostname="8e06019c7a9b" tests="11" skipped="0" failures="0" errors="0" time="1.133">
    <testcase time="0.154000000000025" classname="rmpt01" name="rmpt01_function_with_default_argument_value_return_expected_result_with_test_data"/>
    <testcase time="0.0679999999999836" classname="rmpt01" name="rmpt01_can_handle_NA_values"/>
    <testcase time="0.0930000000000177" classname="rmpt01" name="rmpt01_can_handle_NA_values"/>
    <testcase time="0.167999999999978" classname="rmpt01" name="rmpt01_can_handle_NA_values"/>
    <testcase time="0.126000000000005" classname="rmpt01" name="rmpt01_can_handle_NA_values"/>
    <testcase time="0.0829999999999984" classname="rmpt01" name="rmpt01_can_handle_some_NA_values"/>
    <testcase time="0.0620000000000118" classname="rmpt01" name="rmpt01_can_handle_some_NA_values"/>
    <testcase time="0.165999999999997" classname="rmpt01" name="rmpt01_can_handle_some_NA_values"/>
    <testcase time="0.137" classname="rmpt01" name="rmpt01_can_handle_some_NA_values"/>
    <testcase time="0.032999999999987" classname="rmpt01" name="rmpt01_fails_on_incomlete_data"/>
    <testcase time="0.0430000000000064" classname="rmpt01" name="rmpt01_fails_on_incomlete_data"/>
  </testsuite>
  <testsuite name="rmpt03" timestamp="2026-01-14T14:36:55Z" hostname="8e06019c7a9b" tests="12" skipped="0" failures="0" errors="0" time="1.668">
    <testcase time="0.253000000000014" classname="rmpt03" name="rmpt03_function_with_default_argument_value_return_expected_result_with_test_data"/>
    <testcase time="0.145999999999987" classname="rmpt03" name="rmpt03_can_handle_NA_values"/>
    <testcase time="0.110000000000014" classname="rmpt03" name="rmpt03_can_handle_NA_values"/>
    <testcase time="0.239999999999981" classname="rmpt03" name="rmpt03_can_handle_NA_values"/>
    <testcase time="0.158000000000015" classname="rmpt03" name="rmpt03_can_handle_NA_values"/>
    <testcase time="0.149000000000001" classname="rmpt03" name="rmpt03_can_handle_some_NA_values"/>
    <testcase time="0.11099999999999" classname="rmpt03" name="rmpt03_can_handle_some_NA_values"/>
    <testcase time="0.241000000000014" classname="rmpt03" name="rmpt03_can_handle_some_NA_values"/>
    <testcase time="0.157999999999987" classname="rmpt03" name="rmpt03_can_handle_some_NA_values"/>
    <testcase time="0.0360000000000014" classname="rmpt03" name="rmpt03_fails_on_incomlete_data"/>
    <testcase time="0.0430000000000064" classname="rmpt03" name="rmpt03_fails_on_incomlete_data"/>
    <testcase time="0.0229999999999961" classname="rmpt03" name="rmpt03_fails_on_incomlete_data"/>
  </testsuite>
  <testsuite name="rmpt04" timestamp="2026-01-14T14:36:56Z" hostname="8e06019c7a9b" tests="10" skipped="0" failures="0" errors="0" time="0.769">
    <testcase time="0.139999999999986" classname="rmpt04" name="rmpt04_function_with_default_argument_value_return_expected_result_with_test_data"/>
    <testcase time="0.0760000000000218" classname="rmpt04" name="rmpt04_can_handle_NA_values"/>
    <testcase time="0.0579999999999927" classname="rmpt04" name="rmpt04_can_handle_NA_values"/>
    <testcase time="0.0819999999999936" classname="rmpt04" name="rmpt04_can_handle_NA_values"/>
    <testcase time="0.0589999999999975" classname="rmpt04" name="rmpt04_can_handle_NA_values"/>
    <testcase time="0.0819999999999936" classname="rmpt04" name="rmpt04_can_handle_some_NA_values"/>
    <testcase time="0.0640000000000214" classname="rmpt04" name="rmpt04_can_handle_some_NA_values"/>
    <testcase time="0.0749999999999886" classname="rmpt04" name="rmpt04_can_handle_some_NA_values"/>
    <testcase time="0.0749999999999886" classname="rmpt04" name="rmpt04_can_handle_some_NA_values"/>
    <testcase time="0.0580000000000211" classname="rmpt04" name="rmpt04_fails_on_incomlete_data"/>
  </testsuite>
  <testsuite name="rmpt05" timestamp="2026-01-14T14:36:57Z" hostname="8e06019c7a9b" tests="10" skipped="0" failures="0" errors="0" time="0.968">
    <testcase time="0.155000000000001" classname="rmpt05" name="rmpt05_function_with_default_argument_value_return_expected_result_with_test_data"/>
    <testcase time="0.318999999999988" classname="rmpt05" name="rmpt05_can_handle_NA_values"/>
    <testcase time="0.0579999999999927" classname="rmpt05" name="rmpt05_can_handle_NA_values"/>
    <testcase time="0.0620000000000118" classname="rmpt05" name="rmpt05_can_handle_NA_values"/>
    <testcase time="0.061000000000007" classname="rmpt05" name="rmpt05_can_handle_NA_values"/>
    <testcase time="0.0649999999999977" classname="rmpt05" name="rmpt05_can_handle_some_NA_values"/>
    <testcase time="0.0629999999999882" classname="rmpt05" name="rmpt05_can_handle_some_NA_values"/>
    <testcase time="0.063999999999993" classname="rmpt05" name="rmpt05_can_handle_some_NA_values"/>
    <testcase time="0.0620000000000118" classname="rmpt05" name="rmpt05_can_handle_some_NA_values"/>
    <testcase time="0.0589999999999975" classname="rmpt05" name="rmpt05_fails_on_incomlete_data"/>
  </testsuite>
  <testsuite name="rmpt06" timestamp="2026-01-14T14:36:58Z" hostname="8e06019c7a9b" tests="6" skipped="0" failures="0" errors="0" time="1.417">
    <testcase time="0.37299999999999" classname="rmpt06" name="rmpt06_works_as_expected"/>
    <testcase time="0.405000000000001" classname="rmpt06" name="rmpt06_works_as_expected_with_show_diff_TRUE"/>
    <testcase time="0.229000000000013" classname="rmpt06" name="rmpt06_can_handle_all_NA_values"/>
    <testcase time="0.123999999999995" classname="rmpt06" name="rmpt06_can_handle_all_NA_values"/>
    <testcase time="0.221000000000004" classname="rmpt06" name="rmpt06_can_handle_all_NA_values"/>
    <testcase time="0.0649999999999977" classname="rmpt06" name="rmpt06_can_handle_all_NA_values"/>
  </testsuite>
  <testsuite name="rspt01" timestamp="2026-01-14T14:36:59Z" hostname="8e06019c7a9b" tests="27" skipped="0" failures="0" errors="0" time="5.442">
    <testcase time="0.0169999999999959" classname="rspt01" name="rspt01_works_as_expected"/>
    <testcase time="0.283999999999992" classname="rspt01" name="rspt01_works_as_expected"/>
    <testcase time="0.110000000000014" classname="rspt01" name="rspt01_works_as_expected"/>
    <testcase time="0.292000000000002" classname="rspt01" name="rspt01_works_as_expected_for_stratified_and_unstratified_analysis"/>
    <testcase time="0.12299999999999" classname="rspt01" name="rspt01_works_as_expected_for_stratified_and_unstratified_analysis"/>
    <testcase time="0.334000000000003" classname="rspt01" name="rspt01_works_as_expected_for_stratified_and_unstratified_analysis"/>
    <testcase time="0.134999999999991" classname="rspt01" name="rspt01_works_as_expected_for_stratified_and_unstratified_analysis"/>
    <testcase time="0.26600000000002" classname="rspt01" name="rspt01_works_as_expected_for_unstratified_analysis_only"/>
    <testcase time="0.11099999999999" classname="rspt01" name="rspt01_works_as_expected_for_unstratified_analysis_only"/>
    <testcase time="0.269000000000005" classname="rspt01" name="rspt01_works_as_expected_for_unstratified_analysis_only"/>
    <testcase time="0.10899999999998" classname="rspt01" name="rspt01_works_as_expected_for_unstratified_analysis_only"/>
    <testcase time="0.259000000000015" classname="rspt01" name="rspt01_works_as_expected_for_stratified_analysis_only"/>
    <testcase time="0.113" classname="rspt01" name="rspt01_works_as_expected_for_stratified_analysis_only"/>
    <testcase time="0.265999999999991" classname="rspt01" name="rspt01_works_as_expected_for_stratified_analysis_only"/>
    <testcase time="0.117999999999995" classname="rspt01" name="rspt01_works_as_expected_for_stratified_analysis_only"/>
    <testcase time="0.277000000000015" classname="rspt01" name="rspt01_works_if_change_reference_group"/>
    <testcase time="0.109000000000009" classname="rspt01" name="rspt01_works_if_change_reference_group"/>
    <testcase time="0.34699999999998" classname="rspt01" name="rspt01_works_if_change_reference_group"/>
    <testcase time="0.129000000000019" classname="rspt01" name="rspt01_works_if_change_reference_group"/>
    <testcase time="0.280000000000001" classname="rspt01" name="rspt01_works_if_change_statistic_methods"/>
    <testcase time="0.11699999999999" classname="rspt01" name="rspt01_works_if_change_statistic_methods"/>
    <testcase time="0.337999999999994" classname="rspt01" name="rspt01_works_if_change_statistic_methods"/>
    <testcase time="0.158000000000015" classname="rspt01" name="rspt01_works_if_change_statistic_methods"/>
    <testcase time="0.284999999999997" classname="rspt01" name="rspt01_works_if_change_confidence_interval"/>
    <testcase time="0.10899999999998" classname="rspt01" name="rspt01_works_if_change_confidence_interval"/>
    <testcase time="0.354000000000013" classname="rspt01" name="rspt01_works_if_change_confidence_interval"/>
    <testcase time="0.13300000000001" classname="rspt01" name="rspt01_works_if_change_confidence_interval"/>
  </testsuite>
  <testsuite name="ttet01" timestamp="2026-01-14T14:37:05Z" hostname="8e06019c7a9b" tests="16" skipped="0" failures="0" errors="0" time="4.01">
    <testcase time="0.0180000000000007" classname="ttet01" name="ttet01_works_as_expected"/>
    <testcase time="0.415999999999997" classname="ttet01" name="ttet01_works_as_expected"/>
    <testcase time="0.22999999999999" classname="ttet01" name="ttet01_works_as_expected"/>
    <testcase time="0.0190000000000055" classname="ttet01" name="ttet01_returns_an_error_when_one_level_or_arm_var_is_empty"/>
    <testcase time="0.325999999999993" classname="ttet01" name="ttet01_works_as_expected_for_stratified_and_unstratified_analysis"/>
    <testcase time="0.163000000000011" classname="ttet01" name="ttet01_works_as_expected_for_stratified_and_unstratified_analysis"/>
    <testcase time="0.423000000000002" classname="ttet01" name="ttet01_works_as_expected_for_stratified_and_unstratified_analysis"/>
    <testcase time="0.203000000000003" classname="ttet01" name="ttet01_works_as_expected_for_stratified_and_unstratified_analysis"/>
    <testcase time="0.333999999999975" classname="ttet01" name="ttet01_works_as_expected_for_stratified_analysis_only"/>
    <testcase time="0.163000000000011" classname="ttet01" name="ttet01_works_as_expected_for_stratified_analysis_only"/>
    <testcase time="0.387" classname="ttet01" name="ttet01_works_as_expected_for_stratified_analysis_only"/>
    <testcase time="0.191000000000003" classname="ttet01" name="ttet01_works_as_expected_for_stratified_analysis_only"/>
    <testcase time="0.334000000000003" classname="ttet01" name="ttet01_works_if_change_reference_group"/>
    <testcase time="0.164999999999992" classname="ttet01" name="ttet01_works_if_change_reference_group"/>
    <testcase time="0.420999999999992" classname="ttet01" name="ttet01_works_if_change_reference_group"/>
    <testcase time="0.217000000000013" classname="ttet01" name="ttet01_works_if_change_reference_group"/>
  </testsuite>
  <testsuite name="unwrap" timestamp="2026-01-14T14:37:09Z" hostname="8e06019c7a9b" tests="12" skipped="0" failures="0" errors="0" time="0.103">
    <testcase time="0.0149999999999864" classname="unwrap" name="unwrap_layout_works_as_expected_with_standard_chevron_t_main_function"/>
    <testcase time="0.00100000000000477" classname="unwrap" name="unwrap_layout_works_as_expected_with_standard_chevron_t_main_function"/>
    <testcase time="0.00200000000000955" classname="unwrap" name="unwrap_layout_works_as_expected_with_standard_chevron_t_main_function"/>
    <testcase time="0.0109999999999957" classname="unwrap" name="unwrap_layout_works_as_expected_with_standard_chevron_t_main_function"/>
    <testcase time="0.0120000000000005" classname="unwrap" name="unwrap_layout_works_as_expected_with_standard_chevron_g_main_function"/>
    <testcase time="0.007000000000005" classname="unwrap" name="unwrap_layout_works_as_expected_with_standard_chevron_l_main_function"/>
    <testcase time="0.007000000000005" classname="unwrap" name="unwrap_layout_works_as_expected_with_a_custom_function_without_layout_function"/>
    <testcase time="0.0159999999999911" classname="unwrap" name="unwrap_layout_works_as_expected_with_a_custom_function_with_layout_function"/>
    <testcase time="0.00100000000000477" classname="unwrap" name="unwrap_layout_works_as_expected_with_a_custom_function_with_layout_function"/>
    <testcase time="0.0149999999999864" classname="unwrap" name="unwrap_layout_works_as_expected_with_multiple_layout_function"/>
    <testcase time="0.0150000000000148" classname="unwrap" name="unwrap_layout_works_as_expected_on_custom_function_with_overwritten_layout_function"/>
    <testcase time="0.000999999999976353" classname="unwrap" name="unwrap_layout_works_as_expected_on_custom_function_with_overwritten_layout_function"/>
  </testsuite>
  <testsuite name="utils" timestamp="2026-01-14T14:37:09Z" hostname="8e06019c7a9b" tests="81" skipped="0" failures="0" errors="0" time="3.667">
    <testcase time="0.0100000000000193" classname="utils" name="h_format_dec_works_as_exected"/>
    <testcase time="0.0029999999999859" classname="utils" name="h_format_dec_works_as_exected"/>
    <testcase time="0.00200000000000955" classname="utils" name="h_format_dec_works_as_exected"/>
    <testcase time="0.00200000000000955" classname="utils" name="h_format_dec_works_as_exected"/>
    <testcase time="0.00199999999998113" classname="utils" name="h_format_dec_works_as_exected"/>
    <testcase time="0.00300000000001432" classname="utils" name="h_format_dec_works_as_exected"/>
    <testcase time="0.00100000000000477" classname="utils" name="h_format_dec_works_as_exected"/>
    <testcase time="0.0029999999999859" classname="utils" name="h_format_dec_works_as_exected"/>
    <testcase time="0.00200000000000955" classname="utils" name="h_format_dec_works_as_exected"/>
    <testcase time="0.00199999999998113" classname="utils" name="h_format_dec_works_as_exected"/>
    <testcase time="0.00200000000000955" classname="utils" name="h_format_dec_works_as_exected"/>
    <testcase time="0.00300000000001432" classname="utils" name="h_format_dec_works_as_exected"/>
    <testcase time="0.00600000000000023" classname="utils" name="h_format_dec_works_as_expected_with_more_than_one_value"/>
    <testcase time="0.0029999999999859" classname="utils" name="h_format_dec_works_as_expected_with_more_than_one_value"/>
    <testcase time="0.00499999999999545" classname="utils" name="h_format_dec_works_as_expected_with_NA_digits"/>
    <testcase time="0.00600000000000023" classname="utils" name="fuse_sequentially_works"/>
    <testcase time="0.00300000000001432" classname="utils" name="fuse_sequentially_works"/>
    <testcase time="0.0169999999999959" classname="utils" name="ifneeded_split_row_works_as_expected"/>
    <testcase time="0.00800000000000978" classname="utils" name="ifneeded_split_row_works_as_expected"/>
    <testcase time="0.0649999999999977" classname="utils" name="_unnamed_"/>
    <testcase time="0.0500000000000114" classname="utils" name="_unnamed_"/>
    <testcase time="0.054000000000002" classname="utils" name="_unnamed_"/>
    <testcase time="0.0409999999999968" classname="utils" name="_unnamed_"/>
    <testcase time="0.00300000000001432" classname="utils" name="droplevels.character_works_as_expected"/>
    <testcase time="0.0029999999999859" classname="utils" name="droplevels.character_works_as_expected"/>
    <testcase time="0.00399999999999068" classname="utils" name="lvls.character_works_as_expected"/>
    <testcase time="0.00300000000001432" classname="utils" name="lvls.character_works_as_expected"/>
    <testcase time="0.00499999999999545" classname="utils" name="lvls.factor_works_as_expected"/>
    <testcase time="0.00300000000001432" classname="utils" name="lvls.factor_works_as_expected"/>
    <testcase time="0.00499999999999545" classname="utils" name="lvls.default_works_as_expected"/>
    <testcase time="0.00199999999998113" classname="utils" name="lvls.default_works_as_expected"/>
    <testcase time="0.00500000000002387" classname="utils" name="quote_str_works_as_expected"/>
    <testcase time="0.0029999999999859" classname="utils" name="quote_str_works_as_expected"/>
    <testcase time="0.00499999999999545" classname="utils" name="quote_str_works_as_expected"/>
    <testcase time="0.00499999999999545" classname="utils" name="modify_default_args_works_as_expected"/>
    <testcase time="0.00300000000001432" classname="utils" name="modify_default_args_works_as_expected"/>
    <testcase time="0.00399999999999068" classname="utils" name="execute_with_args_works_as_expected"/>
    <testcase time="0.00300000000001432" classname="utils" name="execute_with_args_works_as_expected"/>
    <testcase time="0.00199999999998113" classname="utils" name="execute_with_args_works_as_expected"/>
    <testcase time="0.00300000000001432" classname="utils" name="execute_with_args_works_as_expected"/>
    <testcase time="0.00200000000000955" classname="utils" name="execute_with_args_works_as_expected"/>
    <testcase time="0.0029999999999859" classname="utils" name="execute_with_args_works_as_expected"/>
    <testcase time="0.00100000000000477" classname="utils" name="execute_with_args_works_as_expected"/>
    <testcase time="0.0029999999999859" classname="utils" name="execute_with_args_works_as_expected"/>
    <testcase time="0.00200000000000955" classname="utils" name="execute_with_args_works_as_expected"/>
    <testcase time="0.0029999999999859" classname="utils" name="execute_with_args_works_as_expected"/>
    <testcase time="0.00100000000000477" classname="utils" name="execute_with_args_works_as_expected"/>
    <testcase time="0.00200000000000955" classname="utils" name="execute_with_args_works_as_expected"/>
    <testcase time="0.00600000000000023" classname="utils" name="do_call_work_as_expected"/>
    <testcase time="0.0029999999999859" classname="utils" name="do_call_work_as_expected"/>
    <testcase time="0.00800000000000978" classname="utils" name="do_call_errors_as_expected"/>
    <testcase time="0.00499999999999545" classname="utils" name="do_call_errors_as_expected"/>
    <testcase time="0.00600000000000023" classname="utils" name="convert_to_month_work_as_expected"/>
    <testcase time="0.00300000000001432" classname="utils" name="convert_to_month_work_as_expected"/>
    <testcase time="0.00199999999998113" classname="utils" name="convert_to_month_work_as_expected"/>
    <testcase time="0.00300000000001432" classname="utils" name="convert_to_month_work_as_expected"/>
    <testcase time="0.00199999999998113" classname="utils" name="convert_to_month_work_as_expected"/>
    <testcase time="0.00300000000001432" classname="utils" name="convert_to_month_work_as_expected"/>
    <testcase time="0.00899999999998613" classname="utils" name="convert_to_month_warning_messages_as_expected"/>
    <testcase time="0.0520000000000209" classname="utils" name="gg_theme_chevron_works_as_expected"/>
    <testcase time="0.00100000000000477" classname="utils" name="gg_theme_chevron_works_as_expected"/>
    <testcase time="0.00399999999999068" classname="utils" name="gg_theme_chevron_works_as_expected"/>
    <testcase time="0.0319999999999823" classname="utils" name="gg_theme_chevron_works_as_expected"/>
    <testcase time="0.00200000000000955" classname="utils" name="gg_theme_chevron_works_as_expected"/>
    <testcase time="0.00200000000000955" classname="utils" name="gg_theme_chevron_works_as_expected"/>
    <testcase time="0.007000000000005" classname="utils" name="modify_character_works"/>
    <testcase time="0.0029999999999859" classname="utils" name="modify_character_works"/>
    <testcase time="0.00600000000000023" classname="utils" name="expand_list_works"/>
    <testcase time="0.00300000000001432" classname="utils" name="expand_list_works"/>
    <testcase time="0.00499999999999545" classname="utils" name="set_section_div_works"/>
    <testcase time="0.00499999999999545" classname="utils" name="set_section_div_works"/>
    <testcase time="0.00499999999999545" classname="utils" name="set_section_div_works"/>
    <testcase time="0.00300000000001432" classname="utils" name="set_section_div_works"/>
    <testcase time="0.00600000000000023" classname="utils" name="get_section_div_works"/>
    <testcase time="0.0029999999999859" classname="utils" name="get_section_div_works"/>
    <testcase time="1.53100000000001" classname="utils" name="grob_list_is_deprecated"/>
    <testcase time="1.55500000000001" classname="utils" name="gg_list_is_deprecated"/>
    <testcase time="0.00699999999997658" classname="utils" name="format_date_works_as_expected_for_POSIXct"/>
    <testcase time="0.0040000000000191" classname="utils" name="format_date_works_as_expected_for_POSIXct"/>
    <testcase time="0.00600000000000023" classname="utils" name="format_date_works_as_expected_for_Date"/>
    <testcase time="0.00399999999999068" classname="utils" name="format_date_works_as_expected_for_Date"/>
  </testsuite>
  <testsuite name="vst01" timestamp="2026-01-14T14:37:13Z" hostname="8e06019c7a9b" tests="3" skipped="0" failures="0" errors="0" time="4.633">
    <testcase time="2.30700000000002" classname="vst01" name="vst01_functions_with_default_argument_value_return_expected_result_with_test_data"/>
    <testcase time="0.943999999999988" classname="vst01" name="run_vst01_works_as_expected"/>
    <testcase time="1.38200000000001" classname="vst01" name="run_vst01_works_as_expected"/>
  </testsuite>
  <testsuite name="vst02" timestamp="2026-01-14T14:37:17Z" hostname="8e06019c7a9b" tests="2" skipped="0" failures="0" errors="0" time="0.94">
    <testcase time="0.356999999999999" classname="vst02" name="vst02_functions_with_default_argument_value_return_expected_result_with_test_data"/>
    <testcase time="0.582999999999998" classname="vst02" name="vst02_functions_return_expected_result_with_test_data_when_excluding_subject_with_baseline_abnormality"/>
  </testsuite>
</testsuites>
