<?xml version="1.0" encoding="UTF-8"?>
<testsuites>
  <testsuite name="ael01_nollt" timestamp="2023-05-18T13:07:25Z" hostname="91a57d9133d2" tests="8" skipped="4" failures="0" errors="0" time="1.996">
    <testcase time="1.163" classname="ael01_nollt" name="ael01_nollt_works_with_admh_dataset"/>
    <testcase time="0.302" classname="ael01_nollt" name="ael01_nollt_works_with_admh_dataset">
      <skipped message="Reason: On CRAN ('test-ael01_nollt.R:7:3')"/>
    </testcase>
    <testcase time="0.0699999999999994" classname="ael01_nollt" name="ael01_nollt_works_with_non_default_label"/>
    <testcase time="0.179" classname="ael01_nollt" name="ael01_nollt_works_with_non_default_label">
      <skipped message="Reason: On CRAN ('test-ael01_nollt.R:19:3')"/>
    </testcase>
    <testcase time="0.0570000000000004" classname="ael01_nollt" name="ael01_nollt_can_handle_all_missing_values"/>
    <testcase time="0.0629999999999997" classname="ael01_nollt" name="ael01_nollt_can_handle_all_missing_values">
      <skipped message="Reason: On CRAN ('test-ael01_nollt.R:32:3')"/>
    </testcase>
    <testcase time="0.0430000000000001" classname="ael01_nollt" name="ael01_nollt_can_handle_some_missing_values"/>
    <testcase time="0.119" classname="ael01_nollt" name="ael01_nollt_can_handle_some_missing_values">
      <skipped message="Reason: On CRAN ('test-ael01_nollt.R:47:3')"/>
    </testcase>
  </testsuite>
  <testsuite name="aet01" timestamp="2023-05-18T13:07:27Z" hostname="91a57d9133d2" tests="9" skipped="4" failures="0" errors="0" time="2.926">
    <testcase time="0.576000000000001" classname="aet01" name="aet01_can_handle_all_NA_values"/>
    <testcase time="0.334" classname="aet01" name="aet01_can_handle_all_NA_values">
      <skipped message="Reason: On CRAN ('test-aet01.R:12:3')"/>
    </testcase>
    <testcase time="0.394" classname="aet01" name="aet01_can_handle_some_NA_values"/>
    <testcase time="0.314" classname="aet01" name="aet01_can_handle_some_NA_values">
      <skipped message="Reason: On CRAN ('test-aet01.R:29:3')"/>
    </testcase>
    <testcase time="0.274" classname="aet01" name="aet01_can_use_custom_anl_vars"/>
    <testcase time="0.176" classname="aet01" name="aet01_can_use_custom_anl_vars">
      <skipped message="Reason: On CRAN ('test-aet01.R:35:3')"/>
    </testcase>
    <testcase time="0.121" classname="aet01" name="aet01_fails_on_incomplete_data_input"/>
    <testcase time="0.393" classname="aet01" name="aet01_can_use_custom_medconcept_var"/>
    <testcase time="0.344" classname="aet01" name="aet01_can_use_custom_medconcept_var">
      <skipped message="Reason: On CRAN ('test-aet01.R:65:3')"/>
    </testcase>
  </testsuite>
  <testsuite name="aet01_aesi" timestamp="2023-05-18T13:07:30Z" hostname="91a57d9133d2" tests="7" skipped="3" failures="0" errors="0" time="2.234">
    <testcase time="0.347" classname="aet01_aesi" name="aet01_aesi_can_handle_all_NA_values"/>
    <testcase time="0.299000000000001" classname="aet01_aesi" name="aet01_aesi_can_handle_all_NA_values">
      <skipped message="Reason: On CRAN ('test-aet01_aesi.R:17:3')"/>
    </testcase>
    <testcase time="0.295" classname="aet01_aesi" name="aet01_aesi_can_handle_some_NA_values"/>
    <testcase time="0.293999999999999" classname="aet01_aesi" name="aet01_aesi_can_handle_some_NA_values">
      <skipped message="Reason: On CRAN ('test-aet01_aesi.R:30:3')"/>
    </testcase>
    <testcase time="0.402000000000001" classname="aet01_aesi" name="aet01_aesi_works_with_ALL_argument"/>
    <testcase time="0.504999999999999" classname="aet01_aesi" name="aet01_aesi_works_with_ALL_argument">
      <skipped message="Reason: On CRAN ('test-aet01_aesi.R:36:3')"/>
    </testcase>
    <testcase time="0.0920000000000005" classname="aet01_aesi" name="aet01_aesi_check_fails_on_incomplete_data_input"/>
  </testsuite>
  <testsuite name="aet02" timestamp="2023-05-18T13:07:32Z" hostname="91a57d9133d2" tests="3" skipped="1" failures="0" errors="0" time="2.319">
    <testcase time="0.0809999999999995" classname="aet02" name="aet02_fails_on_incomplete_data_input"/>
    <testcase time="0.129000000000001" classname="aet02" name="aet02_handle_empty_data_input"/>
    <testcase time="2.109" classname="aet02" name="aet02_can_have_different_levels_of_row_split">
      <skipped message="Reason: On CRAN ('test-aet02.R:30:3')"/>
    </testcase>
  </testsuite>
  <testsuite name="aet03" timestamp="2023-05-18T13:07:34Z" hostname="91a57d9133d2" tests="4" skipped="2" failures="0" errors="0" time="4.014">
    <testcase time="0.472999999999999" classname="aet03" name="aet03_can_handle_NA_values"/>
    <testcase time="0.290000000000001" classname="aet03" name="aet03_can_handle_NA_values">
      <skipped message="Reason: On CRAN ('test-aet03.R:10:3')"/>
    </testcase>
    <testcase time="2.129" classname="aet03" name="aet03_can_handle_some_NA_values"/>
    <testcase time="1.122" classname="aet03" name="aet03_can_handle_some_NA_values">
      <skipped message="Reason: On CRAN ('test-aet03.R:27:3')"/>
    </testcase>
  </testsuite>
  <testsuite name="aet04" timestamp="2023-05-18T13:07:38Z" hostname="91a57d9133d2" tests="4" skipped="2" failures="0" errors="0" time="5.886">
    <testcase time="0.658999999999999" classname="aet04" name="aet04_can_handle_NA_values"/>
    <testcase time="0.445" classname="aet04" name="aet04_can_handle_NA_values">
      <skipped message="Reason: On CRAN ('test-aet04.R:10:3')"/>
    </testcase>
    <testcase time="3.473" classname="aet04" name="aet04_can_handle_some_NA_values"/>
    <testcase time="1.309" classname="aet04" name="aet04_can_handle_some_NA_values">
      <skipped message="Reason: On CRAN ('test-aet04.R:32:3')"/>
    </testcase>
  </testsuite>
  <testsuite name="aet10" timestamp="2023-05-18T13:07:44Z" hostname="91a57d9133d2" tests="4" skipped="2" failures="0" errors="0" time="0.583">
    <testcase time="0.102" classname="aet10" name="aet10_can_handle_NA_values"/>
    <testcase time="0.119999999999997" classname="aet10" name="aet10_can_handle_NA_values">
      <skipped message="Reason: On CRAN ('test-aet10.R:10:3')"/>
    </testcase>
    <testcase time="0.128" classname="aet10" name="aet10_can_handle_some_NA_values"/>
    <testcase time="0.233000000000001" classname="aet10" name="aet10_can_handle_some_NA_values">
      <skipped message="Reason: On CRAN ('test-aet10.R:24:3')"/>
    </testcase>
  </testsuite>
  <testsuite name="assertions" timestamp="2023-05-18T13:07:45Z" hostname="91a57d9133d2" tests="14" skipped="0" failures="0" errors="0" time="0.106">
    <testcase time="0.0210000000000008" classname="assertions" name="assert_colnames_works_as_expected"/>
    <testcase time="0.00900000000000034" classname="assertions" name="assert_colnames_works_as_expected"/>
    <testcase time="0.00199999999999889" classname="assertions" name="assert_colnames_works_as_expected"/>
    <testcase time="0.00700000000000145" classname="assertions" name="assert_colnames_works_as_expected"/>
    <testcase time="0.00600000000000023" classname="assertions" name="assert_one_tablenames_works_as_expected"/>
    <testcase time="0.00199999999999889" classname="assertions" name="assert_one_tablenames_works_as_expected"/>
    <testcase time="0.00600000000000023" classname="assertions" name="assert_one_tablenames_works_as_expected"/>
    <testcase time="0.00700000000000145" classname="assertions" name="assert_one_tablenames_works_as_expected"/>
    <testcase time="0.00499999999999901" classname="assertions" name="assert_all_tablenames_works_as_expected"/>
    <testcase time="0.0069999999999979" classname="assertions" name="assert_all_tablenames_works_as_expected"/>
    <testcase time="0.00600000000000023" classname="assertions" name="assert_all_tablenames_works_as_expected"/>
    <testcase time="0.0130000000000017" classname="assertions" name="assert_args_works_as_expected"/>
    <testcase time="0.00300000000000011" classname="assertions" name="assert_args_works_as_expected"/>
    <testcase time="0.0120000000000005" classname="assertions" name="assert_args_works_as_expected"/>
  </testsuite>
  <testsuite name="checks" timestamp="2023-05-18T13:07:45Z" hostname="91a57d9133d2" tests="8" skipped="0" failures="0" errors="0" time="0.037">
    <testcase time="0.00900000000000034" classname="checks" name="check_all_colnames_works_as_expected"/>
    <testcase time="0.00499999999999901" classname="checks" name="check_all_colnames_works_as_expected"/>
    <testcase time="0.00199999999999889" classname="checks" name="check_all_colnames_works_as_expected"/>
    <testcase time="0.00400000000000134" classname="checks" name="check_all_colnames_works_as_expected"/>
    <testcase time="0.00600000000000023" classname="checks" name="check_one_colnames_works_as_expected"/>
    <testcase time="0.00499999999999901" classname="checks" name="check_one_colnames_works_as_expected"/>
    <testcase time="0.00199999999999889" classname="checks" name="check_one_colnames_works_as_expected"/>
    <testcase time="0.00400000000000134" classname="checks" name="check_one_colnames_works_as_expected"/>
  </testsuite>
  <testsuite name="chevron_tlg-class" timestamp="2023-05-18T13:07:45Z" hostname="91a57d9133d2" tests="24" skipped="0" failures="0" errors="0" time="0.111">
    <testcase time="0.0109999999999992" classname="chevron_tlg_class" name="chevron_t_object_can_be_constructed_with_default_values"/>
    <testcase time="0.00500000000000256" classname="chevron_tlg_class" name="chevron_t_object_can_be_constructed_with_default_values"/>
    <testcase time="0.0069999999999979" classname="chevron_tlg_class" name="chevron_t_object_can_be_constructed_with_custom_values"/>
    <testcase time="0.00499999999999901" classname="chevron_tlg_class" name="chevron_t_object_can_be_constructed_with_custom_values"/>
    <testcase time="0.00300000000000011" classname="chevron_tlg_class" name="chevron_t_object_can_be_constructed_with_custom_values"/>
    <testcase time="0.00500000000000256" classname="chevron_tlg_class" name="chevron_t_object_can_be_constructed_with_custom_values"/>
    <testcase time="0.0069999999999979" classname="chevron_tlg_class" name="chevron_t_constructor_returns_an_error_when_expected"/>
    <testcase time="0.00200000000000244" classname="chevron_tlg_class" name="chevron_t_constructor_returns_an_error_when_expected"/>
    <testcase time="0.000999999999997669" classname="chevron_tlg_class" name="chevron_t_constructor_returns_an_error_when_expected"/>
    <testcase time="0.00100000000000122" classname="chevron_tlg_class" name="chevron_t_constructor_returns_an_error_when_expected"/>
    <testcase time="0.00199999999999889" classname="chevron_tlg_class" name="chevron_t_constructor_returns_an_error_when_expected"/>
    <testcase time="0.00100000000000122" classname="chevron_tlg_class" name="chevron_t_constructor_returns_an_error_when_expected"/>
    <testcase time="0.00799999999999912" classname="chevron_tlg_class" name="chevron_l_object_can_be_constructed_with_default_values"/>
    <testcase time="0.00499999999999901" classname="chevron_tlg_class" name="chevron_l_object_can_be_constructed_with_default_values"/>
    <testcase time="0.00800000000000267" classname="chevron_tlg_class" name="chevron_g_object_can_be_constructed_with_custom_values"/>
    <testcase time="0.00499999999999901" classname="chevron_tlg_class" name="chevron_g_object_can_be_constructed_with_custom_values"/>
    <testcase time="0.00300000000000011" classname="chevron_tlg_class" name="chevron_g_object_can_be_constructed_with_custom_values"/>
    <testcase time="0.00499999999999901" classname="chevron_tlg_class" name="chevron_g_object_can_be_constructed_with_custom_values"/>
    <testcase time="0.00799999999999912" classname="chevron_tlg_class" name="chevron_g_constructor_returns_an_error_when_expected"/>
    <testcase time="0.0110000000000028" classname="chevron_tlg_class" name="chevron_g_constructor_returns_an_error_when_expected"/>
    <testcase time="0.00199999999999889" classname="chevron_tlg_class" name="chevron_g_constructor_returns_an_error_when_expected"/>
    <testcase time="0.00199999999999889" classname="chevron_tlg_class" name="chevron_g_constructor_returns_an_error_when_expected"/>
    <testcase time="0.00200000000000244" classname="chevron_tlg_class" name="chevron_g_constructor_returns_an_error_when_expected"/>
    <testcase time="0.00199999999999889" classname="chevron_tlg_class" name="chevron_g_constructor_returns_an_error_when_expected"/>
  </testsuite>
  <testsuite name="chevron_tlg-methods" timestamp="2023-05-18T13:07:45Z" hostname="91a57d9133d2" tests="43" skipped="3" failures="0" errors="0" time="5.512">
    <testcase time="4.388" classname="chevron_tlg_methods" name="run_works_as_expected_for_chevron_t_object">
      <skipped message="Reason: On CRAN ('test-chevron_tlg-methods.R:5:3')"/>
    </testcase>
    <testcase time="0.842000000000002" classname="chevron_tlg_methods" name="run_works_as_expected_for_chevron_t_object_when_auto_pre_FALSE">
      <skipped message="Reason: On CRAN ('test-chevron_tlg-methods.R:13:3')"/>
    </testcase>
    <testcase time="0.0169999999999995" classname="chevron_tlg_methods" name="args_ls_works_as_expected"/>
    <testcase time="0.00100000000000122" classname="chevron_tlg_methods" name="args_ls_works_as_expected"/>
    <testcase time="0.00199999999999889" classname="chevron_tlg_methods" name="args_ls_works_as_expected"/>
    <testcase time="0.00600000000000023" classname="chevron_tlg_methods" name="args_ls_works_as_expected_when_simplify_is_TRUE"/>
    <testcase time="0.000999999999997669" classname="chevron_tlg_methods" name="args_ls_works_as_expected_when_simplify_is_TRUE"/>
    <testcase time="0.00100000000000122" classname="chevron_tlg_methods" name="args_ls_works_as_expected_when_simplify_is_TRUE"/>
    <testcase time="0.00700000000000145" classname="chevron_tlg_methods" name="args_ls_works_as_expected_with_custom_chevron_tlg_object"/>
    <testcase time="0.000999999999997669" classname="chevron_tlg_methods" name="args_ls_works_as_expected_with_custom_chevron_tlg_object"/>
    <testcase time="0.00100000000000122" classname="chevron_tlg_methods" name="args_ls_works_as_expected_with_custom_chevron_tlg_object"/>
    <testcase time="0.00499999999999901" classname="chevron_tlg_methods" name="args_ls_works_as_expected_with_custom_chevron_tlg_object"/>
    <testcase time="0.00900000000000034" classname="chevron_tlg_methods" name="main_works_as_expected"/>
    <testcase time="0.0100000000000016" classname="chevron_tlg_methods" name="get_main_works_as_expected"/>
    <testcase time="0.00499999999999901" classname="chevron_tlg_methods" name="get_main_works_as_expected"/>
    <testcase time="0.00799999999999912" classname="chevron_tlg_methods" name="main_setter_works_as_expected"/>
    <testcase time="0.0139999999999993" classname="chevron_tlg_methods" name="main_setter_throw_an_error_as_expected"/>
    <testcase time="0.00900000000000034" classname="chevron_tlg_methods" name="preprocess_works_as_expected"/>
    <testcase time="0.0100000000000016" classname="chevron_tlg_methods" name="get_preprocess_works_as_expected"/>
    <testcase time="0.00499999999999901" classname="chevron_tlg_methods" name="get_preprocess_works_as_expected"/>
    <testcase time="0.00900000000000034" classname="chevron_tlg_methods" name="preprocess_setter_works_as_expected"/>
    <testcase time="0.0139999999999993" classname="chevron_tlg_methods" name="preprocess_sends_an_error_as_expected"/>
    <testcase time="0.00900000000000034" classname="chevron_tlg_methods" name="postprocess_works_as_expected"/>
    <testcase time="0.00999999999999801" classname="chevron_tlg_methods" name="get_postprocess_works_as_expected"/>
    <testcase time="0.00500000000000256" classname="chevron_tlg_methods" name="get_postprocess_works_as_expected"/>
    <testcase time="0.00900000000000034" classname="chevron_tlg_methods" name="postprocess_setter_works_as_expected"/>
    <testcase time="0.014999999999997" classname="chevron_tlg_methods" name="postprocess_sends_an_error_as_expected"/>
    <testcase time="0.00800000000000267" classname="chevron_tlg_methods" name="datasets_works_as_expected"/>
    <testcase time="0.0109999999999992" classname="chevron_tlg_methods" name="get_adam_datasets_works_as_expected"/>
    <testcase time="0.00400000000000134" classname="chevron_tlg_methods" name="get_adam_datasets_works_as_expected"/>
    <testcase time="0.00999999999999801" classname="chevron_tlg_methods" name="datasets_setter_works_as_expected"/>
    <testcase time="0.0150000000000006" classname="chevron_tlg_methods" name="script_works_as_expected"/>
    <testcase time="0.00199999999999889" classname="chevron_tlg_methods" name="script_works_as_expected"/>
    <testcase time="0.00199999999999889" classname="chevron_tlg_methods" name="script_works_as_expected"/>
    <testcase time="0.00799999999999912" classname="chevron_tlg_methods" name="script_works_as_expected_with_dictionary_of_arguments"/>
    <testcase time="0.00200000000000244" classname="chevron_tlg_methods" name="script_works_as_expected_with_dictionary_of_arguments"/>
    <testcase time="0.00199999999999889" classname="chevron_tlg_methods" name="script_works_as_expected_with_dictionary_of_arguments"/>
    <testcase time="0.00300000000000011" classname="chevron_tlg_methods" name="script_works_as_expected_with_dictionary_of_arguments"/>
    <testcase time="0.00600000000000023" classname="chevron_tlg_methods" name="script_funs_works_as_expected_in_interactive_mode">
      <skipped message="Reason: !interactive() is TRUE ('test-chevron_tlg-methods.R:194:3')"/>
    </testcase>
    <testcase time="0.0169999999999995" classname="chevron_tlg_methods" name="script_funs_works_as_expected"/>
    <testcase time="0.00100000000000122" classname="chevron_tlg_methods" name="script_funs_works_as_expected"/>
    <testcase time="0.0069999999999979" classname="chevron_tlg_methods" name="script_funs_works_as_expected_with_details_set_to_TRUE"/>
    <testcase time="0.00100000000000122" classname="chevron_tlg_methods" name="script_funs_works_as_expected_with_details_set_to_TRUE"/>
  </testsuite>
  <testsuite name="cmt01a" timestamp="2023-05-18T13:07:50Z" hostname="91a57d9133d2" tests="4" skipped="2" failures="0" errors="0" time="2.062">
    <testcase time="0.202000000000002" classname="cmt01a" name="cmt01a_can_handle_all_NA_values"/>
    <testcase time="0.186" classname="cmt01a" name="cmt01a_can_handle_all_NA_values">
      <skipped message="Reason: On CRAN ('test-cmt01a.R:10:3')"/>
    </testcase>
    <testcase time="0.928999999999998" classname="cmt01a" name="cmt01a_can_handle_some_NA_values"/>
    <testcase time="0.745000000000001" classname="cmt01a" name="cmt01a_can_handle_some_NA_values">
      <skipped message="Reason: On CRAN ('test-cmt01a.R:18:3')"/>
    </testcase>
  </testsuite>
  <testsuite name="cmt02_pt" timestamp="2023-05-18T13:07:52Z" hostname="91a57d9133d2" tests="4" skipped="2" failures="0" errors="0" time="0.771">
    <testcase time="0.163999999999998" classname="cmt02_pt" name="cmt02_pt_can_handle_all_NA_values"/>
    <testcase time="0.150000000000002" classname="cmt02_pt" name="cmt02_pt_can_handle_all_NA_values">
      <skipped message="Reason: On CRAN ('test-cmt02_pt.R:9:3')"/>
    </testcase>
    <testcase time="0.192999999999998" classname="cmt02_pt" name="cmt02_pt_can_handle_some_NA_values"/>
    <testcase time="0.263999999999999" classname="cmt02_pt" name="cmt02_pt_can_handle_some_NA_values">
      <skipped message="Reason: On CRAN ('test-cmt02_pt.R:17:3')"/>
    </testcase>
  </testsuite>
  <testsuite name="coxt02" timestamp="2023-05-18T13:07:53Z" hostname="91a57d9133d2" tests="3" skipped="1" failures="0" errors="0" time="0.96">
    <testcase time="0.668000000000003" classname="coxt02" name="coxt02_can_handle_some_NA_values"/>
    <testcase time="0.260999999999996" classname="coxt02" name="coxt02_can_handle_some_NA_values">
      <skipped message="Reason: On CRAN ('test-coxt02.R:5:3')"/>
    </testcase>
    <testcase time="0.0309999999999988" classname="coxt02" name="coxt02_fails_on_incomlete_date"/>
  </testsuite>
  <testsuite name="default_tlg" timestamp="2023-05-18T13:07:54Z" hostname="91a57d9133d2" tests="13" skipped="12" failures="0" errors="1" time="15.021">
    <testcase time="0.147000000000006" classname="default_tlg" name="ael01_nollt_function_with_default_argument_value_return_expected_result_with_test_data">
      <skipped message="Reason: On CRAN ('test-default_tlg.R:5:3')"/>
    </testcase>
    <testcase time="0.673999999999999" classname="default_tlg" name="aet01_function_with_default_argument_value_return_expected_result_with_test_data">
      <skipped message="Reason: On CRAN ('test-default_tlg.R:12:3')"/>
    </testcase>
    <testcase time="0.678999999999995" classname="default_tlg" name="aet01_aesi_function_with_default_argument_value_return_expected_result_with_test_data">
      <skipped message="Reason: On CRAN ('test-default_tlg.R:19:3')"/>
    </testcase>
    <testcase time="1.298" classname="default_tlg" name="aet02_functions_with_default_argument_value_return_expected_result_with_test_data">
      <skipped message="Reason: On CRAN ('test-default_tlg.R:26:3')"/>
    </testcase>
    <testcase time="3.00700000000001" classname="default_tlg" name="aet03_functions_with_default_argument_value_return_expected_result_with_test_data">
      <skipped message="Reason: On CRAN ('test-default_tlg.R:33:3')"/>
    </testcase>
    <testcase time="4.683" classname="default_tlg" name="aet04_functions_with_default_argument_value_return_expected_result_with_test_data">
      <skipped message="Reason: On CRAN ('test-default_tlg.R:40:3')"/>
    </testcase>
    <testcase time="0.382999999999996" classname="default_tlg" name="aet10_functions_with_default_argument_value_return_expected_result_with_test_data">
      <skipped message="Reason: On CRAN ('test-default_tlg.R:47:3')"/>
    </testcase>
    <testcase time="1.53" classname="default_tlg" name="cmt01a_1_functions_with_default_argument_value_return_expected_result_with_test_data">
      <skipped message="Reason: On CRAN ('test-default_tlg.R:54:3')"/>
    </testcase>
    <testcase time="0.520000000000003" classname="default_tlg" name="cmt02_pt_functions_with_default_argument_value_return_expected_result_with_test_data">
      <skipped message="Reason: On CRAN ('test-default_tlg.R:61:3')"/>
    </testcase>
    <testcase time="0.915999999999997" classname="default_tlg" name="coxt02_functions_with_default_argument_value_return_expected_result_with_test_data">
      <skipped message="Reason: On CRAN ('test-default_tlg.R:69:3')"/>
    </testcase>
    <testcase time="0.804000000000002" classname="default_tlg" name="dmt01_functions_with_default_argument_value_return_expected_result_with_test_data">
      <skipped message="Reason: On CRAN ('test-default_tlg.R:76:3')"/>
    </testcase>
    <testcase time="0.0579999999999998" classname="default_tlg" name="dst01_functions_with_default_argument_value_return_expected_result_with_test_data">
      <error type="error" message="&lt;dplyr:::mutate_error/rlang_error/error/condition&gt; ('test-default_tlg.R:80:3')">&lt;dplyr:::mutate_error/rlang_error/error/condition&gt;
Error in `mutate(., EOSSTT = reformat(.data$EOSSTT, study_status_format), 
    EOTSTT = reformat(.data$EOTSTT, trt_status_format), DCSREASGP = reformat(.data$DCSREAS, 
        dcsreas_grp_format), DCSREAS = reformat(.data$DCSREAS, 
        empty_rule), STDONS = factor(case_when(EOTSTT == "Ongoing Treatment" &amp; 
        EOSSTT == "Ongoing" ~ "Alive: Ongoing", EOTSTT != "Ongoing Treatment" &amp; 
        EOSSTT == "Ongoing" ~ "Alive: In Follow-up", TRUE ~ NA_character_), 
        levels = c("Alive: Ongoing", "Alive: In Follow-up")))`: i In argument: `DCSREAS = reformat(.data$DCSREAS, empty_rule)`.
Caused by error in `checkClass()`:
! object 'empty_rule' not found
Backtrace:
  1. chevron::dst01_pre(syn_data)
       at test-default_tlg.R:80:2
 11. dunlin:::reformat.factor(.data$DCSREAS, empty_rule)
 12. checkmate::assert_class(format, "rule")
 13. checkmate::checkClass(x, classes, ordered, null.ok)</error>
    </testcase>
    <testcase time="0.321999999999996" classname="default_tlg" name="dtht01_functions_with_default_argument_value_return_expected_result_with_test_data">
      <skipped message="Reason: On CRAN ('test-default_tlg.R:90:3')"/>
    </testcase>
  </testsuite>
  <testsuite name="dmt01" timestamp="2023-05-18T13:08:09Z" hostname="91a57d9133d2" tests="4" skipped="2" failures="0" errors="0" time="1.489">
    <testcase time="0.302" classname="dmt01" name="dmt01_can_handle_NA_values"/>
    <testcase time="0.399000000000001" classname="dmt01" name="dmt01_can_handle_NA_values">
      <skipped message="Reason: On CRAN ('test-dmt01.R:8:3')"/>
    </testcase>
    <testcase time="0.332000000000001" classname="dmt01" name="dmt01_can_handle_numeric_NA_values"/>
    <testcase time="0.456000000000003" classname="dmt01" name="dmt01_can_handle_numeric_NA_values">
      <skipped message="Reason: On CRAN ('test-dmt01.R:15:3')"/>
    </testcase>
  </testsuite>
  <testsuite name="dst01" timestamp="2023-05-18T13:08:11Z" hostname="91a57d9133d2" tests="7" skipped="0" failures="0" errors="7" time="0.529">
    <testcase time="0.0870000000000033" classname="dst01" name="dst01_works_as_expected_when_all_data_are_NA">
      <error type="error" message="&lt;dplyr:::mutate_error/rlang_error/error/condition&gt; ('test-dst01.R:10:3')">&lt;dplyr:::mutate_error/rlang_error/error/condition&gt;
Error in `mutate(., EOSSTT = reformat(.data$EOSSTT, study_status_format), 
    EOTSTT = reformat(.data$EOTSTT, trt_status_format), DCSREASGP = reformat(.data$DCSREAS, 
        dcsreas_grp_format), DCSREAS = reformat(.data$DCSREAS, 
        empty_rule), STDONS = factor(case_when(EOTSTT == "Ongoing Treatment" &amp; 
        EOSSTT == "Ongoing" ~ "Alive: Ongoing", EOTSTT != "Ongoing Treatment" &amp; 
        EOSSTT == "Ongoing" ~ "Alive: In Follow-up", TRUE ~ NA_character_), 
        levels = c("Alive: Ongoing", "Alive: In Follow-up")))`: i In argument: `DCSREAS = reformat(.data$DCSREAS, empty_rule)`.
Caused by error in `checkClass()`:
! object 'empty_rule' not found
Backtrace:
  1. testthat::expect_silent(res &lt;- run(dst01, proc_data, detail_vars = list()))
       at test-dst01.R:10:2
 22. dunlin:::reformat.character(.data$DCSREAS, empty_rule)
 23. checkmate::assert_class(format, "rule")
 24. checkmate::checkClass(x, classes, ordered, null.ok)</error>
    </testcase>
    <testcase time="0.0749999999999957" classname="dst01" name="dst01_can_handle_all_NA_values_in_DCSREAS">
      <error type="error" message="&lt;dplyr:::mutate_error/rlang_error/error/condition&gt; ('test-dst01.R:21:3')">&lt;dplyr:::mutate_error/rlang_error/error/condition&gt;
Error in `mutate(., EOSSTT = reformat(.data$EOSSTT, study_status_format), 
    EOTSTT = reformat(.data$EOTSTT, trt_status_format), DCSREASGP = reformat(.data$DCSREAS, 
        dcsreas_grp_format), DCSREAS = reformat(.data$DCSREAS, 
        empty_rule), STDONS = factor(case_when(EOTSTT == "Ongoing Treatment" &amp; 
        EOSSTT == "Ongoing" ~ "Alive: Ongoing", EOTSTT != "Ongoing Treatment" &amp; 
        EOSSTT == "Ongoing" ~ "Alive: In Follow-up", TRUE ~ NA_character_), 
        levels = c("Alive: Ongoing", "Alive: In Follow-up")))`: i In argument: `DCSREAS = reformat(.data$DCSREAS, empty_rule)`.
Caused by error in `checkClass()`:
! object 'empty_rule' not found
Backtrace:
  1. testthat::expect_silent(run(dst01, proc_data, detail_vars = list()))
       at test-dst01.R:21:2
 22. dunlin:::reformat.factor(.data$DCSREAS, empty_rule)
 23. checkmate::assert_class(format, "rule")
 24. checkmate::checkClass(x, classes, ordered, null.ok)</error>
    </testcase>
    <testcase time="0.0660000000000025" classname="dst01" name="dst01_can_handle_some_NA_values">
      <error type="error" message="&lt;dplyr:::mutate_error/rlang_error/error/condition&gt; ('test-dst01.R:28:3')">&lt;dplyr:::mutate_error/rlang_error/error/condition&gt;
Error in `mutate(., EOSSTT = reformat(.data$EOSSTT, study_status_format), 
    EOTSTT = reformat(.data$EOTSTT, trt_status_format), DCSREASGP = reformat(.data$DCSREAS, 
        dcsreas_grp_format), DCSREAS = reformat(.data$DCSREAS, 
        empty_rule), STDONS = factor(case_when(EOTSTT == "Ongoing Treatment" &amp; 
        EOSSTT == "Ongoing" ~ "Alive: Ongoing", EOTSTT != "Ongoing Treatment" &amp; 
        EOSSTT == "Ongoing" ~ "Alive: In Follow-up", TRUE ~ NA_character_), 
        levels = c("Alive: Ongoing", "Alive: In Follow-up")))`: i In argument: `DCSREAS = reformat(.data$DCSREAS, empty_rule)`.
Caused by error in `checkClass()`:
! object 'empty_rule' not found
Backtrace:
  1. testthat::expect_silent(run(dst01, proc_data))
       at test-dst01.R:28:2
 22. dunlin:::reformat.factor(.data$DCSREAS, empty_rule)
 23. checkmate::assert_class(format, "rule")
 24. checkmate::checkClass(x, classes, ordered, null.ok)</error>
    </testcase>
    <testcase time="0.0720000000000027" classname="dst01" name="dst01_can_handle_missing_levels_in_status_var">
      <error type="error" message="&lt;dplyr:::mutate_error/rlang_error/error/condition&gt; ('test-dst01.R:38:3')">&lt;dplyr:::mutate_error/rlang_error/error/condition&gt;
Error in `mutate(., EOSSTT = reformat(.data$EOSSTT, study_status_format), 
    EOTSTT = reformat(.data$EOTSTT, trt_status_format), DCSREASGP = reformat(.data$DCSREAS, 
        dcsreas_grp_format), DCSREAS = reformat(.data$DCSREAS, 
        empty_rule), STDONS = factor(case_when(EOTSTT == "Ongoing Treatment" &amp; 
        EOSSTT == "Ongoing" ~ "Alive: Ongoing", EOTSTT != "Ongoing Treatment" &amp; 
        EOSSTT == "Ongoing" ~ "Alive: In Follow-up", TRUE ~ NA_character_), 
        levels = c("Alive: Ongoing", "Alive: In Follow-up")))`: i In argument: `DCSREAS = reformat(.data$DCSREAS, empty_rule)`.
Caused by error in `checkClass()`:
! object 'empty_rule' not found
Backtrace:
  1. testthat::expect_silent(run(dst01, proc_data, detail_vars = list()))
       at test-dst01.R:38:2
 22. dunlin:::reformat.factor(.data$DCSREAS, empty_rule)
 23. checkmate::assert_class(format, "rule")
 24. checkmate::checkClass(x, classes, ordered, null.ok)</error>
    </testcase>
    <testcase time="0.0789999999999935" classname="dst01" name="dst01_can_create_variants">
      <error type="error" message="&lt;dplyr:::mutate_error/rlang_error/error/condition&gt; ('test-dst01.R:43:3')">&lt;dplyr:::mutate_error/rlang_error/error/condition&gt;
Error in `mutate(., EOSSTT = reformat(.data$EOSSTT, study_status_format), 
    EOTSTT = reformat(.data$EOTSTT, trt_status_format), DCSREASGP = reformat(.data$DCSREAS, 
        dcsreas_grp_format), DCSREAS = reformat(.data$DCSREAS, 
        empty_rule), STDONS = factor(case_when(EOTSTT == "Ongoing Treatment" &amp; 
        EOSSTT == "Ongoing" ~ "Alive: Ongoing", EOTSTT != "Ongoing Treatment" &amp; 
        EOSSTT == "Ongoing" ~ "Alive: In Follow-up", TRUE ~ NA_character_), 
        levels = c("Alive: Ongoing", "Alive: In Follow-up")))`: i In argument: `DCSREAS = reformat(.data$DCSREAS, empty_rule)`.
Caused by error in `checkClass()`:
! object 'empty_rule' not found
Backtrace:
  1. testthat::expect_silent(...)
       at test-dst01.R:43:2
 22. dunlin:::reformat.factor(.data$DCSREAS, empty_rule)
 23. checkmate::assert_class(format, "rule")
 24. checkmate::checkClass(x, classes, ordered, null.ok)</error>
    </testcase>
    <testcase time="0.080999999999996" classname="dst01" name="dst01_can_create_variants">
      <error type="error" message="&lt;dplyr:::mutate_error/rlang_error/error/condition&gt; ('test-dst01.R:48:3')">&lt;dplyr:::mutate_error/rlang_error/error/condition&gt;
Error in `mutate(., EOSSTT = reformat(.data$EOSSTT, study_status_format), 
    EOTSTT = reformat(.data$EOTSTT, trt_status_format), DCSREASGP = reformat(.data$DCSREAS, 
        dcsreas_grp_format), DCSREAS = reformat(.data$DCSREAS, 
        empty_rule), STDONS = factor(case_when(EOTSTT == "Ongoing Treatment" &amp; 
        EOSSTT == "Ongoing" ~ "Alive: Ongoing", EOTSTT != "Ongoing Treatment" &amp; 
        EOSSTT == "Ongoing" ~ "Alive: In Follow-up", TRUE ~ NA_character_), 
        levels = c("Alive: Ongoing", "Alive: In Follow-up")))`: i In argument: `DCSREAS = reformat(.data$DCSREAS, empty_rule)`.
Caused by error in `checkClass()`:
! object 'empty_rule' not found
Backtrace:
  1. testthat::expect_silent(...)
       at test-dst01.R:48:2
 22. dunlin:::reformat.factor(.data$DCSREAS, empty_rule)
 23. checkmate::assert_class(format, "rule")
 24. checkmate::checkClass(x, classes, ordered, null.ok)</error>
    </testcase>
    <testcase time="0.0690000000000026" classname="dst01" name="dst01_can_create_variants">
      <error type="error" message="&lt;dplyr:::mutate_error/rlang_error/error/condition&gt; ('test-dst01.R:53:3')">&lt;dplyr:::mutate_error/rlang_error/error/condition&gt;
Error in `mutate(., EOSSTT = reformat(.data$EOSSTT, study_status_format), 
    EOTSTT = reformat(.data$EOTSTT, trt_status_format), DCSREASGP = reformat(.data$DCSREAS, 
        dcsreas_grp_format), DCSREAS = reformat(.data$DCSREAS, 
        empty_rule), STDONS = factor(case_when(EOTSTT == "Ongoing Treatment" &amp; 
        EOSSTT == "Ongoing" ~ "Alive: Ongoing", EOTSTT != "Ongoing Treatment" &amp; 
        EOSSTT == "Ongoing" ~ "Alive: In Follow-up", TRUE ~ NA_character_), 
        levels = c("Alive: Ongoing", "Alive: In Follow-up")))`: i In argument: `DCSREAS = reformat(.data$DCSREAS, empty_rule)`.
Caused by error in `checkClass()`:
! object 'empty_rule' not found
Backtrace:
  1. testthat::expect_silent(...)
       at test-dst01.R:53:2
 22. dunlin:::reformat.factor(.data$DCSREAS, empty_rule)
 23. checkmate::assert_class(format, "rule")
 24. checkmate::checkClass(x, classes, ordered, null.ok)</error>
    </testcase>
  </testsuite>
  <testsuite name="dtht01" timestamp="2023-05-18T13:08:11Z" hostname="91a57d9133d2" tests="5" skipped="3" failures="0" errors="0" time="2.273">
    <testcase time="0.140999999999998" classname="dtht01" name="dtht01_can_handle_all_NA_values"/>
    <testcase time="0.198999999999998" classname="dtht01" name="dtht01_can_handle_all_NA_values">
      <skipped message="Reason: On CRAN ('test-dtht01.R:12:3')"/>
    </testcase>
    <testcase time="0.341000000000001" classname="dtht01" name="dtht01_can_handle_some_NA_values"/>
    <testcase time="0.470000000000006" classname="dtht01" name="dtht01_can_handle_some_NA_values">
      <skipped message="Reason: On CRAN ('test-dtht01.R:19:3')"/>
    </testcase>
    <testcase time="1.122" classname="dtht01" name="dtht01_can_be_parametrize_as_expected">
      <skipped message="Reason: On CRAN ('test-dtht01.R:30:3')"/>
    </testcase>
  </testsuite>
  <testsuite name="egt01" timestamp="2023-05-18T13:08:14Z" hostname="91a57d9133d2" tests="3" skipped="2" failures="0" errors="0" time="4.11">
    <testcase time="2.223" classname="egt01" name="egt01_functions_with_default_argument_value_return_expected_result_with_test_data">
      <skipped message="Reason: On CRAN ('test-egt01.R:7:3')"/>
    </testcase>
    <testcase time="1.61499999999999" classname="egt01" name="egt01_can_handle_n_0_and_outputs_NE_instead_of_infs_and_NAs"/>
    <testcase time="0.272000000000006" classname="egt01" name="egt01_can_handle_n_0_and_outputs_NE_instead_of_infs_and_NAs">
      <skipped message="Reason: On CRAN ('test-egt01.R:21:3')"/>
    </testcase>
  </testsuite>
  <testsuite name="egt02" timestamp="2023-05-18T13:08:18Z" hostname="91a57d9133d2" tests="2" skipped="2" failures="0" errors="0" time="0.885">
    <testcase time="0.467999999999996" classname="egt02" name="egt02_1_functions_with_default_argument_value_return_expected_result_with_test_data">
      <skipped message="Reason: On CRAN ('test-egt02.R:7:3')"/>
    </testcase>
    <testcase time="0.417000000000002" classname="egt02" name="egt02_2_functions_with_default_value_return_expected_result_with_test_data">
      <skipped message="Reason: On CRAN ('test-egt02.R:14:3')"/>
    </testcase>
  </testsuite>
  <testsuite name="egt03" timestamp="2023-05-18T13:08:19Z" hostname="91a57d9133d2" tests="5" skipped="2" failures="0" errors="0" time="1.366">
    <testcase time="0.643000000000001" classname="egt03" name="egt03_functions_with_default_argument_value_return_expected_result_with_test_data">
      <skipped message="Reason: On CRAN ('test-egt03.R:7:3')"/>
    </testcase>
    <testcase time="0.036999999999999" classname="egt03" name="egt03_errors_on_all_NA_values"/>
    <testcase time="0.289000000000001" classname="egt03" name="egt03_can_handle_some_NA_values"/>
    <testcase time="0.335999999999999" classname="egt03" name="egt03_can_handle_some_NA_values">
      <skipped message="Reason: On CRAN ('test-egt03.R:28:3')"/>
    </testcase>
    <testcase time="0.0609999999999999" classname="egt03" name="egt03_fails_on_incomplete_data"/>
  </testsuite>
  <testsuite name="egt05_qtcat" timestamp="2023-05-18T13:08:20Z" hostname="91a57d9133d2" tests="4" skipped="2" failures="0" errors="0" time="3.137">
    <testcase time="1.51300000000001" classname="egt05_qtcat" name="egt05_qtcat_functions_with_default_argument_value_return_expected_result_with_test_data">
      <skipped message="Reason: On CRAN ('test-egt05_qtcat.R:7:3')"/>
    </testcase>
    <testcase time="0.0319999999999965" classname="egt05_qtcat" name="egt05_qtcat_erros_on_all_NA_values"/>
    <testcase time="0.606000000000002" classname="egt05_qtcat" name="egt05_qtcat_can_handle_some_NA_values"/>
    <testcase time="0.985999999999997" classname="egt05_qtcat" name="egt05_qtcat_can_handle_some_NA_values">
      <skipped message="Reason: On CRAN ('test-egt05_qtcat.R:28:3')"/>
    </testcase>
  </testsuite>
  <testsuite name="empty_report" timestamp="2023-05-18T13:08:23Z" hostname="91a57d9133d2" tests="9" skipped="0" failures="0" errors="1" time="2.937">
    <testcase time="1.675" classname="empty_report" name="tlg_functions_return_null_reports_when_domain_table_is_empty"/>
    <testcase time="0.350999999999999" classname="empty_report" name="tlg_functions_return_null_reports_when_domain_table_is_empty"/>
    <testcase time="0.244" classname="empty_report" name="tlg_functions_return_null_reports_when_domain_table_is_empty"/>
    <testcase time="0.122999999999998" classname="empty_report" name="tlg_functions_return_null_reports_when_domain_table_is_empty"/>
    <testcase time="0.117000000000004" classname="empty_report" name="tlg_functions_return_null_reports_when_domain_table_is_empty"/>
    <testcase time="0.0640000000000001" classname="empty_report" name="tlg_functions_return_null_reports_when_domain_table_is_empty"/>
    <testcase time="0.128999999999991" classname="empty_report" name="tlg_functions_return_null_reports_when_domain_table_is_empty"/>
    <testcase time="0.182000000000002" classname="empty_report" name="tlg_functions_return_null_reports_when_domain_table_is_empty"/>
    <testcase time="0.0520000000000067" classname="empty_report" name="tlg_functions_return_null_reports_when_domain_table_is_empty">
      <error type="error" message="&lt;dplyr:::mutate_error/rlang_error/error/condition&gt; ('test-empty_report.R:44:3')">&lt;dplyr:::mutate_error/rlang_error/error/condition&gt;
Error in `mutate(., EOSSTT = reformat(.data$EOSSTT, study_status_format), 
    EOTSTT = reformat(.data$EOTSTT, trt_status_format), DCSREASGP = reformat(.data$DCSREAS, 
        dcsreas_grp_format), DCSREAS = reformat(.data$DCSREAS, 
        empty_rule), STDONS = factor(case_when(EOTSTT == "Ongoing Treatment" &amp; 
        EOSSTT == "Ongoing" ~ "Alive: Ongoing", EOTSTT != "Ongoing Treatment" &amp; 
        EOSSTT == "Ongoing" ~ "Alive: In Follow-up", TRUE ~ NA_character_), 
        levels = c("Alive: Ongoing", "Alive: In Follow-up")))`: i In argument: `DCSREAS = reformat(.data$DCSREAS, empty_rule)`.
Caused by error in `checkClass()`:
! object 'empty_rule' not found
Backtrace:
  1. chevron::run(dst01, dat_empty)
       at test-empty_report.R:44:2
 14. dunlin:::reformat.factor(.data$DCSREAS, empty_rule)
 15. checkmate::assert_class(format, "rule")
 16. checkmate::checkClass(x, classes, ordered, null.ok)</error>
    </testcase>
  </testsuite>
  <testsuite name="ext01" timestamp="2023-05-18T13:08:26Z" hostname="91a57d9133d2" tests="5" skipped="4" failures="0" errors="0" time="1.734">
    <testcase time="0.426999999999992" classname="ext01" name="ext01_functions_with_default_argument_value_return_expected_result_with_test_data">
      <skipped message="Reason: On CRAN ('test-ext01.R:7:3')"/>
    </testcase>
    <testcase time="0.456000000000003" classname="ext01" name="ext01_functions_with_categorical_data_return_expected_result_with_test_data">
      <skipped message="Reason: On CRAN ('test-ext01.R:15:3')"/>
    </testcase>
    <testcase time="0.180999999999997" classname="ext01" name="ext01_works"/>
    <testcase time="0.228000000000009" classname="ext01" name="ext01_works">
      <skipped message="Reason: On CRAN ('test-ext01.R:23:3')"/>
    </testcase>
    <testcase time="0.441999999999993" classname="ext01" name="ext01_works_for_selected_parameters_and_categorical_variables">
      <skipped message="Reason: On CRAN ('test-ext01.R:36:3')"/>
    </testcase>
  </testsuite>
  <testsuite name="kmg01" timestamp="2023-05-18T13:08:28Z" hostname="91a57d9133d2" tests="6" skipped="0" failures="0" errors="0" time="2.046">
    <testcase time="0.0250000000000057" classname="kmg01" name="kmg01_works_as_expected"/>
    <testcase time="0.466999999999999" classname="kmg01" name="kmg01_works_as_expected"/>
    <testcase time="0.462999999999994" classname="kmg01" name="kmg01_works_as_expected_with_custom_color_set"/>
    <testcase time="0.387" classname="kmg01" name="kmg01_works_as_expected_with_custom_color_set"/>
    <testcase time="0.400999999999996" classname="kmg01" name="kmg01_works_if_change_pvalue_ties_and_conf_level"/>
    <testcase time="0.302999999999997" classname="kmg01" name="kmg01_works_if_change_annotation_position"/>
  </testsuite>
  <testsuite name="lbt01" timestamp="2023-05-18T13:08:30Z" hostname="91a57d9133d2" tests="3" skipped="2" failures="0" errors="0" time="4.194">
    <testcase time="2.268" classname="lbt01" name="lbt01_functions_with_default_argument_value_return_expected_result_with_test_data">
      <skipped message="Reason: On CRAN ('test-lbt01.R:7:3')"/>
    </testcase>
    <testcase time="1.67400000000001" classname="lbt01" name="lbt01_can_handle_n_0_and_outputs_NE_instead_of_infs_and_NAs"/>
    <testcase time="0.251999999999995" classname="lbt01" name="lbt01_can_handle_n_0_and_outputs_NE_instead_of_infs_and_NAs">
      <skipped message="Reason: On CRAN ('test-lbt01.R:21:3')"/>
    </testcase>
  </testsuite>
  <testsuite name="lbt04" timestamp="2023-05-18T13:08:34Z" hostname="91a57d9133d2" tests="8" skipped="4" failures="0" errors="0" time="3.265">
    <testcase time="1.00700000000001" classname="lbt04" name="lbt04_functions_with_default_argument_value_return_expected_result_with_test_data">
      <skipped message="Reason: On CRAN ('test-lbt04.R:7:3')"/>
    </testcase>
    <testcase time="0.0849999999999937" classname="lbt04" name="lbt04_can_handle_all_NA_values"/>
    <testcase time="0.0660000000000025" classname="lbt04" name="lbt04_can_handle_all_NA_values">
      <skipped message="Reason: On CRAN ('test-lbt04.R:20:3')"/>
    </testcase>
    <testcase time="0.495000000000005" classname="lbt04" name="lbt04_can_handle_missing_levels"/>
    <testcase time="0.48899999999999" classname="lbt04" name="lbt04_can_handle_missing_levels">
      <skipped message="Reason: On CRAN ('test-lbt04.R:31:3')"/>
    </testcase>
    <testcase time="0.533000000000001" classname="lbt04" name="lbt04_can_handle_some_NA_values"/>
    <testcase time="0.535000000000011" classname="lbt04" name="lbt04_can_handle_some_NA_values">
      <skipped message="Reason: On CRAN ('test-lbt04.R:39:3')"/>
    </testcase>
    <testcase time="0.0549999999999926" classname="lbt04" name="lbt04_fails_on_incomlete_date"/>
  </testsuite>
  <testsuite name="lbt05" timestamp="2023-05-18T13:08:37Z" hostname="91a57d9133d2" tests="5" skipped="2" failures="0" errors="0" time="2.583">
    <testcase time="1.03100000000001" classname="lbt05" name="lbt05_functions_with_default_argument_value_return_expected_result_with_test_data">
      <skipped message="Reason: On CRAN ('test-lbt05.R:7:3')"/>
    </testcase>
    <testcase time="0.510999999999996" classname="lbt05" name="lbt05_give_all_0_count_if_ANRIND_are_all_missing"/>
    <testcase time="0.492999999999995" classname="lbt05" name="lbt05_can_handle_some_NA_values"/>
    <testcase time="0.486000000000004" classname="lbt05" name="lbt05_can_handle_some_NA_values">
      <skipped message="Reason: On CRAN ('test-lbt05.R:33:3')"/>
    </testcase>
    <testcase time="0.0619999999999976" classname="lbt05" name="lbt05_fails_on_incomlete_date"/>
  </testsuite>
  <testsuite name="lbt07" timestamp="2023-05-18T13:08:40Z" hostname="91a57d9133d2" tests="4" skipped="2" failures="0" errors="0" time="2.915">
    <testcase time="1.40700000000001" classname="lbt07" name="lbt07_functions_with_default_argument_value_return_expected_result_with_test_data">
      <skipped message="Reason: On CRAN ('test-lbt07.R:7:3')"/>
    </testcase>
    <testcase time="0.756999999999991" classname="lbt07" name="lbt07_can_handle_some_NA_values"/>
    <testcase time="0.688000000000002" classname="lbt07" name="lbt07_can_handle_some_NA_values">
      <skipped message="Reason: On CRAN ('test-lbt07.R:22:3')"/>
    </testcase>
    <testcase time="0.0630000000000024" classname="lbt07" name="lbt07_fails_on_incomlete_data"/>
  </testsuite>
  <testsuite name="lbt14" timestamp="2023-05-18T13:08:43Z" hostname="91a57d9133d2" tests="14" skipped="8" failures="0" errors="0" time="31.061">
    <testcase time="3.309" classname="lbt14" name="lbt14_functions_with_default_argument_value_return_expected_result_with_test_data">
      <skipped message="Reason: On CRAN ('test-lbt14.R:7:3')"/>
    </testcase>
    <testcase time="3.464" classname="lbt14" name="lbt14_functions_with_default_argument_value_return_expected_result_with_test_data_when_direction_high">
      <skipped message="Reason: On CRAN ('test-lbt14.R:14:3')"/>
    </testcase>
    <testcase time="1.551" classname="lbt14" name="lbt14_can_handle_all_NA_values"/>
    <testcase time="0.216999999999999" classname="lbt14" name="lbt14_can_handle_all_NA_values">
      <skipped message="Reason: On CRAN ('test-lbt14.R:27:3')"/>
    </testcase>
    <testcase time="2.036" classname="lbt14" name="lbt14_can_handle_some_NA_values"/>
    <testcase time="1.33199999999999" classname="lbt14" name="lbt14_can_handle_some_NA_values">
      <skipped message="Reason: On CRAN ('test-lbt14.R:46:3')"/>
    </testcase>
    <testcase time="6.411" classname="lbt14" name="lbt14_can_accept_different_gr_missing">
      <skipped message="Reason: On CRAN ('test-lbt14.R:54:3')"/>
    </testcase>
    <testcase time="0.109000000000009" classname="lbt14" name="lbt14_fails_on_incomlete_data"/>
    <testcase time="1.643" classname="lbt14" name="lbt14_can_handle_all_NA_values_with_direction_high"/>
    <testcase time="0.236999999999995" classname="lbt14" name="lbt14_can_handle_all_NA_values_with_direction_high">
      <skipped message="Reason: On CRAN ('test-lbt14.R:79:3')"/>
    </testcase>
    <testcase time="2.08499999999999" classname="lbt14" name="lbt14_can_handle_some_NA_values_with_direction_high"/>
    <testcase time="1.575" classname="lbt14" name="lbt14_can_handle_some_NA_values_with_direction_high">
      <skipped message="Reason: On CRAN ('test-lbt14.R:98:3')"/>
    </testcase>
    <testcase time="7.01300000000001" classname="lbt14" name="lbt14_can_accept_different_gr_missing_with_direction_high">
      <skipped message="Reason: On CRAN ('test-lbt14.R:106:3')"/>
    </testcase>
    <testcase time="0.0789999999999935" classname="lbt14" name="lbt14_fails_on_incomlete_data"/>
  </testsuite>
  <testsuite name="mht01" timestamp="2023-05-18T13:09:14Z" hostname="91a57d9133d2" tests="3" skipped="3" failures="0" errors="0" time="2.855">
    <testcase time="0.912000000000006" classname="mht01" name="mht01_1_functions_with_default_argument_value_return_expected_result_with_test_data">
      <skipped message="Reason: On CRAN ('test-mht01.R:7:3')"/>
    </testcase>
    <testcase time="0.846999999999994" classname="mht01" name="mht01_works">
      <skipped message="Reason: On CRAN ('test-mht01.R:15:3')"/>
    </testcase>
    <testcase time="1.096" classname="mht01" name="mht01_works_on_NULL_in_lbl_mhbodsys_or_lbl_mhdecod">
      <skipped message="Reason: On CRAN ('test-mht01.R:21:3')"/>
    </testcase>
  </testsuite>
  <testsuite name="mng01" timestamp="2023-05-18T13:09:17Z" hostname="91a57d9133d2" tests="5" skipped="0" failures="0" errors="0" time="7.108">
    <testcase time="1.43899999999999" classname="mng01" name="mng01_works_as_expected"/>
    <testcase time="1.373" classname="mng01" name="mng01_works_as_expected_with_custom_color_set"/>
    <testcase time="1.419" classname="mng01" name="mng01_works_as_expected_with_custom_color_set"/>
    <testcase time="1.437" classname="mng01" name="mng01_works_if_show_v_grid_show_h_grid_is_TRUE"/>
    <testcase time="1.44" classname="mng01" name="mng01_works_with_combination_of_x_variables"/>
  </testsuite>
  <testsuite name="pdt01" timestamp="2023-05-18T13:09:24Z" hostname="91a57d9133d2" tests="5" skipped="3" failures="0" errors="0" time="1.993">
    <testcase time="0.803000000000011" classname="pdt01" name="pdt01_function_with_default_argument_value_return_expected_result_with_test_data">
      <skipped message="Reason: On CRAN ('test-pdt01.R:7:3')"/>
    </testcase>
    <testcase time="0.143000000000001" classname="pdt01" name="pdt01_can_handle_all_NA_values"/>
    <testcase time="0.162999999999997" classname="pdt01" name="pdt01_can_handle_all_NA_values">
      <skipped message="Reason: On CRAN ('test-pdt01.R:21:3')"/>
    </testcase>
    <testcase time="0.349999999999994" classname="pdt01" name="pdt01_can_handle_some_NA_values"/>
    <testcase time="0.534000000000006" classname="pdt01" name="pdt01_can_handle_some_NA_values">
      <skipped message="Reason: On CRAN ('test-pdt01.R:36:3')"/>
    </testcase>
  </testsuite>
  <testsuite name="pdt02" timestamp="2023-05-18T13:09:26Z" hostname="91a57d9133d2" tests="5" skipped="3" failures="0" errors="0" time="1.271">
    <testcase time="0.396000000000001" classname="pdt02" name="pdt02_function_with_default_argument_value_return_expected_result_with_test_data">
      <skipped message="Reason: On CRAN ('test-pdt02.R:7:3')"/>
    </testcase>
    <testcase time="0.176000000000002" classname="pdt02" name="pdt02_can_handle_all_NA_values"/>
    <testcase time="0.173999999999992" classname="pdt02" name="pdt02_can_handle_all_NA_values">
      <skipped message="Reason: On CRAN ('test-pdt02.R:21:3')"/>
    </testcase>
    <testcase time="0.262" classname="pdt02" name="pdt02_can_handle_some_NA_values"/>
    <testcase time="0.263000000000005" classname="pdt02" name="pdt02_can_handle_some_NA_values">
      <skipped message="Reason: On CRAN ('test-pdt02.R:36:3')"/>
    </testcase>
  </testsuite>
  <testsuite name="rmpt01" timestamp="2023-05-18T13:09:27Z" hostname="91a57d9133d2" tests="7" skipped="3" failures="0" errors="0" time="0.922">
    <testcase time="0.262" classname="rmpt01" name="rmpt01_function_with_default_argument_value_return_expected_result_with_test_data">
      <skipped message="Reason: On CRAN ('test-rmpt01.R:7:3')"/>
    </testcase>
    <testcase time="0.120000000000005" classname="rmpt01" name="rmpt01_can_handle_NA_values"/>
    <testcase time="0.147000000000006" classname="rmpt01" name="rmpt01_can_handle_NA_values">
      <skipped message="Reason: On CRAN ('test-rmpt01.R:17:3')"/>
    </testcase>
    <testcase time="0.137999999999991" classname="rmpt01" name="rmpt01_can_handle_some_NA_values"/>
    <testcase time="0.13600000000001" classname="rmpt01" name="rmpt01_can_handle_some_NA_values">
      <skipped message="Reason: On CRAN ('test-rmpt01.R:31:3')"/>
    </testcase>
    <testcase time="0.0759999999999934" classname="rmpt01" name="rmpt01_fails_on_incomlete_data"/>
    <testcase time="0.0430000000000064" classname="rmpt01" name="rmpt01_fails_on_incomlete_data"/>
  </testsuite>
  <testsuite name="rspt01" timestamp="2023-05-18T13:09:28Z" hostname="91a57d9133d2" tests="15" skipped="7" failures="0" errors="0" time="5.007">
    <testcase time="0.0259999999999962" classname="rspt01" name="rspt01_works_as_expected"/>
    <testcase time="0.494" classname="rspt01" name="rspt01_works_as_expected"/>
    <testcase time="0.301000000000002" classname="rspt01" name="rspt01_works_as_expected">
      <skipped message="Reason: On CRAN ('test-rspt01.R:5:3')"/>
    </testcase>
    <testcase time="0.414999999999992" classname="rspt01" name="rspt01_works_as_expected_for_stratified_and_unstratified_analysis"/>
    <testcase time="0.343000000000004" classname="rspt01" name="rspt01_works_as_expected_for_stratified_and_unstratified_analysis">
      <skipped message="Reason: On CRAN ('test-rspt01.R:17:3')"/>
    </testcase>
    <testcase time="0.361000000000004" classname="rspt01" name="rspt01_works_as_expected_for_unstratified_analysis_only"/>
    <testcase time="0.289999999999992" classname="rspt01" name="rspt01_works_as_expected_for_unstratified_analysis_only">
      <skipped message="Reason: On CRAN ('test-rspt01.R:36:3')"/>
    </testcase>
    <testcase time="0.376000000000005" classname="rspt01" name="rspt01_works_as_expected_for_stratified_analysis_only"/>
    <testcase time="0.290999999999997" classname="rspt01" name="rspt01_works_as_expected_for_stratified_analysis_only">
      <skipped message="Reason: On CRAN ('test-rspt01.R:55:3')"/>
    </testcase>
    <testcase time="0.387" classname="rspt01" name="rspt01_works_if_change_reference_group"/>
    <testcase time="0.295999999999992" classname="rspt01" name="rspt01_works_if_change_reference_group">
      <skipped message="Reason: On CRAN ('test-rspt01.R:74:3')"/>
    </testcase>
    <testcase time="0.40900000000002" classname="rspt01" name="rspt01_works_if_change_statistic_methods"/>
    <testcase time="0.302999999999997" classname="rspt01" name="rspt01_works_if_change_statistic_methods">
      <skipped message="Reason: On CRAN ('test-rspt01.R:97:3')"/>
    </testcase>
    <testcase time="0.390999999999991" classname="rspt01" name="rspt01_works_if_change_confidence_interval"/>
    <testcase time="0.324000000000012" classname="rspt01" name="rspt01_works_if_change_confidence_interval">
      <skipped message="Reason: On CRAN ('test-rspt01.R:123:3')"/>
    </testcase>
  </testsuite>
  <testsuite name="utils" timestamp="2023-05-18T13:09:33Z" hostname="91a57d9133d2" tests="25" skipped="0" failures="0" errors="0" time="0.168">
    <testcase time="0.0219999999999914" classname="utils" name="h_format_dec_works_as_exected"/>
    <testcase time="0.00499999999999545" classname="utils" name="h_format_dec_works_as_exected"/>
    <testcase time="0.00200000000000955" classname="utils" name="h_format_dec_works_as_exected"/>
    <testcase time="0.00499999999999545" classname="utils" name="h_format_dec_works_as_exected"/>
    <testcase time="0.00200000000000955" classname="utils" name="h_format_dec_works_as_exected"/>
    <testcase time="0.00499999999999545" classname="utils" name="h_format_dec_works_as_exected"/>
    <testcase time="0.00199999999998113" classname="utils" name="h_format_dec_works_as_exected"/>
    <testcase time="0.0040000000000191" classname="utils" name="h_format_dec_works_as_exected"/>
    <testcase time="0.0029999999999859" classname="utils" name="h_format_dec_works_as_exected"/>
    <testcase time="0.00499999999999545" classname="utils" name="h_format_dec_works_as_exected"/>
    <testcase time="0.00200000000000955" classname="utils" name="h_format_dec_works_as_exected"/>
    <testcase time="0.00399999999999068" classname="utils" name="h_format_dec_works_as_exected"/>
    <testcase time="0.00800000000000978" classname="utils" name="h_format_dec_works_as_expected_with_more_than_one_value"/>
    <testcase time="0.00499999999999545" classname="utils" name="h_format_dec_works_as_expected_with_more_than_one_value"/>
    <testcase time="0.00800000000000978" classname="utils" name="h_format_dec_works_returns_null_with_NA_format"/>
    <testcase time="0.00800000000000978" classname="utils" name="h_format_dec_works_as_expected_with_NA_digits"/>
    <testcase time="0.00799999999998136" classname="utils" name="h_format_dec_works_as_expected_with_NA_digits"/>
    <testcase time="0.00900000000001455" classname="utils" name="fuse_sequentially_works"/>
    <testcase time="0.00399999999999068" classname="utils" name="fuse_sequentially_works"/>
    <testcase time="0.007000000000005" classname="utils" name="grob_list_works"/>
    <testcase time="0.00100000000000477" classname="utils" name="grob_list_works"/>
    <testcase time="0.00499999999999545" classname="utils" name="grob_list_works"/>
    <testcase time="0.00499999999999545" classname="utils" name="grob_list_works"/>
    <testcase time="0.0169999999999959" classname="utils" name="ifneeded_split_row_works_as_expected"/>
    <testcase time="0.0219999999999914" classname="utils" name="ifneeded_split_row_works_as_expected"/>
  </testsuite>
  <testsuite name="vst01" timestamp="2023-05-18T13:09:33Z" hostname="91a57d9133d2" tests="3" skipped="2" failures="0" errors="0" time="10.221">
    <testcase time="5.09300000000002" classname="vst01" name="vst01_functions_with_default_argument_value_return_expected_result_with_test_data">
      <skipped message="Reason: On CRAN ('test-vst01.R:7:3')"/>
    </testcase>
    <testcase time="3.78899999999999" classname="vst01" name="run_vst01_works_as_expected"/>
    <testcase time="1.339" classname="vst01" name="run_vst01_works_as_expected">
      <skipped message="Reason: On CRAN ('test-vst01.R:14:3')"/>
    </testcase>
  </testsuite>
  <testsuite name="vst02" timestamp="2023-05-18T13:09:43Z" hostname="91a57d9133d2" tests="2" skipped="2" failures="0" errors="0" time="1.461">
    <testcase time="0.740000000000009" classname="vst02" name="vst02_functions_with_default_argument_value_return_expected_result_with_test_data">
      <skipped message="Reason: On CRAN ('test-vst02.R:7:3')"/>
    </testcase>
    <testcase time="0.721000000000004" classname="vst02" name="vst02_functions_return_expected_result_with_test_data_when_excluding_subject_with_baseline_abnormality">
      <skipped message="Reason: On CRAN ('test-vst02.R:14:3')"/>
    </testcase>
  </testsuite>
</testsuites>
