<?xml version="1.0" encoding="UTF-8"?>
<testsuites>
  <testsuite name="ael01_nollt" timestamp="2025-12-29T07:07:29Z" hostname="0bad4fde277d" tests="14" skipped="0" failures="0" errors="0" time="0.88">
    <testcase time="0.069" classname="ael01_nollt" name="ael01_nollt_works_with_admh_dataset"/>
    <testcase time="0.177" classname="ael01_nollt" name="ael01_nollt_works_with_admh_dataset"/>
    <testcase time="0.0329999999999999" classname="ael01_nollt" name="ael01_nollt_works_with_non_default_label"/>
    <testcase time="0.202" classname="ael01_nollt" name="ael01_nollt_works_with_non_default_label"/>
    <testcase time="0.0380000000000003" classname="ael01_nollt" name="ael01_nollt_can_handle_all_missing_values"/>
    <testcase time="0.0430000000000001" classname="ael01_nollt" name="ael01_nollt_can_handle_all_missing_values"/>
    <testcase time="0.0299999999999998" classname="ael01_nollt" name="ael01_nollt_can_handle_some_missing_values"/>
    <testcase time="0.073" classname="ael01_nollt" name="ael01_nollt_can_handle_some_missing_values"/>
    <testcase time="0.0270000000000001" classname="ael01_nollt" name="ael01_nollt_listing_can_be_split_by_an_additional_variable"/>
    <testcase time="0.00199999999999978" classname="ael01_nollt" name="ael01_nollt_listing_can_be_split_by_an_additional_variable"/>
    <testcase time="0.0960000000000001" classname="ael01_nollt" name="ael01_nollt_listing_can_be_split_by_an_additional_variable"/>
    <testcase time="0.0249999999999999" classname="ael01_nollt" name="split_ael01_nollt_listing_do_not_display_missing_values"/>
    <testcase time="0.00100000000000033" classname="ael01_nollt" name="split_ael01_nollt_listing_do_not_display_missing_values"/>
    <testcase time="0.0639999999999996" classname="ael01_nollt" name="split_ael01_nollt_listing_do_not_display_missing_values"/>
  </testsuite>
  <testsuite name="ael02" timestamp="2025-12-29T07:07:29Z" hostname="0bad4fde277d" tests="9" skipped="0" failures="0" errors="0" time="1.833">
    <testcase time="0.0680000000000001" classname="ael02" name="ael02_works_with_adae_dataset"/>
    <testcase time="0.00100000000000033" classname="ael02" name="ael02_works_with_adae_dataset"/>
    <testcase time="0.553" classname="ael02" name="ael02_works_with_adae_dataset"/>
    <testcase time="0.044" classname="ael02" name="ael02_can_handle_all_missing_values"/>
    <testcase time="0.00099999999999989" classname="ael02" name="ael02_can_handle_all_missing_values"/>
    <testcase time="0.576" classname="ael02" name="ael02_can_handle_all_missing_values"/>
    <testcase time="0.0470000000000006" classname="ael02" name="ael02_functions_work_as_expected"/>
    <testcase time="0.000999999999999446" classname="ael02" name="ael02_functions_work_as_expected"/>
    <testcase time="0.542000000000001" classname="ael02" name="ael02_functions_work_as_expected"/>
  </testsuite>
  <testsuite name="ael03" timestamp="2025-12-29T07:07:31Z" hostname="0bad4fde277d" tests="9" skipped="0" failures="0" errors="0" time="1.846">
    <testcase time="0.0639999999999992" classname="ael03" name="ael03_works_with_adae_dataset"/>
    <testcase time="0.00100000000000033" classname="ael03" name="ael03_works_with_adae_dataset"/>
    <testcase time="0.55" classname="ael03" name="ael03_works_with_adae_dataset"/>
    <testcase time="0.0449999999999999" classname="ael03" name="ael03_can_handle_all_missing_values"/>
    <testcase time="0.00100000000000033" classname="ael03" name="ael03_can_handle_all_missing_values"/>
    <testcase time="0.585" classname="ael03" name="ael03_can_handle_all_missing_values"/>
    <testcase time="0.048" classname="ael03" name="ael03_functions_work_as_expected"/>
    <testcase time="0.00100000000000033" classname="ael03" name="ael03_functions_work_as_expected"/>
    <testcase time="0.550999999999999" classname="ael03" name="ael03_functions_work_as_expected"/>
  </testsuite>
  <testsuite name="aet01" timestamp="2025-12-29T07:07:33Z" hostname="0bad4fde277d" tests="13" skipped="0" failures="0" errors="0" time="2.63">
    <testcase time="0.494000000000001" classname="aet01" name="aet01_can_handle_all_NA_values"/>
    <testcase time="0.135" classname="aet01" name="aet01_can_handle_all_NA_values"/>
    <testcase time="0.309" classname="aet01" name="aet01_can_handle_all_NA_values"/>
    <testcase time="0.0999999999999996" classname="aet01" name="aet01_can_handle_all_NA_values"/>
    <testcase time="0.290999999999999" classname="aet01" name="aet01_can_handle_some_NA_values"/>
    <testcase time="0.132000000000001" classname="aet01" name="aet01_can_handle_some_NA_values"/>
    <testcase time="0.226999999999999" classname="aet01" name="aet01_can_use_custom_anl_vars"/>
    <testcase time="0.077" classname="aet01" name="aet01_can_use_custom_anl_vars"/>
    <testcase time="0.0750000000000011" classname="aet01" name="aet01_fails_on_incomplete_data_input"/>
    <testcase time="0.327999999999999" classname="aet01" name="aet01_can_use_custom_medconcept_var"/>
    <testcase time="0.137" classname="aet01" name="aet01_can_use_custom_medconcept_var"/>
    <testcase time="0.207000000000001" classname="aet01" name="aet01_can_conditionally_show_the_number_of_withdrawal"/>
    <testcase time="0.117999999999999" classname="aet01" name="aet01_can_conditionally_show_the_number_of_withdrawal"/>
  </testsuite>
  <testsuite name="aet01_aesi" timestamp="2025-12-29T07:07:36Z" hostname="0bad4fde277d" tests="9" skipped="0" failures="0" errors="0" time="1.568">
    <testcase time="0.25" classname="aet01_aesi" name="aet01_aesi_can_handle_all_NA_values"/>
    <testcase time="0.124000000000001" classname="aet01_aesi" name="aet01_aesi_can_handle_all_NA_values"/>
    <testcase time="0.211" classname="aet01_aesi" name="aet01_aesi_can_handle_all_NA_values"/>
    <testcase time="0.0990000000000002" classname="aet01_aesi" name="aet01_aesi_can_handle_all_NA_values"/>
    <testcase time="0.218" classname="aet01_aesi" name="aet01_aesi_can_handle_some_NA_values"/>
    <testcase time="0.118" classname="aet01_aesi" name="aet01_aesi_can_handle_some_NA_values"/>
    <testcase time="0.308999999999999" classname="aet01_aesi" name="aet01_aesi_works_with_ALL_argument"/>
    <testcase time="0.186" classname="aet01_aesi" name="aet01_aesi_works_with_ALL_argument"/>
    <testcase time="0.0530000000000008" classname="aet01_aesi" name="aet01_aesi_check_fails_on_incomplete_data_input"/>
  </testsuite>
  <testsuite name="aet02" timestamp="2025-12-29T07:07:37Z" hostname="0bad4fde277d" tests="4" skipped="0" failures="0" errors="0" time="2.253">
    <testcase time="0.0549999999999997" classname="aet02" name="aet02_fails_on_incomplete_data_input"/>
    <testcase time="0.135999999999999" classname="aet02" name="aet02_handle_empty_data_input"/>
    <testcase time="1.676" classname="aet02" name="aet02_can_have_different_levels_of_row_split"/>
    <testcase time="0.386000000000001" classname="aet02" name="aet02_can_have_different_levels_of_row_split"/>
  </testsuite>
  <testsuite name="aet03" timestamp="2025-12-29T07:07:40Z" hostname="0bad4fde277d" tests="4" skipped="0" failures="0" errors="0" time="2.107">
    <testcase time="0.297000000000001" classname="aet03" name="aet03_can_handle_NA_values"/>
    <testcase time="0.109" classname="aet03" name="aet03_can_handle_NA_values"/>
    <testcase time="1.394" classname="aet03" name="aet03_can_handle_some_NA_values"/>
    <testcase time="0.307" classname="aet03" name="aet03_can_handle_some_NA_values"/>
  </testsuite>
  <testsuite name="aet04" timestamp="2025-12-29T07:07:42Z" hostname="0bad4fde277d" tests="12" skipped="0" failures="0" errors="0" time="10.64">
    <testcase time="0.459999999999999" classname="aet04" name="aet04_can_handle_NA_values"/>
    <testcase time="0.210999999999999" classname="aet04" name="aet04_can_handle_NA_values"/>
    <testcase time="0.435000000000002" classname="aet04" name="aet04_can_handle_NA_values"/>
    <testcase time="0.00399999999999778" classname="aet04" name="aet04_can_handle_NA_values"/>
    <testcase time="0.472000000000001" classname="aet04" name="aet04_can_handle_NA_values"/>
    <testcase time="0.212" classname="aet04" name="aet04_can_handle_NA_values"/>
    <testcase time="2.5" classname="aet04" name="aet04_can_handle_some_NA_values"/>
    <testcase time="0.574999999999999" classname="aet04" name="aet04_can_handle_some_NA_values"/>
    <testcase time="2.542" classname="aet04" name="aet04_can_handle_some_NA_values"/>
    <testcase time="0.00600000000000023" classname="aet04" name="aet04_can_handle_some_NA_values"/>
    <testcase time="2.578" classname="aet04" name="aet04_can_handle_some_NA_values"/>
    <testcase time="0.645" classname="aet04" name="aet04_can_handle_some_NA_values"/>
  </testsuite>
  <testsuite name="aet05" timestamp="2025-12-29T07:07:52Z" hostname="0bad4fde277d" tests="6" skipped="0" failures="0" errors="0" time="0.891">
    <testcase time="0.175000000000001" classname="aet05" name="aet05_can_handle_NA_values"/>
    <testcase time="0.111000000000001" classname="aet05" name="aet05_can_handle_NA_values"/>
    <testcase time="0.161999999999999" classname="aet05" name="aet05_can_handle_some_NA_values"/>
    <testcase time="0.135999999999999" classname="aet05" name="aet05_can_handle_some_NA_values"/>
    <testcase time="0.158000000000001" classname="aet05" name="aet05_can_handle_some_NA_values"/>
    <testcase time="0.149000000000001" classname="aet05" name="aet05_can_handle_some_NA_values"/>
  </testsuite>
  <testsuite name="aet05_all" timestamp="2025-12-29T07:07:53Z" hostname="0bad4fde277d" tests="6" skipped="0" failures="0" errors="0" time="0.897">
    <testcase time="0.157" classname="aet05_all" name="aet05_all_can_handle_NA_values"/>
    <testcase time="0.123999999999999" classname="aet05_all" name="aet05_all_can_handle_NA_values"/>
    <testcase time="0.169" classname="aet05_all" name="aet05_all_can_handle_some_NA_values"/>
    <testcase time="0.134999999999998" classname="aet05_all" name="aet05_all_can_handle_some_NA_values"/>
    <testcase time="0.161000000000001" classname="aet05_all" name="aet05_all_can_handle_some_NA_values"/>
    <testcase time="0.151" classname="aet05_all" name="aet05_all_can_handle_some_NA_values"/>
  </testsuite>
  <testsuite name="aet10" timestamp="2025-12-29T07:07:54Z" hostname="0bad4fde277d" tests="4" skipped="0" failures="0" errors="0" time="0.362">
    <testcase time="0.0839999999999996" classname="aet10" name="aet10_can_handle_NA_values"/>
    <testcase time="0.0549999999999997" classname="aet10" name="aet10_can_handle_NA_values"/>
    <testcase time="0.124000000000002" classname="aet10" name="aet10_can_handle_some_NA_values"/>
    <testcase time="0.0990000000000002" classname="aet10" name="aet10_can_handle_some_NA_values"/>
  </testsuite>
  <testsuite name="assertions" timestamp="2025-12-29T07:07:54Z" hostname="0bad4fde277d" tests="33" skipped="0" failures="0" errors="0" time="0.175">
    <testcase time="0.0109999999999992" classname="assertions" name="assert_valid_var.character_works_as_expected"/>
    <testcase time="0.00500000000000256" classname="assertions" name="assert_valid_var.character_works_as_expected"/>
    <testcase time="0.00499999999999901" classname="assertions" name="assert_valid_var.character_works_as_expected"/>
    <testcase time="0.00499999999999901" classname="assertions" name="assert_valid_var.character_works_as_expected"/>
    <testcase time="0.00200000000000244" classname="assertions" name="assert_valid_var.character_works_as_expected"/>
    <testcase time="0.00499999999999901" classname="assertions" name="assert_valid_var.factor_works_as_expected"/>
    <testcase time="0.00499999999999901" classname="assertions" name="assert_valid_var.factor_works_as_expected"/>
    <testcase time="0.00499999999999901" classname="assertions" name="assert_valid_var.factor_works_as_expected"/>
    <testcase time="0.00500000000000256" classname="assertions" name="assert_valid_var.factor_works_as_expected"/>
    <testcase time="0.00199999999999889" classname="assertions" name="assert_valid_var.factor_works_as_expected"/>
    <testcase time="0.00499999999999901" classname="assertions" name="assert_valid_var.logical_works_as_expected"/>
    <testcase time="0.00500000000000256" classname="assertions" name="assert_valid_var.logical_works_as_expected"/>
    <testcase time="0.00499999999999901" classname="assertions" name="assert_valid_var.logical_works_as_expected"/>
    <testcase time="0.00199999999999889" classname="assertions" name="assert_valid_var.logical_works_as_expected"/>
    <testcase time="0.00499999999999901" classname="assertions" name="assert_valid_var.numeric_works_as_expected"/>
    <testcase time="0.0100000000000016" classname="assertions" name="assert_valid_var.numeric_works_as_expected"/>
    <testcase time="0.00700000000000145" classname="assertions" name="assert_valid_var.numeric_works_as_expected"/>
    <testcase time="0.00199999999999889" classname="assertions" name="assert_valid_var.numeric_works_as_expected"/>
    <testcase time="0.00700000000000145" classname="assertions" name="assert_valid_var.numeric_works_as_expected"/>
    <testcase time="0.00199999999999889" classname="assertions" name="assert_valid_var.numeric_works_as_expected"/>
    <testcase time="0.0109999999999992" classname="assertions" name="assert_valid_var.POSIXct_works_as_expected"/>
    <testcase time="0.0109999999999992" classname="assertions" name="assert_valid_var.POSIXct_works_as_expected"/>
    <testcase time="0.00600000000000023" classname="assertions" name="assert_valid_variable_works_as_expected"/>
    <testcase time="0.00200000000000244" classname="assertions" name="assert_valid_variable_works_as_expected"/>
    <testcase time="0.00599999999999667" classname="assertions" name="assert_valid_variable_works_as_expected"/>
    <testcase time="0.00200000000000244" classname="assertions" name="assert_valid_variable_works_as_expected"/>
    <testcase time="0.0069999999999979" classname="assertions" name="assert_valid_variable_works_as_expected"/>
    <testcase time="0.00200000000000244" classname="assertions" name="assert_valid_variable_works_as_expected"/>
    <testcase time="0.00600000000000023" classname="assertions" name="assert_valid_var_pair_works_as_expected_with_character"/>
    <testcase time="0.00499999999999901" classname="assertions" name="assert_valid_var_pair_works_as_expected_with_character"/>
    <testcase time="0.00600000000000023" classname="assertions" name="assert_valid_var_pair_works_as_expected_with_factor"/>
    <testcase time="0.00600000000000023" classname="assertions" name="assert_valid_var_pair_works_as_expected_with_factor"/>
    <testcase time="0.00499999999999901" classname="assertions" name="assert_valid_var_pair_works_as_expected_with_factor"/>
  </testsuite>
  <testsuite name="cfbt01" timestamp="2025-12-29T07:07:55Z" hostname="0bad4fde277d" tests="3" skipped="0" failures="0" errors="0" time="8.949">
    <testcase time="6.591" classname="cfbt01" name="cfbt01_functions_with_default_argument_value_return_expected_result_with_test_data"/>
    <testcase time="0.972999999999999" classname="cfbt01" name="cfbt01_can_handle_n_0_and_outputs_NE_instead_of_infs_and_NAs"/>
    <testcase time="1.38500000000001" classname="cfbt01" name="cfbt01_can_handle_n_0_and_outputs_NE_instead_of_infs_and_NAs"/>
  </testsuite>
  <testsuite name="checks" timestamp="2025-12-29T07:08:04Z" hostname="0bad4fde277d" tests="8" skipped="0" failures="0" errors="0" time="0.029">
    <testcase time="0.00999999999999801" classname="checks" name="check_all_colnames_works_as_expected"/>
    <testcase time="0.00200000000000244" classname="checks" name="check_all_colnames_works_as_expected"/>
    <testcase time="0.00200000000000244" classname="checks" name="check_all_colnames_works_as_expected"/>
    <testcase time="0.00300000000000011" classname="checks" name="check_all_colnames_works_as_expected"/>
    <testcase time="0.00499999999999545" classname="checks" name="check_one_colnames_works_as_expected"/>
    <testcase time="0.00300000000000011" classname="checks" name="check_one_colnames_works_as_expected"/>
    <testcase time="0.00200000000000244" classname="checks" name="check_one_colnames_works_as_expected"/>
    <testcase time="0.00199999999999534" classname="checks" name="check_one_colnames_works_as_expected"/>
  </testsuite>
  <testsuite name="chevron_tlg-class" timestamp="2025-12-29T07:08:04Z" hostname="0bad4fde277d" tests="29" skipped="0" failures="0" errors="0" time="0.119">
    <testcase time="0.0110000000000028" classname="chevron_tlg_class" name="chevron_t_object_can_be_constructed_with_default_values"/>
    <testcase time="0.00900000000000034" classname="chevron_tlg_class" name="chevron_t_object_can_be_constructed_with_default_values"/>
    <testcase time="0.00900000000000034" classname="chevron_tlg_class" name="chevron_t_object_can_be_constructed_with_custom_values"/>
    <testcase time="0.00399999999999778" classname="chevron_tlg_class" name="chevron_t_object_can_be_constructed_with_custom_values"/>
    <testcase time="0.00400000000000489" classname="chevron_tlg_class" name="chevron_t_object_can_be_constructed_with_custom_values"/>
    <testcase time="0.00399999999999778" classname="chevron_tlg_class" name="chevron_t_object_can_be_constructed_with_custom_values"/>
    <testcase time="0.00800000000000267" classname="chevron_tlg_class" name="chevron_t_constructor_returns_an_error_when_expected"/>
    <testcase time="0.000999999999997669" classname="chevron_tlg_class" name="chevron_t_constructor_returns_an_error_when_expected"/>
    <testcase time="0.00200000000000244" classname="chevron_tlg_class" name="chevron_t_constructor_returns_an_error_when_expected"/>
    <testcase time="0.000999999999997669" classname="chevron_tlg_class" name="chevron_t_constructor_returns_an_error_when_expected"/>
    <testcase time="0.00200000000000244" classname="chevron_tlg_class" name="chevron_t_constructor_returns_an_error_when_expected"/>
    <testcase time="0.000999999999997669" classname="chevron_tlg_class" name="chevron_t_constructor_returns_an_error_when_expected"/>
    <testcase time="0.00200000000000244" classname="chevron_tlg_class" name="chevron_t_constructor_returns_an_error_when_expected"/>
    <testcase time="0.00799999999999557" classname="chevron_tlg_class" name="chevron_l_object_can_be_constructed_with_default_values"/>
    <testcase time="0.00399999999999778" classname="chevron_tlg_class" name="chevron_l_object_can_be_constructed_with_default_values"/>
    <testcase time="0.00600000000000023" classname="chevron_tlg_class" name="chevron_g_object_can_be_constructed_with_custom_values"/>
    <testcase time="0.00300000000000011" classname="chevron_tlg_class" name="chevron_g_object_can_be_constructed_with_custom_values"/>
    <testcase time="0.00300000000000011" classname="chevron_tlg_class" name="chevron_g_object_can_be_constructed_with_custom_values"/>
    <testcase time="0.00300000000000011" classname="chevron_tlg_class" name="chevron_g_object_can_be_constructed_with_custom_values"/>
    <testcase time="0.00600000000000023" classname="chevron_tlg_class" name="chevron_g_constructor_returns_an_error_when_expected"/>
    <testcase time="0.00100000000000477" classname="chevron_tlg_class" name="chevron_g_constructor_returns_an_error_when_expected"/>
    <testcase time="0.00199999999999534" classname="chevron_tlg_class" name="chevron_g_constructor_returns_an_error_when_expected"/>
    <testcase time="0.00100000000000477" classname="chevron_tlg_class" name="chevron_g_constructor_returns_an_error_when_expected"/>
    <testcase time="0.000999999999997669" classname="chevron_tlg_class" name="chevron_g_constructor_returns_an_error_when_expected"/>
    <testcase time="0.00200000000000244" classname="chevron_tlg_class" name="chevron_g_constructor_returns_an_error_when_expected"/>
    <testcase time="0.000999999999997669" classname="chevron_tlg_class" name="chevron_g_constructor_returns_an_error_when_expected"/>
    <testcase time="0.0069999999999979" classname="chevron_tlg_class" name="chevron_simple_works_correctly"/>
    <testcase time="0.00200000000000244" classname="chevron_tlg_class" name="chevron_simple_works_correctly"/>
    <testcase time="0.0110000000000028" classname="chevron_tlg_class" name="chevron_simple_errors_if_contains_return"/>
  </testsuite>
  <testsuite name="chevron_tlg-methods" timestamp="2025-12-29T07:08:04Z" hostname="0bad4fde277d" tests="62" skipped="1" failures="0" errors="0" time="9.556">
    <testcase time="1.281" classname="chevron_tlg_methods" name="run_works_as_expected_for_chevron_t_object"/>
    <testcase time="0.323" classname="chevron_tlg_methods" name="run_works_as_expected_for_chevron_t_object"/>
    <testcase time="0.632999999999996" classname="chevron_tlg_methods" name="run_works_as_expected_for_chevron_t_object_when_auto_pre_FALSE"/>
    <testcase time="0.310000000000002" classname="chevron_tlg_methods" name="run_works_as_expected_with_argument_printed"/>
    <testcase time="0.116999999999997" classname="chevron_tlg_methods" name="run_works_as_expected_with_argument_printed"/>
    <testcase time="0.413000000000004" classname="chevron_tlg_methods" name="run_works_as_expected_with_argument_printed_if_the_user_argument_is_complicated"/>
    <testcase time="0.173000000000002" classname="chevron_tlg_methods" name="run_works_as_expected_with_argument_printed_if_the_user_argument_is_complicated"/>
    <testcase time="0.421999999999997" classname="chevron_tlg_methods" name="run_uses_the_argument_passed_through_the_ellipsis_in_priority"/>
    <testcase time="0.173000000000002" classname="chevron_tlg_methods" name="run_uses_the_argument_passed_through_the_ellipsis_in_priority"/>
    <testcase time="0.308" classname="chevron_tlg_methods" name="run_works_as_expected_with_partial_match_argument"/>
    <testcase time="0.126999999999995" classname="chevron_tlg_methods" name="run_works_as_expected_with_partial_match_argument"/>
    <testcase time="0.43" classname="chevron_tlg_methods" name="run_displays_the_symbols_when_available"/>
    <testcase time="0.169000000000004" classname="chevron_tlg_methods" name="run_displays_the_symbols_when_available"/>
    <testcase time="0.311" classname="chevron_tlg_methods" name="run_print_internal_functions_when_unwrap_is_TRUE"/>
    <testcase time="0.000999999999997669" classname="chevron_tlg_methods" name="run_print_internal_functions_when_unwrap_is_TRUE"/>
    <testcase time="0.00200000000000244" classname="chevron_tlg_methods" name="run_print_internal_functions_when_unwrap_is_TRUE"/>
    <testcase time="0.00900000000000034" classname="chevron_tlg_methods" name="run_print_internal_functions_when_unwrap_is_TRUE"/>
    <testcase time="1.762" classname="chevron_tlg_methods" name="run_print_internal_functions_when_unwrap_is_TRUE_and_standard_chevron_tlg_has_no_layout"/>
    <testcase time="0.0189999999999984" classname="chevron_tlg_methods" name="run_print_internal_functions_when_unwrap_is_TRUE_and_the_chevron_tlg_object_is_customized"/>
    <testcase time="0.00200000000000244" classname="chevron_tlg_methods" name="run_print_internal_functions_when_unwrap_is_TRUE_and_the_chevron_tlg_object_is_customized"/>
    <testcase time="0.000999999999997669" classname="chevron_tlg_methods" name="run_print_internal_functions_when_unwrap_is_TRUE_and_the_chevron_tlg_object_is_customized"/>
    <testcase time="0.00900000000000034" classname="chevron_tlg_methods" name="run_print_internal_functions_when_unwrap_is_TRUE_and_the_chevron_tlg_object_is_customized"/>
    <testcase time="0.00999999999999801" classname="chevron_tlg_methods" name="run_print_main_and_postprocessing_functions_when_unwrap_is_TRUE_and_auto_pre_is_FALSE"/>
    <testcase time="0.00100000000000477" classname="chevron_tlg_methods" name="run_print_main_and_postprocessing_functions_when_unwrap_is_TRUE_and_auto_pre_is_FALSE"/>
    <testcase time="0.000999999999997669" classname="chevron_tlg_methods" name="run_print_main_and_postprocessing_functions_when_unwrap_is_TRUE_and_auto_pre_is_FALSE"/>
    <testcase time="0.00199999999999534" classname="chevron_tlg_methods" name="run_print_main_and_postprocessing_functions_when_unwrap_is_TRUE_and_auto_pre_is_FALSE"/>
    <testcase time="0.00800000000000267" classname="chevron_tlg_methods" name="run_print_main_and_postprocessing_functions_when_unwrap_is_TRUE_and_auto_pre_is_FALSE"/>
    <testcase time="0.00500000000000256" classname="chevron_tlg_methods" name="args_ls_works_as_expected"/>
    <testcase time="0.000999999999997669" classname="chevron_tlg_methods" name="args_ls_works_as_expected"/>
    <testcase time="0.000999999999997669" classname="chevron_tlg_methods" name="args_ls_works_as_expected"/>
    <testcase time="0.00600000000000023" classname="chevron_tlg_methods" name="args_ls_works_as_expected_when_simplify_is_TRUE"/>
    <testcase time="0.00100000000000477" classname="chevron_tlg_methods" name="args_ls_works_as_expected_when_simplify_is_TRUE"/>
    <testcase time="0.000999999999997669" classname="chevron_tlg_methods" name="args_ls_works_as_expected_when_simplify_is_TRUE"/>
    <testcase time="0.00600000000000023" classname="chevron_tlg_methods" name="args_ls_works_as_expected_with_custom_chevron_tlg_object"/>
    <testcase time="0.000999999999997669" classname="chevron_tlg_methods" name="args_ls_works_as_expected_with_custom_chevron_tlg_object"/>
    <testcase time="0.00100000000000477" classname="chevron_tlg_methods" name="args_ls_works_as_expected_with_custom_chevron_tlg_object"/>
    <testcase time="0.00300000000000011" classname="chevron_tlg_methods" name="args_ls_works_as_expected_with_custom_chevron_tlg_object"/>
    <testcase time="0.00600000000000023" classname="chevron_tlg_methods" name="main_works_as_expected"/>
    <testcase time="0.0069999999999979" classname="chevron_tlg_methods" name="main_setter_works_as_expected"/>
    <testcase time="0.00999999999999801" classname="chevron_tlg_methods" name="main_setter_throw_an_error_as_expected"/>
    <testcase time="0.0069999999999979" classname="chevron_tlg_methods" name="preprocess_works_as_expected"/>
    <testcase time="0.00600000000000023" classname="chevron_tlg_methods" name="preprocess_setter_works_as_expected"/>
    <testcase time="0.0100000000000051" classname="chevron_tlg_methods" name="preprocess_sends_an_error_as_expected"/>
    <testcase time="0.00600000000000023" classname="chevron_tlg_methods" name="postprocess_works_as_expected"/>
    <testcase time="0.0069999999999979" classname="chevron_tlg_methods" name="postprocess_setter_works_as_expected"/>
    <testcase time="0.0110000000000028" classname="chevron_tlg_methods" name="postprocess_sends_an_error_as_expected"/>
    <testcase time="0.00600000000000023" classname="chevron_tlg_methods" name="dataset_works_as_expected"/>
    <testcase time="0.00799999999999557" classname="chevron_tlg_methods" name="dataset_setter_works_as_expected"/>
    <testcase time="0.00999999999999801" classname="chevron_tlg_methods" name="dataset_sends_an_error_as_expected"/>
    <testcase time="0.00500000000000256" classname="chevron_tlg_methods" name="script_funs_works_as_expected_in_interactive_mode">
      <skipped message="Reason: !interactive() is TRUE ('test-chevron_tlg-methods.R:287:3')"/>
    </testcase>
    <testcase time="0.0150000000000006" classname="chevron_tlg_methods" name="script_funs_works_as_expected"/>
    <testcase time="0.00200000000000244" classname="chevron_tlg_methods" name="script_funs_works_as_expected"/>
    <testcase time="2.335" classname="chevron_tlg_methods" name="script_funs_generates_a_valid_script"/>
    <testcase time="0.000999999999997669" classname="chevron_tlg_methods" name="script_funs_generates_a_valid_script"/>
    <testcase time="0.00200000000000244" classname="chevron_tlg_methods" name="script_funs_generates_a_valid_script"/>
    <testcase time="0.000999999999997669" classname="chevron_tlg_methods" name="script_funs_generates_a_valid_script"/>
    <testcase time="0.00600000000000023" classname="chevron_tlg_methods" name="script_funs_generates_a_valid_script"/>
    <testcase time="0.0150000000000006" classname="chevron_tlg_methods" name="script_funs_generates_a_valid_script"/>
    <testcase time="0.00600000000000023" classname="chevron_tlg_methods" name="script_funs_works_for_simple_template"/>
    <testcase time="0.00199999999999534" classname="chevron_tlg_methods" name="script_funs_works_for_simple_template"/>
    <testcase time="0.0160000000000053" classname="chevron_tlg_methods" name="print_list_works"/>
    <testcase time="0.0129999999999981" classname="chevron_tlg_methods" name="print_list_works_for_empty_list"/>
  </testsuite>
  <testsuite name="cml02a_gl" timestamp="2025-12-29T07:08:13Z" hostname="0bad4fde277d" tests="6" skipped="0" failures="0" errors="0" time="0.331">
    <testcase time="0.0309999999999988" classname="cml02a_gl" name="cml02a_gl_works_with_adcm_dataset"/>
    <testcase time="0.0919999999999987" classname="cml02a_gl" name="cml02a_gl_works_with_adcm_dataset"/>
    <testcase time="0.0320000000000036" classname="cml02a_gl" name="cml02a_gl_works_with_missing_data"/>
    <testcase time="0.0649999999999977" classname="cml02a_gl" name="cml02a_gl_works_with_missing_data"/>
    <testcase time="0.0260000000000034" classname="cml02a_gl" name="cml02a_gl_functions_work_as_expected"/>
    <testcase time="0.0849999999999937" classname="cml02a_gl" name="cml02a_gl_functions_work_as_expected"/>
  </testsuite>
  <testsuite name="cmt01a" timestamp="2025-12-29T07:08:14Z" hostname="0bad4fde277d" tests="6" skipped="0" failures="0" errors="0" time="2.918">
    <testcase time="0.869000000000007" classname="cmt01a" name="cmt01a_functions_with_default_argument_value_return_expected_result_with_test_data"/>
    <testcase time="0.858999999999995" classname="cmt01a" name="cmt01a_functions_with_custom_argument_value_return_expected_result_with_test_data"/>
    <testcase time="0.161999999999999" classname="cmt01a" name="cmt01a_can_handle_all_NA_values"/>
    <testcase time="0.078000000000003" classname="cmt01a" name="cmt01a_can_handle_all_NA_values"/>
    <testcase time="0.674999999999997" classname="cmt01a" name="cmt01a_can_handle_some_NA_values"/>
    <testcase time="0.275000000000006" classname="cmt01a" name="cmt01a_can_handle_some_NA_values"/>
  </testsuite>
  <testsuite name="cmt02_pt" timestamp="2025-12-29T07:08:17Z" hostname="0bad4fde277d" tests="4" skipped="0" failures="0" errors="0" time="0.465">
    <testcase time="0.126999999999995" classname="cmt02_pt" name="cmt02_pt_can_handle_all_NA_values"/>
    <testcase time="0.0650000000000048" classname="cmt02_pt" name="cmt02_pt_can_handle_all_NA_values"/>
    <testcase time="0.167999999999999" classname="cmt02_pt" name="cmt02_pt_can_handle_some_NA_values"/>
    <testcase time="0.104999999999997" classname="cmt02_pt" name="cmt02_pt_can_handle_some_NA_values"/>
  </testsuite>
  <testsuite name="coxt01" timestamp="2025-12-29T07:08:17Z" hostname="0bad4fde277d" tests="9" skipped="0" failures="0" errors="0" time="1.446">
    <testcase time="0.337000000000003" classname="coxt01" name="coxt01_can_handle_some_NA_values"/>
    <testcase time="0.0949999999999989" classname="coxt01" name="coxt01_can_handle_some_NA_values"/>
    <testcase time="0.265000000000001" classname="coxt01" name="coxt01_can_handle_some_NA_values"/>
    <testcase time="0.0859999999999985" classname="coxt01" name="coxt01_can_handle_some_NA_values"/>
    <testcase time="0.213000000000001" classname="coxt01" name="coxt01_can_handle_some_NA_values"/>
    <testcase time="0.0910000000000011" classname="coxt01" name="coxt01_can_handle_some_NA_values"/>
    <testcase time="0.253" classname="coxt01" name="coxt01_can_handle_some_NA_values"/>
    <testcase time="0.0810000000000031" classname="coxt01" name="coxt01_can_handle_some_NA_values"/>
    <testcase time="0.0249999999999986" classname="coxt01" name="coxt01_fails_on_incomlete_data"/>
  </testsuite>
  <testsuite name="coxt02" timestamp="2025-12-29T07:08:18Z" hostname="0bad4fde277d" tests="9" skipped="0" failures="0" errors="0" time="1.958">
    <testcase time="0.458999999999996" classname="coxt02" name="coxt02_can_handle_some_NA_values"/>
    <testcase time="0.108000000000004" classname="coxt02" name="coxt02_can_handle_some_NA_values"/>
    <testcase time="0.457000000000001" classname="coxt02" name="coxt02_can_handle_some_NA_values"/>
    <testcase time="0.122" classname="coxt02" name="coxt02_can_handle_some_NA_values"/>
    <testcase time="0.289999999999999" classname="coxt02" name="coxt02_can_handle_some_NA_values"/>
    <testcase time="0.0989999999999966" classname="coxt02" name="coxt02_can_handle_some_NA_values"/>
    <testcase time="0.304000000000002" classname="coxt02" name="coxt02_can_handle_some_NA_values"/>
    <testcase time="0.103000000000002" classname="coxt02" name="coxt02_can_handle_some_NA_values"/>
    <testcase time="0.0159999999999982" classname="coxt02" name="coxt02_fails_on_incomlete_data"/>
  </testsuite>
  <testsuite name="default_tlg" timestamp="2025-12-29T07:08:20Z" hostname="0bad4fde277d" tests="15" skipped="0" failures="0" errors="0" time="10.041">
    <testcase time="0.103999999999999" classname="default_tlg" name="ael01_nollt_function_with_default_argument_value_return_expected_result_with_test_data"/>
    <testcase time="0.444000000000003" classname="default_tlg" name="aet01_function_with_default_argument_value_return_expected_result_with_test_data"/>
    <testcase time="0.372999999999998" classname="default_tlg" name="aet01_aesi_function_with_default_argument_value_return_expected_result_with_test_data"/>
    <testcase time="0.792999999999999" classname="default_tlg" name="aet02_functions_with_default_argument_value_return_expected_result_with_test_data"/>
    <testcase time="1.908" classname="default_tlg" name="aet03_functions_with_default_argument_value_return_expected_result_with_test_data"/>
    <testcase time="3.066" classname="default_tlg" name="aet04_functions_with_default_argument_value_return_expected_result_with_test_data"/>
    <testcase time="0.299999999999997" classname="default_tlg" name="aet05_functions_with_default_argument_value_return_expected_result_with_test_data"/>
    <testcase time="0.323" classname="default_tlg" name="aet05_all_functions_with_default_argument_value_return_expected_result_with_test_data"/>
    <testcase time="0.215000000000003" classname="default_tlg" name="aet10_functions_with_default_argument_value_return_expected_result_with_test_data"/>
    <testcase time="0.286999999999999" classname="default_tlg" name="cmt02_pt_functions_with_default_argument_value_return_expected_result_with_test_data"/>
    <testcase time="0.415999999999997" classname="default_tlg" name="coxt01_functions_with_default_argument_value_return_expected_result_with_test_data"/>
    <testcase time="0.570999999999998" classname="default_tlg" name="coxt02_functions_with_default_argument_value_return_expected_result_with_test_data"/>
    <testcase time="0.436" classname="default_tlg" name="dmt01_functions_with_default_argument_value_return_expected_result_with_test_data"/>
    <testcase time="0.337000000000003" classname="default_tlg" name="dst01_functions_with_default_argument_value_return_expected_result_with_test_data"/>
    <testcase time="0.468000000000004" classname="default_tlg" name="dtht01_functions_with_default_argument_value_return_expected_result_with_test_data"/>
  </testsuite>
  <testsuite name="dmt01" timestamp="2025-12-29T07:08:30Z" hostname="0bad4fde277d" tests="19" skipped="0" failures="0" errors="0" time="2.841">
    <testcase time="0.220999999999989" classname="dmt01" name="dmt01_can_handle_NA_values"/>
    <testcase time="0.13900000000001" classname="dmt01" name="dmt01_can_handle_NA_values"/>
    <testcase time="0.225000000000009" classname="dmt01" name="dmt01_can_handle_numeric_NA_values"/>
    <testcase time="0.170999999999992" classname="dmt01" name="dmt01_can_handle_numeric_NA_values"/>
    <testcase time="0.0160000000000053" classname="dmt01" name="dmt01_returns_an_error_when_variables_are_of_the_wrong_type"/>
    <testcase time="0.162999999999997" classname="dmt01" name="dmt01_works_as_expected_with_setting_default_precision"/>
    <testcase time="0.149000000000001" classname="dmt01" name="dmt01_works_as_expected_with_setting_default_precision"/>
    <testcase time="0.182000000000002" classname="dmt01" name="dmt01_works_as_expected_with_auto_precision_settings"/>
    <testcase time="0.158000000000001" classname="dmt01" name="dmt01_works_as_expected_with_auto_precision_settings"/>
    <testcase time="0.170999999999992" classname="dmt01" name="dmt01_works_as_expected_with_auto_precision_settings_and_defined_precision"/>
    <testcase time="0.15100000000001" classname="dmt01" name="dmt01_works_as_expected_with_auto_precision_settings_and_defined_precision"/>
    <testcase time="0.164000000000001" classname="dmt01" name="dmt01_works_as_expected_with_auto_precision_settings_and_defined_precision_and_default"/>
    <testcase time="0.150999999999996" classname="dmt01" name="dmt01_works_as_expected_with_auto_precision_settings_and_defined_precision_and_default"/>
    <testcase time="0.156999999999996" classname="dmt01" name="dmt01_works_as_expected_with_cutomized_stats_value"/>
    <testcase time="0.135999999999996" classname="dmt01" name="dmt01_works_as_expected_with_cutomized_stats_value"/>
    <testcase time="0.163000000000011" classname="dmt01" name="dmt01_works_as_expected_with_empty_list_as_stats_value"/>
    <testcase time="0.150999999999996" classname="dmt01" name="dmt01_works_as_expected_with_empty_list_as_stats_value"/>
    <testcase time="0.090999999999994" classname="dmt01" name="dmt01_works_as_expected_with_only_one_summaryvars"/>
    <testcase time="0.0820000000000078" classname="dmt01" name="dmt01_works_as_expected_with_only_one_summaryvars"/>
  </testsuite>
  <testsuite name="dst01" timestamp="2025-12-29T07:08:33Z" hostname="0bad4fde277d" tests="14" skipped="0" failures="0" errors="0" time="1.965">
    <testcase time="0.150999999999996" classname="dst01" name="dst01_works_as_expected_when_all_data_are_NA"/>
    <testcase time="0.0370000000000061" classname="dst01" name="dst01_works_as_expected_when_all_data_are_NA"/>
    <testcase time="0.126999999999995" classname="dst01" name="dst01_can_handle_all_NA_values_in_DCSREAS"/>
    <testcase time="0.0619999999999976" classname="dst01" name="dst01_can_handle_all_NA_values_in_DCSREAS"/>
    <testcase time="0.182000000000002" classname="dst01" name="dst01_can_handle_some_NA_values"/>
    <testcase time="0.100999999999999" classname="dst01" name="dst01_can_handle_some_NA_values"/>
    <testcase time="0.140000000000001" classname="dst01" name="dst01_can_handle_missing_levels_in_status_var"/>
    <testcase time="0.0430000000000064" classname="dst01" name="dst01_can_handle_missing_levels_in_status_var"/>
    <testcase time="0.224999999999994" classname="dst01" name="dst01_can_create_variants"/>
    <testcase time="0.0969999999999942" classname="dst01" name="dst01_can_create_variants"/>
    <testcase time="0.26100000000001" classname="dst01" name="dst01_can_create_variants"/>
    <testcase time="0.111000000000004" classname="dst01" name="dst01_can_create_variants"/>
    <testcase time="0.305000000000007" classname="dst01" name="dst01_can_create_variants"/>
    <testcase time="0.12299999999999" classname="dst01" name="dst01_can_create_variants"/>
  </testsuite>
  <testsuite name="dtht01" timestamp="2025-12-29T07:08:35Z" hostname="0bad4fde277d" tests="5" skipped="0" failures="0" errors="0" time="1.045">
    <testcase time="0.116" classname="dtht01" name="dtht01_can_handle_all_NA_values"/>
    <testcase time="0.0760000000000076" classname="dtht01" name="dtht01_can_handle_all_NA_values"/>
    <testcase time="0.268000000000001" classname="dtht01" name="dtht01_can_handle_some_NA_values"/>
    <testcase time="0.156999999999996" classname="dtht01" name="dtht01_can_handle_some_NA_values"/>
    <testcase time="0.427999999999997" classname="dtht01" name="dtht01_can_be_parametrize_as_expected"/>
  </testsuite>
  <testsuite name="egt01" timestamp="2025-12-29T07:08:36Z" hostname="0bad4fde277d" tests="3" skipped="0" failures="0" errors="0" time="6.469">
    <testcase time="3.209" classname="egt01" name="egt01_functions_with_default_argument_value_return_expected_result_with_test_data"/>
    <testcase time="1.506" classname="egt01" name="egt01_can_handle_n_0_and_outputs_NE_instead_of_infs_and_NAs"/>
    <testcase time="1.754" classname="egt01" name="egt01_can_handle_n_0_and_outputs_NE_instead_of_infs_and_NAs"/>
  </testsuite>
  <testsuite name="egt02" timestamp="2025-12-29T07:08:43Z" hostname="0bad4fde277d" tests="2" skipped="0" failures="0" errors="0" time="0.474">
    <testcase time="0.247" classname="egt02" name="egt02_1_functions_with_default_argument_value_return_expected_result_with_test_data"/>
    <testcase time="0.22699999999999" classname="egt02" name="egt02_2_functions_with_default_value_return_expected_result_with_test_data"/>
  </testsuite>
  <testsuite name="egt03" timestamp="2025-12-29T07:08:43Z" hostname="0bad4fde277d" tests="5" skipped="0" failures="0" errors="0" time="2.848">
    <testcase time="1.40300000000001" classname="egt03" name="egt03_functions_with_default_argument_value_return_expected_result_with_test_data"/>
    <testcase time="0.0219999999999914" classname="egt03" name="egt03_errors_on_all_NA_values"/>
    <testcase time="0.619000000000014" classname="egt03" name="egt03_can_handle_some_NA_values"/>
    <testcase time="0.787999999999997" classname="egt03" name="egt03_can_handle_some_NA_values"/>
    <testcase time="0.0159999999999911" classname="egt03" name="egt03_fails_on_incomplete_data"/>
  </testsuite>
  <testsuite name="egt05_qtcat" timestamp="2025-12-29T07:08:46Z" hostname="0bad4fde277d" tests="4" skipped="0" failures="0" errors="0" time="3.081">
    <testcase time="2.14500000000001" classname="egt05_qtcat" name="egt05_qtcat_functions_with_default_argument_value_return_expected_result_with_test_data"/>
    <testcase time="0.0169999999999959" classname="egt05_qtcat" name="egt05_qtcat_erros_on_all_NA_values"/>
    <testcase time="0.469999999999999" classname="egt05_qtcat" name="egt05_qtcat_can_handle_some_NA_values"/>
    <testcase time="0.448999999999998" classname="egt05_qtcat" name="egt05_qtcat_can_handle_some_NA_values"/>
  </testsuite>
  <testsuite name="empty_report" timestamp="2025-12-29T07:08:49Z" hostname="0bad4fde277d" tests="25" skipped="0" failures="0" errors="0" time="3.368">
    <testcase time="0.103000000000009" classname="empty_report" name="tlg_functions_return_null_reports_when_domain_table_is_empty"/>
    <testcase time="0.316999999999993" classname="empty_report" name="tlg_functions_return_null_reports_when_domain_table_is_empty"/>
    <testcase time="0.216999999999999" classname="empty_report" name="tlg_functions_return_null_reports_when_domain_table_is_empty"/>
    <testcase time="0.134" classname="empty_report" name="tlg_functions_return_null_reports_when_domain_table_is_empty"/>
    <testcase time="0.156999999999996" classname="empty_report" name="tlg_functions_return_null_reports_when_domain_table_is_empty"/>
    <testcase time="0.0760000000000076" classname="empty_report" name="tlg_functions_return_null_reports_when_domain_table_is_empty"/>
    <testcase time="0.125" classname="empty_report" name="tlg_functions_return_null_reports_when_domain_table_is_empty"/>
    <testcase time="0.177999999999997" classname="empty_report" name="tlg_functions_return_null_reports_when_domain_table_is_empty"/>
    <testcase time="0.212999999999994" classname="empty_report" name="tlg_functions_return_null_reports_when_domain_table_is_empty"/>
    <testcase time="0.103999999999999" classname="empty_report" name="tlg_functions_return_null_reports_when_domain_table_is_empty"/>
    <testcase time="0.121000000000009" classname="empty_report" name="tlg_functions_return_null_reports_when_domain_table_is_empty"/>
    <testcase time="0.0660000000000025" classname="empty_report" name="tlg_functions_return_null_reports_when_domain_table_is_empty"/>
    <testcase time="0.0579999999999927" classname="empty_report" name="tlg_functions_return_null_reports_when_domain_table_is_empty"/>
    <testcase time="0.0870000000000033" classname="empty_report" name="tlg_functions_return_null_reports_when_domain_table_is_empty"/>
    <testcase time="0.0939999999999941" classname="empty_report" name="tlg_functions_return_null_reports_when_domain_table_is_empty"/>
    <testcase time="0.0910000000000082" classname="empty_report" name="tlg_functions_return_null_reports_when_domain_table_is_empty"/>
    <testcase time="0.113" classname="empty_report" name="tlg_functions_return_null_reports_when_domain_table_is_empty"/>
    <testcase time="0.114999999999995" classname="empty_report" name="tlg_functions_return_null_reports_when_domain_table_is_empty"/>
    <testcase time="0.400000000000006" classname="empty_report" name="tlg_functions_return_null_reports_when_domain_table_is_empty"/>
    <testcase time="0.131" classname="empty_report" name="tlg_functions_return_null_reports_when_domain_table_is_empty"/>
    <testcase time="0.106000000000009" classname="empty_report" name="tlg_functions_return_null_reports_when_domain_table_is_empty"/>
    <testcase time="0.119" classname="empty_report" name="tlg_functions_return_null_reports_when_domain_table_is_empty"/>
    <testcase time="0.108000000000004" classname="empty_report" name="tlg_functions_return_null_reports_when_domain_table_is_empty"/>
    <testcase time="0.0779999999999887" classname="empty_report" name="tlg_functions_return_null_reports_when_domain_table_is_empty"/>
    <testcase time="0.0570000000000022" classname="empty_report" name="tlg_functions_return_null_reports_when_domain_table_is_empty"/>
  </testsuite>
  <testsuite name="ext01" timestamp="2025-12-29T07:08:53Z" hostname="0bad4fde277d" tests="11" skipped="0" failures="0" errors="0" time="4.602">
    <testcase time="0.427000000000007" classname="ext01" name="ext01_functions_with_default_argument_value_return_expected_result_with_test_data"/>
    <testcase time="0.48299999999999" classname="ext01" name="ext01_functions_with_categorical_data_return_expected_result_with_test_data"/>
    <testcase time="0.25800000000001" classname="ext01" name="ext01_works"/>
    <testcase time="0.167999999999992" classname="ext01" name="ext01_works"/>
    <testcase time="0.256" classname="ext01" name="ext01_works"/>
    <testcase time="0.171000000000006" classname="ext01" name="ext01_works"/>
    <testcase time="0.664999999999992" classname="ext01" name="ext01_works_for_selected_parameters_and_categorical_variables"/>
    <testcase time="0.622" classname="ext01" name="ext01_works_with_custom_mapping_order"/>
    <testcase time="0.588999999999999" classname="ext01" name="ext01_works_with_custom_mapping_order_for_a_single_split"/>
    <testcase time="0.603000000000009" classname="ext01" name="ext01_works_with_custom_mapping_fill_in_value"/>
    <testcase time="0.359999999999999" classname="ext01" name="ext01_precision_argument_works_as_expected"/>
  </testsuite>
  <testsuite name="fstg01" timestamp="2025-12-29T07:08:57Z" hostname="0bad4fde277d" tests="13" skipped="0" failures="0" errors="0" time="8.275">
    <testcase time="0.0150000000000006" classname="fstg01" name="fstg01_works_as_expected"/>
    <testcase time="1.565" classname="fstg01" name="fstg01_works_as_expected"/>
    <testcase time="0.00100000000000477" classname="fstg01" name="fstg01_works_as_expected"/>
    <testcase time="1.55" classname="fstg01" name="fstg01_works_as_expected_with_custom_color_set"/>
    <testcase time="0.00199999999999534" classname="fstg01" name="fstg01_works_as_expected_with_custom_color_set"/>
    <testcase time="1.559" classname="fstg01" name="fstg01_works_as_expected_with_custom_color_set"/>
    <testcase time="0.00100000000000477" classname="fstg01" name="fstg01_works_as_expected_with_custom_color_set"/>
    <testcase time="0.864999999999995" classname="fstg01" name="fstg01_works_if_changes_are_in_subgroups_conf_level_and_label_all"/>
    <testcase time="0.00100000000000477" classname="fstg01" name="fstg01_works_if_changes_are_in_subgroups_conf_level_and_label_all"/>
    <testcase time="1.14" classname="fstg01" name="fstg01_works_if_changes_are_in_subgroups_conf_level_and_label_all"/>
    <testcase time="0.00199999999999534" classname="fstg01" name="fstg01_works_if_changes_are_in_subgroups_conf_level_and_label_all"/>
    <testcase time="1.57300000000001" classname="fstg01" name="fstg01_can_handle_some_NA_values_in_subgroups"/>
    <testcase time="0.00100000000000477" classname="fstg01" name="fstg01_can_handle_some_NA_values_in_subgroups"/>
  </testsuite>
  <testsuite name="fstg02" timestamp="2025-12-29T07:09:05Z" hostname="0bad4fde277d" tests="17" skipped="0" failures="0" errors="0" time="11.604">
    <testcase time="0.039999999999992" classname="fstg02" name="fstg02_works_as_expected"/>
    <testcase time="1.544" classname="fstg02" name="fstg02_works_as_expected"/>
    <testcase time="0.00100000000000477" classname="fstg02" name="fstg02_works_as_expected"/>
    <testcase time="1.535" classname="fstg02" name="fstg02_works_as_expected_with_custom_color_set"/>
    <testcase time="0.00200000000000955" classname="fstg02" name="fstg02_works_as_expected_with_custom_color_set"/>
    <testcase time="1.56599999999999" classname="fstg02" name="fstg02_works_as_expected_with_custom_color_set"/>
    <testcase time="0.00100000000000477" classname="fstg02" name="fstg02_works_as_expected_with_custom_color_set"/>
    <testcase time="0.829999999999998" classname="fstg02" name="fstg02_works_if_changes_are_in_subgroups_strata_var_conf_level_and_label_all"/>
    <testcase time="0.00100000000000477" classname="fstg02" name="fstg02_works_if_changes_are_in_subgroups_strata_var_conf_level_and_label_all"/>
    <testcase time="1.101" classname="fstg02" name="fstg02_works_if_changes_are_in_subgroups_strata_var_conf_level_and_label_all"/>
    <testcase time="0.00100000000000477" classname="fstg02" name="fstg02_works_if_changes_are_in_subgroups_strata_var_conf_level_and_label_all"/>
    <testcase time="1.637" classname="fstg02" name="fstg02_can_handle_some_NA_values_in_subgroups"/>
    <testcase time="0.000999999999990564" classname="fstg02" name="fstg02_can_handle_some_NA_values_in_subgroups"/>
    <testcase time="1.616" classname="fstg02" name="fstg02_can_handle_customized_time_units"/>
    <testcase time="0.00200000000000955" classname="fstg02" name="fstg02_can_handle_customized_time_units"/>
    <testcase time="1.72499999999999" classname="fstg02" name="fstg02_can_handle_customized_time_units"/>
    <testcase time="0.00100000000000477" classname="fstg02" name="fstg02_can_handle_customized_time_units"/>
  </testsuite>
  <testsuite name="kmg01" timestamp="2025-12-29T07:09:17Z" hostname="0bad4fde277d" tests="13" skipped="0" failures="0" errors="0" time="3.834">
    <testcase time="0.0139999999999958" classname="kmg01" name="kmg01_works_as_expected"/>
    <testcase time="0.634" classname="kmg01" name="kmg01_works_as_expected"/>
    <testcase time="0.00199999999999534" classname="kmg01" name="kmg01_works_as_expected"/>
    <testcase time="0.640000000000001" classname="kmg01" name="kmg01_works_as_expected_with_custom_color_set"/>
    <testcase time="0.00199999999999534" classname="kmg01" name="kmg01_works_as_expected_with_custom_color_set"/>
    <testcase time="0.64200000000001" classname="kmg01" name="kmg01_works_as_expected_with_custom_color_set"/>
    <testcase time="0.00199999999999534" classname="kmg01" name="kmg01_works_as_expected_with_custom_color_set"/>
    <testcase time="0.677999999999997" classname="kmg01" name="kmg01_works_if_change_pvalue_ties_and_conf_level"/>
    <testcase time="0.00100000000000477" classname="kmg01" name="kmg01_works_if_change_pvalue_ties_and_conf_level"/>
    <testcase time="0.713999999999999" classname="kmg01" name="kmg01_works_if_change_annotation_position"/>
    <testcase time="0.00100000000000477" classname="kmg01" name="kmg01_works_if_change_annotation_position"/>
    <testcase time="0.503" classname="kmg01" name="kmg01_works_for_stratified_analysis"/>
    <testcase time="0.000999999999990564" classname="kmg01" name="kmg01_works_for_stratified_analysis"/>
  </testsuite>
  <testsuite name="lbt01" timestamp="2025-12-29T07:09:21Z" hostname="0bad4fde277d" tests="4" skipped="0" failures="0" errors="0" time="9.369">
    <testcase time="3.13300000000001" classname="lbt01" name="lbt01_functions_with_default_argument_value_return_expected_result_with_test_data"/>
    <testcase time="3.164" classname="lbt01" name="lbt01_functions_with_row_split_var_return_expected_result_with_test_data"/>
    <testcase time="1.23099999999999" classname="lbt01" name="lbt01_can_handle_n_0_and_outputs_NE_instead_of_infs_and_NAs"/>
    <testcase time="1.84099999999999" classname="lbt01" name="lbt01_can_handle_n_0_and_outputs_NE_instead_of_infs_and_NAs"/>
  </testsuite>
  <testsuite name="lbt04" timestamp="2025-12-29T07:09:30Z" hostname="0bad4fde277d" tests="8" skipped="0" failures="0" errors="0" time="2.843">
    <testcase time="0.87700000000001" classname="lbt04" name="lbt04_functions_with_default_argument_value_return_expected_result_with_test_data"/>
    <testcase time="0.105999999999995" classname="lbt04" name="lbt04_can_handle_all_NA_values"/>
    <testcase time="0.0379999999999967" classname="lbt04" name="lbt04_can_handle_all_NA_values"/>
    <testcase time="0.362000000000009" classname="lbt04" name="lbt04_can_handle_missing_levels"/>
    <testcase time="0.534999999999997" classname="lbt04" name="lbt04_can_handle_missing_levels"/>
    <testcase time="0.367000000000004" classname="lbt04" name="lbt04_can_handle_some_NA_values"/>
    <testcase time="0.542000000000002" classname="lbt04" name="lbt04_can_handle_some_NA_values"/>
    <testcase time="0.0159999999999911" classname="lbt04" name="lbt04_fails_on_incomlete_data"/>
  </testsuite>
  <testsuite name="lbt05" timestamp="2025-12-29T07:09:33Z" hostname="0bad4fde277d" tests="14" skipped="0" failures="0" errors="0" time="4.039">
    <testcase time="0.569000000000003" classname="lbt05" name="lbt05_functions_with_default_argument_value_return_expected_result_with_test_data"/>
    <testcase time="0.200999999999993" classname="lbt05" name="lbt05_functions_with_default_argument_value_return_expected_result_with_test_data"/>
    <testcase time="0.388000000000005" classname="lbt05" name="lbt05_give_all_0_count_if_ANRIND_are_all_missing"/>
    <testcase time="0.369" classname="lbt05" name="lbt05_can_handle_some_NA_values"/>
    <testcase time="0.198000000000008" classname="lbt05" name="lbt05_can_handle_some_NA_values"/>
    <testcase time="0.0370000000000061" classname="lbt05" name="lbt05_fails_on_incomlete_data"/>
    <testcase time="0.363" classname="lbt05" name="lbt05_works_with_missing_levels"/>
    <testcase time="0.205999999999989" classname="lbt05" name="lbt05_works_with_missing_levels"/>
    <testcase time="0.290999999999997" classname="lbt05" name="map_argument_works_as_expected"/>
    <testcase time="0.158999999999992" classname="lbt05" name="map_argument_works_as_expected"/>
    <testcase time="0.332000000000022" classname="lbt05" name="incomplete_map_argument_works_as_expected"/>
    <testcase time="0.185999999999979" classname="lbt05" name="incomplete_map_argument_works_as_expected"/>
    <testcase time="0.585000000000008" classname="lbt05" name="prune_0_keeps_the_Any_Abnormaility_row"/>
    <testcase time="0.155000000000001" classname="lbt05" name="prune_0_keeps_the_Any_Abnormaility_row"/>
  </testsuite>
  <testsuite name="lbt06" timestamp="2025-12-29T07:09:37Z" hostname="0bad4fde277d" tests="3" skipped="0" failures="0" errors="0" time="3.384">
    <testcase time="1.001" classname="lbt06" name="lbt06_gives_all_0_count_if_ANRIND_and_BNRIND_are_all_missing"/>
    <testcase time="2.351" classname="lbt06" name="lbt06_can_handle_some_NA_values"/>
    <testcase time="0.0320000000000107" classname="lbt06" name="lbt06_fails_on_incomplete_data"/>
  </testsuite>
  <testsuite name="lbt07" timestamp="2025-12-29T07:09:41Z" hostname="0bad4fde277d" tests="4" skipped="0" failures="0" errors="0" time="1.339">
    <testcase time="0.651999999999987" classname="lbt07" name="lbt07_functions_with_default_argument_value_return_expected_result_with_test_data"/>
    <testcase time="0.419999999999987" classname="lbt07" name="lbt07_can_handle_some_NA_values"/>
    <testcase time="0.233000000000004" classname="lbt07" name="lbt07_can_handle_some_NA_values"/>
    <testcase time="0.0340000000000202" classname="lbt07" name="lbt07_fails_on_incomlete_data"/>
  </testsuite>
  <testsuite name="lbt14" timestamp="2025-12-29T07:09:42Z" hostname="0bad4fde277d" tests="20" skipped="0" failures="0" errors="0" time="7.603">
    <testcase time="0.629999999999995" classname="lbt14" name="lbt14_functions_with_default_argument_value_return_expected_result_with_test_data"/>
    <testcase time="0.494" classname="lbt14" name="lbt14_functions_with_default_argument_value_return_expected_result_with_test_data_when_direction_high"/>
    <testcase time="0.531000000000006" classname="lbt14" name="lbt14_functions_with_gr_missing_excl_return_expected_result_with_test_data"/>
    <testcase time="0.556999999999988" classname="lbt14" name="lbt14_functions_with_gr_missing_gr_0_return_expected_result_with_test_data"/>
    <testcase time="0.415999999999997" classname="lbt14" name="lbt14_can_handle_all_NA_values"/>
    <testcase time="0.0900000000000034" classname="lbt14" name="lbt14_can_handle_all_NA_values"/>
    <testcase time="0.462999999999994" classname="lbt14" name="lbt14_can_handle_some_NA_values"/>
    <testcase time="0.218999999999994" classname="lbt14" name="lbt14_can_handle_some_NA_values"/>
    <testcase time="1.357" classname="lbt14" name="lbt14_can_accept_different_gr_missing"/>
    <testcase time="0.183999999999997" classname="lbt14" name="lbt14_can_accept_different_gr_missing"/>
    <testcase time="0.186000000000007" classname="lbt14" name="lbt14_can_accept_different_gr_missing"/>
    <testcase time="0.0169999999999959" classname="lbt14" name="lbt14_fails_on_incomlete_data"/>
    <testcase time="0.435000000000002" classname="lbt14" name="lbt14_can_handle_all_NA_values_with_direction_high"/>
    <testcase time="0.0880000000000223" classname="lbt14" name="lbt14_can_handle_all_NA_values_with_direction_high"/>
    <testcase time="0.438999999999993" classname="lbt14" name="lbt14_can_handle_some_NA_values_with_direction_high"/>
    <testcase time="0.114999999999981" classname="lbt14" name="lbt14_can_handle_some_NA_values_with_direction_high"/>
    <testcase time="1.173" classname="lbt14" name="lbt14_can_accept_different_gr_missing_with_direction_high"/>
    <testcase time="0.104000000000013" classname="lbt14" name="lbt14_can_accept_different_gr_missing_with_direction_high"/>
    <testcase time="0.0879999999999939" classname="lbt14" name="lbt14_can_accept_different_gr_missing_with_direction_high"/>
    <testcase time="0.0169999999999959" classname="lbt14" name="lbt14_fails_on_incomlete_data"/>
  </testsuite>
  <testsuite name="lbt15" timestamp="2025-12-29T07:09:49Z" hostname="0bad4fde277d" tests="12" skipped="0" failures="0" errors="0" time="5.21">
    <testcase time="0.863" classname="lbt15" name="lbt15_functions_with_default_argument_value_return_expected_result_with_test_data"/>
    <testcase time="0.342000000000013" classname="lbt15" name="lbt15_can_handle_all_NA_values"/>
    <testcase time="0.518000000000001" classname="lbt15" name="lbt15_can_handle_all_NA_values"/>
    <testcase time="0.353999999999985" classname="lbt15" name="lbt15_can_handle_missing_levels"/>
    <testcase time="0.51600000000002" classname="lbt15" name="lbt15_can_handle_missing_levels"/>
    <testcase time="0.352000000000004" classname="lbt15" name="lbt15_can_handle_missing_levels_in_baseline"/>
    <testcase time="0.514999999999986" classname="lbt15" name="lbt15_can_handle_missing_levels_in_baseline"/>
    <testcase time="0.349999999999994" classname="lbt15" name="lbt15_can_handle_some_NA_values"/>
    <testcase time="0.510000000000019" classname="lbt15" name="lbt15_can_handle_some_NA_values"/>
    <testcase time="0.34699999999998" classname="lbt15" name="lbt15_can_handle_some_NA_values_in_baseline"/>
    <testcase time="0.52600000000001" classname="lbt15" name="lbt15_can_handle_some_NA_values_in_baseline"/>
    <testcase time="0.0169999999999959" classname="lbt15" name="lbt15_fails_on_incomlete_data"/>
  </testsuite>
  <testsuite name="mht01" timestamp="2025-12-29T07:09:55Z" hostname="0bad4fde277d" tests="4" skipped="0" failures="0" errors="0" time="2.466">
    <testcase time="0.514999999999986" classname="mht01" name="mht01_functions_with_default_argument_value_return_expected_result_with_test_data"/>
    <testcase time="0.506" classname="mht01" name="mht01_works"/>
    <testcase time="0.5" classname="mht01" name="mht01_works_on_NULL_in_lbl_mhbodsys_or_lbl_mhdecod"/>
    <testcase time="0.945000000000022" classname="mht01" name="mht01_works_with_other_row_split_var"/>
  </testsuite>
  <testsuite name="mng01" timestamp="2025-12-29T07:09:57Z" hostname="0bad4fde277d" tests="19" skipped="8" failures="0" errors="0" time="14.259">
    <testcase time="1.779" classname="mng01" name="mng01_works_as_expected_with_default_argument_values"/>
    <testcase time="0.00200000000000955" classname="mng01" name="mng01_works_as_expected_with_default_argument_values">
      <skipped message="Reason: On CI ('test-mng01.R:9:5')"/>
    </testcase>
    <testcase time="1.40699999999998" classname="mng01" name="mng01_works_as_expected_with_custom_argument_values"/>
    <testcase time="0.039999999999992" classname="mng01" name="mng01_works_as_expected_with_custom_argument_values"/>
    <testcase time="0.00100000000000477" classname="mng01" name="mng01_works_as_expected_with_custom_argument_values">
      <skipped message="Reason: On CI ('test-mng01.R:45:5')"/>
    </testcase>
    <testcase time="1.49200000000002" classname="mng01" name="mng01_works_as_expected_with_custom_color_set"/>
    <testcase time="1.49699999999999" classname="mng01" name="mng01_works_as_expected_with_custom_color_set"/>
    <testcase time="0.00100000000000477" classname="mng01" name="mng01_works_as_expected_with_custom_color_set">
      <skipped message="Reason: On CI ('test-mng01.R:69:5')"/>
    </testcase>
    <testcase time="1.483" classname="mng01" name="mng01_works_as_expected_with_custom_line_type_set"/>
    <testcase time="1.53799999999998" classname="mng01" name="mng01_works_as_expected_with_custom_line_type_set"/>
    <testcase time="0.00100000000000477" classname="mng01" name="mng01_works_as_expected_with_custom_line_type_set">
      <skipped message="Reason: On CI ('test-mng01.R:91:5')"/>
    </testcase>
    <testcase time="0.206000000000017" classname="mng01" name="mng01_works_with_table_NULL"/>
    <testcase time="0.000999999999976353" classname="mng01" name="mng01_works_with_table_NULL">
      <skipped message="Reason: On CI ('test-mng01.R:104:5')"/>
    </testcase>
    <testcase time="1.55100000000002" classname="mng01" name="mng01_works_with_combination_of_x_variables"/>
    <testcase time="0.00100000000000477" classname="mng01" name="mng01_works_with_combination_of_x_variables">
      <skipped message="Reason: On CI ('test-mng01.R:122:5')"/>
    </testcase>
    <testcase time="1.53899999999999" classname="mng01" name="mng01_works_with_numeric_x_variable"/>
    <testcase time="0.00200000000000955" classname="mng01" name="mng01_works_with_numeric_x_variable">
      <skipped message="Reason: On CI ('test-mng01.R:143:5')"/>
    </testcase>
    <testcase time="1.71699999999998" classname="mng01" name="mng01_works_with_numeric_jitter"/>
    <testcase time="0.00100000000000477" classname="mng01" name="mng01_works_with_numeric_jitter">
      <skipped message="Reason: On CI ('test-mng01.R:161:5')"/>
    </testcase>
  </testsuite>
  <testsuite name="pdt01" timestamp="2025-12-29T07:10:11Z" hostname="0bad4fde277d" tests="5" skipped="0" failures="0" errors="0" time="1.021">
    <testcase time="0.542000000000002" classname="pdt01" name="pdt01_function_with_default_argument_value_return_expected_result_with_test_data"/>
    <testcase time="0.106999999999999" classname="pdt01" name="pdt01_can_handle_all_NA_values"/>
    <testcase time="0.063999999999993" classname="pdt01" name="pdt01_can_handle_all_NA_values"/>
    <testcase time="0.201000000000022" classname="pdt01" name="pdt01_can_handle_some_NA_values"/>
    <testcase time="0.106999999999999" classname="pdt01" name="pdt01_can_handle_some_NA_values"/>
  </testsuite>
  <testsuite name="pdt02" timestamp="2025-12-29T07:10:12Z" hostname="0bad4fde277d" tests="5" skipped="0" failures="0" errors="0" time="0.659">
    <testcase time="0.218999999999994" classname="pdt02" name="pdt02_function_with_default_argument_value_return_expected_result_with_test_data"/>
    <testcase time="0.131" classname="pdt02" name="pdt02_can_handle_all_NA_values"/>
    <testcase time="0.085000000000008" classname="pdt02" name="pdt02_can_handle_all_NA_values"/>
    <testcase time="0.132999999999981" classname="pdt02" name="pdt02_can_handle_some_NA_values"/>
    <testcase time="0.0910000000000082" classname="pdt02" name="pdt02_can_handle_some_NA_values"/>
  </testsuite>
  <testsuite name="reexports" timestamp="2025-12-29T07:10:13Z" hostname="0bad4fde277d" tests="2" skipped="0" failures="0" errors="0" time="0.017">
    <testcase time="0.0109999999999957" classname="reexports" name="with_label_exported_correctly"/>
    <testcase time="0.00600000000000023" classname="reexports" name="reformat_exported_correctly"/>
  </testsuite>
  <testsuite name="report_null" timestamp="2025-12-29T07:10:13Z" hostname="0bad4fde277d" tests="12" skipped="0" failures="0" errors="0" time="0.167">
    <testcase time="0.0180000000000007" classname="report_null" name="report_null_works_as_expected_with_NULL_"/>
    <testcase time="0.0109999999999957" classname="report_null" name="report_null_works_as_expected_with_NULL_"/>
    <testcase time="0.0320000000000107" classname="report_null" name="report_null_works_as_expected_with_VTableTree_"/>
    <testcase time="0.0229999999999961" classname="report_null" name="report_null_works_as_expected_with_VTableTree_"/>
    <testcase time="0.00999999999999091" classname="report_null" name="report_null_works_as_expected_with_VTableTree_"/>
    <testcase time="0.00900000000001455" classname="report_null" name="report_null_works_as_expected_with_listing_df_"/>
    <testcase time="0.0120000000000005" classname="report_null" name="report_null_works_as_expected_with_listing_df_"/>
    <testcase time="0.00999999999999091" classname="report_null" name="report_null_works_as_expected_with_listing_df_"/>
    <testcase time="0.00900000000001455" classname="report_null" name="report_null_works_as_expected_with_list_"/>
    <testcase time="0.0199999999999818" classname="report_null" name="report_null_works_as_expected_with_list_"/>
    <testcase time="0.00600000000000023" classname="report_null" name="report_null_works_as_expected_with_by_default"/>
    <testcase time="0.007000000000005" classname="report_null" name="report_null_works_as_expected_with_by_default"/>
  </testsuite>
  <testsuite name="rmpt01" timestamp="2025-12-29T07:10:13Z" hostname="0bad4fde277d" tests="11" skipped="0" failures="0" errors="0" time="0.944">
    <testcase time="0.12700000000001" classname="rmpt01" name="rmpt01_function_with_default_argument_value_return_expected_result_with_test_data"/>
    <testcase time="0.0689999999999884" classname="rmpt01" name="rmpt01_can_handle_NA_values"/>
    <testcase time="0.0589999999999975" classname="rmpt01" name="rmpt01_can_handle_NA_values"/>
    <testcase time="0.14100000000002" classname="rmpt01" name="rmpt01_can_handle_NA_values"/>
    <testcase time="0.111999999999995" classname="rmpt01" name="rmpt01_can_handle_NA_values"/>
    <testcase time="0.0660000000000025" classname="rmpt01" name="rmpt01_can_handle_some_NA_values"/>
    <testcase time="0.0600000000000023" classname="rmpt01" name="rmpt01_can_handle_some_NA_values"/>
    <testcase time="0.139999999999986" classname="rmpt01" name="rmpt01_can_handle_some_NA_values"/>
    <testcase time="0.11099999999999" classname="rmpt01" name="rmpt01_can_handle_some_NA_values"/>
    <testcase time="0.0320000000000107" classname="rmpt01" name="rmpt01_fails_on_incomlete_data"/>
    <testcase time="0.0269999999999868" classname="rmpt01" name="rmpt01_fails_on_incomlete_data"/>
  </testsuite>
  <testsuite name="rmpt03" timestamp="2025-12-29T07:10:14Z" hostname="0bad4fde277d" tests="12" skipped="0" failures="0" errors="0" time="1.425">
    <testcase time="0.222000000000008" classname="rmpt03" name="rmpt03_function_with_default_argument_value_return_expected_result_with_test_data"/>
    <testcase time="0.119" classname="rmpt03" name="rmpt03_can_handle_NA_values"/>
    <testcase time="0.0999999999999943" classname="rmpt03" name="rmpt03_can_handle_NA_values"/>
    <testcase time="0.205000000000013" classname="rmpt03" name="rmpt03_can_handle_NA_values"/>
    <testcase time="0.132000000000005" classname="rmpt03" name="rmpt03_can_handle_NA_values"/>
    <testcase time="0.121999999999986" classname="rmpt03" name="rmpt03_can_handle_some_NA_values"/>
    <testcase time="0.0900000000000034" classname="rmpt03" name="rmpt03_can_handle_some_NA_values"/>
    <testcase time="0.217000000000013" classname="rmpt03" name="rmpt03_can_handle_some_NA_values"/>
    <testcase time="0.131" classname="rmpt03" name="rmpt03_can_handle_some_NA_values"/>
    <testcase time="0.0360000000000014" classname="rmpt03" name="rmpt03_fails_on_incomlete_data"/>
    <testcase time="0.0339999999999918" classname="rmpt03" name="rmpt03_fails_on_incomlete_data"/>
    <testcase time="0.0169999999999959" classname="rmpt03" name="rmpt03_fails_on_incomlete_data"/>
  </testsuite>
  <testsuite name="rmpt04" timestamp="2025-12-29T07:10:16Z" hostname="0bad4fde277d" tests="10" skipped="0" failures="0" errors="0" time="0.667">
    <testcase time="0.119" classname="rmpt04" name="rmpt04_function_with_default_argument_value_return_expected_result_with_test_data"/>
    <testcase time="0.0689999999999884" classname="rmpt04" name="rmpt04_can_handle_NA_values"/>
    <testcase time="0.0550000000000068" classname="rmpt04" name="rmpt04_can_handle_NA_values"/>
    <testcase time="0.0580000000000211" classname="rmpt04" name="rmpt04_can_handle_NA_values"/>
    <testcase time="0.0619999999999834" classname="rmpt04" name="rmpt04_can_handle_NA_values"/>
    <testcase time="0.0620000000000118" classname="rmpt04" name="rmpt04_can_handle_some_NA_values"/>
    <testcase time="0.0559999999999832" classname="rmpt04" name="rmpt04_can_handle_some_NA_values"/>
    <testcase time="0.0690000000000168" classname="rmpt04" name="rmpt04_can_handle_some_NA_values"/>
    <testcase time="0.0600000000000023" classname="rmpt04" name="rmpt04_can_handle_some_NA_values"/>
    <testcase time="0.0569999999999879" classname="rmpt04" name="rmpt04_fails_on_incomlete_data"/>
  </testsuite>
  <testsuite name="rmpt05" timestamp="2025-12-29T07:10:16Z" hostname="0bad4fde277d" tests="10" skipped="0" failures="0" errors="0" time="0.737">
    <testcase time="0.138000000000005" classname="rmpt05" name="rmpt05_function_with_default_argument_value_return_expected_result_with_test_data"/>
    <testcase time="0.0749999999999886" classname="rmpt05" name="rmpt05_can_handle_NA_values"/>
    <testcase time="0.0579999999999927" classname="rmpt05" name="rmpt05_can_handle_NA_values"/>
    <testcase time="0.0630000000000166" classname="rmpt05" name="rmpt05_can_handle_NA_values"/>
    <testcase time="0.0669999999999789" classname="rmpt05" name="rmpt05_can_handle_NA_values"/>
    <testcase time="0.0690000000000168" classname="rmpt05" name="rmpt05_can_handle_some_NA_values"/>
    <testcase time="0.061000000000007" classname="rmpt05" name="rmpt05_can_handle_some_NA_values"/>
    <testcase time="0.0749999999999886" classname="rmpt05" name="rmpt05_can_handle_some_NA_values"/>
    <testcase time="0.0680000000000121" classname="rmpt05" name="rmpt05_can_handle_some_NA_values"/>
    <testcase time="0.0629999999999882" classname="rmpt05" name="rmpt05_fails_on_incomlete_data"/>
  </testsuite>
  <testsuite name="rmpt06" timestamp="2025-12-29T07:10:17Z" hostname="0bad4fde277d" tests="6" skipped="0" failures="0" errors="0" time="1.485">
    <testcase time="0.393000000000001" classname="rmpt06" name="rmpt06_works_as_expected"/>
    <testcase time="0.420999999999992" classname="rmpt06" name="rmpt06_works_as_expected_with_show_diff_TRUE"/>
    <testcase time="0.242000000000019" classname="rmpt06" name="rmpt06_can_handle_all_NA_values"/>
    <testcase time="0.131" classname="rmpt06" name="rmpt06_can_handle_all_NA_values"/>
    <testcase time="0.230999999999995" classname="rmpt06" name="rmpt06_can_handle_all_NA_values"/>
    <testcase time="0.0670000000000073" classname="rmpt06" name="rmpt06_can_handle_all_NA_values"/>
  </testsuite>
  <testsuite name="rspt01" timestamp="2025-12-29T07:10:19Z" hostname="0bad4fde277d" tests="27" skipped="0" failures="0" errors="0" time="5.743">
    <testcase time="0.0199999999999818" classname="rspt01" name="rspt01_works_as_expected"/>
    <testcase time="0.299000000000007" classname="rspt01" name="rspt01_works_as_expected"/>
    <testcase time="0.133999999999986" classname="rspt01" name="rspt01_works_as_expected"/>
    <testcase time="0.313000000000017" classname="rspt01" name="rspt01_works_as_expected_for_stratified_and_unstratified_analysis"/>
    <testcase time="0.135999999999996" classname="rspt01" name="rspt01_works_as_expected_for_stratified_and_unstratified_analysis"/>
    <testcase time="0.358000000000004" classname="rspt01" name="rspt01_works_as_expected_for_stratified_and_unstratified_analysis"/>
    <testcase time="0.144000000000005" classname="rspt01" name="rspt01_works_as_expected_for_stratified_and_unstratified_analysis"/>
    <testcase time="0.261999999999972" classname="rspt01" name="rspt01_works_as_expected_for_unstratified_analysis_only"/>
    <testcase time="0.115000000000009" classname="rspt01" name="rspt01_works_as_expected_for_unstratified_analysis_only"/>
    <testcase time="0.280000000000001" classname="rspt01" name="rspt01_works_as_expected_for_unstratified_analysis_only"/>
    <testcase time="0.111999999999995" classname="rspt01" name="rspt01_works_as_expected_for_unstratified_analysis_only"/>
    <testcase time="0.26600000000002" classname="rspt01" name="rspt01_works_as_expected_for_stratified_analysis_only"/>
    <testcase time="0.105999999999995" classname="rspt01" name="rspt01_works_as_expected_for_stratified_analysis_only"/>
    <testcase time="0.278999999999996" classname="rspt01" name="rspt01_works_as_expected_for_stratified_analysis_only"/>
    <testcase time="0.120000000000005" classname="rspt01" name="rspt01_works_as_expected_for_stratified_analysis_only"/>
    <testcase time="0.300999999999988" classname="rspt01" name="rspt01_works_if_change_reference_group"/>
    <testcase time="0.111999999999995" classname="rspt01" name="rspt01_works_if_change_reference_group"/>
    <testcase time="0.368000000000023" classname="rspt01" name="rspt01_works_if_change_reference_group"/>
    <testcase time="0.132999999999981" classname="rspt01" name="rspt01_works_if_change_reference_group"/>
    <testcase time="0.304000000000002" classname="rspt01" name="rspt01_works_if_change_statistic_methods"/>
    <testcase time="0.125" classname="rspt01" name="rspt01_works_if_change_statistic_methods"/>
    <testcase time="0.359000000000009" classname="rspt01" name="rspt01_works_if_change_statistic_methods"/>
    <testcase time="0.174000000000007" classname="rspt01" name="rspt01_works_if_change_statistic_methods"/>
    <testcase time="0.294999999999987" classname="rspt01" name="rspt01_works_if_change_confidence_interval"/>
    <testcase time="0.117999999999995" classname="rspt01" name="rspt01_works_if_change_confidence_interval"/>
    <testcase time="0.366000000000014" classname="rspt01" name="rspt01_works_if_change_confidence_interval"/>
    <testcase time="0.144000000000005" classname="rspt01" name="rspt01_works_if_change_confidence_interval"/>
  </testsuite>
  <testsuite name="ttet01" timestamp="2025-12-29T07:10:24Z" hostname="0bad4fde277d" tests="16" skipped="0" failures="0" errors="0" time="4.241">
    <testcase time="0.018999999999977" classname="ttet01" name="ttet01_works_as_expected"/>
    <testcase time="0.445000000000022" classname="ttet01" name="ttet01_works_as_expected"/>
    <testcase time="0.238999999999976" classname="ttet01" name="ttet01_works_as_expected"/>
    <testcase time="0.021000000000015" classname="ttet01" name="ttet01_returns_an_error_when_one_level_or_arm_var_is_empty"/>
    <testcase time="0.337999999999994" classname="ttet01" name="ttet01_works_as_expected_for_stratified_and_unstratified_analysis"/>
    <testcase time="0.169000000000011" classname="ttet01" name="ttet01_works_as_expected_for_stratified_and_unstratified_analysis"/>
    <testcase time="0.436999999999983" classname="ttet01" name="ttet01_works_as_expected_for_stratified_and_unstratified_analysis"/>
    <testcase time="0.219999999999999" classname="ttet01" name="ttet01_works_as_expected_for_stratified_and_unstratified_analysis"/>
    <testcase time="0.350999999999999" classname="ttet01" name="ttet01_works_as_expected_for_stratified_analysis_only"/>
    <testcase time="0.175000000000011" classname="ttet01" name="ttet01_works_as_expected_for_stratified_analysis_only"/>
    <testcase time="0.426999999999992" classname="ttet01" name="ttet01_works_as_expected_for_stratified_analysis_only"/>
    <testcase time="0.197000000000003" classname="ttet01" name="ttet01_works_as_expected_for_stratified_analysis_only"/>
    <testcase time="0.355000000000018" classname="ttet01" name="ttet01_works_if_change_reference_group"/>
    <testcase time="0.175999999999988" classname="ttet01" name="ttet01_works_if_change_reference_group"/>
    <testcase time="0.445999999999998" classname="ttet01" name="ttet01_works_if_change_reference_group"/>
    <testcase time="0.225999999999999" classname="ttet01" name="ttet01_works_if_change_reference_group"/>
  </testsuite>
  <testsuite name="unwrap" timestamp="2025-12-29T07:10:28Z" hostname="0bad4fde277d" tests="12" skipped="0" failures="0" errors="0" time="0.108">
    <testcase time="0.0200000000000102" classname="unwrap" name="unwrap_layout_works_as_expected_with_standard_chevron_t_main_function"/>
    <testcase time="0.00199999999998113" classname="unwrap" name="unwrap_layout_works_as_expected_with_standard_chevron_t_main_function"/>
    <testcase time="0.00100000000000477" classname="unwrap" name="unwrap_layout_works_as_expected_with_standard_chevron_t_main_function"/>
    <testcase time="0.0109999999999957" classname="unwrap" name="unwrap_layout_works_as_expected_with_standard_chevron_t_main_function"/>
    <testcase time="0.0120000000000005" classname="unwrap" name="unwrap_layout_works_as_expected_with_standard_chevron_g_main_function"/>
    <testcase time="0.007000000000005" classname="unwrap" name="unwrap_layout_works_as_expected_with_standard_chevron_l_main_function"/>
    <testcase time="0.007000000000005" classname="unwrap" name="unwrap_layout_works_as_expected_with_a_custom_function_without_layout_function"/>
    <testcase time="0.0149999999999864" classname="unwrap" name="unwrap_layout_works_as_expected_with_a_custom_function_with_layout_function"/>
    <testcase time="0.00100000000000477" classname="unwrap" name="unwrap_layout_works_as_expected_with_a_custom_function_with_layout_function"/>
    <testcase time="0.0160000000000196" classname="unwrap" name="unwrap_layout_works_as_expected_with_multiple_layout_function"/>
    <testcase time="0.0149999999999864" classname="unwrap" name="unwrap_layout_works_as_expected_on_custom_function_with_overwritten_layout_function"/>
    <testcase time="0.00100000000000477" classname="unwrap" name="unwrap_layout_works_as_expected_on_custom_function_with_overwritten_layout_function"/>
  </testsuite>
  <testsuite name="utils" timestamp="2025-12-29T07:10:29Z" hostname="0bad4fde277d" tests="81" skipped="0" failures="0" errors="0" time="3.983">
    <testcase time="0.0109999999999957" classname="utils" name="h_format_dec_works_as_exected"/>
    <testcase time="0.00300000000001432" classname="utils" name="h_format_dec_works_as_exected"/>
    <testcase time="0.00199999999998113" classname="utils" name="h_format_dec_works_as_exected"/>
    <testcase time="0.00300000000001432" classname="utils" name="h_format_dec_works_as_exected"/>
    <testcase time="0.00100000000000477" classname="utils" name="h_format_dec_works_as_exected"/>
    <testcase time="0.0029999999999859" classname="utils" name="h_format_dec_works_as_exected"/>
    <testcase time="0.00200000000000955" classname="utils" name="h_format_dec_works_as_exected"/>
    <testcase time="0.00199999999998113" classname="utils" name="h_format_dec_works_as_exected"/>
    <testcase time="0.00200000000000955" classname="utils" name="h_format_dec_works_as_exected"/>
    <testcase time="0.00300000000001432" classname="utils" name="h_format_dec_works_as_exected"/>
    <testcase time="0.00199999999998113" classname="utils" name="h_format_dec_works_as_exected"/>
    <testcase time="0.00200000000000955" classname="utils" name="h_format_dec_works_as_exected"/>
    <testcase time="0.00600000000000023" classname="utils" name="h_format_dec_works_as_expected_with_more_than_one_value"/>
    <testcase time="0.0029999999999859" classname="utils" name="h_format_dec_works_as_expected_with_more_than_one_value"/>
    <testcase time="0.00600000000000023" classname="utils" name="h_format_dec_works_as_expected_with_NA_digits"/>
    <testcase time="0.00600000000000023" classname="utils" name="fuse_sequentially_works"/>
    <testcase time="0.00300000000001432" classname="utils" name="fuse_sequentially_works"/>
    <testcase time="0.0120000000000005" classname="utils" name="ifneeded_split_row_works_as_expected"/>
    <testcase time="0.00699999999997658" classname="utils" name="ifneeded_split_row_works_as_expected"/>
    <testcase time="0.0790000000000077" classname="utils" name="_unnamed_"/>
    <testcase time="0.0500000000000114" classname="utils" name="_unnamed_"/>
    <testcase time="0.0519999999999925" classname="utils" name="_unnamed_"/>
    <testcase time="0.0490000000000066" classname="utils" name="_unnamed_"/>
    <testcase time="0.0029999999999859" classname="utils" name="droplevels.character_works_as_expected"/>
    <testcase time="0.00300000000001432" classname="utils" name="droplevels.character_works_as_expected"/>
    <testcase time="0.00499999999999545" classname="utils" name="lvls.character_works_as_expected"/>
    <testcase time="0.00300000000001432" classname="utils" name="lvls.character_works_as_expected"/>
    <testcase time="0.00499999999999545" classname="utils" name="lvls.factor_works_as_expected"/>
    <testcase time="0.0029999999999859" classname="utils" name="lvls.factor_works_as_expected"/>
    <testcase time="0.00499999999999545" classname="utils" name="lvls.default_works_as_expected"/>
    <testcase time="0.00300000000001432" classname="utils" name="lvls.default_works_as_expected"/>
    <testcase time="0.00499999999999545" classname="utils" name="quote_str_works_as_expected"/>
    <testcase time="0.00200000000000955" classname="utils" name="quote_str_works_as_expected"/>
    <testcase time="0.00499999999999545" classname="utils" name="quote_str_works_as_expected"/>
    <testcase time="0.00499999999999545" classname="utils" name="modify_default_args_works_as_expected"/>
    <testcase time="0.0029999999999859" classname="utils" name="modify_default_args_works_as_expected"/>
    <testcase time="0.00600000000000023" classname="utils" name="execute_with_args_works_as_expected"/>
    <testcase time="0.00300000000001432" classname="utils" name="execute_with_args_works_as_expected"/>
    <testcase time="0.00100000000000477" classname="utils" name="execute_with_args_works_as_expected"/>
    <testcase time="0.0029999999999859" classname="utils" name="execute_with_args_works_as_expected"/>
    <testcase time="0.00200000000000955" classname="utils" name="execute_with_args_works_as_expected"/>
    <testcase time="0.0029999999999859" classname="utils" name="execute_with_args_works_as_expected"/>
    <testcase time="0.00200000000000955" classname="utils" name="execute_with_args_works_as_expected"/>
    <testcase time="0.00300000000001432" classname="utils" name="execute_with_args_works_as_expected"/>
    <testcase time="0.00199999999998113" classname="utils" name="execute_with_args_works_as_expected"/>
    <testcase time="0.00300000000001432" classname="utils" name="execute_with_args_works_as_expected"/>
    <testcase time="0.00100000000000477" classname="utils" name="execute_with_args_works_as_expected"/>
    <testcase time="0.0029999999999859" classname="utils" name="execute_with_args_works_as_expected"/>
    <testcase time="0.00600000000000023" classname="utils" name="do_call_work_as_expected"/>
    <testcase time="0.00300000000001432" classname="utils" name="do_call_work_as_expected"/>
    <testcase time="0.00899999999998613" classname="utils" name="do_call_errors_as_expected"/>
    <testcase time="0.00499999999999545" classname="utils" name="do_call_errors_as_expected"/>
    <testcase time="0.00600000000000023" classname="utils" name="convert_to_month_work_as_expected"/>
    <testcase time="0.0040000000000191" classname="utils" name="convert_to_month_work_as_expected"/>
    <testcase time="0.00199999999998113" classname="utils" name="convert_to_month_work_as_expected"/>
    <testcase time="0.00300000000001432" classname="utils" name="convert_to_month_work_as_expected"/>
    <testcase time="0.00199999999998113" classname="utils" name="convert_to_month_work_as_expected"/>
    <testcase time="0.00300000000001432" classname="utils" name="convert_to_month_work_as_expected"/>
    <testcase time="0.00999999999999091" classname="utils" name="convert_to_month_warning_messages_as_expected"/>
    <testcase time="0.0560000000000116" classname="utils" name="gg_theme_chevron_works_as_expected"/>
    <testcase time="0.00100000000000477" classname="utils" name="gg_theme_chevron_works_as_expected"/>
    <testcase time="0.0029999999999859" classname="utils" name="gg_theme_chevron_works_as_expected"/>
    <testcase time="0.0339999999999918" classname="utils" name="gg_theme_chevron_works_as_expected"/>
    <testcase time="0.00100000000000477" classname="utils" name="gg_theme_chevron_works_as_expected"/>
    <testcase time="0.00200000000000955" classname="utils" name="gg_theme_chevron_works_as_expected"/>
    <testcase time="0.007000000000005" classname="utils" name="modify_character_works"/>
    <testcase time="0.0029999999999859" classname="utils" name="modify_character_works"/>
    <testcase time="0.007000000000005" classname="utils" name="expand_list_works"/>
    <testcase time="0.0029999999999859" classname="utils" name="expand_list_works"/>
    <testcase time="0.00500000000002387" classname="utils" name="set_section_div_works"/>
    <testcase time="0.00499999999999545" classname="utils" name="set_section_div_works"/>
    <testcase time="0.00499999999999545" classname="utils" name="set_section_div_works"/>
    <testcase time="0.00399999999999068" classname="utils" name="set_section_div_works"/>
    <testcase time="0.00600000000000023" classname="utils" name="get_section_div_works"/>
    <testcase time="0.0029999999999859" classname="utils" name="get_section_div_works"/>
    <testcase time="1.721" classname="utils" name="grob_list_is_deprecated"/>
    <testcase time="1.649" classname="utils" name="gg_list_is_deprecated"/>
    <testcase time="0.00800000000000978" classname="utils" name="format_date_works_as_expected_for_POSIXct"/>
    <testcase time="0.00399999999999068" classname="utils" name="format_date_works_as_expected_for_POSIXct"/>
    <testcase time="0.00800000000000978" classname="utils" name="format_date_works_as_expected_for_Date"/>
    <testcase time="0.00399999999999068" classname="utils" name="format_date_works_as_expected_for_Date"/>
  </testsuite>
  <testsuite name="vst01" timestamp="2025-12-29T07:10:33Z" hostname="0bad4fde277d" tests="3" skipped="0" failures="0" errors="0" time="4.655">
    <testcase time="2.57600000000002" classname="vst01" name="vst01_functions_with_default_argument_value_return_expected_result_with_test_data"/>
    <testcase time="0.859999999999985" classname="vst01" name="run_vst01_works_as_expected"/>
    <testcase time="1.21899999999999" classname="vst01" name="run_vst01_works_as_expected"/>
  </testsuite>
  <testsuite name="vst02" timestamp="2025-12-29T07:10:37Z" hostname="0bad4fde277d" tests="2" skipped="0" failures="0" errors="0" time="0.64">
    <testcase time="0.322000000000003" classname="vst02" name="vst02_functions_with_default_argument_value_return_expected_result_with_test_data"/>
    <testcase time="0.318000000000012" classname="vst02" name="vst02_functions_return_expected_result_with_test_data_when_excluding_subject_with_baseline_abnormality"/>
  </testsuite>
</testsuites>
