<?xml version="1.0" encoding="UTF-8"?>
<testsuites>
  <testsuite name="ael01_nollt" timestamp="2025-12-29T07:08:11Z" hostname="b1c724d936a6" tests="14" skipped="6" failures="0" errors="0" time="0.888">
    <testcase time="0.0660000000000003" classname="ael01_nollt" name="ael01_nollt_works_with_admh_dataset"/>
    <testcase time="0.164" classname="ael01_nollt" name="ael01_nollt_works_with_admh_dataset">
      <skipped message="Reason: On CRAN ('test-ael01_nollt.R:3:1')"/>
    </testcase>
    <testcase time="0.0550000000000002" classname="ael01_nollt" name="ael01_nollt_works_with_non_default_label"/>
    <testcase time="0.179" classname="ael01_nollt" name="ael01_nollt_works_with_non_default_label">
      <skipped message="Reason: On CRAN ('test-ael01_nollt.R:11:1')"/>
    </testcase>
    <testcase time="0.0590000000000002" classname="ael01_nollt" name="ael01_nollt_can_handle_all_missing_values"/>
    <testcase time="0.04" classname="ael01_nollt" name="ael01_nollt_can_handle_all_missing_values">
      <skipped message="Reason: On CRAN ('test-ael01_nollt.R:24:1')"/>
    </testcase>
    <testcase time="0.0379999999999998" classname="ael01_nollt" name="ael01_nollt_can_handle_some_missing_values"/>
    <testcase time="0.0670000000000002" classname="ael01_nollt" name="ael01_nollt_can_handle_some_missing_values">
      <skipped message="Reason: On CRAN ('test-ael01_nollt.R:38:1')"/>
    </testcase>
    <testcase time="0.0379999999999998" classname="ael01_nollt" name="ael01_nollt_listing_can_be_split_by_an_additional_variable"/>
    <testcase time="0.00100000000000033" classname="ael01_nollt" name="ael01_nollt_listing_can_be_split_by_an_additional_variable"/>
    <testcase time="0.0859999999999999" classname="ael01_nollt" name="ael01_nollt_listing_can_be_split_by_an_additional_variable">
      <skipped message="Reason: On CRAN ('test-ael01_nollt.R:54:1')"/>
    </testcase>
    <testcase time="0.0329999999999999" classname="ael01_nollt" name="split_ael01_nollt_listing_do_not_display_missing_values"/>
    <testcase time="0.00200000000000022" classname="ael01_nollt" name="split_ael01_nollt_listing_do_not_display_missing_values"/>
    <testcase time="0.0599999999999996" classname="ael01_nollt" name="split_ael01_nollt_listing_do_not_display_missing_values">
      <skipped message="Reason: On CRAN ('test-ael01_nollt.R:70:1')"/>
    </testcase>
  </testsuite>
  <testsuite name="ael02" timestamp="2025-12-29T07:08:12Z" hostname="b1c724d936a6" tests="9" skipped="3" failures="0" errors="0" time="1.803">
    <testcase time="0.0800000000000001" classname="ael02" name="ael02_works_with_adae_dataset"/>
    <testcase time="0.00100000000000033" classname="ael02" name="ael02_works_with_adae_dataset"/>
    <testcase time="0.527" classname="ael02" name="ael02_works_with_adae_dataset">
      <skipped message="Reason: On CRAN ('test-ael02.R:3:1')"/>
    </testcase>
    <testcase time="0.052" classname="ael02" name="ael02_can_handle_all_missing_values"/>
    <testcase time="0.00200000000000022" classname="ael02" name="ael02_can_handle_all_missing_values"/>
    <testcase time="0.562" classname="ael02" name="ael02_can_handle_all_missing_values">
      <skipped message="Reason: On CRAN ('test-ael02.R:12:1')"/>
    </testcase>
    <testcase time="0.0510000000000002" classname="ael02" name="ael02_functions_work_as_expected"/>
    <testcase time="0.00199999999999978" classname="ael02" name="ael02_functions_work_as_expected"/>
    <testcase time="0.526" classname="ael02" name="ael02_functions_work_as_expected">
      <skipped message="Reason: On CRAN ('test-ael02.R:30:1')"/>
    </testcase>
  </testsuite>
  <testsuite name="ael03" timestamp="2025-12-29T07:08:14Z" hostname="b1c724d936a6" tests="9" skipped="3" failures="0" errors="0" time="1.855">
    <testcase time="0.0750000000000002" classname="ael03" name="ael03_works_with_adae_dataset"/>
    <testcase time="0.00100000000000033" classname="ael03" name="ael03_works_with_adae_dataset"/>
    <testcase time="0.532" classname="ael03" name="ael03_works_with_adae_dataset">
      <skipped message="Reason: On CRAN ('test-ael03.R:3:1')"/>
    </testcase>
    <testcase time="0.0519999999999996" classname="ael03" name="ael03_can_handle_all_missing_values"/>
    <testcase time="0.00100000000000033" classname="ael03" name="ael03_can_handle_all_missing_values"/>
    <testcase time="0.57" classname="ael03" name="ael03_can_handle_all_missing_values">
      <skipped message="Reason: On CRAN ('test-ael03.R:12:1')"/>
    </testcase>
    <testcase time="0.0529999999999999" classname="ael03" name="ael03_functions_work_as_expected"/>
    <testcase time="0.000999999999999446" classname="ael03" name="ael03_functions_work_as_expected"/>
    <testcase time="0.57" classname="ael03" name="ael03_functions_work_as_expected">
      <skipped message="Reason: On CRAN ('test-ael03.R:30:1')"/>
    </testcase>
  </testsuite>
  <testsuite name="aet01" timestamp="2025-12-29T07:08:16Z" hostname="b1c724d936a6" tests="12" skipped="5" failures="0" errors="0" time="2.634">
    <testcase time="0.448" classname="aet01" name="aet01_can_handle_all_NA_values"/>
    <testcase time="0.447" classname="aet01" name="aet01_can_handle_all_NA_values"/>
    <testcase time="0.107" classname="aet01" name="aet01_can_handle_all_NA_values">
      <skipped message="Reason: On CRAN ('test-aet01.R:3:1')"/>
    </testcase>
    <testcase time="0.306000000000001" classname="aet01" name="aet01_can_handle_some_NA_values"/>
    <testcase time="0.128" classname="aet01" name="aet01_can_handle_some_NA_values">
      <skipped message="Reason: On CRAN ('test-aet01.R:17:1')"/>
    </testcase>
    <testcase time="0.241" classname="aet01" name="aet01_can_use_custom_anl_vars"/>
    <testcase time="0.0749999999999993" classname="aet01" name="aet01_can_use_custom_anl_vars">
      <skipped message="Reason: On CRAN ('test-aet01.R:33:1')"/>
    </testcase>
    <testcase time="0.0690000000000008" classname="aet01" name="aet01_fails_on_incomplete_data_input"/>
    <testcase time="0.334" classname="aet01" name="aet01_can_use_custom_medconcept_var"/>
    <testcase time="0.135999999999999" classname="aet01" name="aet01_can_use_custom_medconcept_var">
      <skipped message="Reason: On CRAN ('test-aet01.R:53:1')"/>
    </testcase>
    <testcase time="0.232000000000001" classname="aet01" name="aet01_can_conditionally_show_the_number_of_withdrawal"/>
    <testcase time="0.110999999999999" classname="aet01" name="aet01_can_conditionally_show_the_number_of_withdrawal">
      <skipped message="Reason: On CRAN ('test-aet01.R:72:1')"/>
    </testcase>
  </testsuite>
  <testsuite name="aet01_aesi" timestamp="2025-12-29T07:08:18Z" hostname="b1c724d936a6" tests="8" skipped="3" failures="0" errors="0" time="1.638">
    <testcase time="0.267000000000001" classname="aet01_aesi" name="aet01_aesi_can_handle_all_NA_values"/>
    <testcase time="0.344999999999999" classname="aet01_aesi" name="aet01_aesi_can_handle_all_NA_values"/>
    <testcase time="0.0990000000000002" classname="aet01_aesi" name="aet01_aesi_can_handle_all_NA_values">
      <skipped message="Reason: On CRAN ('test-aet01_aesi.R:3:1')"/>
    </testcase>
    <testcase time="0.234999999999999" classname="aet01_aesi" name="aet01_aesi_can_handle_some_NA_values"/>
    <testcase time="0.125" classname="aet01_aesi" name="aet01_aesi_can_handle_some_NA_values">
      <skipped message="Reason: On CRAN ('test-aet01_aesi.R:22:1')"/>
    </testcase>
    <testcase time="0.324000000000002" classname="aet01_aesi" name="aet01_aesi_works_with_ALL_argument"/>
    <testcase time="0.177" classname="aet01_aesi" name="aet01_aesi_works_with_ALL_argument">
      <skipped message="Reason: On CRAN ('test-aet01_aesi.R:34:1')"/>
    </testcase>
    <testcase time="0.0659999999999989" classname="aet01_aesi" name="aet01_aesi_check_fails_on_incomplete_data_input"/>
  </testsuite>
  <testsuite name="aet02" timestamp="2025-12-29T07:08:20Z" hostname="b1c724d936a6" tests="3" skipped="1" failures="0" errors="0" time="2.178">
    <testcase time="0.0540000000000003" classname="aet02" name="aet02_fails_on_incomplete_data_input"/>
    <testcase time="0.128" classname="aet02" name="aet02_handle_empty_data_input"/>
    <testcase time="1.996" classname="aet02" name="aet02_can_have_different_levels_of_row_split">
      <skipped message="Reason: On CRAN ('test-aet02.R:28:1')"/>
    </testcase>
  </testsuite>
  <testsuite name="aet03" timestamp="2025-12-29T07:08:22Z" hostname="b1c724d936a6" tests="4" skipped="2" failures="0" errors="0" time="2.091">
    <testcase time="0.295999999999999" classname="aet03" name="aet03_can_handle_NA_values"/>
    <testcase time="0.112" classname="aet03" name="aet03_can_handle_NA_values">
      <skipped message="Reason: On CRAN ('test-aet03.R:1:1')"/>
    </testcase>
    <testcase time="1.375" classname="aet03" name="aet03_can_handle_some_NA_values"/>
    <testcase time="0.308" classname="aet03" name="aet03_can_handle_some_NA_values">
      <skipped message="Reason: On CRAN ('test-aet03.R:13:1')"/>
    </testcase>
  </testsuite>
  <testsuite name="aet04" timestamp="2025-12-29T07:08:24Z" hostname="b1c724d936a6" tests="10" skipped="2" failures="0" errors="0" time="10.44">
    <testcase time="0.453000000000001" classname="aet04" name="aet04_can_handle_NA_values"/>
    <testcase time="0.661" classname="aet04" name="aet04_can_handle_NA_values"/>
    <testcase time="0.00400000000000134" classname="aet04" name="aet04_can_handle_NA_values"/>
    <testcase time="0.439" classname="aet04" name="aet04_can_handle_NA_values"/>
    <testcase time="0.207999999999998" classname="aet04" name="aet04_can_handle_NA_values">
      <skipped message="Reason: On CRAN ('test-aet04.R:1:1')"/>
    </testcase>
    <testcase time="2.453" classname="aet04" name="aet04_can_handle_some_NA_values"/>
    <testcase time="3.064" classname="aet04" name="aet04_can_handle_some_NA_values"/>
    <testcase time="0.00600000000000023" classname="aet04" name="aet04_can_handle_some_NA_values"/>
    <testcase time="2.538" classname="aet04" name="aet04_can_handle_some_NA_values"/>
    <testcase time="0.614000000000001" classname="aet04" name="aet04_can_handle_some_NA_values">
      <skipped message="Reason: On CRAN ('test-aet04.R:28:1')"/>
    </testcase>
  </testsuite>
  <testsuite name="aet05" timestamp="2025-12-29T07:08:35Z" hostname="b1c724d936a6" tests="5" skipped="2" failures="0" errors="0" time="0.875">
    <testcase time="0.181999999999999" classname="aet05" name="aet05_can_handle_NA_values"/>
    <testcase time="0.120000000000001" classname="aet05" name="aet05_can_handle_NA_values">
      <skipped message="Reason: On CRAN ('test-aet05.R:1:1')"/>
    </testcase>
    <testcase time="0.154" classname="aet05" name="aet05_can_handle_some_NA_values"/>
    <testcase time="0.289999999999999" classname="aet05" name="aet05_can_handle_some_NA_values"/>
    <testcase time="0.129000000000001" classname="aet05" name="aet05_can_handle_some_NA_values">
      <skipped message="Reason: On CRAN ('test-aet05.R:10:1')"/>
    </testcase>
  </testsuite>
  <testsuite name="aet05_all" timestamp="2025-12-29T07:08:35Z" hostname="b1c724d936a6" tests="5" skipped="2" failures="0" errors="0" time="0.877">
    <testcase time="0.175000000000001" classname="aet05_all" name="aet05_all_can_handle_NA_values"/>
    <testcase time="0.119" classname="aet05_all" name="aet05_all_can_handle_NA_values">
      <skipped message="Reason: On CRAN ('test-aet05_all.R:1:1')"/>
    </testcase>
    <testcase time="0.157999999999998" classname="aet05_all" name="aet05_all_can_handle_some_NA_values"/>
    <testcase time="0.296000000000003" classname="aet05_all" name="aet05_all_can_handle_some_NA_values"/>
    <testcase time="0.128999999999998" classname="aet05_all" name="aet05_all_can_handle_some_NA_values">
      <skipped message="Reason: On CRAN ('test-aet05_all.R:10:1')"/>
    </testcase>
  </testsuite>
  <testsuite name="aet10" timestamp="2025-12-29T07:08:36Z" hostname="b1c724d936a6" tests="4" skipped="2" failures="0" errors="0" time="0.371">
    <testcase time="0.097999999999999" classname="aet10" name="aet10_can_handle_NA_values"/>
    <testcase time="0.0500000000000007" classname="aet10" name="aet10_can_handle_NA_values">
      <skipped message="Reason: On CRAN ('test-aet10.R:1:1')"/>
    </testcase>
    <testcase time="0.122" classname="aet10" name="aet10_can_handle_some_NA_values"/>
    <testcase time="0.101000000000003" classname="aet10" name="aet10_can_handle_some_NA_values">
      <skipped message="Reason: On CRAN ('test-aet10.R:13:1')"/>
    </testcase>
  </testsuite>
  <testsuite name="assertions" timestamp="2025-12-29T07:08:37Z" hostname="b1c724d936a6" tests="33" skipped="0" failures="0" errors="0" time="0.175">
    <testcase time="0.0189999999999984" classname="assertions" name="assert_valid_var.character_works_as_expected"/>
    <testcase time="0.00499999999999901" classname="assertions" name="assert_valid_var.character_works_as_expected"/>
    <testcase time="0.00500000000000256" classname="assertions" name="assert_valid_var.character_works_as_expected"/>
    <testcase time="0.00399999999999778" classname="assertions" name="assert_valid_var.character_works_as_expected"/>
    <testcase time="0.00200000000000244" classname="assertions" name="assert_valid_var.character_works_as_expected"/>
    <testcase time="0.00499999999999901" classname="assertions" name="assert_valid_var.factor_works_as_expected"/>
    <testcase time="0.00499999999999901" classname="assertions" name="assert_valid_var.factor_works_as_expected"/>
    <testcase time="0.00499999999999901" classname="assertions" name="assert_valid_var.factor_works_as_expected"/>
    <testcase time="0.00400000000000134" classname="assertions" name="assert_valid_var.factor_works_as_expected"/>
    <testcase time="0.00199999999999889" classname="assertions" name="assert_valid_var.factor_works_as_expected"/>
    <testcase time="0.00500000000000256" classname="assertions" name="assert_valid_var.logical_works_as_expected"/>
    <testcase time="0.00499999999999901" classname="assertions" name="assert_valid_var.logical_works_as_expected"/>
    <testcase time="0.00499999999999901" classname="assertions" name="assert_valid_var.logical_works_as_expected"/>
    <testcase time="0.00100000000000122" classname="assertions" name="assert_valid_var.logical_works_as_expected"/>
    <testcase time="0.00499999999999901" classname="assertions" name="assert_valid_var.numeric_works_as_expected"/>
    <testcase time="0.00499999999999901" classname="assertions" name="assert_valid_var.numeric_works_as_expected"/>
    <testcase time="0.00500000000000256" classname="assertions" name="assert_valid_var.numeric_works_as_expected"/>
    <testcase time="0.000999999999997669" classname="assertions" name="assert_valid_var.numeric_works_as_expected"/>
    <testcase time="0.00500000000000256" classname="assertions" name="assert_valid_var.numeric_works_as_expected"/>
    <testcase time="0.00199999999999889" classname="assertions" name="assert_valid_var.numeric_works_as_expected"/>
    <testcase time="0.00799999999999912" classname="assertions" name="assert_valid_var.POSIXct_works_as_expected"/>
    <testcase time="0.00900000000000034" classname="assertions" name="assert_valid_var.POSIXct_works_as_expected"/>
    <testcase time="0.00499999999999901" classname="assertions" name="assert_valid_variable_works_as_expected"/>
    <testcase time="0.00200000000000244" classname="assertions" name="assert_valid_variable_works_as_expected"/>
    <testcase time="0.00600000000000023" classname="assertions" name="assert_valid_variable_works_as_expected"/>
    <testcase time="0.00199999999999889" classname="assertions" name="assert_valid_variable_works_as_expected"/>
    <testcase time="0.0129999999999981" classname="assertions" name="assert_valid_variable_works_as_expected"/>
    <testcase time="0.00300000000000011" classname="assertions" name="assert_valid_variable_works_as_expected"/>
    <testcase time="0.00700000000000145" classname="assertions" name="assert_valid_var_pair_works_as_expected_with_character"/>
    <testcase time="0.00799999999999912" classname="assertions" name="assert_valid_var_pair_works_as_expected_with_character"/>
    <testcase time="0.00600000000000023" classname="assertions" name="assert_valid_var_pair_works_as_expected_with_factor"/>
    <testcase time="0.00600000000000023" classname="assertions" name="assert_valid_var_pair_works_as_expected_with_factor"/>
    <testcase time="0.00499999999999901" classname="assertions" name="assert_valid_var_pair_works_as_expected_with_factor"/>
  </testsuite>
  <testsuite name="cfbt01" timestamp="2025-12-29T07:08:37Z" hostname="b1c724d936a6" tests="3" skipped="2" failures="0" errors="0" time="8.583">
    <testcase time="6.336" classname="cfbt01" name="cfbt01_functions_with_default_argument_value_return_expected_result_with_test_data">
      <skipped message="Reason: On CRAN ('test-cfbt01.R:3:1')"/>
    </testcase>
    <testcase time="0.927999999999997" classname="cfbt01" name="cfbt01_can_handle_n_0_and_outputs_NE_instead_of_infs_and_NAs"/>
    <testcase time="1.319" classname="cfbt01" name="cfbt01_can_handle_n_0_and_outputs_NE_instead_of_infs_and_NAs">
      <skipped message="Reason: On CRAN ('test-cfbt01.R:13:1')"/>
    </testcase>
  </testsuite>
  <testsuite name="checks" timestamp="2025-12-29T07:08:45Z" hostname="b1c724d936a6" tests="8" skipped="0" failures="0" errors="0" time="0.039">
    <testcase time="0.019999999999996" classname="checks" name="check_all_colnames_works_as_expected"/>
    <testcase time="0.00199999999999534" classname="checks" name="check_all_colnames_works_as_expected"/>
    <testcase time="0.00200000000000244" classname="checks" name="check_all_colnames_works_as_expected"/>
    <testcase time="0.00300000000000011" classname="checks" name="check_all_colnames_works_as_expected"/>
    <testcase time="0.00500000000000256" classname="checks" name="check_one_colnames_works_as_expected"/>
    <testcase time="0.00300000000000011" classname="checks" name="check_one_colnames_works_as_expected"/>
    <testcase time="0.00199999999999534" classname="checks" name="check_one_colnames_works_as_expected"/>
    <testcase time="0.00200000000000244" classname="checks" name="check_one_colnames_works_as_expected"/>
  </testsuite>
  <testsuite name="chevron_tlg-class" timestamp="2025-12-29T07:08:45Z" hostname="b1c724d936a6" tests="29" skipped="0" failures="0" errors="0" time="0.115">
    <testcase time="0.0159999999999982" classname="chevron_tlg_class" name="chevron_t_object_can_be_constructed_with_default_values"/>
    <testcase time="0.00500000000000256" classname="chevron_tlg_class" name="chevron_t_object_can_be_constructed_with_default_values"/>
    <testcase time="0.00800000000000267" classname="chevron_tlg_class" name="chevron_t_object_can_be_constructed_with_custom_values"/>
    <testcase time="0.00399999999999778" classname="chevron_tlg_class" name="chevron_t_object_can_be_constructed_with_custom_values"/>
    <testcase time="0.00300000000000011" classname="chevron_tlg_class" name="chevron_t_object_can_be_constructed_with_custom_values"/>
    <testcase time="0.00399999999999778" classname="chevron_tlg_class" name="chevron_t_object_can_be_constructed_with_custom_values"/>
    <testcase time="0.00800000000000267" classname="chevron_tlg_class" name="chevron_t_constructor_returns_an_error_when_expected"/>
    <testcase time="0.000999999999997669" classname="chevron_tlg_class" name="chevron_t_constructor_returns_an_error_when_expected"/>
    <testcase time="0.00200000000000244" classname="chevron_tlg_class" name="chevron_t_constructor_returns_an_error_when_expected"/>
    <testcase time="0.00199999999999534" classname="chevron_tlg_class" name="chevron_t_constructor_returns_an_error_when_expected"/>
    <testcase time="0.00100000000000477" classname="chevron_tlg_class" name="chevron_t_constructor_returns_an_error_when_expected"/>
    <testcase time="0.00199999999999534" classname="chevron_tlg_class" name="chevron_t_constructor_returns_an_error_when_expected"/>
    <testcase time="0.00100000000000477" classname="chevron_tlg_class" name="chevron_t_constructor_returns_an_error_when_expected"/>
    <testcase time="0.0069999999999979" classname="chevron_tlg_class" name="chevron_l_object_can_be_constructed_with_default_values"/>
    <testcase time="0.00300000000000011" classname="chevron_tlg_class" name="chevron_l_object_can_be_constructed_with_default_values"/>
    <testcase time="0.00600000000000023" classname="chevron_tlg_class" name="chevron_g_object_can_be_constructed_with_custom_values"/>
    <testcase time="0.00300000000000011" classname="chevron_tlg_class" name="chevron_g_object_can_be_constructed_with_custom_values"/>
    <testcase time="0.00300000000000011" classname="chevron_tlg_class" name="chevron_g_object_can_be_constructed_with_custom_values"/>
    <testcase time="0.00300000000000011" classname="chevron_tlg_class" name="chevron_g_object_can_be_constructed_with_custom_values"/>
    <testcase time="0.00600000000000023" classname="chevron_tlg_class" name="chevron_g_constructor_returns_an_error_when_expected"/>
    <testcase time="0.000999999999997669" classname="chevron_tlg_class" name="chevron_g_constructor_returns_an_error_when_expected"/>
    <testcase time="0.00100000000000477" classname="chevron_tlg_class" name="chevron_g_constructor_returns_an_error_when_expected"/>
    <testcase time="0.00199999999999534" classname="chevron_tlg_class" name="chevron_g_constructor_returns_an_error_when_expected"/>
    <testcase time="0.00100000000000477" classname="chevron_tlg_class" name="chevron_g_constructor_returns_an_error_when_expected"/>
    <testcase time="0.000999999999997669" classname="chevron_tlg_class" name="chevron_g_constructor_returns_an_error_when_expected"/>
    <testcase time="0.000999999999997669" classname="chevron_tlg_class" name="chevron_g_constructor_returns_an_error_when_expected"/>
    <testcase time="0.007000000000005" classname="chevron_tlg_class" name="chevron_simple_works_correctly"/>
    <testcase time="0.00199999999999534" classname="chevron_tlg_class" name="chevron_simple_works_correctly"/>
    <testcase time="0.0110000000000028" classname="chevron_tlg_class" name="chevron_simple_errors_if_contains_return"/>
  </testsuite>
  <testsuite name="chevron_tlg-methods" timestamp="2025-12-29T07:08:46Z" hostname="b1c724d936a6" tests="57" skipped="15" failures="0" errors="0" time="9.313">
    <testcase time="1.236" classname="chevron_tlg_methods" name="run_works_as_expected_for_chevron_t_object"/>
    <testcase time="0.504000000000005" classname="chevron_tlg_methods" name="run_works_as_expected_for_chevron_t_object">
      <skipped message="Reason: On CRAN ('test-chevron_tlg-methods.R:6:1')"/>
    </testcase>
    <testcase time="0.385999999999996" classname="chevron_tlg_methods" name="run_works_as_expected_for_chevron_t_object_when_auto_pre_FALSE">
      <skipped message="Reason: On CRAN ('test-chevron_tlg-methods.R:11:1')"/>
    </testcase>
    <testcase time="0.419000000000004" classname="chevron_tlg_methods" name="run_works_as_expected_with_argument_printed">
      <skipped message="Reason: On CRAN ('test-chevron_tlg-methods.R:20:1')"/>
    </testcase>
    <testcase time="0.573999999999998" classname="chevron_tlg_methods" name="run_works_as_expected_with_argument_printed_if_the_user_argument_is_complicated">
      <skipped message="Reason: On CRAN ('test-chevron_tlg-methods.R:28:1')"/>
    </testcase>
    <testcase time="0.570999999999998" classname="chevron_tlg_methods" name="run_uses_the_argument_passed_through_the_ellipsis_in_priority">
      <skipped message="Reason: On CRAN ('test-chevron_tlg-methods.R:36:1')"/>
    </testcase>
    <testcase time="0.420999999999999" classname="chevron_tlg_methods" name="run_works_as_expected_with_partial_match_argument">
      <skipped message="Reason: On CRAN ('test-chevron_tlg-methods.R:55:1')"/>
    </testcase>
    <testcase time="0.573999999999998" classname="chevron_tlg_methods" name="run_displays_the_symbols_when_available">
      <skipped message="Reason: On CRAN ('test-chevron_tlg-methods.R:62:1')"/>
    </testcase>
    <testcase time="0.301000000000002" classname="chevron_tlg_methods" name="run_print_internal_functions_when_unwrap_is_TRUE"/>
    <testcase time="0.00100000000000477" classname="chevron_tlg_methods" name="run_print_internal_functions_when_unwrap_is_TRUE"/>
    <testcase time="0.000999999999997669" classname="chevron_tlg_methods" name="run_print_internal_functions_when_unwrap_is_TRUE"/>
    <testcase time="0.0069999999999979" classname="chevron_tlg_methods" name="run_print_internal_functions_when_unwrap_is_TRUE">
      <skipped message="Reason: On CRAN ('test-chevron_tlg-methods.R:83:1')"/>
    </testcase>
    <testcase time="1.724" classname="chevron_tlg_methods" name="run_print_internal_functions_when_unwrap_is_TRUE_and_standard_chevron_tlg_has_no_layout">
      <skipped message="Reason: On CRAN ('test-chevron_tlg-methods.R:95:1')"/>
    </testcase>
    <testcase time="0.0219999999999985" classname="chevron_tlg_methods" name="run_print_internal_functions_when_unwrap_is_TRUE_and_the_chevron_tlg_object_is_customized"/>
    <testcase time="0.000999999999997669" classname="chevron_tlg_methods" name="run_print_internal_functions_when_unwrap_is_TRUE_and_the_chevron_tlg_object_is_customized"/>
    <testcase time="0.00200000000000244" classname="chevron_tlg_methods" name="run_print_internal_functions_when_unwrap_is_TRUE_and_the_chevron_tlg_object_is_customized"/>
    <testcase time="0.00600000000000023" classname="chevron_tlg_methods" name="run_print_internal_functions_when_unwrap_is_TRUE_and_the_chevron_tlg_object_is_customized">
      <skipped message="Reason: On CRAN ('test-chevron_tlg-methods.R:102:1')"/>
    </testcase>
    <testcase time="0.0189999999999984" classname="chevron_tlg_methods" name="run_print_main_and_postprocessing_functions_when_unwrap_is_TRUE_and_auto_pre_is_FALSE"/>
    <testcase time="0.000999999999997669" classname="chevron_tlg_methods" name="run_print_main_and_postprocessing_functions_when_unwrap_is_TRUE_and_auto_pre_is_FALSE"/>
    <testcase time="0.00100000000000477" classname="chevron_tlg_methods" name="run_print_main_and_postprocessing_functions_when_unwrap_is_TRUE_and_auto_pre_is_FALSE"/>
    <testcase time="0.00199999999999534" classname="chevron_tlg_methods" name="run_print_main_and_postprocessing_functions_when_unwrap_is_TRUE_and_auto_pre_is_FALSE"/>
    <testcase time="0.00600000000000023" classname="chevron_tlg_methods" name="run_print_main_and_postprocessing_functions_when_unwrap_is_TRUE_and_auto_pre_is_FALSE">
      <skipped message="Reason: On CRAN ('test-chevron_tlg-methods.R:120:1')"/>
    </testcase>
    <testcase time="0.0140000000000029" classname="chevron_tlg_methods" name="args_ls_works_as_expected"/>
    <testcase time="0.000999999999997669" classname="chevron_tlg_methods" name="args_ls_works_as_expected"/>
    <testcase time="0.00200000000000244" classname="chevron_tlg_methods" name="args_ls_works_as_expected"/>
    <testcase time="0.00500000000000256" classname="chevron_tlg_methods" name="args_ls_works_as_expected_when_simplify_is_TRUE"/>
    <testcase time="0.000999999999997669" classname="chevron_tlg_methods" name="args_ls_works_as_expected_when_simplify_is_TRUE"/>
    <testcase time="0.000999999999997669" classname="chevron_tlg_methods" name="args_ls_works_as_expected_when_simplify_is_TRUE"/>
    <testcase time="0.00600000000000023" classname="chevron_tlg_methods" name="args_ls_works_as_expected_with_custom_chevron_tlg_object"/>
    <testcase time="0.000999999999997669" classname="chevron_tlg_methods" name="args_ls_works_as_expected_with_custom_chevron_tlg_object"/>
    <testcase time="0.00200000000000244" classname="chevron_tlg_methods" name="args_ls_works_as_expected_with_custom_chevron_tlg_object"/>
    <testcase time="0.00300000000000011" classname="chevron_tlg_methods" name="args_ls_works_as_expected_with_custom_chevron_tlg_object"/>
    <testcase time="0.00600000000000023" classname="chevron_tlg_methods" name="main_works_as_expected"/>
    <testcase time="0.0069999999999979" classname="chevron_tlg_methods" name="main_setter_works_as_expected"/>
    <testcase time="0.0100000000000051" classname="chevron_tlg_methods" name="main_setter_throw_an_error_as_expected"/>
    <testcase time="0.00600000000000023" classname="chevron_tlg_methods" name="preprocess_works_as_expected"/>
    <testcase time="0.0069999999999979" classname="chevron_tlg_methods" name="preprocess_setter_works_as_expected"/>
    <testcase time="0.00999999999999801" classname="chevron_tlg_methods" name="preprocess_sends_an_error_as_expected"/>
    <testcase time="0.00600000000000023" classname="chevron_tlg_methods" name="postprocess_works_as_expected"/>
    <testcase time="0.0069999999999979" classname="chevron_tlg_methods" name="postprocess_setter_works_as_expected"/>
    <testcase time="0.0100000000000051" classname="chevron_tlg_methods" name="postprocess_sends_an_error_as_expected"/>
    <testcase time="0.00600000000000023" classname="chevron_tlg_methods" name="dataset_works_as_expected"/>
    <testcase time="0.0069999999999979" classname="chevron_tlg_methods" name="dataset_setter_works_as_expected"/>
    <testcase time="0.00999999999999801" classname="chevron_tlg_methods" name="dataset_sends_an_error_as_expected"/>
    <testcase time="0.00400000000000489" classname="chevron_tlg_methods" name="script_funs_works_as_expected_in_interactive_mode">
      <skipped message="Reason: !interactive() is TRUE ('test-chevron_tlg-methods.R:287:3')"/>
    </testcase>
    <testcase time="0.0150000000000006" classname="chevron_tlg_methods" name="script_funs_works_as_expected"/>
    <testcase time="0.00199999999999534" classname="chevron_tlg_methods" name="script_funs_works_as_expected"/>
    <testcase time="2.317" classname="chevron_tlg_methods" name="script_funs_generates_a_valid_script"/>
    <testcase time="0.00200000000000244" classname="chevron_tlg_methods" name="script_funs_generates_a_valid_script"/>
    <testcase time="0.00199999999999534" classname="chevron_tlg_methods" name="script_funs_generates_a_valid_script"/>
    <testcase time="0.00100000000000477" classname="chevron_tlg_methods" name="script_funs_generates_a_valid_script"/>
    <testcase time="0.000999999999997669" classname="chevron_tlg_methods" name="script_funs_generates_a_valid_script"/>
    <testcase time="0.00999999999999801" classname="chevron_tlg_methods" name="script_funs_generates_a_valid_script">
      <skipped message="Reason: On CRAN ('test-chevron_tlg-methods.R:299:1')"/>
    </testcase>
    <testcase time="0.0160000000000053" classname="chevron_tlg_methods" name="script_funs_works_for_simple_template"/>
    <testcase time="0.000999999999997669" classname="chevron_tlg_methods" name="script_funs_works_for_simple_template"/>
    <testcase time="0.0150000000000006" classname="chevron_tlg_methods" name="print_list_works">
      <skipped message="Reason: On CRAN ('test-chevron_tlg-methods.R:333:1')"/>
    </testcase>
    <testcase time="0.019999999999996" classname="chevron_tlg_methods" name="print_list_works_for_empty_list">
      <skipped message="Reason: On CRAN ('test-chevron_tlg-methods.R:337:1')"/>
    </testcase>
  </testsuite>
  <testsuite name="cml02a_gl" timestamp="2025-12-29T07:08:55Z" hostname="b1c724d936a6" tests="6" skipped="3" failures="0" errors="0" time="0.342">
    <testcase time="0.0390000000000015" classname="cml02a_gl" name="cml02a_gl_works_with_adcm_dataset"/>
    <testcase time="0.088000000000001" classname="cml02a_gl" name="cml02a_gl_works_with_adcm_dataset">
      <skipped message="Reason: On CRAN ('test-cml02a_gl.R:3:1')"/>
    </testcase>
    <testcase time="0.0339999999999989" classname="cml02a_gl" name="cml02a_gl_works_with_missing_data"/>
    <testcase time="0.0600000000000023" classname="cml02a_gl" name="cml02a_gl_works_with_missing_data">
      <skipped message="Reason: On CRAN ('test-cml02a_gl.R:8:1')"/>
    </testcase>
    <testcase time="0.0339999999999989" classname="cml02a_gl" name="cml02a_gl_functions_work_as_expected"/>
    <testcase time="0.0870000000000033" classname="cml02a_gl" name="cml02a_gl_functions_work_as_expected">
      <skipped message="Reason: On CRAN ('test-cml02a_gl.R:18:1')"/>
    </testcase>
  </testsuite>
  <testsuite name="cmt01a" timestamp="2025-12-29T07:08:55Z" hostname="b1c724d936a6" tests="6" skipped="4" failures="0" errors="0" time="2.893">
    <testcase time="0.875999999999998" classname="cmt01a" name="cmt01a_functions_with_default_argument_value_return_expected_result_with_test_data">
      <skipped message="Reason: On CRAN ('test-cmt01a.R:3:1')"/>
    </testcase>
    <testcase time="0.837000000000003" classname="cmt01a" name="cmt01a_functions_with_custom_argument_value_return_expected_result_with_test_data">
      <skipped message="Reason: On CRAN ('test-cmt01a.R:10:1')"/>
    </testcase>
    <testcase time="0.167999999999999" classname="cmt01a" name="cmt01a_can_handle_all_NA_values"/>
    <testcase time="0.0790000000000006" classname="cmt01a" name="cmt01a_can_handle_all_NA_values">
      <skipped message="Reason: On CRAN ('test-cmt01a.R:25:1')"/>
    </testcase>
    <testcase time="0.655999999999999" classname="cmt01a" name="cmt01a_can_handle_some_NA_values"/>
    <testcase time="0.277000000000001" classname="cmt01a" name="cmt01a_can_handle_some_NA_values">
      <skipped message="Reason: On CRAN ('test-cmt01a.R:38:1')"/>
    </testcase>
  </testsuite>
  <testsuite name="cmt02_pt" timestamp="2025-12-29T07:08:58Z" hostname="b1c724d936a6" tests="4" skipped="2" failures="0" errors="0" time="0.457">
    <testcase time="0.117999999999995" classname="cmt02_pt" name="cmt02_pt_can_handle_all_NA_values"/>
    <testcase time="0.0700000000000003" classname="cmt02_pt" name="cmt02_pt_can_handle_all_NA_values">
      <skipped message="Reason: On CRAN ('test-cmt02_pt.R:1:1')"/>
    </testcase>
    <testcase time="0.170000000000002" classname="cmt02_pt" name="cmt02_pt_can_handle_some_NA_values"/>
    <testcase time="0.0989999999999966" classname="cmt02_pt" name="cmt02_pt_can_handle_some_NA_values">
      <skipped message="Reason: On CRAN ('test-cmt02_pt.R:12:1')"/>
    </testcase>
  </testsuite>
  <testsuite name="coxt01" timestamp="2025-12-29T07:08:59Z" hostname="b1c724d936a6" tests="6" skipped="1" failures="0" errors="0" time="1.409">
    <testcase time="0.338000000000001" classname="coxt01" name="coxt01_can_handle_some_NA_values"/>
    <testcase time="0.363" classname="coxt01" name="coxt01_can_handle_some_NA_values"/>
    <testcase time="0.286999999999999" classname="coxt01" name="coxt01_can_handle_some_NA_values"/>
    <testcase time="0.317" classname="coxt01" name="coxt01_can_handle_some_NA_values"/>
    <testcase time="0.0790000000000006" classname="coxt01" name="coxt01_can_handle_some_NA_values">
      <skipped message="Reason: On CRAN ('test-coxt01.R:1:1')"/>
    </testcase>
    <testcase time="0.0249999999999986" classname="coxt01" name="coxt01_fails_on_incomlete_data"/>
  </testsuite>
  <testsuite name="coxt02" timestamp="2025-12-29T07:09:00Z" hostname="b1c724d936a6" tests="6" skipped="1" failures="0" errors="0" time="1.858">
    <testcase time="0.433999999999997" classname="coxt02" name="coxt02_can_handle_some_NA_values"/>
    <testcase time="0.530000000000001" classname="coxt02" name="coxt02_can_handle_some_NA_values"/>
    <testcase time="0.387" classname="coxt02" name="coxt02_can_handle_some_NA_values"/>
    <testcase time="0.384999999999998" classname="coxt02" name="coxt02_can_handle_some_NA_values"/>
    <testcase time="0.0930000000000035" classname="coxt02" name="coxt02_can_handle_some_NA_values">
      <skipped message="Reason: On CRAN ('test-coxt02.R:1:1')"/>
    </testcase>
    <testcase time="0.0289999999999964" classname="coxt02" name="coxt02_fails_on_incomlete_data"/>
  </testsuite>
  <testsuite name="default_tlg" timestamp="2025-12-29T07:09:02Z" hostname="b1c724d936a6" tests="15" skipped="15" failures="0" errors="0" time="9.885">
    <testcase time="0.095000000000006" classname="default_tlg" name="ael01_nollt_function_with_default_argument_value_return_expected_result_with_test_data">
      <skipped message="Reason: On CRAN ('test-default_tlg.R:1:1')"/>
    </testcase>
    <testcase time="0.455999999999996" classname="default_tlg" name="aet01_function_with_default_argument_value_return_expected_result_with_test_data">
      <skipped message="Reason: On CRAN ('test-default_tlg.R:8:1')"/>
    </testcase>
    <testcase time="0.387999999999998" classname="default_tlg" name="aet01_aesi_function_with_default_argument_value_return_expected_result_with_test_data">
      <skipped message="Reason: On CRAN ('test-default_tlg.R:15:1')"/>
    </testcase>
    <testcase time="0.807000000000002" classname="default_tlg" name="aet02_functions_with_default_argument_value_return_expected_result_with_test_data">
      <skipped message="Reason: On CRAN ('test-default_tlg.R:22:1')"/>
    </testcase>
    <testcase time="1.865" classname="default_tlg" name="aet03_functions_with_default_argument_value_return_expected_result_with_test_data">
      <skipped message="Reason: On CRAN ('test-default_tlg.R:29:1')"/>
    </testcase>
    <testcase time="3.014" classname="default_tlg" name="aet04_functions_with_default_argument_value_return_expected_result_with_test_data">
      <skipped message="Reason: On CRAN ('test-default_tlg.R:36:1')"/>
    </testcase>
    <testcase time="0.317" classname="default_tlg" name="aet05_functions_with_default_argument_value_return_expected_result_with_test_data">
      <skipped message="Reason: On CRAN ('test-default_tlg.R:43:1')"/>
    </testcase>
    <testcase time="0.309000000000005" classname="default_tlg" name="aet05_all_functions_with_default_argument_value_return_expected_result_with_test_data">
      <skipped message="Reason: On CRAN ('test-default_tlg.R:50:1')"/>
    </testcase>
    <testcase time="0.225999999999999" classname="default_tlg" name="aet10_functions_with_default_argument_value_return_expected_result_with_test_data">
      <skipped message="Reason: On CRAN ('test-default_tlg.R:57:1')"/>
    </testcase>
    <testcase time="0.277000000000001" classname="default_tlg" name="cmt02_pt_functions_with_default_argument_value_return_expected_result_with_test_data">
      <skipped message="Reason: On CRAN ('test-default_tlg.R:64:1')"/>
    </testcase>
    <testcase time="0.397999999999996" classname="default_tlg" name="coxt01_functions_with_default_argument_value_return_expected_result_with_test_data">
      <skipped message="Reason: On CRAN ('test-default_tlg.R:71:1')"/>
    </testcase>
    <testcase time="0.563000000000002" classname="default_tlg" name="coxt02_functions_with_default_argument_value_return_expected_result_with_test_data">
      <skipped message="Reason: On CRAN ('test-default_tlg.R:81:1')"/>
    </testcase>
    <testcase time="0.646000000000001" classname="default_tlg" name="dmt01_functions_with_default_argument_value_return_expected_result_with_test_data">
      <skipped message="Reason: On CRAN ('test-default_tlg.R:89:1')"/>
    </testcase>
    <testcase time="0.301000000000002" classname="default_tlg" name="dst01_functions_with_default_argument_value_return_expected_result_with_test_data">
      <skipped message="Reason: On CRAN ('test-default_tlg.R:96:1')"/>
    </testcase>
    <testcase time="0.222999999999999" classname="default_tlg" name="dtht01_functions_with_default_argument_value_return_expected_result_with_test_data">
      <skipped message="Reason: On CRAN ('test-default_tlg.R:103:1')"/>
    </testcase>
  </testsuite>
  <testsuite name="dmt01" timestamp="2025-12-29T07:09:12Z" hostname="b1c724d936a6" tests="19" skipped="9" failures="0" errors="0" time="2.832">
    <testcase time="0.221999999999994" classname="dmt01" name="dmt01_can_handle_NA_values"/>
    <testcase time="0.134" classname="dmt01" name="dmt01_can_handle_NA_values">
      <skipped message="Reason: On CRAN ('test-dmt01.R:1:1')"/>
    </testcase>
    <testcase time="0.229000000000006" classname="dmt01" name="dmt01_can_handle_numeric_NA_values"/>
    <testcase time="0.162999999999997" classname="dmt01" name="dmt01_can_handle_numeric_NA_values">
      <skipped message="Reason: On CRAN ('test-dmt01.R:11:1')"/>
    </testcase>
    <testcase time="0.0240000000000009" classname="dmt01" name="dmt01_returns_an_error_when_variables_are_of_the_wrong_type"/>
    <testcase time="0.158999999999999" classname="dmt01" name="dmt01_works_as_expected_with_setting_default_precision"/>
    <testcase time="0.145000000000003" classname="dmt01" name="dmt01_works_as_expected_with_setting_default_precision">
      <skipped message="Reason: On CRAN ('test-dmt01.R:34:1')"/>
    </testcase>
    <testcase time="0.185000000000002" classname="dmt01" name="dmt01_works_as_expected_with_auto_precision_settings"/>
    <testcase time="0.153999999999996" classname="dmt01" name="dmt01_works_as_expected_with_auto_precision_settings">
      <skipped message="Reason: On CRAN ('test-dmt01.R:40:1')"/>
    </testcase>
    <testcase time="0.179000000000002" classname="dmt01" name="dmt01_works_as_expected_with_auto_precision_settings_and_defined_precision"/>
    <testcase time="0.146000000000001" classname="dmt01" name="dmt01_works_as_expected_with_auto_precision_settings_and_defined_precision">
      <skipped message="Reason: On CRAN ('test-dmt01.R:46:1')"/>
    </testcase>
    <testcase time="0.170999999999992" classname="dmt01" name="dmt01_works_as_expected_with_auto_precision_settings_and_defined_precision_and_default"/>
    <testcase time="0.147000000000006" classname="dmt01" name="dmt01_works_as_expected_with_auto_precision_settings_and_defined_precision_and_default">
      <skipped message="Reason: On CRAN ('test-dmt01.R:52:1')"/>
    </testcase>
    <testcase time="0.156999999999996" classname="dmt01" name="dmt01_works_as_expected_with_cutomized_stats_value"/>
    <testcase time="0.129999999999995" classname="dmt01" name="dmt01_works_as_expected_with_cutomized_stats_value">
      <skipped message="Reason: On CRAN ('test-dmt01.R:60:1')"/>
    </testcase>
    <testcase time="0.169000000000011" classname="dmt01" name="dmt01_works_as_expected_with_empty_list_as_stats_value"/>
    <testcase time="0.144999999999996" classname="dmt01" name="dmt01_works_as_expected_with_empty_list_as_stats_value">
      <skipped message="Reason: On CRAN ('test-dmt01.R:74:1')"/>
    </testcase>
    <testcase time="0.0919999999999987" classname="dmt01" name="dmt01_works_as_expected_with_only_one_summaryvars"/>
    <testcase time="0.0810000000000031" classname="dmt01" name="dmt01_works_as_expected_with_only_one_summaryvars">
      <skipped message="Reason: On CRAN ('test-dmt01.R:88:1')"/>
    </testcase>
  </testsuite>
  <testsuite name="dst01" timestamp="2025-12-29T07:09:15Z" hostname="b1c724d936a6" tests="14" skipped="7" failures="0" errors="0" time="1.938">
    <testcase time="0.155000000000001" classname="dst01" name="dst01_works_as_expected_when_all_data_are_NA"/>
    <testcase time="0.0339999999999918" classname="dst01" name="dst01_works_as_expected_when_all_data_are_NA">
      <skipped message="Reason: On CRAN ('test-dst01.R:3:1')"/>
    </testcase>
    <testcase time="0.14200000000001" classname="dst01" name="dst01_can_handle_all_NA_values_in_DCSREAS"/>
    <testcase time="0.0599999999999881" classname="dst01" name="dst01_can_handle_all_NA_values_in_DCSREAS">
      <skipped message="Reason: On CRAN ('test-dst01.R:14:1')"/>
    </testcase>
    <testcase time="0.189000000000007" classname="dst01" name="dst01_can_handle_some_NA_values"/>
    <testcase time="0.0919999999999987" classname="dst01" name="dst01_can_handle_some_NA_values">
      <skipped message="Reason: On CRAN ('test-dst01.R:26:1')"/>
    </testcase>
    <testcase time="0.153000000000006" classname="dst01" name="dst01_can_handle_missing_levels_in_status_var"/>
    <testcase time="0.0339999999999918" classname="dst01" name="dst01_can_handle_missing_levels_in_status_var">
      <skipped message="Reason: On CRAN ('test-dst01.R:34:1')"/>
    </testcase>
    <testcase time="0.216000000000008" classname="dst01" name="dst01_can_create_variants"/>
    <testcase time="0.0939999999999941" classname="dst01" name="dst01_can_create_variants">
      <skipped message="Reason: On CRAN ('test-dst01.R:45:1')"/>
    </testcase>
    <testcase time="0.251999999999995" classname="dst01" name="dst01_can_create_variants"/>
    <testcase time="0.109000000000009" classname="dst01" name="dst01_can_create_variants">
      <skipped message="Reason: On CRAN ('test-dst01.R:53:1')"/>
    </testcase>
    <testcase time="0.284999999999997" classname="dst01" name="dst01_can_create_variants"/>
    <testcase time="0.123000000000005" classname="dst01" name="dst01_can_create_variants">
      <skipped message="Reason: On CRAN ('test-dst01.R:59:1')"/>
    </testcase>
  </testsuite>
  <testsuite name="dtht01" timestamp="2025-12-29T07:09:17Z" hostname="b1c724d936a6" tests="5" skipped="3" failures="0" errors="0" time="1.023">
    <testcase time="0.123999999999995" classname="dtht01" name="dtht01_can_handle_all_NA_values"/>
    <testcase time="0.070999999999998" classname="dtht01" name="dtht01_can_handle_all_NA_values">
      <skipped message="Reason: On CRAN ('test-dtht01.R:3:1')"/>
    </testcase>
    <testcase time="0.266000000000005" classname="dtht01" name="dtht01_can_handle_some_NA_values"/>
    <testcase time="0.144999999999996" classname="dtht01" name="dtht01_can_handle_some_NA_values">
      <skipped message="Reason: On CRAN ('test-dtht01.R:15:1')"/>
    </testcase>
    <testcase time="0.417000000000002" classname="dtht01" name="dtht01_can_be_parametrize_as_expected">
      <skipped message="Reason: On CRAN ('test-dtht01.R:25:1')"/>
    </testcase>
  </testsuite>
  <testsuite name="egt01" timestamp="2025-12-29T07:09:18Z" hostname="b1c724d936a6" tests="3" skipped="2" failures="0" errors="0" time="6.269">
    <testcase time="3.10599999999999" classname="egt01" name="egt01_functions_with_default_argument_value_return_expected_result_with_test_data">
      <skipped message="Reason: On CRAN ('test-egt01.R:3:1')"/>
    </testcase>
    <testcase time="1.458" classname="egt01" name="egt01_can_handle_n_0_and_outputs_NE_instead_of_infs_and_NAs"/>
    <testcase time="1.70500000000001" classname="egt01" name="egt01_can_handle_n_0_and_outputs_NE_instead_of_infs_and_NAs">
      <skipped message="Reason: On CRAN ('test-egt01.R:12:1')"/>
    </testcase>
  </testsuite>
  <testsuite name="egt02" timestamp="2025-12-29T07:09:24Z" hostname="b1c724d936a6" tests="2" skipped="2" failures="0" errors="0" time="0.47">
    <testcase time="0.242999999999995" classname="egt02" name="egt02_1_functions_with_default_argument_value_return_expected_result_with_test_data">
      <skipped message="Reason: On CRAN ('test-egt02.R:3:1')"/>
    </testcase>
    <testcase time="0.227000000000004" classname="egt02" name="egt02_2_functions_with_default_value_return_expected_result_with_test_data">
      <skipped message="Reason: On CRAN ('test-egt02.R:10:1')"/>
    </testcase>
  </testsuite>
  <testsuite name="egt03" timestamp="2025-12-29T07:09:24Z" hostname="b1c724d936a6" tests="5" skipped="2" failures="0" errors="0" time="2.838">
    <testcase time="1.38499999999999" classname="egt03" name="egt03_functions_with_default_argument_value_return_expected_result_with_test_data">
      <skipped message="Reason: On CRAN ('test-egt03.R:3:1')"/>
    </testcase>
    <testcase time="0.0250000000000057" classname="egt03" name="egt03_errors_on_all_NA_values"/>
    <testcase time="0.585999999999999" classname="egt03" name="egt03_can_handle_some_NA_values"/>
    <testcase time="0.814999999999998" classname="egt03" name="egt03_can_handle_some_NA_values">
      <skipped message="Reason: On CRAN ('test-egt03.R:24:1')"/>
    </testcase>
    <testcase time="0.027000000000001" classname="egt03" name="egt03_fails_on_incomplete_data"/>
  </testsuite>
  <testsuite name="egt05_qtcat" timestamp="2025-12-29T07:09:27Z" hostname="b1c724d936a6" tests="4" skipped="2" failures="0" errors="0" time="3">
    <testcase time="2.056" classname="egt05_qtcat" name="egt05_qtcat_functions_with_default_argument_value_return_expected_result_with_test_data">
      <skipped message="Reason: On CRAN ('test-egt05_qtcat.R:3:1')"/>
    </testcase>
    <testcase time="0.0319999999999965" classname="egt05_qtcat" name="egt05_qtcat_erros_on_all_NA_values"/>
    <testcase time="0.462000000000003" classname="egt05_qtcat" name="egt05_qtcat_can_handle_some_NA_values"/>
    <testcase time="0.450000000000003" classname="egt05_qtcat" name="egt05_qtcat_can_handle_some_NA_values">
      <skipped message="Reason: On CRAN ('test-egt05_qtcat.R:23:1')"/>
    </testcase>
  </testsuite>
  <testsuite name="empty_report" timestamp="2025-12-29T07:09:30Z" hostname="b1c724d936a6" tests="25" skipped="0" failures="0" errors="0" time="3.178">
    <testcase time="0.111000000000004" classname="empty_report" name="tlg_functions_return_null_reports_when_domain_table_is_empty"/>
    <testcase time="0.326999999999998" classname="empty_report" name="tlg_functions_return_null_reports_when_domain_table_is_empty"/>
    <testcase time="0.216999999999999" classname="empty_report" name="tlg_functions_return_null_reports_when_domain_table_is_empty"/>
    <testcase time="0.126000000000005" classname="empty_report" name="tlg_functions_return_null_reports_when_domain_table_is_empty"/>
    <testcase time="0.11099999999999" classname="empty_report" name="tlg_functions_return_null_reports_when_domain_table_is_empty"/>
    <testcase time="0.0900000000000034" classname="empty_report" name="tlg_functions_return_null_reports_when_domain_table_is_empty"/>
    <testcase time="0.100999999999999" classname="empty_report" name="tlg_functions_return_null_reports_when_domain_table_is_empty"/>
    <testcase time="0.177000000000007" classname="empty_report" name="tlg_functions_return_null_reports_when_domain_table_is_empty"/>
    <testcase time="0.202999999999989" classname="empty_report" name="tlg_functions_return_null_reports_when_domain_table_is_empty"/>
    <testcase time="0.105000000000004" classname="empty_report" name="tlg_functions_return_null_reports_when_domain_table_is_empty"/>
    <testcase time="0.109000000000009" classname="empty_report" name="tlg_functions_return_null_reports_when_domain_table_is_empty"/>
    <testcase time="0.0669999999999931" classname="empty_report" name="tlg_functions_return_null_reports_when_domain_table_is_empty"/>
    <testcase time="0.054000000000002" classname="empty_report" name="tlg_functions_return_null_reports_when_domain_table_is_empty"/>
    <testcase time="0.078000000000003" classname="empty_report" name="tlg_functions_return_null_reports_when_domain_table_is_empty"/>
    <testcase time="0.0859999999999985" classname="empty_report" name="tlg_functions_return_null_reports_when_domain_table_is_empty"/>
    <testcase time="0.0859999999999985" classname="empty_report" name="tlg_functions_return_null_reports_when_domain_table_is_empty"/>
    <testcase time="0.105000000000004" classname="empty_report" name="tlg_functions_return_null_reports_when_domain_table_is_empty"/>
    <testcase time="0.109999999999999" classname="empty_report" name="tlg_functions_return_null_reports_when_domain_table_is_empty"/>
    <testcase time="0.356999999999999" classname="empty_report" name="tlg_functions_return_null_reports_when_domain_table_is_empty"/>
    <testcase time="0.117999999999995" classname="empty_report" name="tlg_functions_return_null_reports_when_domain_table_is_empty"/>
    <testcase time="0.0960000000000036" classname="empty_report" name="tlg_functions_return_null_reports_when_domain_table_is_empty"/>
    <testcase time="0.111999999999995" classname="empty_report" name="tlg_functions_return_null_reports_when_domain_table_is_empty"/>
    <testcase time="0.117000000000004" classname="empty_report" name="tlg_functions_return_null_reports_when_domain_table_is_empty"/>
    <testcase time="0.0609999999999928" classname="empty_report" name="tlg_functions_return_null_reports_when_domain_table_is_empty"/>
    <testcase time="0.054000000000002" classname="empty_report" name="tlg_functions_return_null_reports_when_domain_table_is_empty"/>
  </testsuite>
  <testsuite name="ext01" timestamp="2025-12-29T07:09:33Z" hostname="b1c724d936a6" tests="10" skipped="8" failures="0" errors="0" time="4.42">
    <testcase time="0.406000000000006" classname="ext01" name="ext01_functions_with_default_argument_value_return_expected_result_with_test_data">
      <skipped message="Reason: On CRAN ('test-ext01.R:3:1')"/>
    </testcase>
    <testcase time="0.698999999999998" classname="ext01" name="ext01_functions_with_categorical_data_return_expected_result_with_test_data">
      <skipped message="Reason: On CRAN ('test-ext01.R:10:1')"/>
    </testcase>
    <testcase time="0.227999999999994" classname="ext01" name="ext01_works"/>
    <testcase time="0.352000000000004" classname="ext01" name="ext01_works"/>
    <testcase time="0.140000000000001" classname="ext01" name="ext01_works">
      <skipped message="Reason: On CRAN ('test-ext01.R:21:1')"/>
    </testcase>
    <testcase time="0.417000000000002" classname="ext01" name="ext01_works_for_selected_parameters_and_categorical_variables">
      <skipped message="Reason: On CRAN ('test-ext01.R:33:1')"/>
    </testcase>
    <testcase time="0.599999999999994" classname="ext01" name="ext01_works_with_custom_mapping_order">
      <skipped message="Reason: On CRAN ('test-ext01.R:44:1')"/>
    </testcase>
    <testcase time="0.590000000000003" classname="ext01" name="ext01_works_with_custom_mapping_order_for_a_single_split">
      <skipped message="Reason: On CRAN ('test-ext01.R:54:1')"/>
    </testcase>
    <testcase time="0.617999999999995" classname="ext01" name="ext01_works_with_custom_mapping_fill_in_value">
      <skipped message="Reason: On CRAN ('test-ext01.R:64:1')"/>
    </testcase>
    <testcase time="0.370000000000005" classname="ext01" name="ext01_precision_argument_works_as_expected">
      <skipped message="Reason: On CRAN ('test-ext01.R:76:1')"/>
    </testcase>
  </testsuite>
  <testsuite name="fstg01" timestamp="2025-12-29T07:09:38Z" hostname="b1c724d936a6" tests="13" skipped="0" failures="0" errors="0" time="8.285">
    <testcase time="0.0240000000000009" classname="fstg01" name="fstg01_works_as_expected"/>
    <testcase time="1.59399999999999" classname="fstg01" name="fstg01_works_as_expected"/>
    <testcase time="0.00200000000000955" classname="fstg01" name="fstg01_works_as_expected"/>
    <testcase time="1.56" classname="fstg01" name="fstg01_works_as_expected_with_custom_color_set"/>
    <testcase time="0.000999999999990564" classname="fstg01" name="fstg01_works_as_expected_with_custom_color_set"/>
    <testcase time="1.559" classname="fstg01" name="fstg01_works_as_expected_with_custom_color_set"/>
    <testcase time="0.00100000000000477" classname="fstg01" name="fstg01_works_as_expected_with_custom_color_set"/>
    <testcase time="0.843000000000004" classname="fstg01" name="fstg01_works_if_changes_are_in_subgroups_conf_level_and_label_all"/>
    <testcase time="0.000999999999990564" classname="fstg01" name="fstg01_works_if_changes_are_in_subgroups_conf_level_and_label_all"/>
    <testcase time="1.10900000000001" classname="fstg01" name="fstg01_works_if_changes_are_in_subgroups_conf_level_and_label_all"/>
    <testcase time="0.00199999999999534" classname="fstg01" name="fstg01_works_if_changes_are_in_subgroups_conf_level_and_label_all"/>
    <testcase time="1.58799999999999" classname="fstg01" name="fstg01_can_handle_some_NA_values_in_subgroups"/>
    <testcase time="0.00100000000000477" classname="fstg01" name="fstg01_can_handle_some_NA_values_in_subgroups"/>
  </testsuite>
  <testsuite name="fstg02" timestamp="2025-12-29T07:09:46Z" hostname="b1c724d936a6" tests="17" skipped="0" failures="0" errors="0" time="11.457">
    <testcase time="0.0150000000000006" classname="fstg02" name="fstg02_works_as_expected"/>
    <testcase time="1.565" classname="fstg02" name="fstg02_works_as_expected"/>
    <testcase time="0.00199999999999534" classname="fstg02" name="fstg02_works_as_expected"/>
    <testcase time="1.563" classname="fstg02" name="fstg02_works_as_expected_with_custom_color_set"/>
    <testcase time="0.00199999999999534" classname="fstg02" name="fstg02_works_as_expected_with_custom_color_set"/>
    <testcase time="1.55600000000001" classname="fstg02" name="fstg02_works_as_expected_with_custom_color_set"/>
    <testcase time="0.00199999999999534" classname="fstg02" name="fstg02_works_as_expected_with_custom_color_set"/>
    <testcase time="0.819999999999993" classname="fstg02" name="fstg02_works_if_changes_are_in_subgroups_strata_var_conf_level_and_label_all"/>
    <testcase time="0.00100000000000477" classname="fstg02" name="fstg02_works_if_changes_are_in_subgroups_strata_var_conf_level_and_label_all"/>
    <testcase time="1.11799999999999" classname="fstg02" name="fstg02_works_if_changes_are_in_subgroups_strata_var_conf_level_and_label_all"/>
    <testcase time="0.00200000000000955" classname="fstg02" name="fstg02_works_if_changes_are_in_subgroups_strata_var_conf_level_and_label_all"/>
    <testcase time="1.601" classname="fstg02" name="fstg02_can_handle_some_NA_values_in_subgroups"/>
    <testcase time="0.00199999999999534" classname="fstg02" name="fstg02_can_handle_some_NA_values_in_subgroups"/>
    <testcase time="1.77500000000001" classname="fstg02" name="fstg02_can_handle_customized_time_units"/>
    <testcase time="0.00199999999999534" classname="fstg02" name="fstg02_can_handle_customized_time_units"/>
    <testcase time="1.43000000000001" classname="fstg02" name="fstg02_can_handle_customized_time_units"/>
    <testcase time="0.000999999999990564" classname="fstg02" name="fstg02_can_handle_customized_time_units"/>
  </testsuite>
  <testsuite name="kmg01" timestamp="2025-12-29T07:09:57Z" hostname="b1c724d936a6" tests="13" skipped="0" failures="0" errors="0" time="3.743">
    <testcase time="0.0130000000000052" classname="kmg01" name="kmg01_works_as_expected"/>
    <testcase time="0.632999999999996" classname="kmg01" name="kmg01_works_as_expected"/>
    <testcase time="0.00100000000000477" classname="kmg01" name="kmg01_works_as_expected"/>
    <testcase time="0.667000000000002" classname="kmg01" name="kmg01_works_as_expected_with_custom_color_set"/>
    <testcase time="0.000999999999990564" classname="kmg01" name="kmg01_works_as_expected_with_custom_color_set"/>
    <testcase time="0.647000000000006" classname="kmg01" name="kmg01_works_as_expected_with_custom_color_set"/>
    <testcase time="0.00199999999999534" classname="kmg01" name="kmg01_works_as_expected_with_custom_color_set"/>
    <testcase time="0.654000000000011" classname="kmg01" name="kmg01_works_if_change_pvalue_ties_and_conf_level"/>
    <testcase time="0.00199999999999534" classname="kmg01" name="kmg01_works_if_change_pvalue_ties_and_conf_level"/>
    <testcase time="0.661999999999992" classname="kmg01" name="kmg01_works_if_change_annotation_position"/>
    <testcase time="0.00100000000000477" classname="kmg01" name="kmg01_works_if_change_annotation_position"/>
    <testcase time="0.459000000000003" classname="kmg01" name="kmg01_works_for_stratified_analysis"/>
    <testcase time="0.00100000000000477" classname="kmg01" name="kmg01_works_for_stratified_analysis"/>
  </testsuite>
  <testsuite name="lbt01" timestamp="2025-12-29T07:10:01Z" hostname="b1c724d936a6" tests="4" skipped="3" failures="0" errors="0" time="9.169">
    <testcase time="2.964" classname="lbt01" name="lbt01_functions_with_default_argument_value_return_expected_result_with_test_data">
      <skipped message="Reason: On CRAN ('test-lbt01.R:3:1')"/>
    </testcase>
    <testcase time="3.145" classname="lbt01" name="lbt01_functions_with_row_split_var_return_expected_result_with_test_data">
      <skipped message="Reason: On CRAN ('test-lbt01.R:16:1')"/>
    </testcase>
    <testcase time="1.238" classname="lbt01" name="lbt01_can_handle_n_0_and_outputs_NE_instead_of_infs_and_NAs"/>
    <testcase time="1.822" classname="lbt01" name="lbt01_can_handle_n_0_and_outputs_NE_instead_of_infs_and_NAs">
      <skipped message="Reason: On CRAN ('test-lbt01.R:26:1')"/>
    </testcase>
  </testsuite>
  <testsuite name="lbt04" timestamp="2025-12-29T07:10:10Z" hostname="b1c724d936a6" tests="8" skipped="4" failures="0" errors="0" time="2.89">
    <testcase time="0.903999999999996" classname="lbt04" name="lbt04_functions_with_default_argument_value_return_expected_result_with_test_data">
      <skipped message="Reason: On CRAN ('test-lbt04.R:3:1')"/>
    </testcase>
    <testcase time="0.114999999999995" classname="lbt04" name="lbt04_can_handle_all_NA_values"/>
    <testcase time="0.0350000000000108" classname="lbt04" name="lbt04_can_handle_all_NA_values">
      <skipped message="Reason: On CRAN ('test-lbt04.R:12:1')"/>
    </testcase>
    <testcase time="0.381999999999991" classname="lbt04" name="lbt04_can_handle_missing_levels"/>
    <testcase time="0.51700000000001" classname="lbt04" name="lbt04_can_handle_missing_levels">
      <skipped message="Reason: On CRAN ('test-lbt04.R:24:1')"/>
    </testcase>
    <testcase time="0.381999999999991" classname="lbt04" name="lbt04_can_handle_some_NA_values"/>
    <testcase time="0.522000000000006" classname="lbt04" name="lbt04_can_handle_some_NA_values">
      <skipped message="Reason: On CRAN ('test-lbt04.R:36:1')"/>
    </testcase>
    <testcase time="0.0330000000000013" classname="lbt04" name="lbt04_fails_on_incomlete_data"/>
  </testsuite>
  <testsuite name="lbt05" timestamp="2025-12-29T07:10:13Z" hostname="b1c724d936a6" tests="13" skipped="6" failures="0" errors="0" time="3.677">
    <testcase time="1.009" classname="lbt05" name="lbt05_functions_with_default_argument_value_return_expected_result_with_test_data">
      <skipped message="Reason: On CRAN ('test-lbt05.R:3:1')"/>
    </testcase>
    <testcase time="0.335999999999999" classname="lbt05" name="lbt05_give_all_0_count_if_ANRIND_are_all_missing"/>
    <testcase time="0.314999999999998" classname="lbt05" name="lbt05_can_handle_some_NA_values"/>
    <testcase time="0.168999999999997" classname="lbt05" name="lbt05_can_handle_some_NA_values">
      <skipped message="Reason: On CRAN ('test-lbt05.R:27:1')"/>
    </testcase>
    <testcase time="0.0420000000000016" classname="lbt05" name="lbt05_fails_on_incomlete_data"/>
    <testcase time="0.308000000000007" classname="lbt05" name="lbt05_works_with_missing_levels"/>
    <testcase time="0.169999999999987" classname="lbt05" name="lbt05_works_with_missing_levels">
      <skipped message="Reason: On CRAN ('test-lbt05.R:49:1')"/>
    </testcase>
    <testcase time="0.260000000000005" classname="lbt05" name="map_argument_works_as_expected"/>
    <testcase time="0.134999999999991" classname="lbt05" name="map_argument_works_as_expected">
      <skipped message="Reason: On CRAN ('test-lbt05.R:58:1')"/>
    </testcase>
    <testcase time="0.297000000000011" classname="lbt05" name="incomplete_map_argument_works_as_expected"/>
    <testcase time="0.152999999999992" classname="lbt05" name="incomplete_map_argument_works_as_expected">
      <skipped message="Reason: On CRAN ('test-lbt05.R:65:1')"/>
    </testcase>
    <testcase time="0.329999999999998" classname="lbt05" name="prune_0_keeps_the_Any_Abnormaility_row"/>
    <testcase time="0.152999999999992" classname="lbt05" name="prune_0_keeps_the_Any_Abnormaility_row">
      <skipped message="Reason: On CRAN ('test-lbt05.R:72:1')"/>
    </testcase>
  </testsuite>
  <testsuite name="lbt06" timestamp="2025-12-29T07:10:17Z" hostname="b1c724d936a6" tests="3" skipped="1" failures="0" errors="0" time="3.475">
    <testcase time="1.04000000000002" classname="lbt06" name="lbt06_gives_all_0_count_if_ANRIND_and_BNRIND_are_all_missing"/>
    <testcase time="2.393" classname="lbt06" name="lbt06_can_handle_some_NA_values">
      <skipped message="Reason: On CRAN ('test-lbt06.R:14:1')"/>
    </testcase>
    <testcase time="0.0420000000000016" classname="lbt06" name="lbt06_fails_on_incomplete_data"/>
  </testsuite>
  <testsuite name="lbt07" timestamp="2025-12-29T07:10:20Z" hostname="b1c724d936a6" tests="4" skipped="2" failures="0" errors="0" time="1.357">
    <testcase time="0.657999999999987" classname="lbt07" name="lbt07_functions_with_default_argument_value_return_expected_result_with_test_data">
      <skipped message="Reason: On CRAN ('test-lbt07.R:3:1')"/>
    </testcase>
    <testcase time="0.415999999999997" classname="lbt07" name="lbt07_can_handle_some_NA_values"/>
    <testcase time="0.241000000000014" classname="lbt07" name="lbt07_can_handle_some_NA_values">
      <skipped message="Reason: On CRAN ('test-lbt07.R:12:1')"/>
    </testcase>
    <testcase time="0.0420000000000016" classname="lbt07" name="lbt07_fails_on_incomlete_data"/>
  </testsuite>
  <testsuite name="lbt14" timestamp="2025-12-29T07:10:22Z" hostname="b1c724d936a6" tests="16" skipped="10" failures="0" errors="0" time="7.718">
    <testcase time="0.627999999999986" classname="lbt14" name="lbt14_functions_with_default_argument_value_return_expected_result_with_test_data">
      <skipped message="Reason: On CRAN ('test-lbt14.R:7:1')"/>
    </testcase>
    <testcase time="0.5" classname="lbt14" name="lbt14_functions_with_default_argument_value_return_expected_result_with_test_data_when_direction_high">
      <skipped message="Reason: On CRAN ('test-lbt14.R:14:1')"/>
    </testcase>
    <testcase time="0.551000000000016" classname="lbt14" name="lbt14_functions_with_gr_missing_excl_return_expected_result_with_test_data">
      <skipped message="Reason: On CRAN ('test-lbt14.R:22:1')"/>
    </testcase>
    <testcase time="0.554999999999978" classname="lbt14" name="lbt14_functions_with_gr_missing_gr_0_return_expected_result_with_test_data">
      <skipped message="Reason: On CRAN ('test-lbt14.R:30:1')"/>
    </testcase>
    <testcase time="0.424000000000007" classname="lbt14" name="lbt14_can_handle_all_NA_values"/>
    <testcase time="0.085000000000008" classname="lbt14" name="lbt14_can_handle_all_NA_values">
      <skipped message="Reason: On CRAN ('test-lbt14.R:39:1')"/>
    </testcase>
    <testcase time="0.492999999999995" classname="lbt14" name="lbt14_can_handle_some_NA_values"/>
    <testcase time="0.218999999999994" classname="lbt14" name="lbt14_can_handle_some_NA_values">
      <skipped message="Reason: On CRAN ('test-lbt14.R:52:1')"/>
    </testcase>
    <testcase time="1.75800000000001" classname="lbt14" name="lbt14_can_accept_different_gr_missing">
      <skipped message="Reason: On CRAN ('test-lbt14.R:72:1')"/>
    </testcase>
    <testcase time="0.0260000000000105" classname="lbt14" name="lbt14_fails_on_incomlete_data"/>
    <testcase time="0.408999999999992" classname="lbt14" name="lbt14_can_handle_all_NA_values_with_direction_high"/>
    <testcase time="0.0989999999999895" classname="lbt14" name="lbt14_can_handle_all_NA_values_with_direction_high">
      <skipped message="Reason: On CRAN ('test-lbt14.R:93:1')"/>
    </testcase>
    <testcase time="0.433999999999997" classname="lbt14" name="lbt14_can_handle_some_NA_values_with_direction_high"/>
    <testcase time="0.113" classname="lbt14" name="lbt14_can_handle_some_NA_values_with_direction_high">
      <skipped message="Reason: On CRAN ('test-lbt14.R:107:1')"/>
    </testcase>
    <testcase time="1.398" classname="lbt14" name="lbt14_can_accept_different_gr_missing_with_direction_high">
      <skipped message="Reason: On CRAN ('test-lbt14.R:127:1')"/>
    </testcase>
    <testcase time="0.0260000000000105" classname="lbt14" name="lbt14_fails_on_incomlete_data"/>
  </testsuite>
  <testsuite name="lbt15" timestamp="2025-12-29T07:10:29Z" hostname="b1c724d936a6" tests="12" skipped="6" failures="0" errors="0" time="5.273">
    <testcase time="0.859000000000009" classname="lbt15" name="lbt15_functions_with_default_argument_value_return_expected_result_with_test_data">
      <skipped message="Reason: On CRAN ('test-lbt15.R:3:1')"/>
    </testcase>
    <testcase time="0.35899999999998" classname="lbt15" name="lbt15_can_handle_all_NA_values"/>
    <testcase time="0.503000000000014" classname="lbt15" name="lbt15_can_handle_all_NA_values">
      <skipped message="Reason: On CRAN ('test-lbt15.R:12:1')"/>
    </testcase>
    <testcase time="0.361999999999995" classname="lbt15" name="lbt15_can_handle_missing_levels"/>
    <testcase time="0.525000000000006" classname="lbt15" name="lbt15_can_handle_missing_levels">
      <skipped message="Reason: On CRAN ('test-lbt15.R:24:1')"/>
    </testcase>
    <testcase time="0.364000000000004" classname="lbt15" name="lbt15_can_handle_missing_levels_in_baseline"/>
    <testcase time="0.509999999999991" classname="lbt15" name="lbt15_can_handle_missing_levels_in_baseline">
      <skipped message="Reason: On CRAN ('test-lbt15.R:36:1')"/>
    </testcase>
    <testcase time="0.364000000000004" classname="lbt15" name="lbt15_can_handle_some_NA_values"/>
    <testcase time="0.513000000000005" classname="lbt15" name="lbt15_can_handle_some_NA_values">
      <skipped message="Reason: On CRAN ('test-lbt15.R:48:1')"/>
    </testcase>
    <testcase time="0.364999999999981" classname="lbt15" name="lbt15_can_handle_some_NA_values_in_baseline"/>
    <testcase time="0.515000000000015" classname="lbt15" name="lbt15_can_handle_some_NA_values_in_baseline">
      <skipped message="Reason: On CRAN ('test-lbt15.R:57:1')"/>
    </testcase>
    <testcase time="0.0339999999999918" classname="lbt15" name="lbt15_fails_on_incomlete_data"/>
  </testsuite>
  <testsuite name="mht01" timestamp="2025-12-29T07:10:35Z" hostname="b1c724d936a6" tests="4" skipped="4" failures="0" errors="0" time="2.495">
    <testcase time="0.50200000000001" classname="mht01" name="mht01_functions_with_default_argument_value_return_expected_result_with_test_data">
      <skipped message="Reason: On CRAN ('test-mht01.R:3:1')"/>
    </testcase>
    <testcase time="0.703000000000003" classname="mht01" name="mht01_works">
      <skipped message="Reason: On CRAN ('test-mht01.R:12:1')"/>
    </testcase>
    <testcase time="0.448999999999984" classname="mht01" name="mht01_works_on_NULL_in_lbl_mhbodsys_or_lbl_mhdecod">
      <skipped message="Reason: On CRAN ('test-mht01.R:19:1')"/>
    </testcase>
    <testcase time="0.841000000000008" classname="mht01" name="mht01_works_with_other_row_split_var">
      <skipped message="Reason: On CRAN ('test-mht01.R:26:1')"/>
    </testcase>
  </testsuite>
  <testsuite name="mng01" timestamp="2025-12-29T07:10:37Z" hostname="b1c724d936a6" tests="19" skipped="8" failures="0" errors="0" time="14.008">
    <testcase time="1.422" classname="mng01" name="mng01_works_as_expected_with_default_argument_values"/>
    <testcase time="0.00100000000000477" classname="mng01" name="mng01_works_as_expected_with_default_argument_values">
      <skipped message="Reason: On CI ('test-mng01.R:9:5')"/>
    </testcase>
    <testcase time="1.45400000000001" classname="mng01" name="mng01_works_as_expected_with_custom_argument_values"/>
    <testcase time="0.039999999999992" classname="mng01" name="mng01_works_as_expected_with_custom_argument_values"/>
    <testcase time="0.00100000000000477" classname="mng01" name="mng01_works_as_expected_with_custom_argument_values">
      <skipped message="Reason: On CI ('test-mng01.R:45:5')"/>
    </testcase>
    <testcase time="1.47200000000001" classname="mng01" name="mng01_works_as_expected_with_custom_color_set"/>
    <testcase time="1.49599999999998" classname="mng01" name="mng01_works_as_expected_with_custom_color_set"/>
    <testcase time="0.00200000000000955" classname="mng01" name="mng01_works_as_expected_with_custom_color_set">
      <skipped message="Reason: On CI ('test-mng01.R:69:5')"/>
    </testcase>
    <testcase time="1.52000000000001" classname="mng01" name="mng01_works_as_expected_with_custom_line_type_set"/>
    <testcase time="1.53799999999998" classname="mng01" name="mng01_works_as_expected_with_custom_line_type_set"/>
    <testcase time="0.00100000000000477" classname="mng01" name="mng01_works_as_expected_with_custom_line_type_set">
      <skipped message="Reason: On CI ('test-mng01.R:91:5')"/>
    </testcase>
    <testcase time="0.205000000000013" classname="mng01" name="mng01_works_with_table_NULL"/>
    <testcase time="0.00199999999998113" classname="mng01" name="mng01_works_with_table_NULL">
      <skipped message="Reason: On CI ('test-mng01.R:104:5')"/>
    </testcase>
    <testcase time="1.55600000000001" classname="mng01" name="mng01_works_with_combination_of_x_variables"/>
    <testcase time="0.00199999999998113" classname="mng01" name="mng01_works_with_combination_of_x_variables">
      <skipped message="Reason: On CI ('test-mng01.R:122:5')"/>
    </testcase>
    <testcase time="1.55700000000002" classname="mng01" name="mng01_works_with_numeric_x_variable"/>
    <testcase time="0.00100000000000477" classname="mng01" name="mng01_works_with_numeric_x_variable">
      <skipped message="Reason: On CI ('test-mng01.R:143:5')"/>
    </testcase>
    <testcase time="1.73699999999999" classname="mng01" name="mng01_works_with_numeric_jitter"/>
    <testcase time="0.00100000000000477" classname="mng01" name="mng01_works_with_numeric_jitter">
      <skipped message="Reason: On CI ('test-mng01.R:161:5')"/>
    </testcase>
  </testsuite>
  <testsuite name="pdt01" timestamp="2025-12-29T07:10:51Z" hostname="b1c724d936a6" tests="5" skipped="3" failures="0" errors="0" time="0.807">
    <testcase time="0.300999999999988" classname="pdt01" name="pdt01_function_with_default_argument_value_return_expected_result_with_test_data">
      <skipped message="Reason: On CRAN ('test-pdt01.R:3:1')"/>
    </testcase>
    <testcase time="0.123999999999995" classname="pdt01" name="pdt01_can_handle_all_NA_values"/>
    <testcase time="0.0630000000000166" classname="pdt01" name="pdt01_can_handle_all_NA_values">
      <skipped message="Reason: On CRAN ('test-pdt01.R:12:1')"/>
    </testcase>
    <testcase time="0.212999999999994" classname="pdt01" name="pdt01_can_handle_some_NA_values"/>
    <testcase time="0.105999999999995" classname="pdt01" name="pdt01_can_handle_some_NA_values">
      <skipped message="Reason: On CRAN ('test-pdt01.R:25:1')"/>
    </testcase>
  </testsuite>
  <testsuite name="pdt02" timestamp="2025-12-29T07:10:52Z" hostname="b1c724d936a6" tests="5" skipped="3" failures="0" errors="0" time="0.684">
    <testcase time="0.227000000000004" classname="pdt02" name="pdt02_function_with_default_argument_value_return_expected_result_with_test_data">
      <skipped message="Reason: On CRAN ('test-pdt02.R:3:1')"/>
    </testcase>
    <testcase time="0.140999999999991" classname="pdt02" name="pdt02_can_handle_all_NA_values"/>
    <testcase time="0.0900000000000034" classname="pdt02" name="pdt02_can_handle_all_NA_values">
      <skipped message="Reason: On CRAN ('test-pdt02.R:12:1')"/>
    </testcase>
    <testcase time="0.135999999999996" classname="pdt02" name="pdt02_can_handle_some_NA_values"/>
    <testcase time="0.0900000000000034" classname="pdt02" name="pdt02_can_handle_some_NA_values">
      <skipped message="Reason: On CRAN ('test-pdt02.R:25:1')"/>
    </testcase>
  </testsuite>
  <testsuite name="reexports" timestamp="2025-12-29T07:10:53Z" hostname="b1c724d936a6" tests="2" skipped="0" failures="0" errors="0" time="0.025">
    <testcase time="0.0190000000000055" classname="reexports" name="with_label_exported_correctly"/>
    <testcase time="0.00600000000000023" classname="reexports" name="reformat_exported_correctly"/>
  </testsuite>
  <testsuite name="report_null" timestamp="2025-12-29T07:10:53Z" hostname="b1c724d936a6" tests="12" skipped="0" failures="0" errors="0" time="0.168">
    <testcase time="0.0180000000000007" classname="report_null" name="report_null_works_as_expected_with_NULL_"/>
    <testcase time="0.00999999999999091" classname="report_null" name="report_null_works_as_expected_with_NULL_"/>
    <testcase time="0.0330000000000155" classname="report_null" name="report_null_works_as_expected_with_VTableTree_"/>
    <testcase time="0.0279999999999916" classname="report_null" name="report_null_works_as_expected_with_VTableTree_"/>
    <testcase time="0.0109999999999957" classname="report_null" name="report_null_works_as_expected_with_VTableTree_"/>
    <testcase time="0.00800000000000978" classname="report_null" name="report_null_works_as_expected_with_listing_df_"/>
    <testcase time="0.0120000000000005" classname="report_null" name="report_null_works_as_expected_with_listing_df_"/>
    <testcase time="0.0109999999999957" classname="report_null" name="report_null_works_as_expected_with_listing_df_"/>
    <testcase time="0.00900000000001455" classname="report_null" name="report_null_works_as_expected_with_list_"/>
    <testcase time="0.0199999999999818" classname="report_null" name="report_null_works_as_expected_with_list_"/>
    <testcase time="0.00499999999999545" classname="report_null" name="report_null_works_as_expected_with_by_default"/>
    <testcase time="0.00300000000001432" classname="report_null" name="report_null_works_as_expected_with_by_default"/>
  </testsuite>
  <testsuite name="rmpt01" timestamp="2025-12-29T07:10:53Z" hostname="b1c724d936a6" tests="9" skipped="3" failures="0" errors="0" time="0.972">
    <testcase time="0.129999999999995" classname="rmpt01" name="rmpt01_function_with_default_argument_value_return_expected_result_with_test_data">
      <skipped message="Reason: On CRAN ('test-rmpt01.R:3:1')"/>
    </testcase>
    <testcase time="0.0740000000000123" classname="rmpt01" name="rmpt01_can_handle_NA_values"/>
    <testcase time="0.199999999999989" classname="rmpt01" name="rmpt01_can_handle_NA_values"/>
    <testcase time="0.109999999999985" classname="rmpt01" name="rmpt01_can_handle_NA_values">
      <skipped message="Reason: On CRAN ('test-rmpt01.R:12:1')"/>
    </testcase>
    <testcase time="0.0820000000000221" classname="rmpt01" name="rmpt01_can_handle_some_NA_values"/>
    <testcase time="0.198999999999984" classname="rmpt01" name="rmpt01_can_handle_some_NA_values"/>
    <testcase time="0.110000000000014" classname="rmpt01" name="rmpt01_can_handle_some_NA_values">
      <skipped message="Reason: On CRAN ('test-rmpt01.R:24:1')"/>
    </testcase>
    <testcase time="0.0409999999999968" classname="rmpt01" name="rmpt01_fails_on_incomlete_data"/>
    <testcase time="0.0260000000000105" classname="rmpt01" name="rmpt01_fails_on_incomlete_data"/>
  </testsuite>
  <testsuite name="rmpt03" timestamp="2025-12-29T07:10:54Z" hostname="b1c724d936a6" tests="10" skipped="3" failures="0" errors="0" time="1.44">
    <testcase time="0.21599999999998" classname="rmpt03" name="rmpt03_function_with_default_argument_value_return_expected_result_with_test_data">
      <skipped message="Reason: On CRAN ('test-rmpt03.R:3:1')"/>
    </testcase>
    <testcase time="0.132000000000005" classname="rmpt03" name="rmpt03_can_handle_NA_values"/>
    <testcase time="0.298000000000002" classname="rmpt03" name="rmpt03_can_handle_NA_values"/>
    <testcase time="0.131" classname="rmpt03" name="rmpt03_can_handle_NA_values">
      <skipped message="Reason: On CRAN ('test-rmpt03.R:15:1')"/>
    </testcase>
    <testcase time="0.13300000000001" classname="rmpt03" name="rmpt03_can_handle_some_NA_values"/>
    <testcase time="0.308999999999997" classname="rmpt03" name="rmpt03_can_handle_some_NA_values"/>
    <testcase time="0.126000000000005" classname="rmpt03" name="rmpt03_can_handle_some_NA_values">
      <skipped message="Reason: On CRAN ('test-rmpt03.R:29:1')"/>
    </testcase>
    <testcase time="0.0519999999999925" classname="rmpt03" name="rmpt03_fails_on_incomlete_data"/>
    <testcase time="0.0269999999999868" classname="rmpt03" name="rmpt03_fails_on_incomlete_data"/>
    <testcase time="0.0160000000000196" classname="rmpt03" name="rmpt03_fails_on_incomlete_data"/>
  </testsuite>
  <testsuite name="rmpt04" timestamp="2025-12-29T07:10:55Z" hostname="b1c724d936a6" tests="8" skipped="3" failures="0" errors="0" time="0.707">
    <testcase time="0.129999999999995" classname="rmpt04" name="rmpt04_function_with_default_argument_value_return_expected_result_with_test_data">
      <skipped message="Reason: On CRAN ('test-rmpt04.R:3:1')"/>
    </testcase>
    <testcase time="0.0720000000000027" classname="rmpt04" name="rmpt04_can_handle_NA_values"/>
    <testcase time="0.119" classname="rmpt04" name="rmpt04_can_handle_NA_values"/>
    <testcase time="0.0549999999999784" classname="rmpt04" name="rmpt04_can_handle_NA_values">
      <skipped message="Reason: On CRAN ('test-rmpt04.R:12:1')"/>
    </testcase>
    <testcase time="0.0800000000000125" classname="rmpt04" name="rmpt04_can_handle_some_NA_values"/>
    <testcase time="0.11699999999999" classname="rmpt04" name="rmpt04_can_handle_some_NA_values"/>
    <testcase time="0.0670000000000073" classname="rmpt04" name="rmpt04_can_handle_some_NA_values">
      <skipped message="Reason: On CRAN ('test-rmpt04.R:24:1')"/>
    </testcase>
    <testcase time="0.0670000000000073" classname="rmpt04" name="rmpt04_fails_on_incomlete_data"/>
  </testsuite>
  <testsuite name="rmpt05" timestamp="2025-12-29T07:10:56Z" hostname="b1c724d936a6" tests="8" skipped="3" failures="0" errors="0" time="0.738">
    <testcase time="0.134999999999991" classname="rmpt05" name="rmpt05_function_with_default_argument_value_return_expected_result_with_test_data">
      <skipped message="Reason: On CRAN ('test-rmpt05.R:3:1')"/>
    </testcase>
    <testcase time="0.0750000000000171" classname="rmpt05" name="rmpt05_can_handle_NA_values"/>
    <testcase time="0.126999999999981" classname="rmpt05" name="rmpt05_can_handle_NA_values"/>
    <testcase time="0.0579999999999927" classname="rmpt05" name="rmpt05_can_handle_NA_values">
      <skipped message="Reason: On CRAN ('test-rmpt05.R:12:1')"/>
    </testcase>
    <testcase time="0.0840000000000032" classname="rmpt05" name="rmpt05_can_handle_some_NA_values"/>
    <testcase time="0.130000000000024" classname="rmpt05" name="rmpt05_can_handle_some_NA_values"/>
    <testcase time="0.063999999999993" classname="rmpt05" name="rmpt05_can_handle_some_NA_values">
      <skipped message="Reason: On CRAN ('test-rmpt05.R:24:1')"/>
    </testcase>
    <testcase time="0.0649999999999977" classname="rmpt05" name="rmpt05_fails_on_incomlete_data"/>
  </testsuite>
  <testsuite name="rmpt06" timestamp="2025-12-29T07:10:57Z" hostname="b1c724d936a6" tests="5" skipped="3" failures="0" errors="0" time="1.511">
    <testcase time="0.400000000000006" classname="rmpt06" name="rmpt06_works_as_expected">
      <skipped message="Reason: On CRAN ('test-rmpt06.R:3:1')"/>
    </testcase>
    <testcase time="0.429000000000002" classname="rmpt06" name="rmpt06_works_as_expected_with_show_diff_TRUE">
      <skipped message="Reason: On CRAN ('test-rmpt06.R:11:1')"/>
    </testcase>
    <testcase time="0.253999999999991" classname="rmpt06" name="rmpt06_can_handle_all_NA_values"/>
    <testcase time="0.35899999999998" classname="rmpt06" name="rmpt06_can_handle_all_NA_values"/>
    <testcase time="0.0690000000000168" classname="rmpt06" name="rmpt06_can_handle_all_NA_values">
      <skipped message="Reason: On CRAN ('test-rmpt06.R:20:1')"/>
    </testcase>
  </testsuite>
  <testsuite name="rspt01" timestamp="2025-12-29T07:10:58Z" hostname="b1c724d936a6" tests="21" skipped="7" failures="0" errors="0" time="5.761">
    <testcase time="0.025999999999982" classname="rspt01" name="rspt01_works_as_expected"/>
    <testcase time="0.323000000000008" classname="rspt01" name="rspt01_works_as_expected"/>
    <testcase time="0.109000000000009" classname="rspt01" name="rspt01_works_as_expected">
      <skipped message="Reason: On CRAN ('test-rspt01.R:1:1')"/>
    </testcase>
    <testcase time="0.323000000000008" classname="rspt01" name="rspt01_works_as_expected_for_stratified_and_unstratified_analysis"/>
    <testcase time="0.480999999999995" classname="rspt01" name="rspt01_works_as_expected_for_stratified_and_unstratified_analysis"/>
    <testcase time="0.138999999999982" classname="rspt01" name="rspt01_works_as_expected_for_stratified_and_unstratified_analysis">
      <skipped message="Reason: On CRAN ('test-rspt01.R:8:1')"/>
    </testcase>
    <testcase time="0.275000000000006" classname="rspt01" name="rspt01_works_as_expected_for_unstratified_analysis_only"/>
    <testcase time="0.385000000000019" classname="rspt01" name="rspt01_works_as_expected_for_unstratified_analysis_only"/>
    <testcase time="0.117999999999995" classname="rspt01" name="rspt01_works_as_expected_for_unstratified_analysis_only">
      <skipped message="Reason: On CRAN ('test-rspt01.R:29:1')"/>
    </testcase>
    <testcase time="0.275000000000006" classname="rspt01" name="rspt01_works_as_expected_for_stratified_analysis_only"/>
    <testcase time="0.387" classname="rspt01" name="rspt01_works_as_expected_for_stratified_analysis_only"/>
    <testcase time="0.119" classname="rspt01" name="rspt01_works_as_expected_for_stratified_analysis_only">
      <skipped message="Reason: On CRAN ('test-rspt01.R:48:1')"/>
    </testcase>
    <testcase time="0.299999999999983" classname="rspt01" name="rspt01_works_if_change_reference_group"/>
    <testcase time="0.484000000000009" classname="rspt01" name="rspt01_works_if_change_reference_group"/>
    <testcase time="0.143000000000001" classname="rspt01" name="rspt01_works_if_change_reference_group">
      <skipped message="Reason: On CRAN ('test-rspt01.R:69:1')"/>
    </testcase>
    <testcase time="0.300999999999988" classname="rspt01" name="rspt01_works_if_change_statistic_methods"/>
    <testcase time="0.474999999999994" classname="rspt01" name="rspt01_works_if_change_statistic_methods"/>
    <testcase time="0.166000000000025" classname="rspt01" name="rspt01_works_if_change_statistic_methods">
      <skipped message="Reason: On CRAN ('test-rspt01.R:90:1')"/>
    </testcase>
    <testcase time="0.305999999999983" classname="rspt01" name="rspt01_works_if_change_confidence_interval"/>
    <testcase time="0.481999999999999" classname="rspt01" name="rspt01_works_if_change_confidence_interval"/>
    <testcase time="0.144000000000005" classname="rspt01" name="rspt01_works_if_change_confidence_interval">
      <skipped message="Reason: On CRAN ('test-rspt01.R:120:1')"/>
    </testcase>
  </testsuite>
  <testsuite name="ttet01" timestamp="2025-12-29T07:11:04Z" hostname="b1c724d936a6" tests="13" skipped="4" failures="0" errors="0" time="4.253">
    <testcase time="0.0279999999999916" classname="ttet01" name="ttet01_works_as_expected"/>
    <testcase time="0.438000000000017" classname="ttet01" name="ttet01_works_as_expected"/>
    <testcase time="0.234999999999985" classname="ttet01" name="ttet01_works_as_expected">
      <skipped message="Reason: On CRAN ('test-ttet01.R:1:1')"/>
    </testcase>
    <testcase time="0.0420000000000016" classname="ttet01" name="ttet01_returns_an_error_when_one_level_or_arm_var_is_empty"/>
    <testcase time="0.342000000000013" classname="ttet01" name="ttet01_works_as_expected_for_stratified_and_unstratified_analysis"/>
    <testcase time="0.614999999999981" classname="ttet01" name="ttet01_works_as_expected_for_stratified_and_unstratified_analysis"/>
    <testcase time="0.225999999999999" classname="ttet01" name="ttet01_works_as_expected_for_stratified_and_unstratified_analysis">
      <skipped message="Reason: On CRAN ('test-ttet01.R:25:1')"/>
    </testcase>
    <testcase time="0.364000000000004" classname="ttet01" name="ttet01_works_as_expected_for_stratified_analysis_only"/>
    <testcase time="0.568000000000012" classname="ttet01" name="ttet01_works_as_expected_for_stratified_analysis_only"/>
    <testcase time="0.194999999999993" classname="ttet01" name="ttet01_works_as_expected_for_stratified_analysis_only">
      <skipped message="Reason: On CRAN ('test-ttet01.R:47:1')"/>
    </testcase>
    <testcase time="0.365999999999985" classname="ttet01" name="ttet01_works_if_change_reference_group"/>
    <testcase time="0.610000000000014" classname="ttet01" name="ttet01_works_if_change_reference_group"/>
    <testcase time="0.22399999999999" classname="ttet01" name="ttet01_works_if_change_reference_group">
      <skipped message="Reason: On CRAN ('test-ttet01.R:70:1')"/>
    </testcase>
  </testsuite>
  <testsuite name="unwrap" timestamp="2025-12-29T07:11:08Z" hostname="b1c724d936a6" tests="12" skipped="4" failures="0" errors="0" time="0.146">
    <testcase time="0.0240000000000009" classname="unwrap" name="unwrap_layout_works_as_expected_with_standard_chevron_t_main_function"/>
    <testcase time="0.00100000000000477" classname="unwrap" name="unwrap_layout_works_as_expected_with_standard_chevron_t_main_function"/>
    <testcase time="0.00100000000000477" classname="unwrap" name="unwrap_layout_works_as_expected_with_standard_chevron_t_main_function"/>
    <testcase time="0.00899999999998613" classname="unwrap" name="unwrap_layout_works_as_expected_with_standard_chevron_t_main_function">
      <skipped message="Reason: On CRAN ('test-unwrap.R:1:1')"/>
    </testcase>
    <testcase time="0.021000000000015" classname="unwrap" name="unwrap_layout_works_as_expected_with_standard_chevron_g_main_function"/>
    <testcase time="0.00800000000000978" classname="unwrap" name="unwrap_layout_works_as_expected_with_standard_chevron_l_main_function"/>
    <testcase time="0.00699999999997658" classname="unwrap" name="unwrap_layout_works_as_expected_with_a_custom_function_without_layout_function"/>
    <testcase time="0.01400000000001" classname="unwrap" name="unwrap_layout_works_as_expected_with_a_custom_function_with_layout_function"/>
    <testcase time="0.00100000000000477" classname="unwrap" name="unwrap_layout_works_as_expected_with_a_custom_function_with_layout_function">
      <skipped message="Reason: On CRAN ('test-unwrap.R:40:1')"/>
    </testcase>
    <testcase time="0.0240000000000009" classname="unwrap" name="unwrap_layout_works_as_expected_with_multiple_layout_function">
      <skipped message="Reason: On CRAN ('test-unwrap.R:69:1')"/>
    </testcase>
    <testcase time="0.0349999999999966" classname="unwrap" name="unwrap_layout_works_as_expected_on_custom_function_with_overwritten_layout_function"/>
    <testcase time="0.00100000000000477" classname="unwrap" name="unwrap_layout_works_as_expected_on_custom_function_with_overwritten_layout_function">
      <skipped message="Reason: On CRAN ('test-unwrap.R:104:1')"/>
    </testcase>
  </testsuite>
  <testsuite name="utils" timestamp="2025-12-29T07:11:08Z" hostname="b1c724d936a6" tests="78" skipped="1" failures="0" errors="0" time="3.721">
    <testcase time="0.0229999999999961" classname="utils" name="h_format_dec_works_as_exected"/>
    <testcase time="0.00200000000000955" classname="utils" name="h_format_dec_works_as_exected"/>
    <testcase time="0.00199999999998113" classname="utils" name="h_format_dec_works_as_exected"/>
    <testcase time="0.00300000000001432" classname="utils" name="h_format_dec_works_as_exected"/>
    <testcase time="0.00100000000000477" classname="utils" name="h_format_dec_works_as_exected"/>
    <testcase time="0.0029999999999859" classname="utils" name="h_format_dec_works_as_exected"/>
    <testcase time="0.00200000000000955" classname="utils" name="h_format_dec_works_as_exected"/>
    <testcase time="0.0029999999999859" classname="utils" name="h_format_dec_works_as_exected"/>
    <testcase time="0.00100000000000477" classname="utils" name="h_format_dec_works_as_exected"/>
    <testcase time="0.00300000000001432" classname="utils" name="h_format_dec_works_as_exected"/>
    <testcase time="0.00199999999998113" classname="utils" name="h_format_dec_works_as_exected"/>
    <testcase time="0.00300000000001432" classname="utils" name="h_format_dec_works_as_exected"/>
    <testcase time="0.00600000000000023" classname="utils" name="h_format_dec_works_as_expected_with_more_than_one_value"/>
    <testcase time="0.0029999999999859" classname="utils" name="h_format_dec_works_as_expected_with_more_than_one_value"/>
    <testcase time="0.00600000000000023" classname="utils" name="h_format_dec_works_as_expected_with_NA_digits"/>
    <testcase time="0.00600000000000023" classname="utils" name="fuse_sequentially_works"/>
    <testcase time="0.00300000000001432" classname="utils" name="fuse_sequentially_works"/>
    <testcase time="0.0120000000000005" classname="utils" name="ifneeded_split_row_works_as_expected"/>
    <testcase time="0.00699999999997658" classname="utils" name="ifneeded_split_row_works_as_expected"/>
    <testcase time="0.206000000000017" classname="utils" name="droplevels.character_works_as_expected"/>
    <testcase time="0.0029999999999859" classname="utils" name="droplevels.character_works_as_expected"/>
    <testcase time="0.00500000000002387" classname="utils" name="lvls.character_works_as_expected"/>
    <testcase time="0.00199999999998113" classname="utils" name="lvls.character_works_as_expected"/>
    <testcase time="0.00499999999999545" classname="utils" name="lvls.factor_works_as_expected"/>
    <testcase time="0.00300000000001432" classname="utils" name="lvls.factor_works_as_expected"/>
    <testcase time="0.00600000000000023" classname="utils" name="lvls.default_works_as_expected"/>
    <testcase time="0.00200000000000955" classname="utils" name="lvls.default_works_as_expected"/>
    <testcase time="0.00499999999999545" classname="utils" name="quote_str_works_as_expected"/>
    <testcase time="0.0029999999999859" classname="utils" name="quote_str_works_as_expected"/>
    <testcase time="0.00999999999999091" classname="utils" name="quote_str_works_as_expected"/>
    <testcase time="0.007000000000005" classname="utils" name="modify_default_args_works_as_expected"/>
    <testcase time="0.0040000000000191" classname="utils" name="modify_default_args_works_as_expected"/>
    <testcase time="0.00699999999997658" classname="utils" name="execute_with_args_works_as_expected"/>
    <testcase time="0.0040000000000191" classname="utils" name="execute_with_args_works_as_expected"/>
    <testcase time="0.00199999999998113" classname="utils" name="execute_with_args_works_as_expected"/>
    <testcase time="0.0040000000000191" classname="utils" name="execute_with_args_works_as_expected"/>
    <testcase time="0.00199999999998113" classname="utils" name="execute_with_args_works_as_expected"/>
    <testcase time="0.0040000000000191" classname="utils" name="execute_with_args_works_as_expected"/>
    <testcase time="0.0029999999999859" classname="utils" name="execute_with_args_works_as_expected"/>
    <testcase time="0.00300000000001432" classname="utils" name="execute_with_args_works_as_expected"/>
    <testcase time="0.00199999999998113" classname="utils" name="execute_with_args_works_as_expected"/>
    <testcase time="0.00300000000001432" classname="utils" name="execute_with_args_works_as_expected"/>
    <testcase time="0.00200000000000955" classname="utils" name="execute_with_args_works_as_expected"/>
    <testcase time="0.0029999999999859" classname="utils" name="execute_with_args_works_as_expected"/>
    <testcase time="0.00499999999999545" classname="utils" name="do_call_work_as_expected"/>
    <testcase time="0.00300000000001432" classname="utils" name="do_call_work_as_expected"/>
    <testcase time="0.00799999999998136" classname="utils" name="do_call_errors_as_expected"/>
    <testcase time="0.00600000000000023" classname="utils" name="do_call_errors_as_expected"/>
    <testcase time="0.00500000000002387" classname="utils" name="convert_to_month_work_as_expected"/>
    <testcase time="0.0029999999999859" classname="utils" name="convert_to_month_work_as_expected"/>
    <testcase time="0.00300000000001432" classname="utils" name="convert_to_month_work_as_expected"/>
    <testcase time="0.0029999999999859" classname="utils" name="convert_to_month_work_as_expected"/>
    <testcase time="0.00200000000000955" classname="utils" name="convert_to_month_work_as_expected"/>
    <testcase time="0.0029999999999859" classname="utils" name="convert_to_month_work_as_expected"/>
    <testcase time="0.00900000000001455" classname="utils" name="convert_to_month_warning_messages_as_expected"/>
    <testcase time="0.0409999999999968" classname="utils" name="gg_theme_chevron_works_as_expected"/>
    <testcase time="0.00100000000000477" classname="utils" name="gg_theme_chevron_works_as_expected"/>
    <testcase time="0.0029999999999859" classname="utils" name="gg_theme_chevron_works_as_expected"/>
    <testcase time="0.283000000000015" classname="utils" name="gg_theme_chevron_works_as_expected"/>
    <testcase time="0.00199999999998113" classname="utils" name="gg_theme_chevron_works_as_expected"/>
    <testcase time="0.00300000000001432" classname="utils" name="gg_theme_chevron_works_as_expected"/>
    <testcase time="0.00600000000000023" classname="utils" name="modify_character_works"/>
    <testcase time="0.0029999999999859" classname="utils" name="modify_character_works"/>
    <testcase time="0.007000000000005" classname="utils" name="expand_list_works"/>
    <testcase time="0.00300000000001432" classname="utils" name="expand_list_works"/>
    <testcase time="0.00499999999999545" classname="utils" name="set_section_div_works"/>
    <testcase time="0.00499999999999545" classname="utils" name="set_section_div_works"/>
    <testcase time="0.00399999999999068" classname="utils" name="set_section_div_works"/>
    <testcase time="0.00300000000001432" classname="utils" name="set_section_div_works"/>
    <testcase time="0.007000000000005" classname="utils" name="get_section_div_works"/>
    <testcase time="0.0029999999999859" classname="utils" name="get_section_div_works"/>
    <testcase time="1.44800000000001" classname="utils" name="grob_list_is_deprecated"/>
    <testcase time="1.42400000000001" classname="utils" name="gg_list_is_deprecated"/>
    <testcase time="0.00799999999998136" classname="utils" name="format_date_works_as_expected_for_POSIXct"/>
    <testcase time="0.00300000000001432" classname="utils" name="format_date_works_as_expected_for_POSIXct"/>
    <testcase time="0.007000000000005" classname="utils" name="format_date_works_as_expected_for_Date"/>
    <testcase time="0.0029999999999859" classname="utils" name="format_date_works_as_expected_for_Date"/>
    <testcase time="0.00800000000000978" classname="utils" name="_unnamed_">
      <skipped message="Reason: On CRAN"/>
    </testcase>
  </testsuite>
  <testsuite name="vst01" timestamp="2025-12-29T07:11:12Z" hostname="b1c724d936a6" tests="3" skipped="2" failures="0" errors="0" time="4.359">
    <testcase time="2.16299999999998" classname="vst01" name="vst01_functions_with_default_argument_value_return_expected_result_with_test_data">
      <skipped message="Reason: On CRAN ('test-vst01.R:3:1')"/>
    </testcase>
    <testcase time="0.89700000000002" classname="vst01" name="run_vst01_works_as_expected"/>
    <testcase time="1.29899999999998" classname="vst01" name="run_vst01_works_as_expected">
      <skipped message="Reason: On CRAN ('test-vst01.R:16:1')"/>
    </testcase>
  </testsuite>
  <testsuite name="vst02" timestamp="2025-12-29T07:11:17Z" hostname="b1c724d936a6" tests="2" skipped="2" failures="0" errors="0" time="0.709">
    <testcase time="0.353000000000009" classname="vst02" name="vst02_functions_with_default_argument_value_return_expected_result_with_test_data">
      <skipped message="Reason: On CRAN ('test-vst02.R:3:1')"/>
    </testcase>
    <testcase time="0.355999999999995" classname="vst02" name="vst02_functions_return_expected_result_with_test_data_when_excluding_subject_with_baseline_abnormality">
      <skipped message="Reason: On CRAN ('test-vst02.R:10:1')"/>
    </testcase>
  </testsuite>
</testsuites>
